{
    "TRAIN": {
        "dataset": "TRAIN",
        "total_number_of_documents": 2316,
        "number_of_documents_per_class": {},
        "number_of_tokens_per_tag": {
            "B-PERSON": 412,
            "I-PERSON": 299,
            "O": 38567,
            "B-WORK_OF_ART": 28,
            "I-WORK_OF_ART": 61,
            "B-GPE": 460,
            "B-ORG": 469,
            "B-NORP": 197,
            "I-GPE": 116,
            "B-DATE": 389,
            "B-MONEY": 106,
            "I-MONEY": 171,
            "I-DATE": 459,
            "B-CARDINAL": 210,
            "B-QUANTITY": 27,
            "I-ORG": 657,
            "B-TIME": 36,
            "I-TIME": 56,
            "B-LOC": 41,
            "B-ORDINAL": 28,
            "B-EVENT": 17,
            "I-EVENT": 34,
            "I-QUANTITY": 28,
            "B-PERCENT": 85,
            "I-PERCENT": 125,
            "B-LANGUAGE": 7,
            "B-FAC": 21,
            "I-FAC": 37,
            "B-PRODUCT": 20,
            "I-PRODUCT": 23,
            "I-CARDINAL": 58,
            "I-NORP": 10,
            "I-LOC": 38,
            "B-LAW": 3,
            "I-LAW": 4
        },
        "number_of_tokens": {
            "total": 43299,
            "min": 1,
            "max": 96,
            "avg": 18.69559585492228
        }
    },
    "TEST": {
        "dataset": "TEST",
        "total_number_of_documents": 12217,
        "number_of_documents_per_class": {},
        "number_of_tokens_per_tag": {
            "O": 206792,
            "B-NORP": 990,
            "B-ORG": 2002,
            "I-ORG": 2703,
            "B-PERSON": 2134,
            "I-PERSON": 1512,
            "B-DATE": 1787,
            "B-GPE": 2546,
            "I-DATE": 2197,
            "B-FAC": 149,
            "I-FAC": 243,
            "I-GPE": 717,
            "B-CARDINAL": 1005,
            "B-TIME": 225,
            "I-TIME": 271,
            "B-ORDINAL": 207,
            "B-EVENT": 85,
            "I-EVENT": 165,
            "I-CARDINAL": 370,
            "B-QUANTITY": 153,
            "I-QUANTITY": 262,
            "B-PERCENT": 408,
            "I-PERCENT": 619,
            "B-LOC": 215,
            "I-LOC": 202,
            "B-WORK_OF_ART": 169,
            "I-WORK_OF_ART": 347,
            "B-MONEY": 353,
            "I-MONEY": 772,
            "B-LAW": 44,
            "I-LAW": 117,
            "I-NORP": 162,
            "I-ORDINAL": 6,
            "B-PRODUCT": 90,
            "I-PRODUCT": 70,
            "B-LANGUAGE": 22
        },
        "number_of_tokens": {
            "total": 230111,
            "min": 1,
            "max": 151,
            "avg": 18.835311451256445
        }
    },
    "DEV": {
        "dataset": "DEV",
        "total_number_of_documents": 15680,
        "number_of_documents_per_class": {},
        "number_of_tokens_per_tag": {
            "O": 267167,
            "B-DATE": 3208,
            "I-DATE": 3484,
            "B-GPE": 3649,
            "I-GPE": 906,
            "B-ORDINAL": 335,
            "B-ORG": 3798,
            "B-FAC": 133,
            "I-FAC": 228,
            "I-ORG": 5166,
            "B-QUANTITY": 190,
            "I-QUANTITY": 332,
            "B-LOC": 316,
            "I-LOC": 280,
            "B-CARDINAL": 1719,
            "B-NORP": 1277,
            "B-LAW": 65,
            "I-LAW": 174,
            "I-CARDINAL": 562,
            "B-MONEY": 842,
            "I-MONEY": 1452,
            "B-TIME": 361,
            "B-EVENT": 179,
            "I-EVENT": 325,
            "B-WORK_OF_ART": 202,
            "I-WORK_OF_ART": 437,
            "B-PERSON": 3163,
            "I-PERSON": 2191,
            "I-TIME": 398,
            "B-PERCENT": 656,
            "I-PERCENT": 910,
            "I-NORP": 68,
            "B-PRODUCT": 214,
            "I-PRODUCT": 257,
            "B-LANGUAGE": 35,
            "I-ORDINAL": 4,
            "I-LANGUAGE": 1
        },
        "number_of_tokens": {
            "total": 304684,
            "min": 1,
            "max": 275,
            "avg": 19.431377551020407
        }
    }
}