{
    "TRAIN": {
        "dataset": "TRAIN",
        "total_number_of_documents": 115812,
        "number_of_documents_per_class": {},
        "number_of_tokens_per_tag": {
            "O": 1961238,
            "B-ORG": 24163,
            "I-ORG": 32791,
            "B-WORK_OF_ART": 1279,
            "I-WORK_OF_ART": 3234,
            "B-LOC": 2160,
            "I-LOC": 1983,
            "B-CARDINAL": 10889,
            "B-EVENT": 1009,
            "I-EVENT": 2087,
            "B-NORP": 9341,
            "B-GPE": 21938,
            "I-GPE": 5416,
            "B-DATE": 18791,
            "I-DATE": 22407,
            "B-PERSON": 22035,
            "I-PERSON": 15358,
            "B-FAC": 1158,
            "I-FAC": 1931,
            "B-QUANTITY": 1240,
            "I-QUANTITY": 1933,
            "B-ORDINAL": 2195,
            "B-TIME": 1703,
            "I-TIME": 2129,
            "I-CARDINAL": 3529,
            "B-PRODUCT": 992,
            "I-PRODUCT": 820,
            "I-NORP": 615,
            "B-PERCENT": 3802,
            "I-PERCENT": 5424,
            "B-MONEY": 5143,
            "I-MONEY": 9970,
            "B-LAW": 459,
            "I-LAW": 1198,
            "B-LANGUAGE": 355,
            "I-LANGUAGE": 17,
            "I-ORDINAL": 20
        },
        "number_of_tokens": {
            "total": 2200752,
            "min": 1,
            "max": 228,
            "avg": 19.00279763755051
        }
    },
    "TEST": {
        "dataset": "TEST",
        "total_number_of_documents": 12217,
        "number_of_documents_per_class": {},
        "number_of_tokens_per_tag": {
            "O": 206792,
            "B-NORP": 990,
            "B-ORG": 2002,
            "I-ORG": 2703,
            "B-PERSON": 2134,
            "I-PERSON": 1512,
            "B-DATE": 1787,
            "B-GPE": 2546,
            "I-DATE": 2197,
            "B-FAC": 149,
            "I-FAC": 243,
            "I-GPE": 717,
            "B-CARDINAL": 1005,
            "B-TIME": 225,
            "I-TIME": 271,
            "B-ORDINAL": 207,
            "B-EVENT": 85,
            "I-EVENT": 165,
            "I-CARDINAL": 370,
            "B-QUANTITY": 153,
            "I-QUANTITY": 262,
            "B-PERCENT": 408,
            "I-PERCENT": 619,
            "B-LOC": 215,
            "I-LOC": 202,
            "B-WORK_OF_ART": 169,
            "I-WORK_OF_ART": 347,
            "B-MONEY": 353,
            "I-MONEY": 772,
            "B-LAW": 44,
            "I-LAW": 117,
            "I-NORP": 162,
            "I-ORDINAL": 6,
            "B-PRODUCT": 90,
            "I-PRODUCT": 70,
            "B-LANGUAGE": 22
        },
        "number_of_tokens": {
            "total": 230111,
            "min": 1,
            "max": 151,
            "avg": 18.835311451256445
        }
    },
    "DEV": {
        "dataset": "DEV",
        "total_number_of_documents": 15680,
        "number_of_documents_per_class": {},
        "number_of_tokens_per_tag": {
            "O": 267167,
            "B-DATE": 3208,
            "I-DATE": 3484,
            "B-GPE": 3649,
            "I-GPE": 906,
            "B-ORDINAL": 335,
            "B-ORG": 3798,
            "B-FAC": 133,
            "I-FAC": 228,
            "I-ORG": 5166,
            "B-QUANTITY": 190,
            "I-QUANTITY": 332,
            "B-LOC": 316,
            "I-LOC": 280,
            "B-CARDINAL": 1719,
            "B-NORP": 1277,
            "B-LAW": 65,
            "I-LAW": 174,
            "I-CARDINAL": 562,
            "B-MONEY": 842,
            "I-MONEY": 1452,
            "B-TIME": 361,
            "B-EVENT": 179,
            "I-EVENT": 325,
            "B-WORK_OF_ART": 202,
            "I-WORK_OF_ART": 437,
            "B-PERSON": 3163,
            "I-PERSON": 2191,
            "I-TIME": 398,
            "B-PERCENT": 656,
            "I-PERCENT": 910,
            "I-NORP": 68,
            "B-PRODUCT": 214,
            "I-PRODUCT": 257,
            "B-LANGUAGE": 35,
            "I-ORDINAL": 4,
            "I-LANGUAGE": 1
        },
        "number_of_tokens": {
            "total": 304684,
            "min": 1,
            "max": 275,
            "avg": 19.431377551020407
        }
    }
}