2019-07-04 09:50:23,604 ----------------------------------------------------------------------------------------------------
2019-07-04 09:50:23,604 Evaluation method: MICRO_F1_SCORE
2019-07-04 09:50:23,613 ----------------------------------------------------------------------------------------------------
2019-07-04 09:50:24,645 epoch 1 - iter 0/66 - loss 92.36729431
2019-07-04 09:50:26,414 epoch 1 - iter 6/66 - loss 41.31665475
2019-07-04 09:50:27,886 epoch 1 - iter 12/66 - loss 28.49110515
2019-07-04 09:50:29,332 epoch 1 - iter 18/66 - loss 22.58114744
2019-07-04 09:50:30,916 epoch 1 - iter 24/66 - loss 19.39931747
2019-07-04 09:50:32,328 epoch 1 - iter 30/66 - loss 17.07850095
2019-07-04 09:50:33,770 epoch 1 - iter 36/66 - loss 15.43103572
2019-07-04 09:50:35,175 epoch 1 - iter 42/66 - loss 14.22737546
2019-07-04 09:50:36,815 epoch 1 - iter 48/66 - loss 13.50646363
2019-07-04 09:50:38,279 epoch 1 - iter 54/66 - loss 12.71895547
2019-07-04 09:50:39,880 epoch 1 - iter 60/66 - loss 12.08856461
2019-07-04 09:50:41,126 ----------------------------------------------------------------------------------------------------
2019-07-04 09:50:41,126 EPOCH 1 done: loss 11.7059 - lr 0.1000 - bad epochs 0
2019-07-04 09:57:30,513 DEV : loss 6.458381175994873 - score 0.414
2019-07-04 10:02:35,237 TEST : loss 5.626311779022217 - score 0.4166
2019-07-04 10:02:43,505 ----------------------------------------------------------------------------------------------------
2019-07-04 10:02:44,773 epoch 2 - iter 0/66 - loss 2.34152079
2019-07-04 10:02:46,784 epoch 2 - iter 6/66 - loss 5.98355232
2019-07-04 10:02:48,865 epoch 2 - iter 12/66 - loss 5.33981532
2019-07-04 10:02:50,893 epoch 2 - iter 18/66 - loss 5.13428093
2019-07-04 10:02:52,884 epoch 2 - iter 24/66 - loss 4.60346773
2019-07-04 10:02:54,740 epoch 2 - iter 30/66 - loss 4.57713237
2019-07-04 10:02:56,955 epoch 2 - iter 36/66 - loss 4.61893093
2019-07-04 10:02:58,930 epoch 2 - iter 42/66 - loss 4.44825601
2019-07-04 10:03:00,922 epoch 2 - iter 48/66 - loss 4.42160424
2019-07-04 10:03:03,048 epoch 2 - iter 54/66 - loss 4.43156845
2019-07-04 10:03:05,208 epoch 2 - iter 60/66 - loss 4.46918274
2019-07-04 10:03:06,966 ----------------------------------------------------------------------------------------------------
2019-07-04 10:03:06,966 EPOCH 2 done: loss 4.4875 - lr 0.1000 - bad epochs 0
2019-07-04 10:09:58,070 DEV : loss 4.9380903244018555 - score 0.4791
2019-07-04 10:15:01,117 TEST : loss 4.299731731414795 - score 0.47
2019-07-04 10:15:10,941 ----------------------------------------------------------------------------------------------------
2019-07-04 10:15:12,188 epoch 3 - iter 0/66 - loss 3.00482798
2019-07-04 10:15:14,454 epoch 3 - iter 6/66 - loss 3.72373145
2019-07-04 10:15:16,266 epoch 3 - iter 12/66 - loss 3.58150523
2019-07-04 10:15:18,061 epoch 3 - iter 18/66 - loss 3.82392238
2019-07-04 10:15:19,873 epoch 3 - iter 24/66 - loss 3.82684901
2019-07-04 10:15:21,324 epoch 3 - iter 30/66 - loss 3.61816677
2019-07-04 10:15:22,852 epoch 3 - iter 36/66 - loss 3.56816060
2019-07-04 10:15:24,244 epoch 3 - iter 42/66 - loss 3.42370657
2019-07-04 10:15:25,726 epoch 3 - iter 48/66 - loss 3.53702830
2019-07-04 10:15:27,292 epoch 3 - iter 54/66 - loss 3.44703399
2019-07-04 10:15:29,262 epoch 3 - iter 60/66 - loss 3.39645581
2019-07-04 10:15:30,911 ----------------------------------------------------------------------------------------------------
2019-07-04 10:15:30,911 EPOCH 3 done: loss 3.3126 - lr 0.1000 - bad epochs 0
2019-07-04 10:22:27,134 DEV : loss 3.909453868865967 - score 0.6189
2019-07-04 10:27:30,282 TEST : loss 3.391674757003784 - score 0.6187
2019-07-04 10:27:40,313 ----------------------------------------------------------------------------------------------------
2019-07-04 10:27:41,667 epoch 4 - iter 0/66 - loss 2.64032626
2019-07-04 10:27:43,727 epoch 4 - iter 6/66 - loss 3.72782019
2019-07-04 10:27:45,847 epoch 4 - iter 12/66 - loss 3.09900197
2019-07-04 10:27:47,617 epoch 4 - iter 18/66 - loss 2.61344014
2019-07-04 10:27:49,904 epoch 4 - iter 24/66 - loss 2.58748440
2019-07-04 10:27:51,883 epoch 4 - iter 30/66 - loss 2.62157952
2019-07-04 10:27:53,870 epoch 4 - iter 36/66 - loss 2.61073302
2019-07-04 10:27:55,977 epoch 4 - iter 42/66 - loss 2.60247403
2019-07-04 10:27:57,890 epoch 4 - iter 48/66 - loss 2.62663457
2019-07-04 10:28:00,092 epoch 4 - iter 54/66 - loss 2.62058365
2019-07-04 10:28:02,377 epoch 4 - iter 60/66 - loss 2.66356606
2019-07-04 10:28:04,035 ----------------------------------------------------------------------------------------------------
2019-07-04 10:28:04,035 EPOCH 4 done: loss 2.6355 - lr 0.1000 - bad epochs 0
2019-07-04 10:35:01,599 DEV : loss 3.614903450012207 - score 0.6562
2019-07-04 10:39:54,885 TEST : loss 3.277883768081665 - score 0.6508
2019-07-04 10:40:04,810 ----------------------------------------------------------------------------------------------------
2019-07-04 10:40:06,141 epoch 5 - iter 0/66 - loss 2.73276114
2019-07-04 10:40:08,273 epoch 5 - iter 6/66 - loss 2.13713467
2019-07-04 10:40:10,217 epoch 5 - iter 12/66 - loss 2.08335491
2019-07-04 10:40:12,352 epoch 5 - iter 18/66 - loss 2.19654335
2019-07-04 10:40:14,495 epoch 5 - iter 24/66 - loss 2.24053935
2019-07-04 10:40:24,988 epoch 5 - iter 30/66 - loss 2.19123908
2019-07-04 10:40:27,046 epoch 5 - iter 36/66 - loss 2.29485904
2019-07-04 10:40:29,016 epoch 5 - iter 42/66 - loss 2.29352744
2019-07-04 10:40:31,151 epoch 5 - iter 48/66 - loss 2.21065145
2019-07-04 10:40:33,214 epoch 5 - iter 54/66 - loss 2.21133968
2019-07-04 10:40:35,320 epoch 5 - iter 60/66 - loss 2.20253862
2019-07-04 10:40:37,157 ----------------------------------------------------------------------------------------------------
2019-07-04 10:40:37,157 EPOCH 5 done: loss 2.1735 - lr 0.1000 - bad epochs 0
2019-07-04 10:47:30,313 DEV : loss 3.178839683532715 - score 0.6818
2019-07-04 10:52:30,986 TEST : loss 2.8280041217803955 - score 0.6784
2019-07-04 10:52:40,961 ----------------------------------------------------------------------------------------------------
2019-07-04 10:52:42,246 epoch 6 - iter 0/66 - loss 1.29406595
2019-07-04 10:52:44,501 epoch 6 - iter 6/66 - loss 1.98571740
2019-07-04 10:52:46,514 epoch 6 - iter 12/66 - loss 1.84547240
2019-07-04 10:52:48,605 epoch 6 - iter 18/66 - loss 1.80869994
2019-07-04 10:52:50,570 epoch 6 - iter 24/66 - loss 1.81916060
2019-07-04 10:52:52,669 epoch 6 - iter 30/66 - loss 1.79095369
2019-07-04 10:52:54,784 epoch 6 - iter 36/66 - loss 1.80290450
2019-07-04 10:52:56,751 epoch 6 - iter 42/66 - loss 1.77329099
2019-07-04 10:52:58,849 epoch 6 - iter 48/66 - loss 1.74402007
2019-07-04 10:53:01,023 epoch 6 - iter 54/66 - loss 1.81711668
2019-07-04 10:53:03,037 epoch 6 - iter 60/66 - loss 1.82025850
2019-07-04 10:53:04,576 ----------------------------------------------------------------------------------------------------
2019-07-04 10:53:04,577 EPOCH 6 done: loss 1.8081 - lr 0.1000 - bad epochs 0
2019-07-04 11:00:06,489 DEV : loss 3.0980453491210938 - score 0.6806
2019-07-04 11:05:10,177 TEST : loss 2.794771909713745 - score 0.6768
2019-07-04 11:05:10,177 ----------------------------------------------------------------------------------------------------
2019-07-04 11:05:11,439 epoch 7 - iter 0/66 - loss 1.99854469
2019-07-04 11:05:13,389 epoch 7 - iter 6/66 - loss 1.44955575
2019-07-04 11:05:15,456 epoch 7 - iter 12/66 - loss 1.50219080
2019-07-04 11:05:17,414 epoch 7 - iter 18/66 - loss 1.41460392
2019-07-04 11:05:19,272 epoch 7 - iter 24/66 - loss 1.45945268
2019-07-04 11:05:21,181 epoch 7 - iter 30/66 - loss 1.44290285
2019-07-04 11:05:23,411 epoch 7 - iter 36/66 - loss 1.47202896
2019-07-04 11:05:25,623 epoch 7 - iter 42/66 - loss 1.52517330
2019-07-04 11:05:27,598 epoch 7 - iter 48/66 - loss 1.47401254
2019-07-04 11:05:29,747 epoch 7 - iter 54/66 - loss 1.47316797
2019-07-04 11:05:31,820 epoch 7 - iter 60/66 - loss 1.46901627
2019-07-04 11:05:33,367 ----------------------------------------------------------------------------------------------------
2019-07-04 11:05:33,368 EPOCH 7 done: loss 1.4971 - lr 0.1000 - bad epochs 1
2019-07-04 11:12:28,800 DEV : loss 3.105991840362549 - score 0.6672
2019-07-04 11:17:34,134 TEST : loss 2.7838051319122314 - score 0.6619
2019-07-04 11:17:34,135 ----------------------------------------------------------------------------------------------------
2019-07-04 11:17:35,412 epoch 8 - iter 0/66 - loss 2.49362874
2019-07-04 11:17:37,601 epoch 8 - iter 6/66 - loss 1.35037626
2019-07-04 11:17:39,384 epoch 8 - iter 12/66 - loss 1.22898364
2019-07-04 11:17:41,463 epoch 8 - iter 18/66 - loss 1.23433616
2019-07-04 11:17:43,437 epoch 8 - iter 24/66 - loss 1.25797212
2019-07-04 11:17:45,274 epoch 8 - iter 30/66 - loss 1.22500985
2019-07-04 11:17:47,446 epoch 8 - iter 36/66 - loss 1.23897997
2019-07-04 11:17:49,298 epoch 8 - iter 42/66 - loss 1.23336203
2019-07-04 11:17:51,482 epoch 8 - iter 48/66 - loss 1.21215751
2019-07-04 11:17:53,523 epoch 8 - iter 54/66 - loss 1.19678023
2019-07-04 11:17:55,536 epoch 8 - iter 60/66 - loss 1.20040763
2019-07-04 11:17:56,979 ----------------------------------------------------------------------------------------------------
2019-07-04 11:17:56,979 EPOCH 8 done: loss 1.1952 - lr 0.1000 - bad epochs 2
2019-07-04 11:24:47,649 DEV : loss 2.9909932613372803 - score 0.6914
2019-07-04 11:29:57,540 TEST : loss 2.715726852416992 - score 0.692
2019-07-04 11:30:07,222 ----------------------------------------------------------------------------------------------------
2019-07-04 11:30:08,999 epoch 9 - iter 0/66 - loss 1.10903549
2019-07-04 11:30:10,836 epoch 9 - iter 6/66 - loss 1.04029978
2019-07-04 11:30:12,984 epoch 9 - iter 12/66 - loss 0.92944692
2019-07-04 11:30:15,009 epoch 9 - iter 18/66 - loss 0.94937509
2019-07-04 11:30:17,068 epoch 9 - iter 24/66 - loss 1.00995086
2019-07-04 11:30:18,903 epoch 9 - iter 30/66 - loss 1.04232836
2019-07-04 11:30:21,126 epoch 9 - iter 36/66 - loss 1.10400603
2019-07-04 11:30:23,256 epoch 9 - iter 42/66 - loss 1.10398104
2019-07-04 11:30:25,535 epoch 9 - iter 48/66 - loss 1.08476158
2019-07-04 11:30:27,559 epoch 9 - iter 54/66 - loss 1.07048312
2019-07-04 11:30:29,480 epoch 9 - iter 60/66 - loss 1.04979819
2019-07-04 11:30:31,040 ----------------------------------------------------------------------------------------------------
2019-07-04 11:30:31,040 EPOCH 9 done: loss 1.0100 - lr 0.1000 - bad epochs 0
2019-07-04 11:37:24,365 DEV : loss 2.958017110824585 - score 0.6994
2019-07-04 11:42:32,551 TEST : loss 2.6656737327575684 - score 0.6958
2019-07-04 11:42:42,449 ----------------------------------------------------------------------------------------------------
2019-07-04 11:42:43,831 epoch 10 - iter 0/66 - loss 0.77830100
2019-07-04 11:42:45,715 epoch 10 - iter 6/66 - loss 0.98047147
2019-07-04 11:42:47,761 epoch 10 - iter 12/66 - loss 0.87467391
2019-07-04 11:42:49,590 epoch 10 - iter 18/66 - loss 0.79877095
2019-07-04 11:42:51,762 epoch 10 - iter 24/66 - loss 0.85326416
2019-07-04 11:42:53,647 epoch 10 - iter 30/66 - loss 0.83848131
2019-07-04 11:42:55,632 epoch 10 - iter 36/66 - loss 0.84481841
2019-07-04 11:42:57,444 epoch 10 - iter 42/66 - loss 0.82206692
2019-07-04 11:42:59,371 epoch 10 - iter 48/66 - loss 0.82700630
2019-07-04 11:43:01,541 epoch 10 - iter 54/66 - loss 0.82952142
2019-07-04 11:43:03,382 epoch 10 - iter 60/66 - loss 0.83050478
2019-07-04 11:43:04,862 ----------------------------------------------------------------------------------------------------
2019-07-04 11:43:04,862 EPOCH 10 done: loss 0.8254 - lr 0.1000 - bad epochs 0
2019-07-04 11:49:56,926 DEV : loss 3.369161367416382 - score 0.6704
2019-07-04 11:54:57,526 TEST : loss 3.0479016304016113 - score 0.6545
2019-07-04 11:55:06,858 ----------------------------------------------------------------------------------------------------
2019-07-04 11:55:06,858 Testing using best model ...
2019-07-04 11:55:06,859 loading file output_models/taggers/example-ner-12/best-model.pt
2019-07-04 12:00:11,567 0.6958	0.6958	0.6958
2019-07-04 12:00:11,568 
MICRO_AVG: acc 0.5335 - f1-score 0.6958
MACRO_AVG: acc 0.3027 - f1-score 0.40333333333333327
CARDINAL   tp: 719 - fp: 527 - fn: 400 - tn: 719 - precision: 0.5770 - recall: 0.6425 - accuracy: 0.4368 - f1-score: 0.6080
DATE       tp: 1286 - fp: 592 - fn: 580 - tn: 1286 - precision: 0.6848 - recall: 0.6892 - accuracy: 0.5232 - f1-score: 0.6870
EVENT      tp: 5 - fp: 11 - fn: 73 - tn: 5 - precision: 0.3125 - recall: 0.0641 - accuracy: 0.0562 - f1-score: 0.1064
FAC        tp: 0 - fp: 1 - fn: 110 - tn: 0 - precision: 0.0000 - recall: 0.0000 - accuracy: 0.0000 - f1-score: 0.0000
GPE        tp: 1838 - fp: 606 - fn: 341 - tn: 1838 - precision: 0.7520 - recall: 0.8435 - accuracy: 0.6600 - f1-score: 0.7951
LANGUAGE   tp: 0 - fp: 0 - fn: 39 - tn: 0 - precision: 0.0000 - recall: 0.0000 - accuracy: 0.0000 - f1-score: 0.0000
LAW        tp: 0 - fp: 0 - fn: 47 - tn: 0 - precision: 0.0000 - recall: 0.0000 - accuracy: 0.0000 - f1-score: 0.0000
LOC        tp: 75 - fp: 149 - fn: 130 - tn: 75 - precision: 0.3348 - recall: 0.3659 - accuracy: 0.2119 - f1-score: 0.3497
MONEY      tp: 358 - fp: 98 - fn: 178 - tn: 358 - precision: 0.7851 - recall: 0.6679 - accuracy: 0.5647 - f1-score: 0.7218
NORP       tp: 765 - fp: 301 - fn: 153 - tn: 765 - precision: 0.7176 - recall: 0.8333 - accuracy: 0.6276 - f1-score: 0.7711
ORDINAL    tp: 95 - fp: 42 - fn: 134 - tn: 95 - precision: 0.6934 - recall: 0.4148 - accuracy: 0.3506 - f1-score: 0.5191
ORG        tp: 1722 - fp: 753 - fn: 767 - tn: 1722 - precision: 0.6958 - recall: 0.6918 - accuracy: 0.5312 - f1-score: 0.6938
PERCENT    tp: 252 - fp: 112 - fn: 80 - tn: 252 - precision: 0.6923 - recall: 0.7590 - accuracy: 0.5676 - f1-score: 0.7241
PERSON     tp: 1746 - fp: 520 - fn: 438 - tn: 1746 - precision: 0.7705 - recall: 0.7995 - accuracy: 0.6457 - f1-score: 0.7847
PRODUCT    tp: 3 - fp: 33 - fn: 86 - tn: 3 - precision: 0.0833 - recall: 0.0337 - accuracy: 0.0246 - f1-score: 0.0480
QUANTITY   tp: 19 - fp: 26 - fn: 86 - tn: 19 - precision: 0.4222 - recall: 0.1810 - accuracy: 0.1450 - f1-score: 0.2534
TIME       tp: 14 - fp: 71 - fn: 156 - tn: 14 - precision: 0.1647 - recall: 0.0824 - accuracy: 0.0581 - f1-score: 0.1098
WORK_OF_ART tp: 7 - fp: 50 - fn: 95 - tn: 7 - precision: 0.1228 - recall: 0.0686 - accuracy: 0.0461 - f1-score: 0.0880
2019-07-04 12:00:11,568 ----------------------------------------------------------------------------------------------------
