2019-07-08 07:47:50,359 ----------------------------------------------------------------------------------------------------
2019-07-08 07:47:50,359 Evaluation method: MICRO_F1_SCORE
2019-07-08 07:47:50,367 ----------------------------------------------------------------------------------------------------
2019-07-08 07:47:58,123 epoch 1 - iter 0/73 - loss 91.74492645
2019-07-08 07:47:59,835 epoch 1 - iter 7/73 - loss 40.26928353
2019-07-08 07:48:01,694 epoch 1 - iter 14/73 - loss 27.14283085
2019-07-08 07:48:03,559 epoch 1 - iter 21/73 - loss 21.63397793
2019-07-08 07:48:05,399 epoch 1 - iter 28/73 - loss 18.72182802
2019-07-08 07:48:07,161 epoch 1 - iter 35/73 - loss 16.79003753
2019-07-08 07:48:09,210 epoch 1 - iter 42/73 - loss 15.45733493
2019-07-08 07:48:10,911 epoch 1 - iter 49/73 - loss 14.28998014
2019-07-08 07:48:12,806 epoch 1 - iter 56/73 - loss 13.29777178
2019-07-08 07:48:14,617 epoch 1 - iter 63/73 - loss 12.41559806
2019-07-08 07:48:16,327 epoch 1 - iter 70/73 - loss 11.68924993
2019-07-08 07:48:17,086 ----------------------------------------------------------------------------------------------------
2019-07-08 07:48:17,086 EPOCH 1 done: loss 11.4504 - lr 0.1000 - bad epochs 0
2019-07-08 07:55:39,364 DEV : loss 6.003444671630859 - score 0.3897
2019-07-08 08:01:34,636 TEST : loss 5.232235908508301 - score 0.3731
2019-07-08 08:01:42,901 ----------------------------------------------------------------------------------------------------
2019-07-08 08:01:44,212 epoch 2 - iter 0/73 - loss 5.63919353
2019-07-08 08:01:46,702 epoch 2 - iter 7/73 - loss 4.87644370
2019-07-08 08:01:49,247 epoch 2 - iter 14/73 - loss 4.28874864
2019-07-08 08:01:51,614 epoch 2 - iter 21/73 - loss 4.95553255
2019-07-08 08:01:53,858 epoch 2 - iter 28/73 - loss 4.70735999
2019-07-08 08:01:56,216 epoch 2 - iter 35/73 - loss 4.66268493
2019-07-08 08:01:58,690 epoch 2 - iter 42/73 - loss 4.63956679
2019-07-08 08:02:01,014 epoch 2 - iter 49/73 - loss 4.49173975
2019-07-08 08:02:03,006 epoch 2 - iter 56/73 - loss 4.38205439
2019-07-08 08:02:04,626 epoch 2 - iter 63/73 - loss 4.33929958
2019-07-08 08:02:06,429 epoch 2 - iter 70/73 - loss 4.32958164
2019-07-08 08:02:07,070 ----------------------------------------------------------------------------------------------------
2019-07-08 08:02:07,070 EPOCH 2 done: loss 4.2688 - lr 0.1000 - bad epochs 0
2019-07-08 08:09:18,094 DEV : loss 4.403735637664795 - score 0.5897
2019-07-08 08:15:06,149 TEST : loss 4.009552001953125 - score 0.5568
2019-07-08 08:15:15,921 ----------------------------------------------------------------------------------------------------
2019-07-08 08:15:17,822 epoch 3 - iter 0/73 - loss 3.68845510
2019-07-08 08:15:20,861 epoch 3 - iter 7/73 - loss 3.28354043
2019-07-08 08:15:23,374 epoch 3 - iter 14/73 - loss 3.31168790
2019-07-08 08:15:25,677 epoch 3 - iter 21/73 - loss 3.36331575
2019-07-08 08:15:27,761 epoch 3 - iter 28/73 - loss 3.30331719
2019-07-08 08:15:29,464 epoch 3 - iter 35/73 - loss 3.29414905
2019-07-08 08:15:31,417 epoch 3 - iter 42/73 - loss 3.18802905
2019-07-08 08:15:33,261 epoch 3 - iter 49/73 - loss 3.17229403
2019-07-08 08:15:34,923 epoch 3 - iter 56/73 - loss 3.16949684
2019-07-08 08:15:36,701 epoch 3 - iter 63/73 - loss 3.12742176
2019-07-08 08:15:38,628 epoch 3 - iter 70/73 - loss 3.12785323
2019-07-08 08:15:39,310 ----------------------------------------------------------------------------------------------------
2019-07-08 08:15:39,310 EPOCH 3 done: loss 3.0939 - lr 0.1000 - bad epochs 0
2019-07-08 08:23:26,279 DEV : loss 3.764824867248535 - score 0.6186
2019-07-08 08:29:20,583 TEST : loss 3.298079490661621 - score 0.6063
2019-07-08 08:29:30,063 ----------------------------------------------------------------------------------------------------
2019-07-08 08:29:31,407 epoch 4 - iter 0/73 - loss 2.28544617
2019-07-08 08:29:33,611 epoch 4 - iter 7/73 - loss 2.63125110
2019-07-08 08:29:36,104 epoch 4 - iter 14/73 - loss 2.64996451
2019-07-08 08:29:38,531 epoch 4 - iter 21/73 - loss 2.66870212
2019-07-08 08:29:40,701 epoch 4 - iter 28/73 - loss 2.66628189
2019-07-08 08:29:43,266 epoch 4 - iter 35/73 - loss 2.65385525
2019-07-08 08:29:45,390 epoch 4 - iter 42/73 - loss 2.63070843
2019-07-08 08:29:47,827 epoch 4 - iter 49/73 - loss 2.58989450
2019-07-08 08:29:50,042 epoch 4 - iter 56/73 - loss 2.49966846
2019-07-08 08:29:52,316 epoch 4 - iter 63/73 - loss 2.54342062
2019-07-08 08:29:55,035 epoch 4 - iter 70/73 - loss 2.48331261
2019-07-08 08:29:55,941 ----------------------------------------------------------------------------------------------------
2019-07-08 08:29:55,942 EPOCH 4 done: loss 2.4866 - lr 0.1000 - bad epochs 0
2019-07-08 08:37:44,382 DEV : loss 3.488507032394409 - score 0.6391
2019-07-08 08:43:39,668 TEST : loss 3.0893893241882324 - score 0.6191
2019-07-08 08:43:49,280 ----------------------------------------------------------------------------------------------------
2019-07-08 08:43:50,901 epoch 5 - iter 0/73 - loss 3.20424938
2019-07-08 08:43:53,113 epoch 5 - iter 7/73 - loss 2.05811961
2019-07-08 08:43:55,216 epoch 5 - iter 14/73 - loss 1.77977180
2019-07-08 08:43:57,624 epoch 5 - iter 21/73 - loss 1.91368575
2019-07-08 08:44:00,130 epoch 5 - iter 28/73 - loss 1.97205700
2019-07-08 08:44:02,447 epoch 5 - iter 35/73 - loss 1.98648439
2019-07-08 08:44:04,873 epoch 5 - iter 42/73 - loss 2.00839510
2019-07-08 08:44:07,078 epoch 5 - iter 49/73 - loss 2.00406381
2019-07-08 08:44:09,500 epoch 5 - iter 56/73 - loss 2.00579230
2019-07-08 08:44:12,244 epoch 5 - iter 63/73 - loss 2.02207567
2019-07-08 08:44:14,674 epoch 5 - iter 70/73 - loss 2.02575364
2019-07-08 08:44:15,450 ----------------------------------------------------------------------------------------------------
2019-07-08 08:44:15,451 EPOCH 5 done: loss 2.0781 - lr 0.1000 - bad epochs 0
2019-07-08 08:51:44,046 DEV : loss 3.1450634002685547 - score 0.6691
2019-07-08 08:57:27,069 TEST : loss 2.8487181663513184 - score 0.6411
2019-07-08 08:57:36,550 ----------------------------------------------------------------------------------------------------
2019-07-08 08:57:37,978 epoch 6 - iter 0/73 - loss 1.30189419
2019-07-08 08:57:40,344 epoch 6 - iter 7/73 - loss 1.14890293
2019-07-08 08:57:42,522 epoch 6 - iter 14/73 - loss 1.31735530
2019-07-08 08:57:44,837 epoch 6 - iter 21/73 - loss 1.34604988
2019-07-08 08:57:47,110 epoch 6 - iter 28/73 - loss 1.42261945
2019-07-08 08:57:49,508 epoch 6 - iter 35/73 - loss 1.54933505
2019-07-08 08:57:51,768 epoch 6 - iter 42/73 - loss 1.53909339
2019-07-08 08:57:54,429 epoch 6 - iter 49/73 - loss 1.57428064
2019-07-08 08:57:56,899 epoch 6 - iter 56/73 - loss 1.60504499
2019-07-08 08:57:59,089 epoch 6 - iter 63/73 - loss 1.61944028
2019-07-08 08:58:01,653 epoch 6 - iter 70/73 - loss 1.69975740
2019-07-08 08:58:02,579 ----------------------------------------------------------------------------------------------------
2019-07-08 08:58:02,579 EPOCH 6 done: loss 1.6875 - lr 0.1000 - bad epochs 0
2019-07-08 09:05:18,180 DEV : loss 2.9730749130249023 - score 0.6652
2019-07-08 09:11:03,480 TEST : loss 2.7459139823913574 - score 0.6461
2019-07-08 09:11:03,481 ----------------------------------------------------------------------------------------------------
2019-07-08 09:11:04,762 epoch 7 - iter 0/73 - loss 0.69192612
2019-07-08 09:11:07,213 epoch 7 - iter 7/73 - loss 1.39983205
2019-07-08 09:11:09,907 epoch 7 - iter 14/73 - loss 1.32917264
2019-07-08 09:11:12,108 epoch 7 - iter 21/73 - loss 1.39306675
2019-07-08 09:11:14,363 epoch 7 - iter 28/73 - loss 1.42513549
2019-07-08 09:11:16,659 epoch 7 - iter 35/73 - loss 1.36941300
2019-07-08 09:11:18,892 epoch 7 - iter 42/73 - loss 1.35694877
2019-07-08 09:11:21,443 epoch 7 - iter 49/73 - loss 1.40388474
2019-07-08 09:11:24,054 epoch 7 - iter 56/73 - loss 1.38904860
2019-07-08 09:11:26,375 epoch 7 - iter 63/73 - loss 1.34370022
2019-07-08 09:11:28,898 epoch 7 - iter 70/73 - loss 1.33796658
2019-07-08 09:11:29,828 ----------------------------------------------------------------------------------------------------
2019-07-08 09:11:29,828 EPOCH 7 done: loss 1.3543 - lr 0.1000 - bad epochs 1
2019-07-08 09:18:25,093 DEV : loss 2.98773455619812 - score 0.6703
2019-07-08 09:24:06,973 TEST : loss 2.7686829566955566 - score 0.6431
2019-07-08 09:24:16,554 ----------------------------------------------------------------------------------------------------
2019-07-08 09:24:18,195 epoch 8 - iter 0/73 - loss 1.87039590
2019-07-08 09:24:20,637 epoch 8 - iter 7/73 - loss 1.11187133
2019-07-08 09:24:22,810 epoch 8 - iter 14/73 - loss 1.02825154
2019-07-08 09:24:24,956 epoch 8 - iter 21/73 - loss 1.06437256
2019-07-08 09:24:27,408 epoch 8 - iter 28/73 - loss 1.08651361
2019-07-08 09:24:29,799 epoch 8 - iter 35/73 - loss 1.06157444
2019-07-08 09:24:32,190 epoch 8 - iter 42/73 - loss 1.10982489
2019-07-08 09:24:44,108 epoch 8 - iter 49/73 - loss 1.11879010
2019-07-08 09:24:45,880 epoch 8 - iter 56/73 - loss 1.11852912
2019-07-08 09:24:47,587 epoch 8 - iter 63/73 - loss 1.15548123
2019-07-08 09:24:49,638 epoch 8 - iter 70/73 - loss 1.12322048
2019-07-08 09:24:50,678 ----------------------------------------------------------------------------------------------------
2019-07-08 09:24:50,679 EPOCH 8 done: loss 1.1224 - lr 0.1000 - bad epochs 0
2019-07-08 09:32:36,061 DEV : loss 2.9786109924316406 - score 0.6764
2019-07-08 09:38:32,174 TEST : loss 2.8130078315734863 - score 0.6547
2019-07-08 09:38:41,690 ----------------------------------------------------------------------------------------------------
2019-07-08 09:38:42,971 epoch 9 - iter 0/73 - loss 0.46598196
2019-07-08 09:38:45,459 epoch 9 - iter 7/73 - loss 0.77595538
2019-07-08 09:38:47,583 epoch 9 - iter 14/73 - loss 0.85165261
2019-07-08 09:38:49,345 epoch 9 - iter 21/73 - loss 0.82085526
2019-07-08 09:38:51,954 epoch 9 - iter 28/73 - loss 0.83382270
2019-07-08 09:38:54,241 epoch 9 - iter 35/73 - loss 0.82129161
2019-07-08 09:38:56,722 epoch 9 - iter 42/73 - loss 0.89054963
2019-07-08 09:38:59,169 epoch 9 - iter 49/73 - loss 0.91328215
2019-07-08 09:39:01,378 epoch 9 - iter 56/73 - loss 0.87960489
2019-07-08 09:39:03,789 epoch 9 - iter 63/73 - loss 0.87619434
2019-07-08 09:39:06,036 epoch 9 - iter 70/73 - loss 0.87033556
2019-07-08 09:39:06,903 ----------------------------------------------------------------------------------------------------
2019-07-08 09:39:06,903 EPOCH 9 done: loss 0.8752 - lr 0.1000 - bad epochs 0
2019-07-08 09:46:58,938 DEV : loss 2.799001932144165 - score 0.6959
2019-07-08 09:52:50,524 TEST : loss 2.6841816902160645 - score 0.6754
2019-07-08 09:52:59,951 ----------------------------------------------------------------------------------------------------
2019-07-08 09:53:01,446 epoch 10 - iter 0/73 - loss 0.57829571
2019-07-08 09:53:03,967 epoch 10 - iter 7/73 - loss 0.57571661
2019-07-08 09:53:06,096 epoch 10 - iter 14/73 - loss 0.59956340
2019-07-08 09:53:08,526 epoch 10 - iter 21/73 - loss 0.62886866
2019-07-08 09:53:11,021 epoch 10 - iter 28/73 - loss 0.63197526
2019-07-08 09:53:13,202 epoch 10 - iter 35/73 - loss 0.64193068
2019-07-08 09:53:15,506 epoch 10 - iter 42/73 - loss 0.69551997
2019-07-08 09:53:18,075 epoch 10 - iter 49/73 - loss 0.73855323
2019-07-08 09:53:20,567 epoch 10 - iter 56/73 - loss 0.72475372
2019-07-08 09:53:22,852 epoch 10 - iter 63/73 - loss 0.71724314
2019-07-08 09:53:25,147 epoch 10 - iter 70/73 - loss 0.72750960
2019-07-08 09:53:25,872 ----------------------------------------------------------------------------------------------------
2019-07-08 09:53:25,873 EPOCH 10 done: loss 0.7191 - lr 0.1000 - bad epochs 0
2019-07-08 10:01:02,012 DEV : loss 2.8178446292877197 - score 0.7123
2019-07-08 10:06:02,261 TEST : loss 2.720674753189087 - score 0.6914
2019-07-08 10:06:20,292 ----------------------------------------------------------------------------------------------------
2019-07-08 10:06:20,293 Testing using best model ...
2019-07-08 10:06:20,293 loading file output_models/taggers/example-ner-20/best-model.pt
2019-07-08 10:10:57,913 0.6634	0.7218	0.6914
2019-07-08 10:10:57,913 
MICRO_AVG: acc 0.5283 - f1-score 0.6914
MACRO_AVG: acc 0.3167 - f1-score 0.4237222222222222
CARDINAL   tp: 691 - fp: 485 - fn: 314 - tn: 691 - precision: 0.5876 - recall: 0.6876 - accuracy: 0.4638 - f1-score: 0.6337
DATE       tp: 1361 - fp: 880 - fn: 426 - tn: 1361 - precision: 0.6073 - recall: 0.7616 - accuracy: 0.5103 - f1-score: 0.6758
EVENT      tp: 3 - fp: 16 - fn: 82 - tn: 3 - precision: 0.1579 - recall: 0.0353 - accuracy: 0.0297 - f1-score: 0.0577
FAC        tp: 22 - fp: 33 - fn: 127 - tn: 22 - precision: 0.4000 - recall: 0.1477 - accuracy: 0.1209 - f1-score: 0.2157
GPE        tp: 2174 - fp: 806 - fn: 372 - tn: 2174 - precision: 0.7295 - recall: 0.8539 - accuracy: 0.6486 - f1-score: 0.7868
LANGUAGE   tp: 0 - fp: 0 - fn: 22 - tn: 0 - precision: 0.0000 - recall: 0.0000 - accuracy: 0.0000 - f1-score: 0.0000
LAW        tp: 0 - fp: 0 - fn: 44 - tn: 0 - precision: 0.0000 - recall: 0.0000 - accuracy: 0.0000 - f1-score: 0.0000
LOC        tp: 51 - fp: 72 - fn: 164 - tn: 51 - precision: 0.4146 - recall: 0.2372 - accuracy: 0.1777 - f1-score: 0.3018
MONEY      tp: 266 - fp: 127 - fn: 89 - tn: 266 - precision: 0.6768 - recall: 0.7493 - accuracy: 0.5519 - f1-score: 0.7112
NORP       tp: 810 - fp: 335 - fn: 180 - tn: 810 - precision: 0.7074 - recall: 0.8182 - accuracy: 0.6113 - f1-score: 0.7588
ORDINAL    tp: 157 - fp: 142 - fn: 50 - tn: 157 - precision: 0.5251 - recall: 0.7585 - accuracy: 0.4499 - f1-score: 0.6206
ORG        tp: 1435 - fp: 885 - fn: 567 - tn: 1435 - precision: 0.6185 - recall: 0.7168 - accuracy: 0.4971 - f1-score: 0.6640
PERCENT    tp: 341 - fp: 120 - fn: 67 - tn: 341 - precision: 0.7397 - recall: 0.8358 - accuracy: 0.6458 - f1-score: 0.7848
PERSON     tp: 1694 - fp: 519 - fn: 440 - tn: 1694 - precision: 0.7655 - recall: 0.7938 - accuracy: 0.6385 - f1-score: 0.7794
PRODUCT    tp: 3 - fp: 33 - fn: 87 - tn: 3 - precision: 0.0833 - recall: 0.0333 - accuracy: 0.0244 - f1-score: 0.0476
QUANTITY   tp: 34 - fp: 62 - fn: 119 - tn: 34 - precision: 0.3542 - recall: 0.2222 - accuracy: 0.1581 - f1-score: 0.2731
TIME       tp: 28 - fp: 46 - fn: 197 - tn: 28 - precision: 0.3784 - recall: 0.1244 - accuracy: 0.1033 - f1-score: 0.1872
WORK_OF_ART tp: 15 - fp: 49 - fn: 154 - tn: 15 - precision: 0.2344 - recall: 0.0888 - accuracy: 0.0688 - f1-score: 0.1288
2019-07-08 10:10:57,913 ----------------------------------------------------------------------------------------------------
