2019-07-11 09:20:55,792 ----------------------------------------------------------------------------------------------------
2019-07-11 09:20:55,793 Evaluation method: MICRO_F1_SCORE
2019-07-11 09:20:55,802 ----------------------------------------------------------------------------------------------------
2019-07-11 09:21:06,529 epoch 1 - iter 0/73 - loss 80.51859283
2019-07-11 09:21:08,412 epoch 1 - iter 7/73 - loss 33.84255922
2019-07-11 09:21:10,300 epoch 1 - iter 14/73 - loss 28.80115662
2019-07-11 09:21:12,467 epoch 1 - iter 21/73 - loss 24.88483979
2019-07-11 09:21:14,395 epoch 1 - iter 28/73 - loss 21.43149897
2019-07-11 09:21:16,422 epoch 1 - iter 35/73 - loss 19.69174559
2019-07-11 09:21:18,323 epoch 1 - iter 42/73 - loss 18.16323318
2019-07-11 09:21:19,953 epoch 1 - iter 49/73 - loss 16.87011702
2019-07-11 09:21:21,898 epoch 1 - iter 56/73 - loss 15.87303930
2019-07-11 09:21:24,187 epoch 1 - iter 63/73 - loss 15.22435167
2019-07-11 09:21:26,284 epoch 1 - iter 70/73 - loss 14.81613627
2019-07-11 09:21:27,088 ----------------------------------------------------------------------------------------------------
2019-07-11 09:21:27,088 EPOCH 1 done: loss 14.5446 - lr 0.1000 - bad epochs 0
2019-07-11 09:28:43,704 DEV : loss 9.89473819732666 - score 0.4646
2019-07-11 09:34:39,380 TEST : loss 8.810876846313477 - score 0.4401
2019-07-11 09:34:49,559 ----------------------------------------------------------------------------------------------------
2019-07-11 09:34:51,146 epoch 2 - iter 0/73 - loss 6.09913683
2019-07-11 09:34:54,720 epoch 2 - iter 7/73 - loss 8.29635423
2019-07-11 09:34:58,145 epoch 2 - iter 14/73 - loss 6.92266038
2019-07-11 09:35:01,694 epoch 2 - iter 21/73 - loss 7.64728356
2019-07-11 09:35:05,525 epoch 2 - iter 28/73 - loss 7.50354552
2019-07-11 09:35:09,060 epoch 2 - iter 35/73 - loss 7.44967917
2019-07-11 09:35:12,560 epoch 2 - iter 42/73 - loss 7.35193168
2019-07-11 09:35:16,153 epoch 2 - iter 49/73 - loss 7.05281924
2019-07-11 09:35:19,876 epoch 2 - iter 56/73 - loss 7.19198589
2019-07-11 09:35:23,340 epoch 2 - iter 63/73 - loss 7.36362508
2019-07-11 09:35:26,848 epoch 2 - iter 70/73 - loss 7.35459907
2019-07-11 09:35:27,796 ----------------------------------------------------------------------------------------------------
2019-07-11 09:35:27,796 EPOCH 2 done: loss 7.4109 - lr 0.1000 - bad epochs 0
2019-07-11 09:43:18,667 DEV : loss 7.548655033111572 - score 0.5707
2019-07-11 09:48:40,435 TEST : loss 6.7943644523620605 - score 0.5358
2019-07-11 09:48:49,934 ----------------------------------------------------------------------------------------------------
2019-07-11 09:48:51,313 epoch 3 - iter 0/73 - loss 2.87990499
2019-07-11 09:48:53,729 epoch 3 - iter 7/73 - loss 4.33446145
2019-07-11 09:48:56,040 epoch 3 - iter 14/73 - loss 4.54704862
2019-07-11 09:48:58,354 epoch 3 - iter 21/73 - loss 5.32189988
2019-07-11 09:49:00,761 epoch 3 - iter 28/73 - loss 5.52390911
2019-07-11 09:49:03,078 epoch 3 - iter 35/73 - loss 5.73712665
2019-07-11 09:49:05,236 epoch 3 - iter 42/73 - loss 5.47187210
2019-07-11 09:49:07,676 epoch 3 - iter 49/73 - loss 5.48717580
2019-07-11 09:49:10,227 epoch 3 - iter 56/73 - loss 5.29329041
2019-07-11 09:49:12,840 epoch 3 - iter 63/73 - loss 5.30049837
2019-07-11 09:49:15,231 epoch 3 - iter 70/73 - loss 5.38202357
2019-07-11 09:49:16,004 ----------------------------------------------------------------------------------------------------
2019-07-11 09:49:16,005 EPOCH 3 done: loss 5.5008 - lr 0.1000 - bad epochs 0
2019-07-11 09:57:05,745 DEV : loss 7.30808162689209 - score 0.5428
2019-07-11 10:02:57,151 TEST : loss 6.631093978881836 - score 0.5078
2019-07-11 10:02:57,152 ----------------------------------------------------------------------------------------------------
2019-07-11 10:02:58,597 epoch 4 - iter 0/73 - loss 2.80070639
2019-07-11 10:03:01,321 epoch 4 - iter 7/73 - loss 4.76180515
2019-07-11 10:03:04,182 epoch 4 - iter 14/73 - loss 5.38035927
2019-07-11 10:03:06,657 epoch 4 - iter 21/73 - loss 4.89856677
2019-07-11 10:03:09,328 epoch 4 - iter 28/73 - loss 4.62619453
2019-07-11 10:03:12,145 epoch 4 - iter 35/73 - loss 4.56393538
2019-07-11 10:03:14,618 epoch 4 - iter 42/73 - loss 4.36595112
2019-07-11 10:03:17,406 epoch 4 - iter 49/73 - loss 4.24474259
2019-07-11 10:03:20,071 epoch 4 - iter 56/73 - loss 4.20863458
2019-07-11 10:03:22,793 epoch 4 - iter 63/73 - loss 4.23251983
2019-07-11 10:03:25,417 epoch 4 - iter 70/73 - loss 4.25741493
2019-07-11 10:03:26,226 ----------------------------------------------------------------------------------------------------
2019-07-11 10:03:26,226 EPOCH 4 done: loss 4.3245 - lr 0.1000 - bad epochs 1
2019-07-11 10:11:05,488 DEV : loss 6.2536821365356445 - score 0.6129
2019-07-11 10:16:34,915 TEST : loss 5.582457542419434 - score 0.5862
2019-07-11 10:16:44,453 ----------------------------------------------------------------------------------------------------
2019-07-11 10:16:45,815 epoch 5 - iter 0/73 - loss 2.32433605
2019-07-11 10:16:47,848 epoch 5 - iter 7/73 - loss 3.02178800
2019-07-11 10:16:50,170 epoch 5 - iter 14/73 - loss 2.81912549
2019-07-11 10:16:52,797 epoch 5 - iter 21/73 - loss 3.18146114
2019-07-11 10:16:55,144 epoch 5 - iter 28/73 - loss 3.15990350
2019-07-11 10:16:57,796 epoch 5 - iter 35/73 - loss 3.40160234
2019-07-11 10:17:00,178 epoch 5 - iter 42/73 - loss 3.46915704
2019-07-11 10:17:02,533 epoch 5 - iter 49/73 - loss 3.40986384
2019-07-11 10:17:05,385 epoch 5 - iter 56/73 - loss 3.49914751
2019-07-11 10:17:07,647 epoch 5 - iter 63/73 - loss 3.53521334
2019-07-11 10:17:10,133 epoch 5 - iter 70/73 - loss 3.48343638
2019-07-11 10:17:11,028 ----------------------------------------------------------------------------------------------------
2019-07-11 10:17:11,028 EPOCH 5 done: loss 3.4462 - lr 0.1000 - bad epochs 0
2019-07-11 10:24:51,912 DEV : loss 5.879814624786377 - score 0.6483
2019-07-11 10:30:39,478 TEST : loss 5.323489665985107 - score 0.6173
2019-07-11 10:30:49,483 ----------------------------------------------------------------------------------------------------
2019-07-11 10:30:50,909 epoch 6 - iter 0/73 - loss 2.40514040
2019-07-11 10:30:53,269 epoch 6 - iter 7/73 - loss 2.76116779
2019-07-11 10:30:55,680 epoch 6 - iter 14/73 - loss 2.92280807
2019-07-11 10:30:57,925 epoch 6 - iter 21/73 - loss 2.82413490
2019-07-11 10:31:00,925 epoch 6 - iter 28/73 - loss 2.99345496
2019-07-11 10:31:03,184 epoch 6 - iter 35/73 - loss 3.00466920
2019-07-11 10:31:05,562 epoch 6 - iter 42/73 - loss 2.93553904
2019-07-11 10:31:08,119 epoch 6 - iter 49/73 - loss 2.85842866
2019-07-11 10:31:10,598 epoch 6 - iter 56/73 - loss 2.87199947
2019-07-11 10:31:13,034 epoch 6 - iter 63/73 - loss 2.90850172
2019-07-11 10:31:15,224 epoch 6 - iter 70/73 - loss 2.82029957
2019-07-11 10:31:16,014 ----------------------------------------------------------------------------------------------------
2019-07-11 10:31:16,014 EPOCH 6 done: loss 2.7800 - lr 0.1000 - bad epochs 0
2019-07-11 10:38:31,794 DEV : loss 6.157879829406738 - score 0.652
2019-07-11 10:44:31,732 TEST : loss 5.506589889526367 - score 0.6162
2019-07-11 10:44:41,845 ----------------------------------------------------------------------------------------------------
2019-07-11 10:44:43,177 epoch 7 - iter 0/73 - loss 1.35825717
2019-07-11 10:44:45,545 epoch 7 - iter 7/73 - loss 2.23094214
2019-07-11 10:44:48,136 epoch 7 - iter 14/73 - loss 2.54413957
2019-07-11 10:44:50,425 epoch 7 - iter 21/73 - loss 2.49928714
2019-07-11 10:44:52,648 epoch 7 - iter 28/73 - loss 2.33138442
2019-07-11 10:44:55,182 epoch 7 - iter 35/73 - loss 2.27489072
2019-07-11 10:44:57,744 epoch 7 - iter 42/73 - loss 2.29165890
2019-07-11 10:45:00,315 epoch 7 - iter 49/73 - loss 2.35243338
2019-07-11 10:45:02,772 epoch 7 - iter 56/73 - loss 2.31915020
2019-07-11 10:45:05,696 epoch 7 - iter 63/73 - loss 2.29174797
2019-07-11 10:45:08,267 epoch 7 - iter 70/73 - loss 2.20209493
2019-07-11 10:45:09,037 ----------------------------------------------------------------------------------------------------
2019-07-11 10:45:09,037 EPOCH 7 done: loss 2.1944 - lr 0.1000 - bad epochs 0
2019-07-11 10:52:56,763 DEV : loss 5.493000507354736 - score 0.6771
2019-07-11 10:58:39,595 TEST : loss 5.004448413848877 - score 0.6476
2019-07-11 10:58:49,630 ----------------------------------------------------------------------------------------------------
2019-07-11 10:58:51,135 epoch 8 - iter 0/73 - loss 1.73629582
2019-07-11 10:58:53,952 epoch 8 - iter 7/73 - loss 2.23201091
2019-07-11 10:58:56,511 epoch 8 - iter 14/73 - loss 1.85517168
2019-07-11 10:58:59,336 epoch 8 - iter 21/73 - loss 1.83836874
2019-07-11 10:59:01,787 epoch 8 - iter 28/73 - loss 1.73789874
2019-07-11 10:59:04,312 epoch 8 - iter 35/73 - loss 1.69058125
2019-07-11 10:59:06,868 epoch 8 - iter 42/73 - loss 1.80392364
2019-07-11 10:59:09,186 epoch 8 - iter 49/73 - loss 1.76282972
2019-07-11 10:59:11,512 epoch 8 - iter 56/73 - loss 1.72518910
2019-07-11 10:59:24,505 epoch 8 - iter 63/73 - loss 1.71729420
2019-07-11 10:59:27,128 epoch 8 - iter 70/73 - loss 1.76465270
2019-07-11 10:59:28,316 ----------------------------------------------------------------------------------------------------
2019-07-11 10:59:28,316 EPOCH 8 done: loss 1.7721 - lr 0.1000 - bad epochs 0
2019-07-11 11:06:50,248 DEV : loss 5.530979156494141 - score 0.676
2019-07-11 11:12:41,730 TEST : loss 5.095299243927002 - score 0.6469
2019-07-11 11:12:41,731 ----------------------------------------------------------------------------------------------------
2019-07-11 11:12:43,024 epoch 9 - iter 0/73 - loss 0.92307478
2019-07-11 11:12:45,739 epoch 9 - iter 7/73 - loss 1.18390677
2019-07-11 11:12:47,972 epoch 9 - iter 14/73 - loss 1.30834074
2019-07-11 11:12:50,534 epoch 9 - iter 21/73 - loss 1.54174487
2019-07-11 11:12:52,960 epoch 9 - iter 28/73 - loss 1.44301074
2019-07-11 11:12:55,554 epoch 9 - iter 35/73 - loss 1.47268859
2019-07-11 11:12:57,647 epoch 9 - iter 42/73 - loss 1.40752589
2019-07-11 11:12:59,821 epoch 9 - iter 49/73 - loss 1.36951893
2019-07-11 11:13:02,202 epoch 9 - iter 56/73 - loss 1.37851819
2019-07-11 11:13:04,560 epoch 9 - iter 63/73 - loss 1.38661824
2019-07-11 11:13:07,286 epoch 9 - iter 70/73 - loss 1.41198018
2019-07-11 11:13:08,030 ----------------------------------------------------------------------------------------------------
2019-07-11 11:13:08,030 EPOCH 9 done: loss 1.3982 - lr 0.1000 - bad epochs 1
2019-07-11 11:20:53,471 DEV : loss 5.372154712677002 - score 0.6871
2019-07-11 11:26:43,400 TEST : loss 5.0125532150268555 - score 0.6595
2019-07-11 11:26:53,336 ----------------------------------------------------------------------------------------------------
2019-07-11 11:26:54,790 epoch 10 - iter 0/73 - loss 1.76501846
2019-07-11 11:26:57,555 epoch 10 - iter 7/73 - loss 1.03000731
2019-07-11 11:26:59,956 epoch 10 - iter 14/73 - loss 0.92112952
2019-07-11 11:27:02,941 epoch 10 - iter 21/73 - loss 1.01827719
2019-07-11 11:27:05,730 epoch 10 - iter 28/73 - loss 1.04748062
2019-07-11 11:27:07,639 epoch 10 - iter 35/73 - loss 1.04861754
2019-07-11 11:27:10,240 epoch 10 - iter 42/73 - loss 1.07766770
2019-07-11 11:27:12,314 epoch 10 - iter 49/73 - loss 1.08138483
2019-07-11 11:27:14,605 epoch 10 - iter 56/73 - loss 1.11073902
2019-07-11 11:27:17,189 epoch 10 - iter 63/73 - loss 1.12268008
2019-07-11 11:27:19,557 epoch 10 - iter 70/73 - loss 1.12058434
2019-07-11 11:27:20,371 ----------------------------------------------------------------------------------------------------
2019-07-11 11:27:20,371 EPOCH 10 done: loss 1.1239 - lr 0.1000 - bad epochs 0
2019-07-11 11:35:04,243 DEV : loss 5.241371154785156 - score 0.6941
2019-07-11 11:40:04,709 TEST : loss 4.876827716827393 - score 0.665
2019-07-11 11:40:24,604 ----------------------------------------------------------------------------------------------------
2019-07-11 11:40:24,604 Testing using best model ...
2019-07-11 11:40:24,605 loading file output_models/taggers/example-ner-37/best-model.pt
2019-07-11 11:44:46,511 0.638	0.6944	0.665
2019-07-11 11:44:46,511 
MICRO_AVG: acc 0.4981 - f1-score 0.665
MACRO_AVG: acc 0.3195 - f1-score 0.44578333333333336
CARDINAL   tp: 591 - fp: 578 - fn: 414 - tn: 591 - precision: 0.5056 - recall: 0.5881 - accuracy: 0.3733 - f1-score: 0.5437
DATE       tp: 1111 - fp: 454 - fn: 676 - tn: 1111 - precision: 0.7099 - recall: 0.6217 - accuracy: 0.4958 - f1-score: 0.6629
EVENT      tp: 14 - fp: 72 - fn: 71 - tn: 14 - precision: 0.1628 - recall: 0.1647 - accuracy: 0.0892 - f1-score: 0.1637
FAC        tp: 37 - fp: 85 - fn: 112 - tn: 37 - precision: 0.3033 - recall: 0.2483 - accuracy: 0.1581 - f1-score: 0.2731
GPE        tp: 2149 - fp: 716 - fn: 397 - tn: 2149 - precision: 0.7501 - recall: 0.8441 - accuracy: 0.6588 - f1-score: 0.7943
LANGUAGE   tp: 7 - fp: 38 - fn: 15 - tn: 7 - precision: 0.1556 - recall: 0.3182 - accuracy: 0.1167 - f1-score: 0.2090
LAW        tp: 4 - fp: 13 - fn: 40 - tn: 4 - precision: 0.2353 - recall: 0.0909 - accuracy: 0.0702 - f1-score: 0.1311
LOC        tp: 73 - fp: 314 - fn: 142 - tn: 73 - precision: 0.1886 - recall: 0.3395 - accuracy: 0.1380 - f1-score: 0.2425
MONEY      tp: 263 - fp: 117 - fn: 92 - tn: 263 - precision: 0.6921 - recall: 0.7408 - accuracy: 0.5572 - f1-score: 0.7156
NORP       tp: 742 - fp: 241 - fn: 248 - tn: 742 - precision: 0.7548 - recall: 0.7495 - accuracy: 0.6028 - f1-score: 0.7521
ORDINAL    tp: 127 - fp: 114 - fn: 80 - tn: 127 - precision: 0.5270 - recall: 0.6135 - accuracy: 0.3956 - f1-score: 0.5670
ORG        tp: 1381 - fp: 916 - fn: 621 - tn: 1381 - precision: 0.6012 - recall: 0.6898 - accuracy: 0.4733 - f1-score: 0.6425
PERCENT    tp: 300 - fp: 210 - fn: 108 - tn: 300 - precision: 0.5882 - recall: 0.7353 - accuracy: 0.4854 - f1-score: 0.6536
PERSON     tp: 1811 - fp: 763 - fn: 323 - tn: 1811 - precision: 0.7036 - recall: 0.8486 - accuracy: 0.6251 - f1-score: 0.7693
PRODUCT    tp: 13 - fp: 23 - fn: 77 - tn: 13 - precision: 0.3611 - recall: 0.1444 - accuracy: 0.1150 - f1-score: 0.2063
QUANTITY   tp: 25 - fp: 46 - fn: 128 - tn: 25 - precision: 0.3521 - recall: 0.1634 - accuracy: 0.1256 - f1-score: 0.2232
TIME       tp: 64 - fp: 160 - fn: 161 - tn: 64 - precision: 0.2857 - recall: 0.2844 - accuracy: 0.1662 - f1-score: 0.2850
WORK_OF_ART tp: 28 - fp: 99 - fn: 141 - tn: 28 - precision: 0.2205 - recall: 0.1657 - accuracy: 0.1045 - f1-score: 0.1892
2019-07-11 11:44:46,511 ----------------------------------------------------------------------------------------------------
