2019-07-04 06:38:21,832 ----------------------------------------------------------------------------------------------------
2019-07-04 06:38:21,833 Evaluation method: MICRO_F1_SCORE
2019-07-04 06:38:21,845 ----------------------------------------------------------------------------------------------------
2019-07-04 06:38:22,687 epoch 1 - iter 0/66 - loss 84.86881256
2019-07-04 06:38:24,710 epoch 1 - iter 6/66 - loss 37.50722367
2019-07-04 06:38:26,716 epoch 1 - iter 12/66 - loss 26.82612016
2019-07-04 06:38:28,904 epoch 1 - iter 18/66 - loss 22.11590466
2019-07-04 06:38:31,142 epoch 1 - iter 24/66 - loss 19.78517788
2019-07-04 06:38:33,310 epoch 1 - iter 30/66 - loss 17.65356970
2019-07-04 06:38:35,632 epoch 1 - iter 36/66 - loss 16.18591480
2019-07-04 06:38:37,622 epoch 1 - iter 42/66 - loss 15.02930314
2019-07-04 06:38:39,997 epoch 1 - iter 48/66 - loss 14.26336597
2019-07-04 06:38:42,125 epoch 1 - iter 54/66 - loss 13.38083896
2019-07-04 06:38:44,245 epoch 1 - iter 60/66 - loss 12.82924876
2019-07-04 06:38:45,870 ----------------------------------------------------------------------------------------------------
2019-07-04 06:38:45,870 EPOCH 1 done: loss 12.5111 - lr 0.1000 - bad epochs 0
2019-07-04 06:46:28,242 DEV : loss 7.335511684417725 - score 0.3476
2019-07-04 06:52:10,020 TEST : loss 6.690099716186523 - score 0.337
2019-07-04 06:52:17,958 ----------------------------------------------------------------------------------------------------
2019-07-04 06:52:19,173 epoch 2 - iter 0/66 - loss 7.84055233
2019-07-04 06:52:21,038 epoch 2 - iter 6/66 - loss 5.98211687
2019-07-04 06:52:22,984 epoch 2 - iter 12/66 - loss 5.97029130
2019-07-04 06:52:24,895 epoch 2 - iter 18/66 - loss 5.90296681
2019-07-04 06:52:26,830 epoch 2 - iter 24/66 - loss 5.95563071
2019-07-04 06:52:29,016 epoch 2 - iter 30/66 - loss 6.12723531
2019-07-04 06:52:31,092 epoch 2 - iter 36/66 - loss 6.00159295
2019-07-04 06:52:33,089 epoch 2 - iter 42/66 - loss 5.89509948
2019-07-04 06:52:35,150 epoch 2 - iter 48/66 - loss 5.80516292
2019-07-04 06:52:37,277 epoch 2 - iter 54/66 - loss 5.78058103
2019-07-04 06:52:39,284 epoch 2 - iter 60/66 - loss 5.72802259
2019-07-04 06:52:41,055 ----------------------------------------------------------------------------------------------------
2019-07-04 06:52:41,055 EPOCH 2 done: loss 5.7012 - lr 0.1000 - bad epochs 0
2019-07-04 07:00:36,110 DEV : loss 5.044412612915039 - score 0.5462
2019-07-04 07:06:23,167 TEST : loss 4.599819183349609 - score 0.5371
2019-07-04 07:06:32,471 ----------------------------------------------------------------------------------------------------
2019-07-04 07:06:33,838 epoch 3 - iter 0/66 - loss 5.05927563
2019-07-04 07:06:35,884 epoch 3 - iter 6/66 - loss 5.70464952
2019-07-04 07:06:37,771 epoch 3 - iter 12/66 - loss 5.33065326
2019-07-04 07:06:39,817 epoch 3 - iter 18/66 - loss 4.97076800
2019-07-04 07:06:41,881 epoch 3 - iter 24/66 - loss 4.71624243
2019-07-04 07:06:43,840 epoch 3 - iter 30/66 - loss 4.61643694
2019-07-04 07:06:45,722 epoch 3 - iter 36/66 - loss 4.65215077
2019-07-04 07:06:47,629 epoch 3 - iter 42/66 - loss 4.63972221
2019-07-04 07:06:49,663 epoch 3 - iter 48/66 - loss 4.58872655
2019-07-04 07:06:51,546 epoch 3 - iter 54/66 - loss 4.66477117
2019-07-04 07:06:53,227 epoch 3 - iter 60/66 - loss 4.62385767
2019-07-04 07:06:54,555 ----------------------------------------------------------------------------------------------------
2019-07-04 07:06:54,555 EPOCH 3 done: loss 4.5946 - lr 0.1000 - bad epochs 0
2019-07-04 07:13:58,340 DEV : loss 4.14373254776001 - score 0.591
2019-07-04 07:19:44,748 TEST : loss 3.740896463394165 - score 0.5845
2019-07-04 07:19:53,905 ----------------------------------------------------------------------------------------------------
2019-07-04 07:19:55,095 epoch 4 - iter 0/66 - loss 3.17755938
2019-07-04 07:19:57,166 epoch 4 - iter 6/66 - loss 3.79420509
2019-07-04 07:19:59,462 epoch 4 - iter 12/66 - loss 3.67210337
2019-07-04 07:20:01,390 epoch 4 - iter 18/66 - loss 3.76422036
2019-07-04 07:20:03,518 epoch 4 - iter 24/66 - loss 3.82151002
2019-07-04 07:20:05,664 epoch 4 - iter 30/66 - loss 3.89121037
2019-07-04 07:20:07,443 epoch 4 - iter 36/66 - loss 4.02454662
2019-07-04 07:20:09,386 epoch 4 - iter 42/66 - loss 3.95337091
2019-07-04 07:20:11,379 epoch 4 - iter 48/66 - loss 3.97125716
2019-07-04 07:20:13,415 epoch 4 - iter 54/66 - loss 3.99946265
2019-07-04 07:20:15,172 epoch 4 - iter 60/66 - loss 3.94906806
2019-07-04 07:20:16,896 ----------------------------------------------------------------------------------------------------
2019-07-04 07:20:16,896 EPOCH 4 done: loss 3.8653 - lr 0.1000 - bad epochs 0
2019-07-04 07:28:03,090 DEV : loss 3.6882965564727783 - score 0.6331
2019-07-04 07:33:45,983 TEST : loss 3.391643762588501 - score 0.6233
2019-07-04 07:33:55,400 ----------------------------------------------------------------------------------------------------
2019-07-04 07:33:56,787 epoch 5 - iter 0/66 - loss 4.96278191
2019-07-04 07:33:58,915 epoch 5 - iter 6/66 - loss 3.49723090
2019-07-04 07:34:00,942 epoch 5 - iter 12/66 - loss 3.34736289
2019-07-04 07:34:02,944 epoch 5 - iter 18/66 - loss 3.36146449
2019-07-04 07:34:05,040 epoch 5 - iter 24/66 - loss 3.31415654
2019-07-04 07:34:06,969 epoch 5 - iter 30/66 - loss 3.40811075
2019-07-04 07:34:08,935 epoch 5 - iter 36/66 - loss 3.29551271
2019-07-04 07:34:20,146 epoch 5 - iter 42/66 - loss 3.46145566
2019-07-04 07:34:21,964 epoch 5 - iter 48/66 - loss 3.46638831
2019-07-04 07:34:23,839 epoch 5 - iter 54/66 - loss 3.47780229
2019-07-04 07:34:25,865 epoch 5 - iter 60/66 - loss 3.44490823
2019-07-04 07:34:27,539 ----------------------------------------------------------------------------------------------------
2019-07-04 07:34:27,540 EPOCH 5 done: loss 3.4606 - lr 0.1000 - bad epochs 0
2019-07-04 07:42:05,185 DEV : loss 3.6161961555480957 - score 0.6553
2019-07-04 07:47:45,091 TEST : loss 3.3807013034820557 - score 0.6491
2019-07-04 07:47:54,541 ----------------------------------------------------------------------------------------------------
2019-07-04 07:47:55,699 epoch 6 - iter 0/66 - loss 1.61771345
2019-07-04 07:47:57,835 epoch 6 - iter 6/66 - loss 2.90522066
2019-07-04 07:47:59,877 epoch 6 - iter 12/66 - loss 2.82296073
2019-07-04 07:48:01,904 epoch 6 - iter 18/66 - loss 2.78696766
2019-07-04 07:48:03,907 epoch 6 - iter 24/66 - loss 2.96001118
2019-07-04 07:48:05,856 epoch 6 - iter 30/66 - loss 2.91007981
2019-07-04 07:48:07,956 epoch 6 - iter 36/66 - loss 3.10097254
2019-07-04 07:48:10,191 epoch 6 - iter 42/66 - loss 3.14262192
2019-07-04 07:48:12,391 epoch 6 - iter 48/66 - loss 3.18618005
2019-07-04 07:48:14,439 epoch 6 - iter 54/66 - loss 3.20005844
2019-07-04 07:48:16,472 epoch 6 - iter 60/66 - loss 3.15625988
2019-07-04 07:48:18,039 ----------------------------------------------------------------------------------------------------
2019-07-04 07:48:18,039 EPOCH 6 done: loss 3.1021 - lr 0.1000 - bad epochs 0
2019-07-04 07:55:51,400 DEV : loss 3.3040928840637207 - score 0.6669
2019-07-04 08:01:37,676 TEST : loss 3.0276997089385986 - score 0.6664
2019-07-04 08:01:47,000 ----------------------------------------------------------------------------------------------------
2019-07-04 08:01:48,384 epoch 7 - iter 0/66 - loss 2.71677899
2019-07-04 08:01:50,587 epoch 7 - iter 6/66 - loss 3.54696924
2019-07-04 08:01:52,474 epoch 7 - iter 12/66 - loss 3.08761292
2019-07-04 08:01:54,714 epoch 7 - iter 18/66 - loss 3.13231804
2019-07-04 08:01:56,880 epoch 7 - iter 24/66 - loss 3.00318746
2019-07-04 08:01:59,345 epoch 7 - iter 30/66 - loss 2.89663977
2019-07-04 08:02:01,626 epoch 7 - iter 36/66 - loss 2.87305284
2019-07-04 08:02:03,922 epoch 7 - iter 42/66 - loss 2.90687351
2019-07-04 08:02:06,332 epoch 7 - iter 48/66 - loss 2.82999248
2019-07-04 08:02:08,538 epoch 7 - iter 54/66 - loss 2.81886423
2019-07-04 08:02:10,735 epoch 7 - iter 60/66 - loss 2.83633768
2019-07-04 08:02:12,658 ----------------------------------------------------------------------------------------------------
2019-07-04 08:02:12,658 EPOCH 7 done: loss 2.8137 - lr 0.1000 - bad epochs 0
2019-07-04 08:09:52,106 DEV : loss 3.159646987915039 - score 0.6659
2019-07-04 08:15:10,501 TEST : loss 2.896449089050293 - score 0.6601
2019-07-04 08:15:10,502 ----------------------------------------------------------------------------------------------------
2019-07-04 08:15:11,846 epoch 8 - iter 0/66 - loss 1.18919265
2019-07-04 08:15:14,116 epoch 8 - iter 6/66 - loss 2.74746045
2019-07-04 08:15:16,273 epoch 8 - iter 12/66 - loss 2.38570672
2019-07-04 08:15:18,783 epoch 8 - iter 18/66 - loss 2.52445216
2019-07-04 08:15:20,784 epoch 8 - iter 24/66 - loss 2.48372445
2019-07-04 08:15:22,553 epoch 8 - iter 30/66 - loss 2.50147666
2019-07-04 08:15:24,346 epoch 8 - iter 36/66 - loss 2.49679459
2019-07-04 08:15:26,195 epoch 8 - iter 42/66 - loss 2.53165347
2019-07-04 08:15:28,101 epoch 8 - iter 48/66 - loss 2.55947650
2019-07-04 08:15:30,115 epoch 8 - iter 54/66 - loss 2.56064921
2019-07-04 08:15:32,268 epoch 8 - iter 60/66 - loss 2.59534706
2019-07-04 08:15:33,868 ----------------------------------------------------------------------------------------------------
2019-07-04 08:15:33,869 EPOCH 8 done: loss 2.5981 - lr 0.1000 - bad epochs 1
2019-07-04 08:23:25,858 DEV : loss 3.272895336151123 - score 0.659
2019-07-04 08:29:17,538 TEST : loss 2.9401144981384277 - score 0.655
2019-07-04 08:29:17,538 ----------------------------------------------------------------------------------------------------
2019-07-04 08:29:18,783 epoch 9 - iter 0/66 - loss 2.33514667
2019-07-04 08:29:20,806 epoch 9 - iter 6/66 - loss 1.94882378
2019-07-04 08:29:22,679 epoch 9 - iter 12/66 - loss 2.18403286
2019-07-04 08:29:25,148 epoch 9 - iter 18/66 - loss 2.34840223
2019-07-04 08:29:27,508 epoch 9 - iter 24/66 - loss 2.47598077
2019-07-04 08:29:29,672 epoch 9 - iter 30/66 - loss 2.53466634
2019-07-04 08:29:31,613 epoch 9 - iter 36/66 - loss 2.51627840
2019-07-04 08:29:33,697 epoch 9 - iter 42/66 - loss 2.50302015
2019-07-04 08:29:35,905 epoch 9 - iter 48/66 - loss 2.45823039
2019-07-04 08:29:38,137 epoch 9 - iter 54/66 - loss 2.52281137
2019-07-04 08:29:40,090 epoch 9 - iter 60/66 - loss 2.53860255
2019-07-04 08:29:41,798 ----------------------------------------------------------------------------------------------------
2019-07-04 08:29:41,798 EPOCH 9 done: loss 2.4871 - lr 0.1000 - bad epochs 2
2019-07-04 08:37:25,191 DEV : loss 3.0108888149261475 - score 0.6845
2019-07-04 08:42:55,156 TEST : loss 2.830744504928589 - score 0.6799
2019-07-04 08:43:04,424 ----------------------------------------------------------------------------------------------------
2019-07-04 08:43:05,721 epoch 10 - iter 0/66 - loss 3.27200222
2019-07-04 08:43:07,608 epoch 10 - iter 6/66 - loss 2.41501253
2019-07-04 08:43:09,703 epoch 10 - iter 12/66 - loss 2.31031627
2019-07-04 08:43:11,462 epoch 10 - iter 18/66 - loss 2.24835044
2019-07-04 08:43:13,591 epoch 10 - iter 24/66 - loss 2.15347499
2019-07-04 08:43:15,762 epoch 10 - iter 30/66 - loss 2.36197122
2019-07-04 08:43:17,773 epoch 10 - iter 36/66 - loss 2.29837407
2019-07-04 08:43:20,084 epoch 10 - iter 42/66 - loss 2.39384247
2019-07-04 08:43:22,109 epoch 10 - iter 48/66 - loss 2.29323805
2019-07-04 08:43:24,267 epoch 10 - iter 54/66 - loss 2.30029969
2019-07-04 08:43:26,229 epoch 10 - iter 60/66 - loss 2.29607244
2019-07-04 08:43:28,014 ----------------------------------------------------------------------------------------------------
2019-07-04 08:43:28,014 EPOCH 10 done: loss 2.2588 - lr 0.1000 - bad epochs 0
2019-07-04 08:49:42,213 DEV : loss 2.9130666255950928 - score 0.686
2019-07-04 08:54:12,385 TEST : loss 2.7102673053741455 - score 0.6828
2019-07-04 08:54:30,888 ----------------------------------------------------------------------------------------------------
2019-07-04 08:54:30,889 Testing using best model ...
2019-07-04 08:54:30,889 loading file output_models/taggers/example-ner-10/best-model.pt
2019-07-04 08:58:55,746 0.6707	0.6954	0.6828
2019-07-04 08:58:55,746 
MICRO_AVG: acc 0.5184 - f1-score 0.6828
MACRO_AVG: acc 0.2879 - f1-score 0.3806166666666667
CARDINAL   tp: 541 - fp: 414 - fn: 555 - tn: 541 - precision: 0.5665 - recall: 0.4936 - accuracy: 0.3583 - f1-score: 0.5275
DATE       tp: 1408 - fp: 639 - fn: 563 - tn: 1408 - precision: 0.6878 - recall: 0.7144 - accuracy: 0.5395 - f1-score: 0.7008
EVENT      tp: 0 - fp: 0 - fn: 110 - tn: 0 - precision: 0.0000 - recall: 0.0000 - accuracy: 0.0000 - f1-score: 0.0000
FAC        tp: 0 - fp: 3 - fn: 114 - tn: 0 - precision: 0.0000 - recall: 0.0000 - accuracy: 0.0000 - f1-score: 0.0000
GPE        tp: 1928 - fp: 641 - fn: 269 - tn: 1928 - precision: 0.7505 - recall: 0.8776 - accuracy: 0.6794 - f1-score: 0.8091
LANGUAGE   tp: 0 - fp: 0 - fn: 36 - tn: 0 - precision: 0.0000 - recall: 0.0000 - accuracy: 0.0000 - f1-score: 0.0000
LAW        tp: 0 - fp: 8 - fn: 47 - tn: 0 - precision: 0.0000 - recall: 0.0000 - accuracy: 0.0000 - f1-score: 0.0000
LOC        tp: 19 - fp: 87 - fn: 202 - tn: 19 - precision: 0.1792 - recall: 0.0860 - accuracy: 0.0617 - f1-score: 0.1162
MONEY      tp: 337 - fp: 291 - fn: 180 - tn: 337 - precision: 0.5366 - recall: 0.6518 - accuracy: 0.4171 - f1-score: 0.5886
NORP       tp: 743 - fp: 211 - fn: 175 - tn: 743 - precision: 0.7788 - recall: 0.8094 - accuracy: 0.6581 - f1-score: 0.7938
ORDINAL    tp: 103 - fp: 79 - fn: 103 - tn: 103 - precision: 0.5659 - recall: 0.5000 - accuracy: 0.3614 - f1-score: 0.5309
ORG        tp: 1862 - fp: 1311 - fn: 570 - tn: 1862 - precision: 0.5868 - recall: 0.7656 - accuracy: 0.4975 - f1-score: 0.6644
PERCENT    tp: 320 - fp: 61 - fn: 91 - tn: 320 - precision: 0.8399 - recall: 0.7786 - accuracy: 0.6780 - f1-score: 0.8081
PERSON     tp: 1690 - fp: 518 - fn: 461 - tn: 1690 - precision: 0.7654 - recall: 0.7857 - accuracy: 0.6332 - f1-score: 0.7754
PRODUCT    tp: 0 - fp: 1 - fn: 98 - tn: 0 - precision: 0.0000 - recall: 0.0000 - accuracy: 0.0000 - f1-score: 0.0000
QUANTITY   tp: 24 - fp: 41 - fn: 93 - tn: 24 - precision: 0.3692 - recall: 0.2051 - accuracy: 0.1519 - f1-score: 0.2637
TIME       tp: 17 - fp: 33 - fn: 156 - tn: 17 - precision: 0.3400 - recall: 0.0983 - accuracy: 0.0825 - f1-score: 0.1525
WORK_OF_ART tp: 14 - fp: 83 - fn: 122 - tn: 14 - precision: 0.1443 - recall: 0.1029 - accuracy: 0.0639 - f1-score: 0.1201
2019-07-04 08:58:55,746 ----------------------------------------------------------------------------------------------------
