2019-07-29 12:21:31,104 ----------------------------------------------------------------------------------------------------
2019-07-29 12:21:31,104 Evaluation method: MICRO_F1_SCORE
2019-07-29 12:21:31,567 ----------------------------------------------------------------------------------------------------
2019-07-29 12:21:40,712 epoch 1 - iter 0/3620 - loss 39.22006989
2019-07-29 12:24:45,760 epoch 1 - iter 362/3620 - loss 5.91335044
2019-07-29 12:27:37,680 epoch 1 - iter 724/3620 - loss 4.61150467
2019-07-29 12:30:55,079 epoch 1 - iter 1086/3620 - loss 4.02790573
2019-07-29 12:33:48,779 epoch 1 - iter 1448/3620 - loss 3.64853967
2019-07-29 12:37:07,043 epoch 1 - iter 1810/3620 - loss 3.37725950
2019-07-29 12:40:01,679 epoch 1 - iter 2172/3620 - loss 3.17430107
2019-07-29 12:43:20,160 epoch 1 - iter 2534/3620 - loss 3.02159717
2019-07-29 12:46:13,784 epoch 1 - iter 2896/3620 - loss 2.90292299
2019-07-29 12:49:30,696 epoch 1 - iter 3258/3620 - loss 2.79521774
2019-07-29 12:52:29,377 ----------------------------------------------------------------------------------------------------
2019-07-29 12:52:29,377 EPOCH 1 done: loss 2.7048 - lr 0.1000 - bad epochs 0
2019-07-29 12:56:57,420 DEV : loss 1.5529292821884155 - score 0.7843
2019-07-29 13:00:11,943 TEST : loss 1.5452121496200562 - score 0.7455
2019-07-29 13:00:20,249 ----------------------------------------------------------------------------------------------------
2019-07-29 13:00:22,026 epoch 2 - iter 0/3620 - loss 1.34720671
2019-07-29 13:03:29,453 epoch 2 - iter 362/3620 - loss 1.81061280
2019-07-29 13:06:37,028 epoch 2 - iter 724/3620 - loss 1.82180788
2019-07-29 13:09:43,617 epoch 2 - iter 1086/3620 - loss 1.79220878
2019-07-29 13:12:52,649 epoch 2 - iter 1448/3620 - loss 1.77207700
2019-07-29 13:15:59,564 epoch 2 - iter 1810/3620 - loss 1.76248827
2019-07-29 13:19:05,139 epoch 2 - iter 2172/3620 - loss 1.74309979
2019-07-29 13:22:10,152 epoch 2 - iter 2534/3620 - loss 1.72386312
2019-07-29 13:25:22,876 epoch 2 - iter 2896/3620 - loss 1.70662792
2019-07-29 13:28:30,649 epoch 2 - iter 3258/3620 - loss 1.69484483
2019-07-29 13:31:41,353 ----------------------------------------------------------------------------------------------------
2019-07-29 13:31:41,353 EPOCH 2 done: loss 1.6837 - lr 0.1000 - bad epochs 0
2019-07-29 13:36:08,659 DEV : loss 1.2691692113876343 - score 0.8241
2019-07-29 13:39:26,952 TEST : loss 1.292779803276062 - score 0.7851
2019-07-29 13:39:36,965 ----------------------------------------------------------------------------------------------------
2019-07-29 13:39:38,844 epoch 3 - iter 0/3620 - loss 1.81994033
2019-07-29 13:42:58,847 epoch 3 - iter 362/3620 - loss 1.52197957
2019-07-29 13:45:54,524 epoch 3 - iter 724/3620 - loss 1.50881212
2019-07-29 13:49:02,796 epoch 3 - iter 1086/3620 - loss 1.52069434
2019-07-29 13:52:11,130 epoch 3 - iter 1448/3620 - loss 1.51967233
2019-07-29 13:55:20,867 epoch 3 - iter 1810/3620 - loss 1.51903212
2019-07-29 13:58:27,840 epoch 3 - iter 2172/3620 - loss 1.51391702
2019-07-29 14:01:35,208 epoch 3 - iter 2534/3620 - loss 1.49819533
2019-07-29 14:04:34,859 epoch 3 - iter 2896/3620 - loss 1.48938500
2019-07-29 14:07:42,072 epoch 3 - iter 3258/3620 - loss 1.48198347
2019-07-29 14:10:46,783 ----------------------------------------------------------------------------------------------------
2019-07-29 14:10:46,784 EPOCH 3 done: loss 1.4744 - lr 0.1000 - bad epochs 0
2019-07-29 14:15:15,398 DEV : loss 1.1498098373413086 - score 0.8306
2019-07-29 14:18:35,681 TEST : loss 1.1487425565719604 - score 0.7977
2019-07-29 14:18:45,822 ----------------------------------------------------------------------------------------------------
2019-07-29 14:18:47,613 epoch 4 - iter 0/3620 - loss 2.57174206
2019-07-29 14:21:46,007 epoch 4 - iter 362/3620 - loss 1.44702696
2019-07-29 14:24:52,879 epoch 4 - iter 724/3620 - loss 1.43917082
2019-07-29 14:28:02,854 epoch 4 - iter 1086/3620 - loss 1.42492655
2019-07-29 14:31:09,719 epoch 4 - iter 1448/3620 - loss 1.41138641
2019-07-29 14:34:19,008 epoch 4 - iter 1810/3620 - loss 1.40074921
2019-07-29 14:37:26,610 epoch 4 - iter 2172/3620 - loss 1.38695114
2019-07-29 14:40:34,976 epoch 4 - iter 2534/3620 - loss 1.38107077
2019-07-29 14:43:41,422 epoch 4 - iter 2896/3620 - loss 1.37358362
2019-07-29 14:46:50,475 epoch 4 - iter 3258/3620 - loss 1.37398043
2019-07-29 14:49:59,819 ----------------------------------------------------------------------------------------------------
2019-07-29 14:49:59,819 EPOCH 4 done: loss 1.3677 - lr 0.1000 - bad epochs 0
2019-07-29 14:54:28,165 DEV : loss 1.140323281288147 - score 0.8358
2019-07-29 14:57:58,105 TEST : loss 1.150938868522644 - score 0.8091
2019-07-29 14:58:07,954 ----------------------------------------------------------------------------------------------------
2019-07-29 14:58:09,732 epoch 5 - iter 0/3620 - loss 0.91388303
2019-07-29 15:01:06,228 epoch 5 - iter 362/3620 - loss 1.30007462
2019-07-29 15:04:34,192 epoch 5 - iter 724/3620 - loss 1.30044903
2019-07-29 15:07:32,878 epoch 5 - iter 1086/3620 - loss 1.31074102
2019-07-29 15:10:58,947 epoch 5 - iter 1448/3620 - loss 1.29721069
2019-07-29 15:13:58,113 epoch 5 - iter 1810/3620 - loss 1.30146376
2019-07-29 15:17:20,726 epoch 5 - iter 2172/3620 - loss 1.29478609
2019-07-29 15:20:19,755 epoch 5 - iter 2534/3620 - loss 1.29008917
2019-07-29 15:23:43,988 epoch 5 - iter 2896/3620 - loss 1.29117676
2019-07-29 15:26:45,713 epoch 5 - iter 3258/3620 - loss 1.28763315
2019-07-29 15:30:01,211 ----------------------------------------------------------------------------------------------------
2019-07-29 15:30:01,211 EPOCH 5 done: loss 1.2906 - lr 0.1000 - bad epochs 0
2019-07-29 15:34:23,112 DEV : loss 1.0841543674468994 - score 0.8371
2019-07-29 15:37:39,790 TEST : loss 1.034044623374939 - score 0.8107
2019-07-29 15:37:49,619 ----------------------------------------------------------------------------------------------------
2019-07-29 15:37:51,598 epoch 6 - iter 0/3620 - loss 1.02431965
2019-07-29 15:41:00,860 epoch 6 - iter 362/3620 - loss 1.26545456
2019-07-29 15:44:10,378 epoch 6 - iter 724/3620 - loss 1.24924760
2019-07-29 15:47:20,510 epoch 6 - iter 1086/3620 - loss 1.25357910
2019-07-29 15:50:34,142 epoch 6 - iter 1448/3620 - loss 1.25542599
2019-07-29 15:53:40,592 epoch 6 - iter 1810/3620 - loss 1.24882335
2019-07-29 15:56:55,225 epoch 6 - iter 2172/3620 - loss 1.24856871
2019-07-29 16:00:02,711 epoch 6 - iter 2534/3620 - loss 1.24563457
2019-07-29 16:03:14,530 epoch 6 - iter 2896/3620 - loss 1.24475932
2019-07-29 16:06:21,743 epoch 6 - iter 3258/3620 - loss 1.24405537
2019-07-29 16:09:28,608 ----------------------------------------------------------------------------------------------------
2019-07-29 16:09:28,609 EPOCH 6 done: loss 1.2395 - lr 0.1000 - bad epochs 0
2019-07-29 16:14:06,116 DEV : loss 1.0386967658996582 - score 0.8439
2019-07-29 16:17:22,710 TEST : loss 1.0095367431640625 - score 0.8176
2019-07-29 16:17:32,509 ----------------------------------------------------------------------------------------------------
2019-07-29 16:17:34,383 epoch 7 - iter 0/3620 - loss 0.75617111
2019-07-29 16:20:50,626 epoch 7 - iter 362/3620 - loss 1.20076888
2019-07-29 16:23:56,156 epoch 7 - iter 724/3620 - loss 1.21519665
2019-07-29 16:27:16,488 epoch 7 - iter 1086/3620 - loss 1.20429784
2019-07-29 16:30:22,367 epoch 7 - iter 1448/3620 - loss 1.20092277
2019-07-29 16:33:40,873 epoch 7 - iter 1810/3620 - loss 1.19592009
2019-07-29 16:36:50,069 epoch 7 - iter 2172/3620 - loss 1.19428950
2019-07-29 16:40:12,434 epoch 7 - iter 2534/3620 - loss 1.19411337
2019-07-29 16:43:19,556 epoch 7 - iter 2896/3620 - loss 1.19273141
2019-07-29 16:46:38,520 epoch 7 - iter 3258/3620 - loss 1.19223849
2019-07-29 16:49:37,567 ----------------------------------------------------------------------------------------------------
2019-07-29 16:49:37,567 EPOCH 7 done: loss 1.1906 - lr 0.1000 - bad epochs 0
2019-07-29 16:54:02,437 DEV : loss 1.0356895923614502 - score 0.8436
2019-07-29 16:57:19,157 TEST : loss 0.984186053276062 - score 0.824
2019-07-29 16:57:19,157 ----------------------------------------------------------------------------------------------------
2019-07-29 16:57:21,119 epoch 8 - iter 0/3620 - loss 1.14891613
2019-07-29 17:00:30,207 epoch 8 - iter 362/3620 - loss 1.15271971
2019-07-29 17:03:42,272 epoch 8 - iter 724/3620 - loss 1.14926119
2019-07-29 17:07:02,913 epoch 8 - iter 1086/3620 - loss 1.14498980
2019-07-29 17:10:14,589 epoch 8 - iter 1448/3620 - loss 1.14740342
2019-07-29 17:13:27,820 epoch 8 - iter 1810/3620 - loss 1.14609576
2019-07-29 17:16:32,513 epoch 8 - iter 2172/3620 - loss 1.15331330
2019-07-29 17:19:45,523 epoch 8 - iter 2534/3620 - loss 1.14874970
2019-07-29 17:22:51,270 epoch 8 - iter 2896/3620 - loss 1.14833254
2019-07-29 17:26:04,107 epoch 8 - iter 3258/3620 - loss 1.14789125
2019-07-29 17:29:06,329 ----------------------------------------------------------------------------------------------------
2019-07-29 17:29:06,330 EPOCH 8 done: loss 1.1496 - lr 0.1000 - bad epochs 1
2019-07-29 17:33:42,278 DEV : loss 1.045953631401062 - score 0.846
2019-07-29 17:37:10,455 TEST : loss 1.0200718641281128 - score 0.8219
2019-07-29 17:37:20,548 ----------------------------------------------------------------------------------------------------
2019-07-29 17:37:22,341 epoch 9 - iter 0/3620 - loss 0.45286715
2019-07-29 17:40:32,889 epoch 9 - iter 362/3620 - loss 1.13348021
2019-07-29 17:43:43,151 epoch 9 - iter 724/3620 - loss 1.11849889
2019-07-29 17:46:50,823 epoch 9 - iter 1086/3620 - loss 1.11234815
2019-07-29 17:49:58,232 epoch 9 - iter 1448/3620 - loss 1.11443739
2019-07-29 17:53:08,132 epoch 9 - iter 1810/3620 - loss 1.11388327
2019-07-29 17:56:18,556 epoch 9 - iter 2172/3620 - loss 1.11154259
2019-07-29 17:59:27,405 epoch 9 - iter 2534/3620 - loss 1.11904307
2019-07-29 18:02:38,575 epoch 9 - iter 2896/3620 - loss 1.11747773
2019-07-29 18:05:48,855 epoch 9 - iter 3258/3620 - loss 1.11764434
2019-07-29 18:08:51,034 ----------------------------------------------------------------------------------------------------
2019-07-29 18:08:51,034 EPOCH 9 done: loss 1.1251 - lr 0.1000 - bad epochs 0
2019-07-29 18:13:21,937 DEV : loss 1.0513118505477905 - score 0.8453
2019-07-29 18:16:54,662 TEST : loss 1.0259490013122559 - score 0.8192
2019-07-29 18:16:54,662 ----------------------------------------------------------------------------------------------------
2019-07-29 18:16:56,552 epoch 10 - iter 0/3620 - loss 1.07473946
2019-07-29 18:20:04,667 epoch 10 - iter 362/3620 - loss 1.06526696
2019-07-29 18:23:14,876 epoch 10 - iter 724/3620 - loss 1.08144154
2019-07-29 18:26:21,020 epoch 10 - iter 1086/3620 - loss 1.07686137
2019-07-29 18:29:27,040 epoch 10 - iter 1448/3620 - loss 1.07799867
2019-07-29 18:32:35,505 epoch 10 - iter 1810/3620 - loss 1.08236614
2019-07-29 18:35:46,151 epoch 10 - iter 2172/3620 - loss 1.09280949
2019-07-29 18:38:53,476 epoch 10 - iter 2534/3620 - loss 1.09706075
2019-07-29 18:42:02,848 epoch 10 - iter 2896/3620 - loss 1.10069605
2019-07-29 18:45:08,909 epoch 10 - iter 3258/3620 - loss 1.09793847
2019-07-29 18:48:11,689 ----------------------------------------------------------------------------------------------------
2019-07-29 18:48:11,690 EPOCH 10 done: loss 1.0952 - lr 0.1000 - bad epochs 1
2019-07-29 18:52:26,417 DEV : loss 1.0226781368255615 - score 0.8482
2019-07-29 18:55:37,154 TEST : loss 0.9665696620941162 - score 0.8257
2019-07-29 18:55:56,869 ----------------------------------------------------------------------------------------------------
2019-07-29 18:55:56,869 Testing using best model ...
2019-07-29 18:55:56,869 loading file output_models/taggers/example-ner-43/best-model.pt
2019-07-29 18:58:29,180 0.8052	0.8472	0.8257
2019-07-29 18:58:29,180 
MICRO_AVG: acc 0.7031 - f1-score 0.8257
MACRO_AVG: acc 0.5597 - f1-score 0.7024111111111112
CARDINAL   tp: 785 - fp: 271 - fn: 220 - tn: 785 - precision: 0.7434 - recall: 0.7811 - accuracy: 0.6152 - f1-score: 0.7618
DATE       tp: 1453 - fp: 400 - fn: 334 - tn: 1453 - precision: 0.7841 - recall: 0.8131 - accuracy: 0.6644 - f1-score: 0.7983
EVENT      tp: 40 - fp: 28 - fn: 45 - tn: 40 - precision: 0.5882 - recall: 0.4706 - accuracy: 0.3540 - f1-score: 0.5229
FAC        tp: 71 - fp: 32 - fn: 78 - tn: 71 - precision: 0.6893 - recall: 0.4765 - accuracy: 0.3923 - f1-score: 0.5635
GPE        tp: 2396 - fp: 392 - fn: 150 - tn: 2396 - precision: 0.8594 - recall: 0.9411 - accuracy: 0.8155 - f1-score: 0.8984
LANGUAGE   tp: 8 - fp: 2 - fn: 14 - tn: 8 - precision: 0.8000 - recall: 0.3636 - accuracy: 0.3333 - f1-score: 0.5000
LAW        tp: 22 - fp: 14 - fn: 22 - tn: 22 - precision: 0.6111 - recall: 0.5000 - accuracy: 0.3793 - f1-score: 0.5500
LOC        tp: 156 - fp: 68 - fn: 59 - tn: 156 - precision: 0.6964 - recall: 0.7256 - accuracy: 0.5512 - f1-score: 0.7107
MONEY      tp: 306 - fp: 48 - fn: 49 - tn: 306 - precision: 0.8644 - recall: 0.8620 - accuracy: 0.7593 - f1-score: 0.8632
NORP       tp: 896 - fp: 232 - fn: 94 - tn: 896 - precision: 0.7943 - recall: 0.9051 - accuracy: 0.7332 - f1-score: 0.8461
ORDINAL    tp: 152 - fp: 60 - fn: 55 - tn: 152 - precision: 0.7170 - recall: 0.7343 - accuracy: 0.5693 - f1-score: 0.7255
ORG        tp: 1738 - fp: 432 - fn: 264 - tn: 1738 - precision: 0.8009 - recall: 0.8681 - accuracy: 0.7141 - f1-score: 0.8331
PERCENT    tp: 361 - fp: 63 - fn: 47 - tn: 361 - precision: 0.8514 - recall: 0.8848 - accuracy: 0.7665 - f1-score: 0.8678
PERSON     tp: 1952 - fp: 376 - fn: 182 - tn: 1952 - precision: 0.8385 - recall: 0.9147 - accuracy: 0.7777 - f1-score: 0.8749
PRODUCT    tp: 40 - fp: 14 - fn: 50 - tn: 40 - precision: 0.7407 - recall: 0.4444 - accuracy: 0.3846 - f1-score: 0.5555
QUANTITY   tp: 96 - fp: 38 - fn: 57 - tn: 96 - precision: 0.7164 - recall: 0.6275 - accuracy: 0.5026 - f1-score: 0.6690
TIME       tp: 102 - fp: 55 - fn: 123 - tn: 102 - precision: 0.6497 - recall: 0.4533 - accuracy: 0.3643 - f1-score: 0.5340
WORK_OF_ART tp: 89 - fp: 55 - fn: 80 - tn: 89 - precision: 0.6181 - recall: 0.5266 - accuracy: 0.3973 - f1-score: 0.5687
2019-07-29 18:58:29,180 ----------------------------------------------------------------------------------------------------
