2019-07-03 12:48:02,736 ----------------------------------------------------------------------------------------------------
2019-07-03 12:48:02,736 Evaluation method: MICRO_F1_SCORE
2019-07-03 12:48:02,745 ----------------------------------------------------------------------------------------------------
2019-07-03 12:48:03,852 epoch 1 - iter 0/66 - loss 85.14167023
2019-07-03 12:48:05,267 epoch 1 - iter 6/66 - loss 41.12176868
2019-07-03 12:48:06,571 epoch 1 - iter 12/66 - loss 33.60336553
2019-07-03 12:48:08,127 epoch 1 - iter 18/66 - loss 30.59497783
2019-07-03 12:48:10,034 epoch 1 - iter 24/66 - loss 28.94094032
2019-07-03 12:48:11,701 epoch 1 - iter 30/66 - loss 27.50781724
2019-07-03 12:48:13,231 epoch 1 - iter 36/66 - loss 26.11489177
2019-07-03 12:48:14,814 epoch 1 - iter 42/66 - loss 25.01918802
2019-07-03 12:48:16,226 epoch 1 - iter 48/66 - loss 24.26454937
2019-07-03 12:48:17,715 epoch 1 - iter 54/66 - loss 23.74921955
2019-07-03 12:48:19,213 epoch 1 - iter 60/66 - loss 23.15133126
2019-07-03 12:48:20,530 ----------------------------------------------------------------------------------------------------
2019-07-03 12:48:20,530 EPOCH 1 done: loss 22.6982 - lr 0.1000 - bad epochs 0
2019-07-03 12:55:28,744 DEV : loss 19.184049606323242 - score 0.1328
2019-07-03 13:00:58,254 TEST : loss 18.393299102783203 - score 0.1304
2019-07-03 13:01:08,340 ----------------------------------------------------------------------------------------------------
2019-07-03 13:01:09,862 epoch 2 - iter 0/66 - loss 18.34384918
2019-07-03 13:01:11,760 epoch 2 - iter 6/66 - loss 17.27769947
2019-07-03 13:01:13,939 epoch 2 - iter 12/66 - loss 16.83274893
2019-07-03 13:01:16,235 epoch 2 - iter 18/66 - loss 16.69234748
2019-07-03 13:01:18,894 epoch 2 - iter 24/66 - loss 16.91981590
2019-07-03 13:01:21,041 epoch 2 - iter 30/66 - loss 16.85119786
2019-07-03 13:01:23,158 epoch 2 - iter 36/66 - loss 16.90248136
2019-07-03 13:01:25,187 epoch 2 - iter 42/66 - loss 16.85592547
2019-07-03 13:01:27,006 epoch 2 - iter 48/66 - loss 16.67362017
2019-07-03 13:01:28,877 epoch 2 - iter 54/66 - loss 16.55638920
2019-07-03 13:01:30,915 epoch 2 - iter 60/66 - loss 16.42045928
2019-07-03 13:01:32,711 ----------------------------------------------------------------------------------------------------
2019-07-03 13:01:32,712 EPOCH 2 done: loss 16.3645 - lr 0.1000 - bad epochs 0
2019-07-03 13:08:45,152 DEV : loss 15.821089744567871 - score 0.4833
2019-07-03 13:14:00,297 TEST : loss 15.332417488098145 - score 0.4791
2019-07-03 13:14:10,285 ----------------------------------------------------------------------------------------------------
2019-07-03 13:14:11,748 epoch 3 - iter 0/66 - loss 14.22629261
2019-07-03 13:14:14,069 epoch 3 - iter 6/66 - loss 15.89096519
2019-07-03 13:14:16,209 epoch 3 - iter 12/66 - loss 15.45289260
2019-07-03 13:14:18,314 epoch 3 - iter 18/66 - loss 15.43395032
2019-07-03 13:14:20,957 epoch 3 - iter 24/66 - loss 15.28887703
2019-07-03 13:14:23,085 epoch 3 - iter 30/66 - loss 14.98055375
2019-07-03 13:14:25,111 epoch 3 - iter 36/66 - loss 14.68983542
2019-07-03 13:14:26,979 epoch 3 - iter 42/66 - loss 14.53736044
2019-07-03 13:14:29,381 epoch 3 - iter 48/66 - loss 14.53023484
2019-07-03 13:14:31,675 epoch 3 - iter 54/66 - loss 14.49795262
2019-07-03 13:14:33,829 epoch 3 - iter 60/66 - loss 14.43718837
2019-07-03 13:14:35,785 ----------------------------------------------------------------------------------------------------
2019-07-03 13:14:35,785 EPOCH 3 done: loss 14.4257 - lr 0.1000 - bad epochs 0
2019-07-03 13:21:45,714 DEV : loss 14.29496955871582 - score 0.6045
2019-07-03 13:27:02,995 TEST : loss 13.917424201965332 - score 0.5994
2019-07-03 13:27:13,119 ----------------------------------------------------------------------------------------------------
2019-07-03 13:27:14,540 epoch 4 - iter 0/66 - loss 15.92810154
2019-07-03 13:27:15,898 epoch 4 - iter 6/66 - loss 12.70797403
2019-07-03 13:27:17,641 epoch 4 - iter 12/66 - loss 13.18630857
2019-07-03 13:27:19,054 epoch 4 - iter 18/66 - loss 13.01330747
2019-07-03 13:27:21,054 epoch 4 - iter 24/66 - loss 13.19107338
2019-07-03 13:27:22,993 epoch 4 - iter 30/66 - loss 13.25668984
2019-07-03 13:27:24,924 epoch 4 - iter 36/66 - loss 13.07681751
2019-07-03 13:27:26,907 epoch 4 - iter 42/66 - loss 13.16140603
2019-07-03 13:27:28,908 epoch 4 - iter 48/66 - loss 13.18600043
2019-07-03 13:27:30,815 epoch 4 - iter 54/66 - loss 13.18548470
2019-07-03 13:27:32,830 epoch 4 - iter 60/66 - loss 13.13540860
2019-07-03 13:27:34,699 ----------------------------------------------------------------------------------------------------
2019-07-03 13:27:34,699 EPOCH 4 done: loss 13.0328 - lr 0.1000 - bad epochs 0
2019-07-03 13:34:48,614 DEV : loss 13.008156776428223 - score 0.6295
2019-07-03 13:39:53,920 TEST : loss 12.666316986083984 - score 0.6228
2019-07-03 13:40:04,049 ----------------------------------------------------------------------------------------------------
2019-07-03 13:40:05,625 epoch 5 - iter 0/66 - loss 12.59516621
2019-07-03 13:40:07,801 epoch 5 - iter 6/66 - loss 11.71761663
2019-07-03 13:40:09,945 epoch 5 - iter 12/66 - loss 11.94350624
2019-07-03 13:40:12,108 epoch 5 - iter 18/66 - loss 11.90500134
2019-07-03 13:40:14,521 epoch 5 - iter 24/66 - loss 11.93042294
2019-07-03 13:40:16,783 epoch 5 - iter 30/66 - loss 12.06341316
2019-07-03 13:40:18,913 epoch 5 - iter 36/66 - loss 11.97291034
2019-07-03 13:40:21,208 epoch 5 - iter 42/66 - loss 11.99681031
2019-07-03 13:40:23,486 epoch 5 - iter 48/66 - loss 11.97622655
2019-07-03 13:40:26,226 epoch 5 - iter 54/66 - loss 11.91034683
2019-07-03 13:40:28,472 epoch 5 - iter 60/66 - loss 11.91982671
2019-07-03 13:40:30,217 ----------------------------------------------------------------------------------------------------
2019-07-03 13:40:30,218 EPOCH 5 done: loss 11.8604 - lr 0.1000 - bad epochs 0
2019-07-03 13:47:41,754 DEV : loss 12.156963348388672 - score 0.6377
2019-07-03 13:52:51,585 TEST : loss 11.832387924194336 - score 0.6317
2019-07-03 13:53:01,801 ----------------------------------------------------------------------------------------------------
2019-07-03 13:53:03,248 epoch 6 - iter 0/66 - loss 12.52247810
2019-07-03 13:53:05,295 epoch 6 - iter 6/66 - loss 11.53474004
2019-07-03 13:53:07,235 epoch 6 - iter 12/66 - loss 11.51231252
2019-07-03 13:53:09,293 epoch 6 - iter 18/66 - loss 11.21553446
2019-07-03 13:53:11,205 epoch 6 - iter 24/66 - loss 10.97674473
2019-07-03 13:53:12,961 epoch 6 - iter 30/66 - loss 11.01636730
2019-07-03 13:53:14,487 epoch 6 - iter 36/66 - loss 11.00124387
2019-07-03 13:53:16,143 epoch 6 - iter 42/66 - loss 10.97602636
2019-07-03 13:53:17,818 epoch 6 - iter 48/66 - loss 10.92732626
2019-07-03 13:53:19,421 epoch 6 - iter 54/66 - loss 10.88637799
2019-07-03 13:53:21,238 epoch 6 - iter 60/66 - loss 10.86213106
2019-07-03 13:53:23,498 ----------------------------------------------------------------------------------------------------
2019-07-03 13:53:23,498 EPOCH 6 done: loss 10.9005 - lr 0.1000 - bad epochs 0
2019-07-03 14:00:29,487 DEV : loss 11.092964172363281 - score 0.6557
2019-07-03 14:05:38,009 TEST : loss 10.834138870239258 - score 0.6517
2019-07-03 14:05:48,191 ----------------------------------------------------------------------------------------------------
2019-07-03 14:05:49,610 epoch 7 - iter 0/66 - loss 9.34707928
2019-07-03 14:05:51,526 epoch 7 - iter 6/66 - loss 10.17030130
2019-07-03 14:05:53,735 epoch 7 - iter 12/66 - loss 10.22173317
2019-07-03 14:05:56,005 epoch 7 - iter 18/66 - loss 10.30730764
2019-07-03 14:05:58,097 epoch 7 - iter 24/66 - loss 10.14183094
2019-07-03 14:06:00,353 epoch 7 - iter 30/66 - loss 10.16625583
2019-07-03 14:06:02,601 epoch 7 - iter 36/66 - loss 10.08022063
2019-07-03 14:06:04,773 epoch 7 - iter 42/66 - loss 10.05256504
2019-07-03 14:06:07,657 epoch 7 - iter 48/66 - loss 10.09676797
2019-07-03 14:06:09,870 epoch 7 - iter 54/66 - loss 10.04974287
2019-07-03 14:06:12,281 epoch 7 - iter 60/66 - loss 10.00592266
2019-07-03 14:06:14,207 ----------------------------------------------------------------------------------------------------
2019-07-03 14:06:14,207 EPOCH 7 done: loss 9.9252 - lr 0.1000 - bad epochs 0
2019-07-03 14:13:31,131 DEV : loss 10.410179138183594 - score 0.6728
2019-07-03 14:18:47,364 TEST : loss 10.130229949951172 - score 0.663
2019-07-03 14:18:57,382 ----------------------------------------------------------------------------------------------------
2019-07-03 14:18:58,757 epoch 8 - iter 0/66 - loss 13.89454079
2019-07-03 14:19:00,458 epoch 8 - iter 6/66 - loss 9.81885638
2019-07-03 14:19:01,970 epoch 8 - iter 12/66 - loss 9.56222358
2019-07-03 14:19:03,848 epoch 8 - iter 18/66 - loss 9.38831098
2019-07-03 14:19:06,405 epoch 8 - iter 24/66 - loss 9.37683426
2019-07-03 14:19:08,672 epoch 8 - iter 30/66 - loss 9.31387197
2019-07-03 14:19:11,353 epoch 8 - iter 36/66 - loss 9.30640442
2019-07-03 14:19:13,346 epoch 8 - iter 42/66 - loss 9.17361367
2019-07-03 14:19:15,561 epoch 8 - iter 48/66 - loss 9.21001123
2019-07-03 14:19:17,726 epoch 8 - iter 54/66 - loss 9.17528239
2019-07-03 14:19:20,184 epoch 8 - iter 60/66 - loss 9.13683508
2019-07-03 14:19:21,934 ----------------------------------------------------------------------------------------------------
2019-07-03 14:19:21,935 EPOCH 8 done: loss 9.0448 - lr 0.1000 - bad epochs 0
2019-07-03 14:26:29,342 DEV : loss 9.626825332641602 - score 0.6759
2019-07-03 14:31:37,940 TEST : loss 9.324711799621582 - score 0.6675
2019-07-03 14:31:48,219 ----------------------------------------------------------------------------------------------------
2019-07-03 14:31:49,656 epoch 9 - iter 0/66 - loss 8.17417717
2019-07-03 14:31:51,558 epoch 9 - iter 6/66 - loss 8.20402159
2019-07-03 14:31:53,474 epoch 9 - iter 12/66 - loss 8.58598661
2019-07-03 14:31:55,410 epoch 9 - iter 18/66 - loss 8.46115075
2019-07-03 14:31:57,850 epoch 9 - iter 24/66 - loss 8.52514833
2019-07-03 14:31:59,989 epoch 9 - iter 30/66 - loss 8.55748087
2019-07-03 14:32:01,892 epoch 9 - iter 36/66 - loss 8.60815463
2019-07-03 14:32:03,905 epoch 9 - iter 42/66 - loss 8.53187208
2019-07-03 14:32:06,115 epoch 9 - iter 48/66 - loss 8.51417685
2019-07-03 14:32:08,117 epoch 9 - iter 54/66 - loss 8.48224466
2019-07-03 14:32:10,332 epoch 9 - iter 60/66 - loss 8.50222831
2019-07-03 14:32:12,015 ----------------------------------------------------------------------------------------------------
2019-07-03 14:32:12,015 EPOCH 9 done: loss 8.4514 - lr 0.1000 - bad epochs 0
2019-07-03 14:39:20,445 DEV : loss 9.004266738891602 - score 0.6808
2019-07-03 14:44:20,357 TEST : loss 8.751579284667969 - score 0.6738
2019-07-03 14:44:30,451 ----------------------------------------------------------------------------------------------------
2019-07-03 14:44:31,813 epoch 10 - iter 0/66 - loss 8.30555058
2019-07-03 14:44:34,102 epoch 10 - iter 6/66 - loss 7.40674019
2019-07-03 14:44:36,119 epoch 10 - iter 12/66 - loss 7.66459505
2019-07-03 14:44:38,206 epoch 10 - iter 18/66 - loss 7.83359523
2019-07-03 14:44:40,463 epoch 10 - iter 24/66 - loss 7.70209723
2019-07-03 14:44:42,276 epoch 10 - iter 30/66 - loss 7.66125459
2019-07-03 14:44:44,588 epoch 10 - iter 36/66 - loss 7.62534142
2019-07-03 14:44:46,660 epoch 10 - iter 42/66 - loss 7.60422445
2019-07-03 14:44:48,649 epoch 10 - iter 48/66 - loss 7.63741467
2019-07-03 14:44:50,873 epoch 10 - iter 54/66 - loss 7.62970495
2019-07-03 14:44:52,768 epoch 10 - iter 60/66 - loss 7.64335116
2019-07-03 14:44:54,479 ----------------------------------------------------------------------------------------------------
2019-07-03 14:44:54,479 EPOCH 10 done: loss 7.6566 - lr 0.1000 - bad epochs 0
2019-07-03 14:51:56,238 DEV : loss 8.57915210723877 - score 0.6787
2019-07-03 14:57:04,185 TEST : loss 8.251212120056152 - score 0.6695
2019-07-03 14:57:14,295 ----------------------------------------------------------------------------------------------------
2019-07-03 14:57:14,295 Testing using best model ...
2019-07-03 14:57:14,295 loading file output_models/taggers/example-ner-7/best-model.pt
2019-07-03 15:02:33,866 0.6622	0.6858	0.6738
2019-07-03 15:02:33,866 
MICRO_AVG: acc 0.508 - f1-score 0.6738
MACRO_AVG: acc 0.254 - f1-score 0.3332166666666667
CARDINAL   tp: 545 - fp: 530 - fn: 582 - tn: 545 - precision: 0.5070 - recall: 0.4836 - accuracy: 0.3289 - f1-score: 0.4950
DATE       tp: 1260 - fp: 684 - fn: 488 - tn: 1260 - precision: 0.6481 - recall: 0.7208 - accuracy: 0.5181 - f1-score: 0.6825
EVENT      tp: 7 - fp: 11 - fn: 99 - tn: 7 - precision: 0.3889 - recall: 0.0660 - accuracy: 0.0598 - f1-score: 0.1128
FAC        tp: 0 - fp: 2 - fn: 125 - tn: 0 - precision: 0.0000 - recall: 0.0000 - accuracy: 0.0000 - f1-score: 0.0000
GPE        tp: 1931 - fp: 674 - fn: 301 - tn: 1931 - precision: 0.7413 - recall: 0.8651 - accuracy: 0.6645 - f1-score: 0.7984
LANGUAGE   tp: 0 - fp: 0 - fn: 39 - tn: 0 - precision: 0.0000 - recall: 0.0000 - accuracy: 0.0000 - f1-score: 0.0000
LAW        tp: 0 - fp: 0 - fn: 34 - tn: 0 - precision: 0.0000 - recall: 0.0000 - accuracy: 0.0000 - f1-score: 0.0000
LOC        tp: 1 - fp: 9 - fn: 233 - tn: 1 - precision: 0.1000 - recall: 0.0043 - accuracy: 0.0041 - f1-score: 0.0082
MONEY      tp: 348 - fp: 263 - fn: 148 - tn: 348 - precision: 0.5696 - recall: 0.7016 - accuracy: 0.4585 - f1-score: 0.6287
NORP       tp: 801 - fp: 369 - fn: 110 - tn: 801 - precision: 0.6846 - recall: 0.8793 - accuracy: 0.6258 - f1-score: 0.7698
ORDINAL    tp: 24 - fp: 10 - fn: 184 - tn: 24 - precision: 0.7059 - recall: 0.1154 - accuracy: 0.1101 - f1-score: 0.1984
ORG        tp: 1734 - fp: 1213 - fn: 696 - tn: 1734 - precision: 0.5884 - recall: 0.7136 - accuracy: 0.4760 - f1-score: 0.6450
PERCENT    tp: 289 - fp: 109 - fn: 78 - tn: 289 - precision: 0.7261 - recall: 0.7875 - accuracy: 0.6071 - f1-score: 0.7556
PERSON     tp: 1892 - fp: 606 - fn: 354 - tn: 1892 - precision: 0.7574 - recall: 0.8424 - accuracy: 0.6634 - f1-score: 0.7976
PRODUCT    tp: 0 - fp: 1 - fn: 117 - tn: 0 - precision: 0.0000 - recall: 0.0000 - accuracy: 0.0000 - f1-score: 0.0000
QUANTITY   tp: 0 - fp: 8 - fn: 156 - tn: 0 - precision: 0.0000 - recall: 0.0000 - accuracy: 0.0000 - f1-score: 0.0000
TIME       tp: 1 - fp: 0 - fn: 175 - tn: 1 - precision: 1.0000 - recall: 0.0057 - accuracy: 0.0057 - f1-score: 0.0113
WORK_OF_ART tp: 8 - fp: 21 - fn: 132 - tn: 8 - precision: 0.2759 - recall: 0.0571 - accuracy: 0.0497 - f1-score: 0.0946
2019-07-03 15:02:33,866 ----------------------------------------------------------------------------------------------------
