2019-07-04 12:12:24,557 ----------------------------------------------------------------------------------------------------
2019-07-04 12:12:24,557 Evaluation method: MICRO_F1_SCORE
2019-07-04 12:12:24,566 ----------------------------------------------------------------------------------------------------
2019-07-04 12:12:25,650 epoch 1 - iter 0/66 - loss 93.57457733
2019-07-04 12:12:27,681 epoch 1 - iter 6/66 - loss 42.52327592
2019-07-04 12:12:29,352 epoch 1 - iter 12/66 - loss 29.69722381
2019-07-04 12:12:30,819 epoch 1 - iter 18/66 - loss 23.78676128
2019-07-04 12:12:32,466 epoch 1 - iter 24/66 - loss 20.60432987
2019-07-04 12:12:33,895 epoch 1 - iter 30/66 - loss 18.28289873
2019-07-04 12:12:35,328 epoch 1 - iter 36/66 - loss 16.63483361
2019-07-04 12:12:36,817 epoch 1 - iter 42/66 - loss 15.43062737
2019-07-04 12:12:38,530 epoch 1 - iter 48/66 - loss 14.70903696
2019-07-04 12:12:39,968 epoch 1 - iter 54/66 - loss 13.92086720
2019-07-04 12:12:41,591 epoch 1 - iter 60/66 - loss 13.28978945
2019-07-04 12:12:42,875 ----------------------------------------------------------------------------------------------------
2019-07-04 12:12:42,875 EPOCH 1 done: loss 12.9066 - lr 0.1000 - bad epochs 0
2019-07-04 12:18:29,913 DEV : loss 7.6549153327941895 - score 0.414
2019-07-04 12:22:52,599 TEST : loss 6.823311805725098 - score 0.4164
2019-07-04 12:23:02,930 ----------------------------------------------------------------------------------------------------
2019-07-04 12:23:04,129 epoch 2 - iter 0/66 - loss 3.54013109
2019-07-04 12:23:05,564 epoch 2 - iter 6/66 - loss 7.17602083
2019-07-04 12:23:07,082 epoch 2 - iter 12/66 - loss 6.53209466
2019-07-04 12:23:08,635 epoch 2 - iter 18/66 - loss 6.32631844
2019-07-04 12:23:10,161 epoch 2 - iter 24/66 - loss 5.79540937
2019-07-04 12:23:11,580 epoch 2 - iter 30/66 - loss 5.76841840
2019-07-04 12:23:13,174 epoch 2 - iter 36/66 - loss 5.81127945
2019-07-04 12:23:14,651 epoch 2 - iter 42/66 - loss 5.63952229
2019-07-04 12:23:16,159 epoch 2 - iter 48/66 - loss 5.61230693
2019-07-04 12:23:17,813 epoch 2 - iter 54/66 - loss 5.62178922
2019-07-04 12:23:19,484 epoch 2 - iter 60/66 - loss 5.65924414
2019-07-04 12:23:21,014 ----------------------------------------------------------------------------------------------------
2019-07-04 12:23:21,014 EPOCH 2 done: loss 5.6762 - lr 0.1000 - bad epochs 0
2019-07-04 12:29:15,035 DEV : loss 6.16385555267334 - score 0.473
2019-07-04 12:33:38,952 TEST : loss 5.518738269805908 - score 0.4637
2019-07-04 12:33:49,112 ----------------------------------------------------------------------------------------------------
2019-07-04 12:33:50,327 epoch 3 - iter 0/66 - loss 4.23897076
2019-07-04 12:33:52,089 epoch 3 - iter 6/66 - loss 4.91203438
2019-07-04 12:33:53,604 epoch 3 - iter 12/66 - loss 4.76557937
2019-07-04 12:33:55,244 epoch 3 - iter 18/66 - loss 5.01270294
2019-07-04 12:33:57,078 epoch 3 - iter 24/66 - loss 5.01922821
2019-07-04 12:33:58,543 epoch 3 - iter 30/66 - loss 4.81158153
2019-07-04 12:34:00,059 epoch 3 - iter 36/66 - loss 4.75862152
2019-07-04 12:34:01,500 epoch 3 - iter 42/66 - loss 4.61048620
2019-07-04 12:34:03,001 epoch 3 - iter 48/66 - loss 4.72502682
2019-07-04 12:34:04,593 epoch 3 - iter 54/66 - loss 4.63546339
2019-07-04 12:34:06,132 epoch 3 - iter 60/66 - loss 4.58395825
2019-07-04 12:34:07,509 ----------------------------------------------------------------------------------------------------
2019-07-04 12:34:07,509 EPOCH 3 done: loss 4.4981 - lr 0.1000 - bad epochs 0
2019-07-04 12:39:59,433 DEV : loss 5.056554794311523 - score 0.6243
2019-07-04 12:44:23,561 TEST : loss 4.539032936096191 - score 0.6258
2019-07-04 12:44:33,775 ----------------------------------------------------------------------------------------------------
2019-07-04 12:44:35,049 epoch 4 - iter 0/66 - loss 3.81630373
2019-07-04 12:44:36,616 epoch 4 - iter 6/66 - loss 4.86131212
2019-07-04 12:44:38,083 epoch 4 - iter 12/66 - loss 4.26846682
2019-07-04 12:44:39,516 epoch 4 - iter 18/66 - loss 3.79101506
2019-07-04 12:44:41,280 epoch 4 - iter 24/66 - loss 3.75167412
2019-07-04 12:44:42,741 epoch 4 - iter 30/66 - loss 3.77755210
2019-07-04 12:44:44,201 epoch 4 - iter 36/66 - loss 3.76804294
2019-07-04 12:44:45,763 epoch 4 - iter 42/66 - loss 3.76302359
2019-07-04 12:44:47,277 epoch 4 - iter 48/66 - loss 3.78246344
2019-07-04 12:44:49,030 epoch 4 - iter 54/66 - loss 3.77578618
2019-07-04 12:44:50,661 epoch 4 - iter 60/66 - loss 3.81683359
2019-07-04 12:44:51,949 ----------------------------------------------------------------------------------------------------
2019-07-04 12:44:51,950 EPOCH 4 done: loss 3.7885 - lr 0.1000 - bad epochs 0
2019-07-04 12:50:45,535 DEV : loss 4.711338996887207 - score 0.6596
2019-07-04 12:54:55,158 TEST : loss 4.361432075500488 - score 0.6577
2019-07-04 12:55:05,519 ----------------------------------------------------------------------------------------------------
2019-07-04 12:55:06,730 epoch 5 - iter 0/66 - loss 3.75053120
2019-07-04 12:55:08,295 epoch 5 - iter 6/66 - loss 3.27015359
2019-07-04 12:55:09,719 epoch 5 - iter 12/66 - loss 3.22092286
2019-07-04 12:55:11,335 epoch 5 - iter 18/66 - loss 3.37058693
2019-07-04 12:55:13,023 epoch 5 - iter 24/66 - loss 3.41504604
2019-07-04 12:55:23,298 epoch 5 - iter 30/66 - loss 3.35741517
2019-07-04 12:55:24,819 epoch 5 - iter 36/66 - loss 3.45399733
2019-07-04 12:55:26,369 epoch 5 - iter 42/66 - loss 3.45406157
2019-07-04 12:55:28,033 epoch 5 - iter 48/66 - loss 3.36978290
2019-07-04 12:55:29,609 epoch 5 - iter 54/66 - loss 3.37628675
2019-07-04 12:55:31,047 epoch 5 - iter 60/66 - loss 3.36609142
2019-07-04 12:55:32,536 ----------------------------------------------------------------------------------------------------
2019-07-04 12:55:32,536 EPOCH 5 done: loss 3.3309 - lr 0.1000 - bad epochs 0
2019-07-04 13:01:25,542 DEV : loss 4.393739700317383 - score 0.6715
2019-07-04 13:05:52,950 TEST : loss 4.0219807624816895 - score 0.6741
2019-07-04 13:06:03,476 ----------------------------------------------------------------------------------------------------
2019-07-04 13:06:04,779 epoch 6 - iter 0/66 - loss 2.45342088
2019-07-04 13:06:06,405 epoch 6 - iter 6/66 - loss 3.14297296
2019-07-04 13:06:07,827 epoch 6 - iter 12/66 - loss 3.03023275
2019-07-04 13:06:09,506 epoch 6 - iter 18/66 - loss 2.99963654
2019-07-04 13:06:11,012 epoch 6 - iter 24/66 - loss 2.98381959
2019-07-04 13:06:12,557 epoch 6 - iter 30/66 - loss 2.95118102
2019-07-04 13:06:14,200 epoch 6 - iter 36/66 - loss 2.95860005
2019-07-04 13:06:15,679 epoch 6 - iter 42/66 - loss 2.92718868
2019-07-04 13:06:17,308 epoch 6 - iter 48/66 - loss 2.89077083
2019-07-04 13:06:18,890 epoch 6 - iter 54/66 - loss 2.95570720
2019-07-04 13:06:20,566 epoch 6 - iter 60/66 - loss 2.95905266
2019-07-04 13:06:21,795 ----------------------------------------------------------------------------------------------------
2019-07-04 13:06:21,796 EPOCH 6 done: loss 2.9456 - lr 0.1000 - bad epochs 0
2019-07-04 13:12:02,114 DEV : loss 4.251273155212402 - score 0.6804
2019-07-04 13:16:21,975 TEST : loss 3.969072103500366 - score 0.6728
2019-07-04 13:16:32,565 ----------------------------------------------------------------------------------------------------
2019-07-04 13:16:34,119 epoch 7 - iter 0/66 - loss 3.19357276
2019-07-04 13:16:35,633 epoch 7 - iter 6/66 - loss 2.65159397
2019-07-04 13:16:37,232 epoch 7 - iter 12/66 - loss 2.67577754
2019-07-04 13:16:38,720 epoch 7 - iter 18/66 - loss 2.59650052
2019-07-04 13:16:40,165 epoch 7 - iter 24/66 - loss 2.60869144
2019-07-04 13:16:41,695 epoch 7 - iter 30/66 - loss 2.59282385
2019-07-04 13:16:43,465 epoch 7 - iter 36/66 - loss 2.60329772
2019-07-04 13:16:45,275 epoch 7 - iter 42/66 - loss 2.64295948
2019-07-04 13:16:46,783 epoch 7 - iter 48/66 - loss 2.59216249
2019-07-04 13:16:48,351 epoch 7 - iter 54/66 - loss 2.59122913
2019-07-04 13:16:49,826 epoch 7 - iter 60/66 - loss 2.59015946
2019-07-04 13:16:51,158 ----------------------------------------------------------------------------------------------------
2019-07-04 13:16:51,158 EPOCH 7 done: loss 2.6240 - lr 0.1000 - bad epochs 0
2019-07-04 13:22:59,281 DEV : loss 4.482061862945557 - score 0.6351
2019-07-04 13:27:09,673 TEST : loss 4.128084182739258 - score 0.6286
2019-07-04 13:27:09,674 ----------------------------------------------------------------------------------------------------
2019-07-04 13:27:10,890 epoch 8 - iter 0/66 - loss 3.88920546
2019-07-04 13:27:12,472 epoch 8 - iter 6/66 - loss 2.51657711
2019-07-04 13:27:13,839 epoch 8 - iter 12/66 - loss 2.35573970
2019-07-04 13:27:15,476 epoch 8 - iter 18/66 - loss 2.36428487
2019-07-04 13:27:16,896 epoch 8 - iter 24/66 - loss 2.39053621
2019-07-04 13:27:18,342 epoch 8 - iter 30/66 - loss 2.35518674
2019-07-04 13:27:20,013 epoch 8 - iter 36/66 - loss 2.36845812
2019-07-04 13:27:21,377 epoch 8 - iter 42/66 - loss 2.35702306
2019-07-04 13:27:22,976 epoch 8 - iter 48/66 - loss 2.33420705
2019-07-04 13:27:24,540 epoch 8 - iter 54/66 - loss 2.31995766
2019-07-04 13:27:26,241 epoch 8 - iter 60/66 - loss 2.32850990
2019-07-04 13:27:27,674 ----------------------------------------------------------------------------------------------------
2019-07-04 13:27:27,675 EPOCH 8 done: loss 2.3251 - lr 0.1000 - bad epochs 1
2019-07-04 13:33:01,841 DEV : loss 4.086217403411865 - score 0.703
2019-07-04 13:37:35,454 TEST : loss 3.79278302192688 - score 0.6997
2019-07-04 13:37:46,156 ----------------------------------------------------------------------------------------------------
2019-07-04 13:37:47,614 epoch 9 - iter 0/66 - loss 2.17263055
2019-07-04 13:37:49,078 epoch 9 - iter 6/66 - loss 2.23919218
2019-07-04 13:37:50,660 epoch 9 - iter 12/66 - loss 2.10835651
2019-07-04 13:37:52,262 epoch 9 - iter 18/66 - loss 2.10612715
2019-07-04 13:37:53,979 epoch 9 - iter 24/66 - loss 2.18901584
2019-07-04 13:37:55,339 epoch 9 - iter 30/66 - loss 2.21279393
2019-07-04 13:37:57,049 epoch 9 - iter 36/66 - loss 2.26819859
2019-07-04 13:37:58,583 epoch 9 - iter 42/66 - loss 2.26732930
2019-07-04 13:38:00,278 epoch 9 - iter 48/66 - loss 2.24101330
2019-07-04 13:38:01,965 epoch 9 - iter 54/66 - loss 2.22365746
2019-07-04 13:38:03,471 epoch 9 - iter 60/66 - loss 2.20416068
2019-07-04 13:38:04,752 ----------------------------------------------------------------------------------------------------
2019-07-04 13:38:04,752 EPOCH 9 done: loss 2.1624 - lr 0.1000 - bad epochs 0
2019-07-04 13:43:43,307 DEV : loss 4.1024346351623535 - score 0.6959
2019-07-04 13:48:16,877 TEST : loss 3.803946018218994 - score 0.6922
2019-07-04 13:48:16,877 ----------------------------------------------------------------------------------------------------
2019-07-04 13:48:18,191 epoch 10 - iter 0/66 - loss 1.95215654
2019-07-04 13:48:19,783 epoch 10 - iter 6/66 - loss 2.05002519
2019-07-04 13:48:21,362 epoch 10 - iter 12/66 - loss 1.97793363
2019-07-04 13:48:22,803 epoch 10 - iter 18/66 - loss 1.90838898
2019-07-04 13:48:24,473 epoch 10 - iter 24/66 - loss 1.96255197
2019-07-04 13:48:26,073 epoch 10 - iter 30/66 - loss 1.94286578
2019-07-04 13:48:27,705 epoch 10 - iter 36/66 - loss 1.95852054
2019-07-04 13:48:29,312 epoch 10 - iter 42/66 - loss 1.94358077
2019-07-04 13:48:30,752 epoch 10 - iter 48/66 - loss 1.94472786
2019-07-04 13:48:32,576 epoch 10 - iter 54/66 - loss 1.94529289
2019-07-04 13:48:34,089 epoch 10 - iter 60/66 - loss 1.94955367
2019-07-04 13:48:35,243 ----------------------------------------------------------------------------------------------------
2019-07-04 13:48:35,243 EPOCH 10 done: loss 1.9418 - lr 0.1000 - bad epochs 1
2019-07-04 13:54:39,521 DEV : loss 4.540422439575195 - score 0.656
2019-07-04 13:59:01,215 TEST : loss 4.20770263671875 - score 0.6383
2019-07-04 13:59:11,480 ----------------------------------------------------------------------------------------------------
2019-07-04 13:59:11,481 Testing using best model ...
2019-07-04 13:59:11,481 loading file output_models/taggers/example-ner-11/best-model.pt
2019-07-04 14:03:45,991 0.6954	0.704	0.6997
2019-07-04 14:03:45,991 
MICRO_AVG: acc 0.5381 - f1-score 0.6997
MACRO_AVG: acc 0.3099 - f1-score 0.41052777777777777
CARDINAL   tp: 606 - fp: 438 - fn: 513 - tn: 606 - precision: 0.5805 - recall: 0.5416 - accuracy: 0.3892 - f1-score: 0.5604
DATE       tp: 1356 - fp: 580 - fn: 510 - tn: 1356 - precision: 0.7004 - recall: 0.7267 - accuracy: 0.5544 - f1-score: 0.7133
EVENT      tp: 4 - fp: 7 - fn: 74 - tn: 4 - precision: 0.3636 - recall: 0.0513 - accuracy: 0.0471 - f1-score: 0.0899
FAC        tp: 0 - fp: 4 - fn: 110 - tn: 0 - precision: 0.0000 - recall: 0.0000 - accuracy: 0.0000 - f1-score: 0.0000
GPE        tp: 1843 - fp: 544 - fn: 336 - tn: 1843 - precision: 0.7721 - recall: 0.8458 - accuracy: 0.6768 - f1-score: 0.8073
LANGUAGE   tp: 0 - fp: 0 - fn: 39 - tn: 0 - precision: 0.0000 - recall: 0.0000 - accuracy: 0.0000 - f1-score: 0.0000
LAW        tp: 0 - fp: 0 - fn: 47 - tn: 0 - precision: 0.0000 - recall: 0.0000 - accuracy: 0.0000 - f1-score: 0.0000
LOC        tp: 80 - fp: 169 - fn: 125 - tn: 80 - precision: 0.3213 - recall: 0.3902 - accuracy: 0.2139 - f1-score: 0.3524
MONEY      tp: 373 - fp: 154 - fn: 163 - tn: 373 - precision: 0.7078 - recall: 0.6959 - accuracy: 0.5406 - f1-score: 0.7018
NORP       tp: 747 - fp: 261 - fn: 171 - tn: 747 - precision: 0.7411 - recall: 0.8137 - accuracy: 0.6336 - f1-score: 0.7757
ORDINAL    tp: 126 - fp: 68 - fn: 103 - tn: 126 - precision: 0.6495 - recall: 0.5502 - accuracy: 0.4242 - f1-score: 0.5957
ORG        tp: 1903 - fp: 1156 - fn: 586 - tn: 1903 - precision: 0.6221 - recall: 0.7646 - accuracy: 0.5221 - f1-score: 0.6860
PERCENT    tp: 266 - fp: 103 - fn: 66 - tn: 266 - precision: 0.7209 - recall: 0.8012 - accuracy: 0.6115 - f1-score: 0.7589
PERSON     tp: 1662 - fp: 335 - fn: 522 - tn: 1662 - precision: 0.8322 - recall: 0.7610 - accuracy: 0.6598 - f1-score: 0.7950
PRODUCT    tp: 8 - fp: 21 - fn: 81 - tn: 8 - precision: 0.2759 - recall: 0.0899 - accuracy: 0.0727 - f1-score: 0.1356
QUANTITY   tp: 22 - fp: 37 - fn: 83 - tn: 22 - precision: 0.3729 - recall: 0.2095 - accuracy: 0.1549 - f1-score: 0.2683
TIME       tp: 8 - fp: 49 - fn: 162 - tn: 8 - precision: 0.1404 - recall: 0.0471 - accuracy: 0.0365 - f1-score: 0.0705
WORK_OF_ART tp: 5 - fp: 20 - fn: 97 - tn: 5 - precision: 0.2000 - recall: 0.0490 - accuracy: 0.0410 - f1-score: 0.0787
2019-07-04 14:03:45,992 ----------------------------------------------------------------------------------------------------
