2019-07-12 05:22:10,294 ----------------------------------------------------------------------------------------------------
2019-07-12 05:22:10,294 Evaluation method: MICRO_F1_SCORE
2019-07-12 05:22:10,303 ----------------------------------------------------------------------------------------------------
2019-07-12 05:22:18,048 epoch 1 - iter 0/73 - loss 88.03549957
2019-07-12 05:22:20,295 epoch 1 - iter 7/73 - loss 33.16457152
2019-07-12 05:22:22,541 epoch 1 - iter 14/73 - loss 22.13520123
2019-07-12 05:22:24,970 epoch 1 - iter 21/73 - loss 18.22559094
2019-07-12 05:22:27,148 epoch 1 - iter 28/73 - loss 16.50840261
2019-07-12 05:22:29,518 epoch 1 - iter 35/73 - loss 14.74331229
2019-07-12 05:22:32,058 epoch 1 - iter 42/73 - loss 13.57904327
2019-07-12 05:22:34,474 epoch 1 - iter 49/73 - loss 12.71042376
2019-07-12 05:22:36,825 epoch 1 - iter 56/73 - loss 11.83669749
2019-07-12 05:22:39,187 epoch 1 - iter 63/73 - loss 11.18659863
2019-07-12 05:22:41,630 epoch 1 - iter 70/73 - loss 10.51718750
2019-07-12 05:22:42,400 ----------------------------------------------------------------------------------------------------
2019-07-12 05:22:42,400 EPOCH 1 done: loss 10.4288 - lr 0.1000 - bad epochs 0
2019-07-12 05:29:34,111 DEV : loss 5.978010177612305 - score 0.4424
2019-07-12 05:34:50,221 TEST : loss 5.278217315673828 - score 0.423
2019-07-12 05:34:58,562 ----------------------------------------------------------------------------------------------------
2019-07-12 05:34:59,873 epoch 2 - iter 0/73 - loss 4.25447893
2019-07-12 05:35:02,451 epoch 2 - iter 7/73 - loss 5.21566945
2019-07-12 05:35:04,794 epoch 2 - iter 14/73 - loss 5.03922693
2019-07-12 05:35:07,167 epoch 2 - iter 21/73 - loss 4.74502307
2019-07-12 05:35:09,491 epoch 2 - iter 28/73 - loss 4.64907991
2019-07-12 05:35:11,872 epoch 2 - iter 35/73 - loss 4.46627698
2019-07-12 05:35:14,290 epoch 2 - iter 42/73 - loss 4.48879123
2019-07-12 05:35:16,672 epoch 2 - iter 49/73 - loss 4.36379420
2019-07-12 05:35:19,160 epoch 2 - iter 56/73 - loss 4.29333951
2019-07-12 05:35:21,242 epoch 2 - iter 63/73 - loss 4.20607411
2019-07-12 05:35:23,599 epoch 2 - iter 70/73 - loss 4.19280683
2019-07-12 05:35:24,289 ----------------------------------------------------------------------------------------------------
2019-07-12 05:35:24,289 EPOCH 2 done: loss 4.2069 - lr 0.1000 - bad epochs 0
2019-07-12 05:42:26,274 DEV : loss 4.460479259490967 - score 0.5599
2019-07-12 05:47:34,652 TEST : loss 3.8935554027557373 - score 0.5243
2019-07-12 05:47:44,996 ----------------------------------------------------------------------------------------------------
2019-07-12 05:47:46,528 epoch 3 - iter 0/73 - loss 1.91417468
2019-07-12 05:47:48,805 epoch 3 - iter 7/73 - loss 2.78141315
2019-07-12 05:47:51,149 epoch 3 - iter 14/73 - loss 2.76793020
2019-07-12 05:47:53,472 epoch 3 - iter 21/73 - loss 2.99057237
2019-07-12 05:47:55,581 epoch 3 - iter 28/73 - loss 2.93706445
2019-07-12 05:47:57,998 epoch 3 - iter 35/73 - loss 2.99485470
2019-07-12 05:48:00,246 epoch 3 - iter 42/73 - loss 3.11325745
2019-07-12 05:48:02,015 epoch 3 - iter 49/73 - loss 3.13401677
2019-07-12 05:48:04,016 epoch 3 - iter 56/73 - loss 3.13980334
2019-07-12 05:48:05,865 epoch 3 - iter 63/73 - loss 3.12708693
2019-07-12 05:48:08,191 epoch 3 - iter 70/73 - loss 3.15905553
2019-07-12 05:48:09,005 ----------------------------------------------------------------------------------------------------
2019-07-12 05:48:09,005 EPOCH 3 done: loss 3.1111 - lr 0.1000 - bad epochs 0
2019-07-12 05:55:10,316 DEV : loss 3.644515037536621 - score 0.649
2019-07-12 06:00:29,542 TEST : loss 3.273319959640503 - score 0.6182
2019-07-12 06:00:39,678 ----------------------------------------------------------------------------------------------------
2019-07-12 06:00:40,931 epoch 4 - iter 0/73 - loss 4.81933832
2019-07-12 06:00:43,101 epoch 4 - iter 7/73 - loss 2.52641140
2019-07-12 06:00:45,408 epoch 4 - iter 14/73 - loss 2.51924301
2019-07-12 06:00:47,515 epoch 4 - iter 21/73 - loss 2.54783926
2019-07-12 06:00:49,917 epoch 4 - iter 28/73 - loss 2.46879228
2019-07-12 06:00:51,959 epoch 4 - iter 35/73 - loss 2.36504603
2019-07-12 06:00:54,387 epoch 4 - iter 42/73 - loss 2.50997923
2019-07-12 06:00:56,668 epoch 4 - iter 49/73 - loss 2.51158623
2019-07-12 06:00:59,150 epoch 4 - iter 56/73 - loss 2.51289468
2019-07-12 06:01:01,339 epoch 4 - iter 63/73 - loss 2.51664616
2019-07-12 06:01:03,773 epoch 4 - iter 70/73 - loss 2.54201437
2019-07-12 06:01:04,458 ----------------------------------------------------------------------------------------------------
2019-07-12 06:01:04,459 EPOCH 4 done: loss 2.5332 - lr 0.1000 - bad epochs 0
2019-07-12 06:08:01,621 DEV : loss 3.4048805236816406 - score 0.658
2019-07-12 06:13:18,779 TEST : loss 3.0954530239105225 - score 0.6238
2019-07-12 06:13:29,134 ----------------------------------------------------------------------------------------------------
2019-07-12 06:13:30,674 epoch 5 - iter 0/73 - loss 1.48293185
2019-07-12 06:13:32,991 epoch 5 - iter 7/73 - loss 1.71065144
2019-07-12 06:13:35,638 epoch 5 - iter 14/73 - loss 2.02010958
2019-07-12 06:13:38,433 epoch 5 - iter 21/73 - loss 2.04883980
2019-07-12 06:13:40,832 epoch 5 - iter 28/73 - loss 1.99451987
2019-07-12 06:13:42,601 epoch 5 - iter 35/73 - loss 2.02179561
2019-07-12 06:13:44,484 epoch 5 - iter 42/73 - loss 1.99353893
2019-07-12 06:13:46,506 epoch 5 - iter 49/73 - loss 2.01970484
2019-07-12 06:13:49,015 epoch 5 - iter 56/73 - loss 2.09769640
2019-07-12 06:13:51,597 epoch 5 - iter 63/73 - loss 2.06829664
2019-07-12 06:13:54,138 epoch 5 - iter 70/73 - loss 2.06748467
2019-07-12 06:13:54,920 ----------------------------------------------------------------------------------------------------
2019-07-12 06:13:54,921 EPOCH 5 done: loss 2.0493 - lr 0.1000 - bad epochs 0
2019-07-12 06:21:00,061 DEV : loss 3.12393856048584 - score 0.6771
2019-07-12 06:26:15,998 TEST : loss 2.8524861335754395 - score 0.649
2019-07-12 06:26:25,594 ----------------------------------------------------------------------------------------------------
2019-07-12 06:26:27,004 epoch 6 - iter 0/73 - loss 3.11704588
2019-07-12 06:26:29,263 epoch 6 - iter 7/73 - loss 1.60721380
2019-07-12 06:26:31,490 epoch 6 - iter 14/73 - loss 1.54726418
2019-07-12 06:26:33,642 epoch 6 - iter 21/73 - loss 1.62648346
2019-07-12 06:26:35,947 epoch 6 - iter 28/73 - loss 1.70766647
2019-07-12 06:26:38,256 epoch 6 - iter 35/73 - loss 1.69066899
2019-07-12 06:26:40,553 epoch 6 - iter 42/73 - loss 1.68300283
2019-07-12 06:26:42,877 epoch 6 - iter 49/73 - loss 1.72327426
2019-07-12 06:26:45,107 epoch 6 - iter 56/73 - loss 1.71557145
2019-07-12 06:26:47,436 epoch 6 - iter 63/73 - loss 1.75075103
2019-07-12 06:26:49,714 epoch 6 - iter 70/73 - loss 1.73228455
2019-07-12 06:26:50,349 ----------------------------------------------------------------------------------------------------
2019-07-12 06:26:50,349 EPOCH 6 done: loss 1.7543 - lr 0.1000 - bad epochs 0
2019-07-12 06:33:42,337 DEV : loss 3.092599391937256 - score 0.6799
2019-07-12 06:38:59,004 TEST : loss 2.8160643577575684 - score 0.6463
2019-07-12 06:39:09,362 ----------------------------------------------------------------------------------------------------
2019-07-12 06:39:10,775 epoch 7 - iter 0/73 - loss 3.08826303
2019-07-12 06:39:13,279 epoch 7 - iter 7/73 - loss 1.62832768
2019-07-12 06:39:15,429 epoch 7 - iter 14/73 - loss 1.57136728
2019-07-12 06:39:17,880 epoch 7 - iter 21/73 - loss 1.55235532
2019-07-12 06:39:19,902 epoch 7 - iter 28/73 - loss 1.46613646
2019-07-12 06:39:22,266 epoch 7 - iter 35/73 - loss 1.42832192
2019-07-12 06:39:24,436 epoch 7 - iter 42/73 - loss 1.44241097
2019-07-12 06:39:26,564 epoch 7 - iter 49/73 - loss 1.38731809
2019-07-12 06:39:29,010 epoch 7 - iter 56/73 - loss 1.36265106
2019-07-12 06:39:31,668 epoch 7 - iter 63/73 - loss 1.39807680
2019-07-12 06:39:34,400 epoch 7 - iter 70/73 - loss 1.41459203
2019-07-12 06:39:35,235 ----------------------------------------------------------------------------------------------------
2019-07-12 06:39:35,235 EPOCH 7 done: loss 1.4222 - lr 0.1000 - bad epochs 0
2019-07-12 06:46:37,155 DEV : loss 3.4059712886810303 - score 0.6319
2019-07-12 06:51:43,081 TEST : loss 3.0859742164611816 - score 0.5807
2019-07-12 06:51:43,082 ----------------------------------------------------------------------------------------------------
2019-07-12 06:51:44,452 epoch 8 - iter 0/73 - loss 0.79264474
2019-07-12 06:51:46,543 epoch 8 - iter 7/73 - loss 1.08299836
2019-07-12 06:51:48,975 epoch 8 - iter 14/73 - loss 1.10868247
2019-07-12 06:51:51,190 epoch 8 - iter 21/73 - loss 1.15261229
2019-07-12 06:51:53,358 epoch 8 - iter 28/73 - loss 1.19086080
2019-07-12 06:51:55,447 epoch 8 - iter 35/73 - loss 1.17437758
2019-07-12 06:51:57,716 epoch 8 - iter 42/73 - loss 1.16002066
2019-07-12 06:51:59,878 epoch 8 - iter 49/73 - loss 1.17076206
2019-07-12 06:52:02,106 epoch 8 - iter 56/73 - loss 1.16288797
2019-07-12 06:52:14,109 epoch 8 - iter 63/73 - loss 1.16418767
2019-07-12 06:52:16,420 epoch 8 - iter 70/73 - loss 1.16829161
2019-07-12 06:52:17,379 ----------------------------------------------------------------------------------------------------
2019-07-12 06:52:17,379 EPOCH 8 done: loss 1.1614 - lr 0.1000 - bad epochs 1
2019-07-12 06:59:08,231 DEV : loss 2.9199466705322266 - score 0.7017
2019-07-12 07:04:33,566 TEST : loss 2.7539210319519043 - score 0.6682
2019-07-12 07:04:43,706 ----------------------------------------------------------------------------------------------------
2019-07-12 07:04:45,025 epoch 9 - iter 0/73 - loss 0.77013922
2019-07-12 07:04:47,196 epoch 9 - iter 7/73 - loss 1.01832243
2019-07-12 07:04:49,787 epoch 9 - iter 14/73 - loss 0.96050814
2019-07-12 07:04:52,137 epoch 9 - iter 21/73 - loss 0.96346567
2019-07-12 07:04:54,573 epoch 9 - iter 28/73 - loss 0.95976704
2019-07-12 07:04:57,122 epoch 9 - iter 35/73 - loss 0.94787726
2019-07-12 07:04:59,483 epoch 9 - iter 42/73 - loss 0.91393859
2019-07-12 07:05:01,925 epoch 9 - iter 49/73 - loss 0.89951515
2019-07-12 07:05:04,115 epoch 9 - iter 56/73 - loss 0.91683192
2019-07-12 07:05:06,857 epoch 9 - iter 63/73 - loss 0.92775125
2019-07-12 07:05:08,955 epoch 9 - iter 70/73 - loss 0.92632091
2019-07-12 07:05:09,663 ----------------------------------------------------------------------------------------------------
2019-07-12 07:05:09,663 EPOCH 9 done: loss 0.9206 - lr 0.1000 - bad epochs 0
2019-07-12 07:12:06,331 DEV : loss 2.948254108428955 - score 0.7025
2019-07-12 07:17:18,147 TEST : loss 2.773944139480591 - score 0.6739
2019-07-12 07:17:28,339 ----------------------------------------------------------------------------------------------------
2019-07-12 07:17:29,686 epoch 10 - iter 0/73 - loss 0.97312748
2019-07-12 07:17:32,121 epoch 10 - iter 7/73 - loss 0.76590182
2019-07-12 07:17:34,454 epoch 10 - iter 14/73 - loss 0.75105766
2019-07-12 07:17:36,738 epoch 10 - iter 21/73 - loss 0.74855592
2019-07-12 07:17:39,192 epoch 10 - iter 28/73 - loss 0.78640569
2019-07-12 07:17:41,204 epoch 10 - iter 35/73 - loss 0.75060154
2019-07-12 07:17:43,605 epoch 10 - iter 42/73 - loss 0.73429300
2019-07-12 07:17:46,016 epoch 10 - iter 49/73 - loss 0.77702768
2019-07-12 07:17:48,725 epoch 10 - iter 56/73 - loss 0.79325104
2019-07-12 07:17:51,031 epoch 10 - iter 63/73 - loss 0.76943943
2019-07-12 07:17:53,445 epoch 10 - iter 70/73 - loss 0.79434523
2019-07-12 07:17:54,178 ----------------------------------------------------------------------------------------------------
2019-07-12 07:17:54,178 EPOCH 10 done: loss 0.7834 - lr 0.1000 - bad epochs 0
2019-07-12 07:24:57,518 DEV : loss 2.8437488079071045 - score 0.7076
2019-07-12 07:30:21,201 TEST : loss 2.666569471359253 - score 0.6789
2019-07-12 07:30:39,295 ----------------------------------------------------------------------------------------------------
2019-07-12 07:30:39,295 Testing using best model ...
2019-07-12 07:30:39,296 loading file output_models/taggers/example-ner-40/best-model.pt
2019-07-12 07:36:03,695 0.6706	0.6874	0.6789
2019-07-12 07:36:03,696 
MICRO_AVG: acc 0.5139 - f1-score 0.6789
MACRO_AVG: acc 0.3021 - f1-score 0.4070666666666667
CARDINAL   tp: 630 - fp: 479 - fn: 375 - tn: 630 - precision: 0.5681 - recall: 0.6269 - accuracy: 0.4245 - f1-score: 0.5961
DATE       tp: 1194 - fp: 583 - fn: 593 - tn: 1194 - precision: 0.6719 - recall: 0.6682 - accuracy: 0.5038 - f1-score: 0.6700
EVENT      tp: 5 - fp: 14 - fn: 80 - tn: 5 - precision: 0.2632 - recall: 0.0588 - accuracy: 0.0505 - f1-score: 0.0961
FAC        tp: 0 - fp: 10 - fn: 149 - tn: 0 - precision: 0.0000 - recall: 0.0000 - accuracy: 0.0000 - f1-score: 0.0000
GPE        tp: 2162 - fp: 820 - fn: 384 - tn: 2162 - precision: 0.7250 - recall: 0.8492 - accuracy: 0.6423 - f1-score: 0.7822
LANGUAGE   tp: 0 - fp: 0 - fn: 22 - tn: 0 - precision: 0.0000 - recall: 0.0000 - accuracy: 0.0000 - f1-score: 0.0000
LAW        tp: 0 - fp: 0 - fn: 44 - tn: 0 - precision: 0.0000 - recall: 0.0000 - accuracy: 0.0000 - f1-score: 0.0000
LOC        tp: 33 - fp: 97 - fn: 182 - tn: 33 - precision: 0.2538 - recall: 0.1535 - accuracy: 0.1058 - f1-score: 0.1913
MONEY      tp: 296 - fp: 114 - fn: 59 - tn: 296 - precision: 0.7220 - recall: 0.8338 - accuracy: 0.6311 - f1-score: 0.7739
NORP       tp: 728 - fp: 297 - fn: 262 - tn: 728 - precision: 0.7102 - recall: 0.7354 - accuracy: 0.5657 - f1-score: 0.7226
ORDINAL    tp: 84 - fp: 66 - fn: 123 - tn: 84 - precision: 0.5600 - recall: 0.4058 - accuracy: 0.3077 - f1-score: 0.4706
ORG        tp: 1352 - fp: 835 - fn: 650 - tn: 1352 - precision: 0.6182 - recall: 0.6753 - accuracy: 0.4766 - f1-score: 0.6455
PERCENT    tp: 322 - fp: 128 - fn: 86 - tn: 322 - precision: 0.7156 - recall: 0.7892 - accuracy: 0.6007 - f1-score: 0.7506
PERSON     tp: 1726 - fp: 599 - fn: 408 - tn: 1726 - precision: 0.7424 - recall: 0.8088 - accuracy: 0.6315 - f1-score: 0.7742
PRODUCT    tp: 3 - fp: 17 - fn: 87 - tn: 3 - precision: 0.1500 - recall: 0.0333 - accuracy: 0.0280 - f1-score: 0.0545
QUANTITY   tp: 42 - fp: 59 - fn: 111 - tn: 42 - precision: 0.4158 - recall: 0.2745 - accuracy: 0.1981 - f1-score: 0.3307
TIME       tp: 56 - fp: 58 - fn: 169 - tn: 56 - precision: 0.4912 - recall: 0.2489 - accuracy: 0.1979 - f1-score: 0.3304
WORK_OF_ART tp: 18 - fp: 73 - fn: 151 - tn: 18 - precision: 0.1978 - recall: 0.1065 - accuracy: 0.0744 - f1-score: 0.1385
2019-07-12 07:36:03,696 ----------------------------------------------------------------------------------------------------
