2019-07-03 12:49:54,534 ----------------------------------------------------------------------------------------------------
2019-07-03 12:49:54,535 Evaluation method: MICRO_F1_SCORE
2019-07-03 12:49:54,544 ----------------------------------------------------------------------------------------------------
2019-07-03 12:49:55,807 epoch 1 - iter 0/66 - loss 72.89528656
2019-07-03 12:49:57,714 epoch 1 - iter 6/66 - loss 28.89450169
2019-07-03 12:49:59,504 epoch 1 - iter 12/66 - loss 21.41402611
2019-07-03 12:50:01,593 epoch 1 - iter 18/66 - loss 18.44339039
2019-07-03 12:50:03,935 epoch 1 - iter 24/66 - loss 16.82760948
2019-07-03 12:50:06,304 epoch 1 - iter 30/66 - loss 15.42921117
2019-07-03 12:50:08,387 epoch 1 - iter 36/66 - loss 14.07178835
2019-07-03 12:50:10,458 epoch 1 - iter 42/66 - loss 13.01275470
2019-07-03 12:50:12,509 epoch 1 - iter 48/66 - loss 12.29684351
2019-07-03 12:50:14,731 epoch 1 - iter 54/66 - loss 11.82050098
2019-07-03 12:50:16,725 epoch 1 - iter 60/66 - loss 11.25924770
2019-07-03 12:50:18,444 ----------------------------------------------------------------------------------------------------
2019-07-03 12:50:18,444 EPOCH 1 done: loss 10.8389 - lr 0.1000 - bad epochs 0
2019-07-03 12:57:24,752 DEV : loss 7.733351707458496 - score 0.1341
2019-07-03 13:03:00,421 TEST : loss 6.939162731170654 - score 0.1316
2019-07-03 13:03:09,524 ----------------------------------------------------------------------------------------------------
2019-07-03 13:03:11,007 epoch 2 - iter 0/66 - loss 6.88266230
2019-07-03 13:03:12,907 epoch 2 - iter 6/66 - loss 5.88513412
2019-07-03 13:03:14,743 epoch 2 - iter 12/66 - loss 5.46992106
2019-07-03 13:03:16,727 epoch 2 - iter 18/66 - loss 5.39871479
2019-07-03 13:03:19,399 epoch 2 - iter 24/66 - loss 5.68126495
2019-07-03 13:03:21,400 epoch 2 - iter 30/66 - loss 5.65327000
2019-07-03 13:03:23,292 epoch 2 - iter 36/66 - loss 5.74343099
2019-07-03 13:03:25,248 epoch 2 - iter 42/66 - loss 5.73174201
2019-07-03 13:03:26,990 epoch 2 - iter 48/66 - loss 5.58619338
2019-07-03 13:03:28,903 epoch 2 - iter 54/66 - loss 5.50716631
2019-07-03 13:03:30,831 epoch 2 - iter 60/66 - loss 5.40998786
2019-07-03 13:03:32,632 ----------------------------------------------------------------------------------------------------
2019-07-03 13:03:32,632 EPOCH 2 done: loss 5.3889 - lr 0.1000 - bad epochs 0
2019-07-03 13:10:48,411 DEV : loss 5.324824333190918 - score 0.4543
2019-07-03 13:16:16,127 TEST : loss 4.811849117279053 - score 0.4561
2019-07-03 13:16:26,923 ----------------------------------------------------------------------------------------------------
2019-07-03 13:16:28,400 epoch 3 - iter 0/66 - loss 3.61815214
2019-07-03 13:16:30,620 epoch 3 - iter 6/66 - loss 5.37531253
2019-07-03 13:16:32,718 epoch 3 - iter 12/66 - loss 4.97321661
2019-07-03 13:16:34,748 epoch 3 - iter 18/66 - loss 5.00108468
2019-07-03 13:16:37,189 epoch 3 - iter 24/66 - loss 4.88728260
2019-07-03 13:16:39,328 epoch 3 - iter 30/66 - loss 4.61161956
2019-07-03 13:16:41,284 epoch 3 - iter 36/66 - loss 4.34763415
2019-07-03 13:16:43,199 epoch 3 - iter 42/66 - loss 4.22837451
2019-07-03 13:16:45,439 epoch 3 - iter 48/66 - loss 4.25033020
2019-07-03 13:16:47,597 epoch 3 - iter 54/66 - loss 4.25283718
2019-07-03 13:16:49,536 epoch 3 - iter 60/66 - loss 4.23426763
2019-07-03 13:16:51,415 ----------------------------------------------------------------------------------------------------
2019-07-03 13:16:51,415 EPOCH 3 done: loss 4.2570 - lr 0.1000 - bad epochs 0
2019-07-03 13:24:06,216 DEV : loss 4.49758768081665 - score 0.6021
2019-07-03 13:29:23,495 TEST : loss 4.106418132781982 - score 0.5972
2019-07-03 13:29:34,392 ----------------------------------------------------------------------------------------------------
2019-07-03 13:29:35,800 epoch 4 - iter 0/66 - loss 6.20165014
2019-07-03 13:29:37,587 epoch 4 - iter 6/66 - loss 2.94311902
2019-07-03 13:29:39,745 epoch 4 - iter 12/66 - loss 3.47738363
2019-07-03 13:29:41,625 epoch 4 - iter 18/66 - loss 3.36124569
2019-07-03 13:29:43,805 epoch 4 - iter 24/66 - loss 3.56903892
2019-07-03 13:29:45,899 epoch 4 - iter 30/66 - loss 3.65922379
2019-07-03 13:29:47,678 epoch 4 - iter 36/66 - loss 3.51732613
2019-07-03 13:29:49,583 epoch 4 - iter 42/66 - loss 3.63415135
2019-07-03 13:29:51,584 epoch 4 - iter 48/66 - loss 3.68026213
2019-07-03 13:29:53,518 epoch 4 - iter 54/66 - loss 3.71207703
2019-07-03 13:29:55,578 epoch 4 - iter 60/66 - loss 3.70028456
2019-07-03 13:29:57,515 ----------------------------------------------------------------------------------------------------
2019-07-03 13:29:57,516 EPOCH 4 done: loss 3.6169 - lr 0.1000 - bad epochs 0
2019-07-03 13:37:23,314 DEV : loss 4.047057628631592 - score 0.6174
2019-07-03 13:42:33,505 TEST : loss 3.6986608505249023 - score 0.6111
2019-07-03 13:42:44,176 ----------------------------------------------------------------------------------------------------
2019-07-03 13:42:45,730 epoch 5 - iter 0/66 - loss 3.63762474
2019-07-03 13:42:47,689 epoch 5 - iter 6/66 - loss 2.73352224
2019-07-03 13:42:49,453 epoch 5 - iter 12/66 - loss 3.03054863
2019-07-03 13:42:51,204 epoch 5 - iter 18/66 - loss 3.00246413
2019-07-03 13:42:53,292 epoch 5 - iter 24/66 - loss 3.05198877
2019-07-03 13:42:55,216 epoch 5 - iter 30/66 - loss 3.21181638
2019-07-03 13:42:57,090 epoch 5 - iter 36/66 - loss 3.16169112
2019-07-03 13:42:59,047 epoch 5 - iter 42/66 - loss 3.20880467
2019-07-03 13:43:00,899 epoch 5 - iter 48/66 - loss 3.21959417
2019-07-03 13:43:03,164 epoch 5 - iter 54/66 - loss 3.18448901
2019-07-03 13:43:05,185 epoch 5 - iter 60/66 - loss 3.22581823
2019-07-03 13:43:06,886 ----------------------------------------------------------------------------------------------------
2019-07-03 13:43:06,886 EPOCH 5 done: loss 3.1808 - lr 0.1000 - bad epochs 0
2019-07-03 13:50:54,449 DEV : loss 3.8524320125579834 - score 0.636
2019-07-03 13:56:40,288 TEST : loss 3.517960548400879 - score 0.6322
2019-07-03 13:56:51,267 ----------------------------------------------------------------------------------------------------
2019-07-03 13:56:52,697 epoch 6 - iter 0/66 - loss 4.41381216
2019-07-03 13:56:54,847 epoch 6 - iter 6/66 - loss 3.27765248
2019-07-03 13:56:57,003 epoch 6 - iter 12/66 - loss 3.25987008
2019-07-03 13:56:59,107 epoch 6 - iter 18/66 - loss 2.97311471
2019-07-03 13:57:00,994 epoch 6 - iter 24/66 - loss 2.77072852
2019-07-03 13:57:03,368 epoch 6 - iter 30/66 - loss 2.84055978
2019-07-03 13:57:05,606 epoch 6 - iter 36/66 - loss 2.86228655
2019-07-03 13:57:07,803 epoch 6 - iter 42/66 - loss 2.88763498
2019-07-03 13:57:10,111 epoch 6 - iter 48/66 - loss 2.87359421
2019-07-03 13:57:12,376 epoch 6 - iter 54/66 - loss 2.85756578
2019-07-03 13:57:14,529 epoch 6 - iter 60/66 - loss 2.86289877
2019-07-03 13:57:16,804 ----------------------------------------------------------------------------------------------------
2019-07-03 13:57:16,804 EPOCH 6 done: loss 2.9271 - lr 0.1000 - bad epochs 0
2019-07-03 14:04:54,606 DEV : loss 3.527280807495117 - score 0.6548
2019-07-03 14:10:24,981 TEST : loss 3.2509512901306152 - score 0.6485
2019-07-03 14:10:35,778 ----------------------------------------------------------------------------------------------------
2019-07-03 14:10:37,139 epoch 7 - iter 0/66 - loss 1.71632051
2019-07-03 14:10:38,620 epoch 7 - iter 6/66 - loss 2.60140628
2019-07-03 14:10:40,307 epoch 7 - iter 12/66 - loss 2.68660279
2019-07-03 14:10:41,920 epoch 7 - iter 18/66 - loss 2.80839355
2019-07-03 14:10:43,281 epoch 7 - iter 24/66 - loss 2.64454875
2019-07-03 14:10:44,791 epoch 7 - iter 30/66 - loss 2.70961046
2019-07-03 14:10:46,741 epoch 7 - iter 36/66 - loss 2.65608984
2019-07-03 14:10:48,568 epoch 7 - iter 42/66 - loss 2.65770329
2019-07-03 14:10:50,962 epoch 7 - iter 48/66 - loss 2.72442250
2019-07-03 14:10:52,877 epoch 7 - iter 54/66 - loss 2.69642829
2019-07-03 14:10:54,988 epoch 7 - iter 60/66 - loss 2.68505394
2019-07-03 14:10:56,560 ----------------------------------------------------------------------------------------------------
2019-07-03 14:10:56,560 EPOCH 7 done: loss 2.6283 - lr 0.1000 - bad epochs 0
2019-07-03 14:18:00,647 DEV : loss 3.473792552947998 - score 0.665
2019-07-03 14:23:30,365 TEST : loss 3.1812100410461426 - score 0.6577
2019-07-03 14:23:42,148 ----------------------------------------------------------------------------------------------------
2019-07-03 14:23:43,761 epoch 8 - iter 0/66 - loss 6.92646360
2019-07-03 14:23:45,799 epoch 8 - iter 6/66 - loss 2.85518425
2019-07-03 14:23:47,699 epoch 8 - iter 12/66 - loss 2.60152961
2019-07-03 14:23:49,631 epoch 8 - iter 18/66 - loss 2.47565039
2019-07-03 14:23:51,686 epoch 8 - iter 24/66 - loss 2.49860780
2019-07-03 14:23:53,664 epoch 8 - iter 30/66 - loss 2.47425459
2019-07-03 14:23:55,971 epoch 8 - iter 36/66 - loss 2.49421487
2019-07-03 14:23:57,816 epoch 8 - iter 42/66 - loss 2.38393015
2019-07-03 14:23:59,847 epoch 8 - iter 48/66 - loss 2.45651325
2019-07-03 14:24:01,857 epoch 8 - iter 54/66 - loss 2.45179301
2019-07-03 14:24:03,810 epoch 8 - iter 60/66 - loss 2.43101343
2019-07-03 14:24:05,246 ----------------------------------------------------------------------------------------------------
2019-07-03 14:24:05,246 EPOCH 8 done: loss 2.3615 - lr 0.1000 - bad epochs 0
2019-07-03 14:31:45,649 DEV : loss 3.3683993816375732 - score 0.6678
2019-07-03 14:37:32,271 TEST : loss 3.0275633335113525 - score 0.6575
2019-07-03 14:37:43,263 ----------------------------------------------------------------------------------------------------
2019-07-03 14:37:44,677 epoch 9 - iter 0/66 - loss 2.02531052
2019-07-03 14:37:46,781 epoch 9 - iter 6/66 - loss 1.80952370
2019-07-03 14:37:48,924 epoch 9 - iter 12/66 - loss 2.19594314
2019-07-03 14:37:50,985 epoch 9 - iter 18/66 - loss 2.11740112
2019-07-03 14:37:53,418 epoch 9 - iter 24/66 - loss 2.19576993
2019-07-03 14:37:55,548 epoch 9 - iter 30/66 - loss 2.25693292
2019-07-03 14:37:57,635 epoch 9 - iter 36/66 - loss 2.33649734
2019-07-03 14:37:59,909 epoch 9 - iter 42/66 - loss 2.29158942
2019-07-03 14:38:02,111 epoch 9 - iter 48/66 - loss 2.29204218
2019-07-03 14:38:04,165 epoch 9 - iter 54/66 - loss 2.29501264
2019-07-03 14:38:06,429 epoch 9 - iter 60/66 - loss 2.35819177
2019-07-03 14:38:08,040 ----------------------------------------------------------------------------------------------------
2019-07-03 14:38:08,040 EPOCH 9 done: loss 2.3233 - lr 0.1000 - bad epochs 0
2019-07-03 14:45:52,501 DEV : loss 3.175886631011963 - score 0.6721
2019-07-03 14:51:30,838 TEST : loss 2.9244372844696045 - score 0.6674
2019-07-03 14:51:42,175 ----------------------------------------------------------------------------------------------------
2019-07-03 14:51:43,691 epoch 10 - iter 0/66 - loss 2.46703267
2019-07-03 14:51:46,240 epoch 10 - iter 6/66 - loss 1.54932327
2019-07-03 14:51:48,248 epoch 10 - iter 12/66 - loss 1.88006568
2019-07-03 14:51:50,375 epoch 10 - iter 18/66 - loss 2.08886827
2019-07-03 14:51:52,649 epoch 10 - iter 24/66 - loss 1.97127154
2019-07-03 14:51:54,558 epoch 10 - iter 30/66 - loss 1.94530835
2019-07-03 14:51:56,519 epoch 10 - iter 36/66 - loss 1.94255998
2019-07-03 14:51:58,417 epoch 10 - iter 42/66 - loss 1.94068361
2019-07-03 14:52:13,552 epoch 10 - iter 48/66 - loss 1.99181052
2019-07-03 14:52:15,046 epoch 10 - iter 54/66 - loss 1.99956133
2019-07-03 14:52:17,047 epoch 10 - iter 60/66 - loss 2.04305289
2019-07-03 14:52:18,976 ----------------------------------------------------------------------------------------------------
2019-07-03 14:52:18,976 EPOCH 10 done: loss 2.0811 - lr 0.1000 - bad epochs 0
2019-07-03 14:59:47,475 DEV : loss 3.1978492736816406 - score 0.6784
2019-07-03 15:04:53,354 TEST : loss 2.869880199432373 - score 0.6735
2019-07-03 15:05:13,562 ----------------------------------------------------------------------------------------------------
2019-07-03 15:05:13,562 Testing using best model ...
2019-07-03 15:05:13,563 loading file output_models/taggers/example-ner-8/best-model.pt
2019-07-03 15:09:43,778 0.7071	0.643	0.6735
2019-07-03 15:09:43,778 
MICRO_AVG: acc 0.5078 - f1-score 0.6735
MACRO_AVG: acc 0.257 - f1-score 0.33675000000000005
CARDINAL   tp: 500 - fp: 476 - fn: 627 - tn: 500 - precision: 0.5123 - recall: 0.4437 - accuracy: 0.3119 - f1-score: 0.4755
DATE       tp: 1028 - fp: 455 - fn: 720 - tn: 1028 - precision: 0.6932 - recall: 0.5881 - accuracy: 0.4666 - f1-score: 0.6363
EVENT      tp: 3 - fp: 14 - fn: 103 - tn: 3 - precision: 0.1765 - recall: 0.0283 - accuracy: 0.0250 - f1-score: 0.0488
FAC        tp: 0 - fp: 0 - fn: 125 - tn: 0 - precision: 0.0000 - recall: 0.0000 - accuracy: 0.0000 - f1-score: 0.0000
GPE        tp: 1905 - fp: 584 - fn: 327 - tn: 1905 - precision: 0.7654 - recall: 0.8535 - accuracy: 0.6765 - f1-score: 0.8071
LANGUAGE   tp: 0 - fp: 0 - fn: 39 - tn: 0 - precision: 0.0000 - recall: 0.0000 - accuracy: 0.0000 - f1-score: 0.0000
LAW        tp: 0 - fp: 0 - fn: 34 - tn: 0 - precision: 0.0000 - recall: 0.0000 - accuracy: 0.0000 - f1-score: 0.0000
LOC        tp: 0 - fp: 3 - fn: 234 - tn: 0 - precision: 0.0000 - recall: 0.0000 - accuracy: 0.0000 - f1-score: 0.0000
MONEY      tp: 365 - fp: 232 - fn: 131 - tn: 365 - precision: 0.6114 - recall: 0.7359 - accuracy: 0.5014 - f1-score: 0.6679
NORP       tp: 709 - fp: 247 - fn: 202 - tn: 709 - precision: 0.7416 - recall: 0.7783 - accuracy: 0.6123 - f1-score: 0.7595
ORDINAL    tp: 38 - fp: 24 - fn: 170 - tn: 38 - precision: 0.6129 - recall: 0.1827 - accuracy: 0.1638 - f1-score: 0.2815
ORG        tp: 1632 - fp: 841 - fn: 798 - tn: 1632 - precision: 0.6599 - recall: 0.6716 - accuracy: 0.4989 - f1-score: 0.6657
PERCENT    tp: 286 - fp: 106 - fn: 81 - tn: 286 - precision: 0.7296 - recall: 0.7793 - accuracy: 0.6047 - f1-score: 0.7536
PERSON     tp: 1809 - fp: 393 - fn: 437 - tn: 1809 - precision: 0.8215 - recall: 0.8054 - accuracy: 0.6855 - f1-score: 0.8134
PRODUCT    tp: 0 - fp: 1 - fn: 117 - tn: 0 - precision: 0.0000 - recall: 0.0000 - accuracy: 0.0000 - f1-score: 0.0000
QUANTITY   tp: 11 - fp: 51 - fn: 145 - tn: 11 - precision: 0.1774 - recall: 0.0705 - accuracy: 0.0531 - f1-score: 0.1009
TIME       tp: 1 - fp: 0 - fn: 175 - tn: 1 - precision: 1.0000 - recall: 0.0057 - accuracy: 0.0057 - f1-score: 0.0113
WORK_OF_ART tp: 3 - fp: 7 - fn: 137 - tn: 3 - precision: 0.3000 - recall: 0.0214 - accuracy: 0.0204 - f1-score: 0.0400
2019-07-03 15:09:43,778 ----------------------------------------------------------------------------------------------------
