2019-07-04 06:35:15,533 ----------------------------------------------------------------------------------------------------
2019-07-04 06:35:15,533 Evaluation method: MICRO_F1_SCORE
2019-07-04 06:35:15,546 ----------------------------------------------------------------------------------------------------
2019-07-04 06:35:16,557 epoch 1 - iter 0/66 - loss 205.65890503
2019-07-04 06:35:18,036 epoch 1 - iter 6/66 - loss 157.49595424
2019-07-04 06:35:19,581 epoch 1 - iter 12/66 - loss 145.06190960
2019-07-04 06:35:21,256 epoch 1 - iter 18/66 - loss 138.36114462
2019-07-04 06:35:22,913 epoch 1 - iter 24/66 - loss 133.86820984
2019-07-04 06:35:24,483 epoch 1 - iter 30/66 - loss 129.51664808
2019-07-04 06:35:26,161 epoch 1 - iter 36/66 - loss 125.53753291
2019-07-04 06:35:27,682 epoch 1 - iter 42/66 - loss 121.88201159
2019-07-04 06:35:29,387 epoch 1 - iter 48/66 - loss 118.57505705
2019-07-04 06:35:30,858 epoch 1 - iter 54/66 - loss 115.23663191
2019-07-04 06:35:32,540 epoch 1 - iter 60/66 - loss 112.21758083
2019-07-04 06:35:33,913 ----------------------------------------------------------------------------------------------------
2019-07-04 06:35:33,913 EPOCH 1 done: loss 109.8940 - lr 0.1000 - bad epochs 0
2019-07-04 06:42:09,518 DEV : loss 78.28717803955078 - score 0.3388
2019-07-04 06:47:15,262 TEST : loss 77.64360809326172 - score 0.3371
2019-07-04 06:47:23,592 ----------------------------------------------------------------------------------------------------
2019-07-04 06:47:24,908 epoch 2 - iter 0/66 - loss 78.65701294
2019-07-04 06:47:26,933 epoch 2 - iter 6/66 - loss 74.65575518
2019-07-04 06:47:28,986 epoch 2 - iter 12/66 - loss 72.25987831
2019-07-04 06:47:30,813 epoch 2 - iter 18/66 - loss 69.96126135
2019-07-04 06:47:32,964 epoch 2 - iter 24/66 - loss 67.99530731
2019-07-04 06:47:35,188 epoch 2 - iter 30/66 - loss 66.20975334
2019-07-04 06:47:37,554 epoch 2 - iter 36/66 - loss 64.23044834
2019-07-04 06:47:39,626 epoch 2 - iter 42/66 - loss 62.30397593
2019-07-04 06:47:41,819 epoch 2 - iter 48/66 - loss 60.45224388
2019-07-04 06:47:44,051 epoch 2 - iter 54/66 - loss 58.73377096
2019-07-04 06:47:46,110 epoch 2 - iter 60/66 - loss 57.06739838
2019-07-04 06:47:47,816 ----------------------------------------------------------------------------------------------------
2019-07-04 06:47:47,817 EPOCH 2 done: loss 55.7528 - lr 0.1000 - bad epochs 0
2019-07-04 06:54:50,623 DEV : loss 37.80036163330078 - score 0.5236
2019-07-04 06:59:55,179 TEST : loss 37.349239349365234 - score 0.5198
2019-07-04 07:00:04,615 ----------------------------------------------------------------------------------------------------
2019-07-04 07:00:06,018 epoch 3 - iter 0/66 - loss 37.74775696
2019-07-04 07:00:08,327 epoch 3 - iter 6/66 - loss 37.55003248
2019-07-04 07:00:10,352 epoch 3 - iter 12/66 - loss 35.96493530
2019-07-04 07:00:12,409 epoch 3 - iter 18/66 - loss 34.48475386
2019-07-04 07:00:14,730 epoch 3 - iter 24/66 - loss 33.08889465
2019-07-04 07:00:16,628 epoch 3 - iter 30/66 - loss 31.87422845
2019-07-04 07:00:18,785 epoch 3 - iter 36/66 - loss 30.83090241
2019-07-04 07:00:20,852 epoch 3 - iter 42/66 - loss 29.80760472
2019-07-04 07:00:23,089 epoch 3 - iter 48/66 - loss 28.79004140
2019-07-04 07:00:25,297 epoch 3 - iter 54/66 - loss 27.96669169
2019-07-04 07:00:27,403 epoch 3 - iter 60/66 - loss 27.08121431
2019-07-04 07:00:29,057 ----------------------------------------------------------------------------------------------------
2019-07-04 07:00:29,057 EPOCH 3 done: loss 26.3734 - lr 0.1000 - bad epochs 0
2019-07-04 07:07:34,560 DEV : loss 16.87060546875 - score 0.4992
2019-07-04 07:12:41,770 TEST : loss 16.434890747070312 - score 0.4944
2019-07-04 07:12:41,771 ----------------------------------------------------------------------------------------------------
2019-07-04 07:12:43,183 epoch 4 - iter 0/66 - loss 15.89377785
2019-07-04 07:12:45,303 epoch 4 - iter 6/66 - loss 16.12291690
2019-07-04 07:12:47,701 epoch 4 - iter 12/66 - loss 15.45111656
2019-07-04 07:12:49,848 epoch 4 - iter 18/66 - loss 15.06054216
2019-07-04 07:12:51,999 epoch 4 - iter 24/66 - loss 14.69801765
2019-07-04 07:12:54,244 epoch 4 - iter 30/66 - loss 14.33148772
2019-07-04 07:12:56,341 epoch 4 - iter 36/66 - loss 14.02822616
2019-07-04 07:12:58,504 epoch 4 - iter 42/66 - loss 13.58163913
2019-07-04 07:13:00,420 epoch 4 - iter 48/66 - loss 13.24209801
2019-07-04 07:13:02,582 epoch 4 - iter 54/66 - loss 12.92967718
2019-07-04 07:13:04,585 epoch 4 - iter 60/66 - loss 12.54727478
2019-07-04 07:13:06,207 ----------------------------------------------------------------------------------------------------
2019-07-04 07:13:06,207 EPOCH 4 done: loss 12.1907 - lr 0.1000 - bad epochs 1
2019-07-04 07:20:06,032 DEV : loss 8.397804260253906 - score 0.5808
2019-07-04 07:25:03,461 TEST : loss 8.088360786437988 - score 0.5744
2019-07-04 07:25:13,021 ----------------------------------------------------------------------------------------------------
2019-07-04 07:25:14,443 epoch 5 - iter 0/66 - loss 9.49203777
2019-07-04 07:25:16,635 epoch 5 - iter 6/66 - loss 8.18668311
2019-07-04 07:25:18,609 epoch 5 - iter 12/66 - loss 7.77837508
2019-07-04 07:25:20,784 epoch 5 - iter 18/66 - loss 7.57481906
2019-07-04 07:25:23,250 epoch 5 - iter 24/66 - loss 7.36370539
2019-07-04 07:25:25,533 epoch 5 - iter 30/66 - loss 7.32192432
2019-07-04 07:25:39,260 epoch 5 - iter 36/66 - loss 7.04313029
2019-07-04 07:25:41,555 epoch 5 - iter 42/66 - loss 7.03322408
2019-07-04 07:25:43,062 epoch 5 - iter 48/66 - loss 6.88694048
2019-07-04 07:25:44,666 epoch 5 - iter 54/66 - loss 6.75606512
2019-07-04 07:25:46,262 epoch 5 - iter 60/66 - loss 6.61605685
2019-07-04 07:25:47,621 ----------------------------------------------------------------------------------------------------
2019-07-04 07:25:47,621 EPOCH 5 done: loss 6.5512 - lr 0.1000 - bad epochs 0
2019-07-04 07:32:35,366 DEV : loss 5.224095821380615 - score 0.5992
2019-07-04 07:37:45,947 TEST : loss 4.969752788543701 - score 0.6007
2019-07-04 07:37:55,571 ----------------------------------------------------------------------------------------------------
2019-07-04 07:37:56,898 epoch 6 - iter 0/66 - loss 3.16261578
2019-07-04 07:37:59,161 epoch 6 - iter 6/66 - loss 4.95919946
2019-07-04 07:38:01,366 epoch 6 - iter 12/66 - loss 4.77558987
2019-07-04 07:38:03,494 epoch 6 - iter 18/66 - loss 4.67019387
2019-07-04 07:38:05,545 epoch 6 - iter 24/66 - loss 4.78948067
2019-07-04 07:38:07,623 epoch 6 - iter 30/66 - loss 4.69033061
2019-07-04 07:38:09,838 epoch 6 - iter 36/66 - loss 4.86766103
2019-07-04 07:38:12,042 epoch 6 - iter 42/66 - loss 4.88687897
2019-07-04 07:38:14,270 epoch 6 - iter 48/66 - loss 4.88805417
2019-07-04 07:38:16,414 epoch 6 - iter 54/66 - loss 4.88000231
2019-07-04 07:38:18,466 epoch 6 - iter 60/66 - loss 4.79146511
2019-07-04 07:38:20,080 ----------------------------------------------------------------------------------------------------
2019-07-04 07:38:20,080 EPOCH 6 done: loss 4.7091 - lr 0.1000 - bad epochs 0
2019-07-04 07:45:20,944 DEV : loss 4.619997024536133 - score 0.6154
2019-07-04 07:50:31,230 TEST : loss 4.339931488037109 - score 0.6118
2019-07-04 07:50:40,689 ----------------------------------------------------------------------------------------------------
2019-07-04 07:50:41,997 epoch 7 - iter 0/66 - loss 3.91694570
2019-07-04 07:50:43,783 epoch 7 - iter 6/66 - loss 4.92518462
2019-07-04 07:50:45,643 epoch 7 - iter 12/66 - loss 4.42525352
2019-07-04 07:50:47,870 epoch 7 - iter 18/66 - loss 4.38866171
2019-07-04 07:50:49,980 epoch 7 - iter 24/66 - loss 4.23352502
2019-07-04 07:50:52,031 epoch 7 - iter 30/66 - loss 4.11494114
2019-07-04 07:50:54,100 epoch 7 - iter 36/66 - loss 4.10808932
2019-07-04 07:50:56,378 epoch 7 - iter 42/66 - loss 4.11314437
2019-07-04 07:50:58,339 epoch 7 - iter 48/66 - loss 4.03487506
2019-07-04 07:51:00,508 epoch 7 - iter 54/66 - loss 4.01577254
2019-07-04 07:51:02,416 epoch 7 - iter 60/66 - loss 4.02969471
2019-07-04 07:51:04,255 ----------------------------------------------------------------------------------------------------
2019-07-04 07:51:04,256 EPOCH 7 done: loss 4.0040 - lr 0.1000 - bad epochs 0
2019-07-04 07:58:02,334 DEV : loss 4.008578300476074 - score 0.6232
2019-07-04 08:03:11,292 TEST : loss 3.7171084880828857 - score 0.6221
2019-07-04 08:03:20,752 ----------------------------------------------------------------------------------------------------
2019-07-04 08:03:22,060 epoch 8 - iter 0/66 - loss 1.63401556
2019-07-04 08:03:24,413 epoch 8 - iter 6/66 - loss 3.84819886
2019-07-04 08:03:26,280 epoch 8 - iter 12/66 - loss 3.50625505
2019-07-04 08:03:28,654 epoch 8 - iter 18/66 - loss 3.67046204
2019-07-04 08:03:30,766 epoch 8 - iter 24/66 - loss 3.57950744
2019-07-04 08:03:32,928 epoch 8 - iter 30/66 - loss 3.61190624
2019-07-04 08:03:35,033 epoch 8 - iter 36/66 - loss 3.60059896
2019-07-04 08:03:37,311 epoch 8 - iter 42/66 - loss 3.63213987
2019-07-04 08:03:39,535 epoch 8 - iter 48/66 - loss 3.66939709
2019-07-04 08:03:41,608 epoch 8 - iter 54/66 - loss 3.65268927
2019-07-04 08:03:43,779 epoch 8 - iter 60/66 - loss 3.69985308
2019-07-04 08:03:45,470 ----------------------------------------------------------------------------------------------------
2019-07-04 08:03:45,471 EPOCH 8 done: loss 3.6743 - lr 0.1000 - bad epochs 0
2019-07-04 08:10:41,128 DEV : loss 4.316030502319336 - score 0.6168
2019-07-04 08:15:53,343 TEST : loss 3.9385147094726562 - score 0.6121
2019-07-04 08:15:53,343 ----------------------------------------------------------------------------------------------------
2019-07-04 08:15:54,753 epoch 9 - iter 0/66 - loss 2.89559507
2019-07-04 08:15:56,848 epoch 9 - iter 6/66 - loss 2.91648522
2019-07-04 08:15:58,854 epoch 9 - iter 12/66 - loss 3.20063761
2019-07-04 08:16:01,200 epoch 9 - iter 18/66 - loss 3.40945894
2019-07-04 08:16:03,337 epoch 9 - iter 24/66 - loss 3.56212022
2019-07-04 08:16:05,436 epoch 9 - iter 30/66 - loss 3.60369277
2019-07-04 08:16:07,476 epoch 9 - iter 36/66 - loss 3.59584501
2019-07-04 08:16:09,591 epoch 9 - iter 42/66 - loss 3.57990722
2019-07-04 08:16:11,949 epoch 9 - iter 48/66 - loss 3.55044622
2019-07-04 08:16:14,255 epoch 9 - iter 54/66 - loss 3.62917729
2019-07-04 08:16:16,538 epoch 9 - iter 60/66 - loss 3.62575624
2019-07-04 08:16:18,274 ----------------------------------------------------------------------------------------------------
2019-07-04 08:16:18,274 EPOCH 9 done: loss 3.5626 - lr 0.1000 - bad epochs 1
2019-07-04 08:23:14,222 DEV : loss 4.316662311553955 - score 0.6221
2019-07-04 08:28:20,110 TEST : loss 4.112788677215576 - score 0.6172
2019-07-04 08:28:20,110 ----------------------------------------------------------------------------------------------------
2019-07-04 08:28:21,607 epoch 10 - iter 0/66 - loss 4.14908934
2019-07-04 08:28:23,740 epoch 10 - iter 6/66 - loss 3.52299545
2019-07-04 08:28:25,785 epoch 10 - iter 12/66 - loss 3.40541310
2019-07-04 08:28:27,774 epoch 10 - iter 18/66 - loss 3.35310490
2019-07-04 08:28:29,952 epoch 10 - iter 24/66 - loss 3.24578013
2019-07-04 08:28:32,381 epoch 10 - iter 30/66 - loss 3.47251201
2019-07-04 08:28:34,397 epoch 10 - iter 36/66 - loss 3.41354887
2019-07-04 08:28:36,600 epoch 10 - iter 42/66 - loss 3.52399174
2019-07-04 08:28:38,677 epoch 10 - iter 48/66 - loss 3.41259860
2019-07-04 08:28:40,822 epoch 10 - iter 54/66 - loss 3.44481459
2019-07-04 08:28:42,832 epoch 10 - iter 60/66 - loss 3.43888024
2019-07-04 08:28:44,328 ----------------------------------------------------------------------------------------------------
2019-07-04 08:28:44,329 EPOCH 10 done: loss 3.3904 - lr 0.1000 - bad epochs 2
2019-07-04 08:35:43,764 DEV : loss 3.9065797328948975 - score 0.6305
2019-07-04 08:40:39,730 TEST : loss 3.676156759262085 - score 0.6288
2019-07-04 08:40:57,783 ----------------------------------------------------------------------------------------------------
2019-07-04 08:40:57,783 Testing using best model ...
2019-07-04 08:40:57,783 loading file output_models/taggers/example-ner-9/best-model.pt
2019-07-04 08:46:09,644 0.5841	0.6809	0.6288
2019-07-04 08:46:09,644 
MICRO_AVG: acc 0.4586 - f1-score 0.6288
MACRO_AVG: acc 0.2668 - f1-score 0.36076111111111114
CARDINAL   tp: 597 - fp: 620 - fn: 499 - tn: 597 - precision: 0.4906 - recall: 0.5447 - accuracy: 0.3479 - f1-score: 0.5162
DATE       tp: 1292 - fp: 1063 - fn: 679 - tn: 1292 - precision: 0.5486 - recall: 0.6555 - accuracy: 0.4258 - f1-score: 0.5973
EVENT      tp: 0 - fp: 0 - fn: 110 - tn: 0 - precision: 0.0000 - recall: 0.0000 - accuracy: 0.0000 - f1-score: 0.0000
FAC        tp: 0 - fp: 0 - fn: 114 - tn: 0 - precision: 0.0000 - recall: 0.0000 - accuracy: 0.0000 - f1-score: 0.0000
GPE        tp: 1880 - fp: 629 - fn: 317 - tn: 1880 - precision: 0.7493 - recall: 0.8557 - accuracy: 0.6653 - f1-score: 0.7990
LANGUAGE   tp: 0 - fp: 0 - fn: 36 - tn: 0 - precision: 0.0000 - recall: 0.0000 - accuracy: 0.0000 - f1-score: 0.0000
LAW        tp: 0 - fp: 1 - fn: 47 - tn: 0 - precision: 0.0000 - recall: 0.0000 - accuracy: 0.0000 - f1-score: 0.0000
LOC        tp: 23 - fp: 36 - fn: 198 - tn: 23 - precision: 0.3898 - recall: 0.1041 - accuracy: 0.0895 - f1-score: 0.1643
MONEY      tp: 366 - fp: 362 - fn: 151 - tn: 366 - precision: 0.5027 - recall: 0.7079 - accuracy: 0.4164 - f1-score: 0.5879
NORP       tp: 738 - fp: 270 - fn: 180 - tn: 738 - precision: 0.7321 - recall: 0.8039 - accuracy: 0.6212 - f1-score: 0.7663
ORDINAL    tp: 97 - fp: 79 - fn: 109 - tn: 97 - precision: 0.5511 - recall: 0.4709 - accuracy: 0.3404 - f1-score: 0.5079
ORG        tp: 1750 - fp: 2254 - fn: 682 - tn: 1750 - precision: 0.4371 - recall: 0.7196 - accuracy: 0.3735 - f1-score: 0.5439
PERCENT    tp: 334 - fp: 88 - fn: 77 - tn: 334 - precision: 0.7915 - recall: 0.8127 - accuracy: 0.6693 - f1-score: 0.8020
PERSON     tp: 1693 - fp: 690 - fn: 458 - tn: 1693 - precision: 0.7104 - recall: 0.7871 - accuracy: 0.5959 - f1-score: 0.7468
PRODUCT    tp: 0 - fp: 0 - fn: 98 - tn: 0 - precision: 0.0000 - recall: 0.0000 - accuracy: 0.0000 - f1-score: 0.0000
QUANTITY   tp: 22 - fp: 41 - fn: 95 - tn: 22 - precision: 0.3492 - recall: 0.1880 - accuracy: 0.1392 - f1-score: 0.2444
TIME       tp: 21 - fp: 44 - fn: 152 - tn: 21 - precision: 0.3231 - recall: 0.1214 - accuracy: 0.0968 - f1-score: 0.1765
WORK_OF_ART tp: 5 - fp: 102 - fn: 131 - tn: 5 - precision: 0.0467 - recall: 0.0368 - accuracy: 0.0210 - f1-score: 0.0412
2019-07-04 08:46:09,644 ----------------------------------------------------------------------------------------------------
