2019-07-05 10:57:22,406 ----------------------------------------------------------------------------------------------------
2019-07-05 10:57:22,407 Evaluation method: MICRO_F1_SCORE
2019-07-05 10:57:22,416 ----------------------------------------------------------------------------------------------------
2019-07-05 10:57:30,376 epoch 1 - iter 0/73 - loss 65.63038635
2019-07-05 10:57:32,616 epoch 1 - iter 7/73 - loss 24.92763126
2019-07-05 10:57:34,788 epoch 1 - iter 14/73 - loss 18.18935105
2019-07-05 10:57:37,017 epoch 1 - iter 21/73 - loss 15.43343665
2019-07-05 10:57:39,215 epoch 1 - iter 28/73 - loss 13.58620445
2019-07-05 10:57:41,493 epoch 1 - iter 35/73 - loss 12.19555761
2019-07-05 10:57:43,768 epoch 1 - iter 42/73 - loss 11.20130371
2019-07-05 10:57:46,109 epoch 1 - iter 49/73 - loss 10.68470020
2019-07-05 10:57:48,657 epoch 1 - iter 56/73 - loss 10.15549290
2019-07-05 10:57:51,275 epoch 1 - iter 63/73 - loss 9.70999633
2019-07-05 10:57:53,725 epoch 1 - iter 70/73 - loss 9.21376589
2019-07-05 10:57:54,630 ----------------------------------------------------------------------------------------------------
2019-07-05 10:57:54,630 EPOCH 1 done: loss 9.0829 - lr 0.1000 - bad epochs 0
2019-07-05 11:04:43,609 DEV : loss 5.888895511627197 - score 0.3294
2019-07-05 11:09:58,886 TEST : loss 5.118481636047363 - score 0.2904
2019-07-05 11:10:07,034 ----------------------------------------------------------------------------------------------------
2019-07-05 11:10:08,315 epoch 2 - iter 0/73 - loss 3.82622004
2019-07-05 11:10:10,632 epoch 2 - iter 7/73 - loss 3.91172966
2019-07-05 11:10:12,906 epoch 2 - iter 14/73 - loss 4.05292158
2019-07-05 11:10:15,356 epoch 2 - iter 21/73 - loss 3.97848817
2019-07-05 11:10:17,600 epoch 2 - iter 28/73 - loss 3.86638119
2019-07-05 11:10:19,934 epoch 2 - iter 35/73 - loss 4.14138308
2019-07-05 11:10:21,843 epoch 2 - iter 42/73 - loss 4.10882623
2019-07-05 11:10:24,209 epoch 2 - iter 49/73 - loss 4.12219359
2019-07-05 11:10:26,485 epoch 2 - iter 56/73 - loss 4.02688043
2019-07-05 11:10:29,093 epoch 2 - iter 63/73 - loss 4.03563462
2019-07-05 11:10:31,716 epoch 2 - iter 70/73 - loss 3.97738807
2019-07-05 11:10:32,530 ----------------------------------------------------------------------------------------------------
2019-07-05 11:10:32,530 EPOCH 2 done: loss 3.9203 - lr 0.1000 - bad epochs 0
2019-07-05 11:17:31,765 DEV : loss 4.347353935241699 - score 0.5556
2019-07-05 11:22:44,111 TEST : loss 3.9328296184539795 - score 0.5241
2019-07-05 11:22:54,401 ----------------------------------------------------------------------------------------------------
2019-07-05 11:22:55,643 epoch 3 - iter 0/73 - loss 2.38138294
2019-07-05 11:22:58,070 epoch 3 - iter 7/73 - loss 2.71329179
2019-07-05 11:23:00,586 epoch 3 - iter 14/73 - loss 2.62458224
2019-07-05 11:23:02,920 epoch 3 - iter 21/73 - loss 2.66529364
2019-07-05 11:23:05,550 epoch 3 - iter 28/73 - loss 2.85981177
2019-07-05 11:23:07,998 epoch 3 - iter 35/73 - loss 2.77854859
2019-07-05 11:23:10,473 epoch 3 - iter 42/73 - loss 2.87477991
2019-07-05 11:23:13,012 epoch 3 - iter 49/73 - loss 2.90442068
2019-07-05 11:23:15,495 epoch 3 - iter 56/73 - loss 2.85069995
2019-07-05 11:23:17,888 epoch 3 - iter 63/73 - loss 2.85405183
2019-07-05 11:23:20,283 epoch 3 - iter 70/73 - loss 2.88948941
2019-07-05 11:23:20,956 ----------------------------------------------------------------------------------------------------
2019-07-05 11:23:20,957 EPOCH 3 done: loss 2.9319 - lr 0.1000 - bad epochs 0
2019-07-05 11:30:18,987 DEV : loss 3.7172513008117676 - score 0.6215
2019-07-05 11:35:33,794 TEST : loss 3.4173786640167236 - score 0.5913
2019-07-05 11:35:43,248 ----------------------------------------------------------------------------------------------------
2019-07-05 11:35:44,776 epoch 4 - iter 0/73 - loss 2.65985298
2019-07-05 11:35:47,131 epoch 4 - iter 7/73 - loss 2.87038569
2019-07-05 11:35:49,519 epoch 4 - iter 14/73 - loss 2.67898159
2019-07-05 11:35:52,032 epoch 4 - iter 21/73 - loss 2.60295136
2019-07-05 11:35:54,279 epoch 4 - iter 28/73 - loss 2.49345296
2019-07-05 11:35:56,816 epoch 4 - iter 35/73 - loss 2.45280953
2019-07-05 11:35:59,191 epoch 4 - iter 42/73 - loss 2.38624973
2019-07-05 11:36:01,679 epoch 4 - iter 49/73 - loss 2.41552027
2019-07-05 11:36:03,927 epoch 4 - iter 56/73 - loss 2.40658551
2019-07-05 11:36:06,190 epoch 4 - iter 63/73 - loss 2.33580487
2019-07-05 11:36:08,334 epoch 4 - iter 70/73 - loss 2.36950836
2019-07-05 11:36:09,010 ----------------------------------------------------------------------------------------------------
2019-07-05 11:36:09,010 EPOCH 4 done: loss 2.3742 - lr 0.1000 - bad epochs 0
2019-07-05 11:42:53,776 DEV : loss 4.250969886779785 - score 0.5497
2019-07-05 11:48:21,235 TEST : loss 3.831907033920288 - score 0.4953
2019-07-05 11:48:21,236 ----------------------------------------------------------------------------------------------------
2019-07-05 11:48:22,511 epoch 5 - iter 0/73 - loss 1.06613386
2019-07-05 11:48:25,077 epoch 5 - iter 7/73 - loss 2.02542500
2019-07-05 11:48:27,451 epoch 5 - iter 14/73 - loss 1.81010631
2019-07-05 11:48:29,702 epoch 5 - iter 21/73 - loss 1.78659968
2019-07-05 11:48:32,284 epoch 5 - iter 28/73 - loss 1.96798671
2019-07-05 11:48:34,463 epoch 5 - iter 35/73 - loss 1.92181269
2019-07-05 11:48:36,905 epoch 5 - iter 42/73 - loss 1.97233888
2019-07-05 11:48:39,494 epoch 5 - iter 49/73 - loss 1.92899799
2019-07-05 11:48:41,542 epoch 5 - iter 56/73 - loss 1.95528916
2019-07-05 11:48:43,920 epoch 5 - iter 63/73 - loss 1.93654914
2019-07-05 11:48:46,224 epoch 5 - iter 70/73 - loss 1.93199365
2019-07-05 11:48:47,291 ----------------------------------------------------------------------------------------------------
2019-07-05 11:48:47,291 EPOCH 5 done: loss 1.9362 - lr 0.1000 - bad epochs 1
2019-07-05 11:55:44,601 DEV : loss 3.154149055480957 - score 0.6785
2019-07-05 12:01:04,644 TEST : loss 2.9708411693573 - score 0.6476
2019-07-05 12:01:14,137 ----------------------------------------------------------------------------------------------------
2019-07-05 12:01:15,449 epoch 6 - iter 0/73 - loss 1.36819696
2019-07-05 12:01:17,720 epoch 6 - iter 7/73 - loss 1.47591810
2019-07-05 12:01:20,017 epoch 6 - iter 14/73 - loss 1.47739991
2019-07-05 12:01:22,325 epoch 6 - iter 21/73 - loss 1.49967594
2019-07-05 12:01:24,739 epoch 6 - iter 28/73 - loss 1.58730836
2019-07-05 12:01:26,778 epoch 6 - iter 35/73 - loss 1.57039225
2019-07-05 12:01:29,162 epoch 6 - iter 42/73 - loss 1.55051445
2019-07-05 12:01:31,499 epoch 6 - iter 49/73 - loss 1.58885872
2019-07-05 12:01:33,637 epoch 6 - iter 56/73 - loss 1.59475338
2019-07-05 12:01:36,174 epoch 6 - iter 63/73 - loss 1.62079973
2019-07-05 12:01:38,546 epoch 6 - iter 70/73 - loss 1.58159406
2019-07-05 12:01:39,272 ----------------------------------------------------------------------------------------------------
2019-07-05 12:01:39,272 EPOCH 6 done: loss 1.6118 - lr 0.1000 - bad epochs 0
2019-07-05 12:08:26,486 DEV : loss 3.099958658218384 - score 0.6884
2019-07-05 12:13:49,225 TEST : loss 2.9232964515686035 - score 0.6518
2019-07-05 12:13:58,810 ----------------------------------------------------------------------------------------------------
2019-07-05 12:14:00,171 epoch 7 - iter 0/73 - loss 1.79612136
2019-07-05 12:14:02,743 epoch 7 - iter 7/73 - loss 1.05456932
2019-07-05 12:14:05,269 epoch 7 - iter 14/73 - loss 1.17699533
2019-07-05 12:14:07,688 epoch 7 - iter 21/73 - loss 1.19222589
2019-07-05 12:14:09,973 epoch 7 - iter 28/73 - loss 1.25317072
2019-07-05 12:14:12,553 epoch 7 - iter 35/73 - loss 1.29064342
2019-07-05 12:14:14,891 epoch 7 - iter 42/73 - loss 1.26362410
2019-07-05 12:14:17,404 epoch 7 - iter 49/73 - loss 1.28346143
2019-07-05 12:14:19,711 epoch 7 - iter 56/73 - loss 1.29549713
2019-07-05 12:14:22,167 epoch 7 - iter 63/73 - loss 1.29333694
2019-07-05 12:14:24,753 epoch 7 - iter 70/73 - loss 1.29232987
2019-07-05 12:14:25,470 ----------------------------------------------------------------------------------------------------
2019-07-05 12:14:25,471 EPOCH 7 done: loss 1.2787 - lr 0.1000 - bad epochs 0
2019-07-05 12:21:22,930 DEV : loss 3.0799973011016846 - score 0.688
2019-07-05 12:26:38,246 TEST : loss 2.9056482315063477 - score 0.6541
2019-07-05 12:26:38,247 ----------------------------------------------------------------------------------------------------
2019-07-05 12:26:39,566 epoch 8 - iter 0/73 - loss 0.89678103
2019-07-05 12:26:42,149 epoch 8 - iter 7/73 - loss 1.25079812
2019-07-05 12:26:44,654 epoch 8 - iter 14/73 - loss 1.12451208
2019-07-05 12:26:46,822 epoch 8 - iter 21/73 - loss 1.03653052
2019-07-05 12:26:49,376 epoch 8 - iter 28/73 - loss 1.02173358
2019-07-05 12:26:51,938 epoch 8 - iter 35/73 - loss 1.04411550
2019-07-05 12:26:54,636 epoch 8 - iter 42/73 - loss 1.04514007
2019-07-05 12:26:57,130 epoch 8 - iter 49/73 - loss 1.02414009
2019-07-05 12:26:59,422 epoch 8 - iter 56/73 - loss 1.04512589
2019-07-05 12:27:14,034 epoch 8 - iter 63/73 - loss 1.04525439
2019-07-05 12:27:15,685 epoch 8 - iter 70/73 - loss 1.03451300
2019-07-05 12:27:16,763 ----------------------------------------------------------------------------------------------------
2019-07-05 12:27:16,763 EPOCH 8 done: loss 1.0329 - lr 0.1000 - bad epochs 1
2019-07-05 12:34:08,546 DEV : loss 3.0660176277160645 - score 0.6817
2019-07-05 12:39:31,819 TEST : loss 2.923142433166504 - score 0.6539
2019-07-05 12:39:31,820 ----------------------------------------------------------------------------------------------------
2019-07-05 12:39:33,252 epoch 9 - iter 0/73 - loss 1.13871598
2019-07-05 12:39:35,602 epoch 9 - iter 7/73 - loss 0.82432091
2019-07-05 12:39:38,056 epoch 9 - iter 14/73 - loss 0.77985570
2019-07-05 12:39:40,702 epoch 9 - iter 21/73 - loss 0.80027901
2019-07-05 12:39:42,905 epoch 9 - iter 28/73 - loss 0.84495921
2019-07-05 12:39:45,156 epoch 9 - iter 35/73 - loss 0.81910966
2019-07-05 12:39:47,671 epoch 9 - iter 42/73 - loss 0.83663331
2019-07-05 12:39:49,744 epoch 9 - iter 49/73 - loss 0.78393521
2019-07-05 12:39:51,466 epoch 9 - iter 56/73 - loss 0.80308458
2019-07-05 12:39:53,352 epoch 9 - iter 63/73 - loss 0.81570013
2019-07-05 12:39:55,308 epoch 9 - iter 70/73 - loss 0.83624961
2019-07-05 12:39:55,886 ----------------------------------------------------------------------------------------------------
2019-07-05 12:39:55,886 EPOCH 9 done: loss 0.8396 - lr 0.1000 - bad epochs 2
2019-07-05 12:46:54,990 DEV : loss 2.9215714931488037 - score 0.6961
2019-07-05 12:52:03,329 TEST : loss 2.791642904281616 - score 0.6645
2019-07-05 12:52:12,841 ----------------------------------------------------------------------------------------------------
2019-07-05 12:52:14,131 epoch 10 - iter 0/73 - loss 0.44040179
2019-07-05 12:52:16,010 epoch 10 - iter 7/73 - loss 0.49642775
2019-07-05 12:52:18,051 epoch 10 - iter 14/73 - loss 0.63362101
2019-07-05 12:52:20,071 epoch 10 - iter 21/73 - loss 0.60696306
2019-07-05 12:52:21,871 epoch 10 - iter 28/73 - loss 0.64446552
2019-07-05 12:52:23,670 epoch 10 - iter 35/73 - loss 0.63941182
2019-07-05 12:52:26,832 epoch 10 - iter 42/73 - loss 0.66059396
2019-07-05 12:52:30,220 epoch 10 - iter 49/73 - loss 0.64604543
2019-07-05 12:52:33,644 epoch 10 - iter 56/73 - loss 0.67820465
2019-07-05 12:52:37,320 epoch 10 - iter 63/73 - loss 0.67172640
2019-07-05 12:52:41,080 epoch 10 - iter 70/73 - loss 0.67238166
2019-07-05 12:52:42,033 ----------------------------------------------------------------------------------------------------
2019-07-05 12:52:42,033 EPOCH 10 done: loss 0.6881 - lr 0.1000 - bad epochs 0
2019-07-05 12:59:39,277 DEV : loss 2.9692940711975098 - score 0.6898
2019-07-05 13:04:55,726 TEST : loss 2.8601667881011963 - score 0.652
2019-07-05 13:05:03,901 ----------------------------------------------------------------------------------------------------
2019-07-05 13:05:03,901 Testing using best model ...
2019-07-05 13:05:03,901 loading file output_models/taggers/example-ner-18/best-model.pt
2019-07-05 13:10:21,325 0.6415	0.6893	0.6645
2019-07-05 13:10:21,326 
MICRO_AVG: acc 0.4976 - f1-score 0.6645
MACRO_AVG: acc 0.296 - f1-score 0.40171666666666656
CARDINAL   tp: 646 - fp: 630 - fn: 359 - tn: 646 - precision: 0.5063 - recall: 0.6428 - accuracy: 0.3951 - f1-score: 0.5664
DATE       tp: 1325 - fp: 718 - fn: 462 - tn: 1325 - precision: 0.6486 - recall: 0.7415 - accuracy: 0.5289 - f1-score: 0.6919
EVENT      tp: 1 - fp: 8 - fn: 84 - tn: 1 - precision: 0.1111 - recall: 0.0118 - accuracy: 0.0108 - f1-score: 0.0213
FAC        tp: 23 - fp: 55 - fn: 126 - tn: 23 - precision: 0.2949 - recall: 0.1544 - accuracy: 0.1127 - f1-score: 0.2027
GPE        tp: 2088 - fp: 779 - fn: 458 - tn: 2088 - precision: 0.7283 - recall: 0.8201 - accuracy: 0.6280 - f1-score: 0.7715
LANGUAGE   tp: 0 - fp: 0 - fn: 22 - tn: 0 - precision: 0.0000 - recall: 0.0000 - accuracy: 0.0000 - f1-score: 0.0000
LAW        tp: 0 - fp: 0 - fn: 44 - tn: 0 - precision: 0.0000 - recall: 0.0000 - accuracy: 0.0000 - f1-score: 0.0000
LOC        tp: 32 - fp: 127 - fn: 183 - tn: 32 - precision: 0.2013 - recall: 0.1488 - accuracy: 0.0936 - f1-score: 0.1711
MONEY      tp: 266 - fp: 127 - fn: 89 - tn: 266 - precision: 0.6768 - recall: 0.7493 - accuracy: 0.5519 - f1-score: 0.7112
NORP       tp: 792 - fp: 296 - fn: 198 - tn: 792 - precision: 0.7279 - recall: 0.8000 - accuracy: 0.6159 - f1-score: 0.7622
ORDINAL    tp: 122 - fp: 105 - fn: 85 - tn: 122 - precision: 0.5374 - recall: 0.5894 - accuracy: 0.3910 - f1-score: 0.5622
ORG        tp: 1430 - fp: 1014 - fn: 572 - tn: 1430 - precision: 0.5851 - recall: 0.7143 - accuracy: 0.4741 - f1-score: 0.6433
PERCENT    tp: 315 - fp: 133 - fn: 93 - tn: 315 - precision: 0.7031 - recall: 0.7721 - accuracy: 0.5823 - f1-score: 0.7360
PERSON     tp: 1540 - fp: 558 - fn: 594 - tn: 1540 - precision: 0.7340 - recall: 0.7216 - accuracy: 0.5721 - f1-score: 0.7277
PRODUCT    tp: 3 - fp: 11 - fn: 87 - tn: 3 - precision: 0.2143 - recall: 0.0333 - accuracy: 0.0297 - f1-score: 0.0576
QUANTITY   tp: 39 - fp: 71 - fn: 114 - tn: 39 - precision: 0.3545 - recall: 0.2549 - accuracy: 0.1741 - f1-score: 0.2966
TIME       tp: 36 - fp: 135 - fn: 189 - tn: 36 - precision: 0.2105 - recall: 0.1600 - accuracy: 0.1000 - f1-score: 0.1818
WORK_OF_ART tp: 17 - fp: 81 - fn: 152 - tn: 17 - precision: 0.1735 - recall: 0.1006 - accuracy: 0.0680 - f1-score: 0.1274
2019-07-05 13:10:21,326 ----------------------------------------------------------------------------------------------------
