2019-07-10 17:20:57,957 ----------------------------------------------------------------------------------------------------
2019-07-10 17:20:57,957 Evaluation method: MICRO_F1_SCORE
2019-07-10 17:20:57,970 ----------------------------------------------------------------------------------------------------
2019-07-10 17:21:07,994 epoch 1 - iter 0/73 - loss 68.93453979
2019-07-10 17:21:12,761 epoch 1 - iter 7/73 - loss 27.27055192
2019-07-10 17:21:18,305 epoch 1 - iter 14/73 - loss 20.67241243
2019-07-10 17:21:22,825 epoch 1 - iter 21/73 - loss 17.52400320
2019-07-10 17:21:27,241 epoch 1 - iter 28/73 - loss 15.19634628
2019-07-10 17:21:31,912 epoch 1 - iter 35/73 - loss 14.12231719
2019-07-10 17:21:36,733 epoch 1 - iter 42/73 - loss 13.19624697
2019-07-10 17:21:41,017 epoch 1 - iter 49/73 - loss 12.10563345
2019-07-10 17:21:45,521 epoch 1 - iter 56/73 - loss 11.48048725
2019-07-10 17:21:50,066 epoch 1 - iter 63/73 - loss 10.95982437
2019-07-10 17:21:54,689 epoch 1 - iter 70/73 - loss 10.48967905
2019-07-10 17:21:56,152 ----------------------------------------------------------------------------------------------------
2019-07-10 17:21:56,152 EPOCH 1 done: loss 10.3698 - lr 0.1000 - bad epochs 0
2019-07-10 17:31:39,160 DEV : loss 5.5868048667907715 - score 0.3223
2019-07-10 17:39:14,464 TEST : loss 4.830233573913574 - score 0.3002
2019-07-10 17:39:22,691 ----------------------------------------------------------------------------------------------------
2019-07-10 17:39:24,148 epoch 2 - iter 0/73 - loss 5.14296913
2019-07-10 17:39:28,227 epoch 2 - iter 7/73 - loss 4.85424089
2019-07-10 17:39:32,441 epoch 2 - iter 14/73 - loss 5.23772453
2019-07-10 17:39:36,498 epoch 2 - iter 21/73 - loss 4.89562353
2019-07-10 17:39:41,065 epoch 2 - iter 28/73 - loss 4.84727587
2019-07-10 17:39:45,587 epoch 2 - iter 35/73 - loss 4.80211693
2019-07-10 17:39:49,843 epoch 2 - iter 42/73 - loss 4.59766356
2019-07-10 17:39:53,791 epoch 2 - iter 49/73 - loss 4.53070173
2019-07-10 17:39:57,049 epoch 2 - iter 56/73 - loss 4.52761049
2019-07-10 17:40:00,472 epoch 2 - iter 63/73 - loss 4.56580404
2019-07-10 17:40:03,882 epoch 2 - iter 70/73 - loss 4.49890063
2019-07-10 17:40:05,133 ----------------------------------------------------------------------------------------------------
2019-07-10 17:40:05,133 EPOCH 2 done: loss 4.4473 - lr 0.1000 - bad epochs 0
2019-07-10 17:49:54,587 DEV : loss 3.8622798919677734 - score 0.6116
2019-07-10 17:57:18,319 TEST : loss 3.482322931289673 - score 0.582
2019-07-10 17:57:28,043 ----------------------------------------------------------------------------------------------------
2019-07-10 17:57:29,632 epoch 3 - iter 0/73 - loss 3.79372501
2019-07-10 17:57:33,939 epoch 3 - iter 7/73 - loss 3.50846401
2019-07-10 17:57:38,171 epoch 3 - iter 14/73 - loss 3.35539970
2019-07-10 17:57:42,553 epoch 3 - iter 21/73 - loss 3.28807679
2019-07-10 17:57:46,767 epoch 3 - iter 28/73 - loss 3.25223720
2019-07-10 17:57:51,094 epoch 3 - iter 35/73 - loss 3.21278101
2019-07-10 17:57:55,587 epoch 3 - iter 42/73 - loss 3.15435643
2019-07-10 17:57:59,986 epoch 3 - iter 49/73 - loss 3.10027063
2019-07-10 17:58:04,210 epoch 3 - iter 56/73 - loss 3.12497912
2019-07-10 17:58:09,001 epoch 3 - iter 63/73 - loss 3.23786363
2019-07-10 17:58:13,463 epoch 3 - iter 70/73 - loss 3.26017978
2019-07-10 17:58:14,728 ----------------------------------------------------------------------------------------------------
2019-07-10 17:58:14,728 EPOCH 3 done: loss 3.2439 - lr 0.1000 - bad epochs 0
2019-07-10 18:08:12,045 DEV : loss 3.4363479614257812 - score 0.6475
2019-07-10 18:15:50,335 TEST : loss 3.1227385997772217 - score 0.6187
2019-07-10 18:15:59,985 ----------------------------------------------------------------------------------------------------
2019-07-10 18:16:01,574 epoch 4 - iter 0/73 - loss 2.33238006
2019-07-10 18:16:06,042 epoch 4 - iter 7/73 - loss 2.67049894
2019-07-10 18:16:10,592 epoch 4 - iter 14/73 - loss 2.68480283
2019-07-10 18:16:14,976 epoch 4 - iter 21/73 - loss 2.72069235
2019-07-10 18:16:19,746 epoch 4 - iter 28/73 - loss 2.67174509
2019-07-10 18:16:24,053 epoch 4 - iter 35/73 - loss 2.64918279
2019-07-10 18:16:28,281 epoch 4 - iter 42/73 - loss 2.57870127
2019-07-10 18:16:32,362 epoch 4 - iter 49/73 - loss 2.57931192
2019-07-10 18:16:37,127 epoch 4 - iter 56/73 - loss 2.56404568
2019-07-10 18:16:41,475 epoch 4 - iter 63/73 - loss 2.64705570
2019-07-10 18:16:45,737 epoch 4 - iter 70/73 - loss 2.60487521
2019-07-10 18:16:47,121 ----------------------------------------------------------------------------------------------------
2019-07-10 18:16:47,121 EPOCH 4 done: loss 2.5663 - lr 0.1000 - bad epochs 0
2019-07-10 18:26:41,373 DEV : loss 3.142836570739746 - score 0.6555
2019-07-10 18:34:21,771 TEST : loss 2.918095350265503 - score 0.6301
2019-07-10 18:34:31,420 ----------------------------------------------------------------------------------------------------
2019-07-10 18:34:33,276 epoch 5 - iter 0/73 - loss 3.06299639
2019-07-10 18:34:37,687 epoch 5 - iter 7/73 - loss 2.48625484
2019-07-10 18:34:41,629 epoch 5 - iter 14/73 - loss 2.28529061
2019-07-10 18:34:46,110 epoch 5 - iter 21/73 - loss 2.27271547
2019-07-10 18:34:50,836 epoch 5 - iter 28/73 - loss 2.33363293
2019-07-10 18:34:54,961 epoch 5 - iter 35/73 - loss 2.26497155
2019-07-10 18:34:59,547 epoch 5 - iter 42/73 - loss 2.22311938
2019-07-10 18:35:03,815 epoch 5 - iter 49/73 - loss 2.15083748
2019-07-10 18:35:07,676 epoch 5 - iter 56/73 - loss 2.14403166
2019-07-10 18:35:10,875 epoch 5 - iter 63/73 - loss 2.10159351
2019-07-10 18:35:14,032 epoch 5 - iter 70/73 - loss 2.11440449
2019-07-10 18:35:14,956 ----------------------------------------------------------------------------------------------------
2019-07-10 18:35:14,956 EPOCH 5 done: loss 2.1079 - lr 0.1000 - bad epochs 0
2019-07-10 18:45:15,186 DEV : loss 3.127415895462036 - score 0.6354
2019-07-10 18:52:57,310 TEST : loss 2.9124457836151123 - score 0.601
2019-07-10 18:52:57,311 ----------------------------------------------------------------------------------------------------
2019-07-10 18:52:59,191 epoch 6 - iter 0/73 - loss 2.55558944
2019-07-10 18:53:02,221 epoch 6 - iter 7/73 - loss 1.83235009
2019-07-10 18:53:05,485 epoch 6 - iter 14/73 - loss 1.78536113
2019-07-10 18:53:08,381 epoch 6 - iter 21/73 - loss 1.77166262
2019-07-10 18:53:13,061 epoch 6 - iter 28/73 - loss 1.91966319
2019-07-10 18:53:17,134 epoch 6 - iter 35/73 - loss 1.86903441
2019-07-10 18:53:20,359 epoch 6 - iter 42/73 - loss 1.85098616
2019-07-10 18:53:22,462 epoch 6 - iter 49/73 - loss 1.78912486
2019-07-10 18:53:25,008 epoch 6 - iter 56/73 - loss 1.79321115
2019-07-10 18:53:28,358 epoch 6 - iter 63/73 - loss 1.81311464
2019-07-10 18:53:32,501 epoch 6 - iter 70/73 - loss 1.79629100
2019-07-10 18:53:33,839 ----------------------------------------------------------------------------------------------------
2019-07-10 18:53:33,839 EPOCH 6 done: loss 1.7731 - lr 0.1000 - bad epochs 1
2019-07-10 19:03:21,361 DEV : loss 2.73992657661438 - score 0.701
2019-07-10 19:10:56,121 TEST : loss 2.5741395950317383 - score 0.6691
2019-07-10 19:11:05,921 ----------------------------------------------------------------------------------------------------
2019-07-10 19:11:07,385 epoch 7 - iter 0/73 - loss 1.06409574
2019-07-10 19:11:12,038 epoch 7 - iter 7/73 - loss 1.08808073
2019-07-10 19:11:16,435 epoch 7 - iter 14/73 - loss 1.36220406
2019-07-10 19:11:20,895 epoch 7 - iter 21/73 - loss 1.46367240
2019-07-10 19:11:25,344 epoch 7 - iter 28/73 - loss 1.40799159
2019-07-10 19:11:29,650 epoch 7 - iter 35/73 - loss 1.35141568
2019-07-10 19:11:33,873 epoch 7 - iter 42/73 - loss 1.33258900
2019-07-10 19:11:38,195 epoch 7 - iter 49/73 - loss 1.35067817
2019-07-10 19:11:42,995 epoch 7 - iter 56/73 - loss 1.39162077
2019-07-10 19:11:47,209 epoch 7 - iter 63/73 - loss 1.37751516
2019-07-10 19:11:50,684 epoch 7 - iter 70/73 - loss 1.39994255
2019-07-10 19:11:51,905 ----------------------------------------------------------------------------------------------------
2019-07-10 19:11:51,906 EPOCH 7 done: loss 1.4343 - lr 0.1000 - bad epochs 0
2019-07-10 19:21:43,837 DEV : loss 2.8706350326538086 - score 0.6868
2019-07-10 19:29:14,754 TEST : loss 2.7288262844085693 - score 0.657
2019-07-10 19:29:14,754 ----------------------------------------------------------------------------------------------------
2019-07-10 19:29:16,719 epoch 8 - iter 0/73 - loss 2.22124481
2019-07-10 19:29:22,007 epoch 8 - iter 7/73 - loss 1.27624917
2019-07-10 19:29:27,841 epoch 8 - iter 14/73 - loss 1.16022418
2019-07-10 19:29:33,977 epoch 8 - iter 21/73 - loss 1.20904858
2019-07-10 19:29:39,770 epoch 8 - iter 28/73 - loss 1.24589459
2019-07-10 19:29:44,997 epoch 8 - iter 35/73 - loss 1.22660919
2019-07-10 19:29:48,309 epoch 8 - iter 42/73 - loss 1.18360474
2019-07-10 19:30:04,353 epoch 8 - iter 49/73 - loss 1.17617132
2019-07-10 19:30:09,237 epoch 8 - iter 56/73 - loss 1.16905393
2019-07-10 19:30:13,885 epoch 8 - iter 63/73 - loss 1.20750622
2019-07-10 19:30:17,774 epoch 8 - iter 70/73 - loss 1.22605548
2019-07-10 19:30:19,405 ----------------------------------------------------------------------------------------------------
2019-07-10 19:30:19,405 EPOCH 8 done: loss 1.2245 - lr 0.1000 - bad epochs 1
2019-07-10 19:40:03,356 DEV : loss 2.7050139904022217 - score 0.6957
2019-07-10 19:47:36,061 TEST : loss 2.564420461654663 - score 0.6641
2019-07-10 19:47:36,062 ----------------------------------------------------------------------------------------------------
2019-07-10 19:47:37,527 epoch 9 - iter 0/73 - loss 0.70640141
2019-07-10 19:47:40,143 epoch 9 - iter 7/73 - loss 0.78598287
2019-07-10 19:47:43,049 epoch 9 - iter 14/73 - loss 0.79271939
2019-07-10 19:47:46,872 epoch 9 - iter 21/73 - loss 0.80017205
2019-07-10 19:47:51,545 epoch 9 - iter 28/73 - loss 0.83954980
2019-07-10 19:47:56,189 epoch 9 - iter 35/73 - loss 0.87721453
2019-07-10 19:48:00,900 epoch 9 - iter 42/73 - loss 0.90669789
2019-07-10 19:48:04,969 epoch 9 - iter 49/73 - loss 0.94370392
2019-07-10 19:48:09,139 epoch 9 - iter 56/73 - loss 0.93405181
2019-07-10 19:48:13,928 epoch 9 - iter 63/73 - loss 0.93159591
2019-07-10 19:48:18,393 epoch 9 - iter 70/73 - loss 0.94699309
2019-07-10 19:48:19,560 ----------------------------------------------------------------------------------------------------
2019-07-10 19:48:19,560 EPOCH 9 done: loss 0.9650 - lr 0.1000 - bad epochs 2
2019-07-10 19:58:20,771 DEV : loss 2.851673126220703 - score 0.684
2019-07-10 20:05:40,201 TEST : loss 2.6916158199310303 - score 0.6497
2019-07-10 20:05:40,201 ----------------------------------------------------------------------------------------------------
2019-07-10 20:05:41,745 epoch 10 - iter 0/73 - loss 1.02389705
2019-07-10 20:05:46,489 epoch 10 - iter 7/73 - loss 0.84375978
2019-07-10 20:05:50,765 epoch 10 - iter 14/73 - loss 0.78196705
2019-07-10 20:05:55,444 epoch 10 - iter 21/73 - loss 0.79263080
2019-07-10 20:06:00,125 epoch 10 - iter 28/73 - loss 0.82809489
2019-07-10 20:06:04,706 epoch 10 - iter 35/73 - loss 0.83247793
2019-07-10 20:06:08,975 epoch 10 - iter 42/73 - loss 0.80646815
2019-07-10 20:06:13,508 epoch 10 - iter 49/73 - loss 0.80864680
2019-07-10 20:06:17,223 epoch 10 - iter 56/73 - loss 0.78183743
2019-07-10 20:06:21,584 epoch 10 - iter 63/73 - loss 0.77636129
2019-07-10 20:06:26,081 epoch 10 - iter 70/73 - loss 0.77895930
2019-07-10 20:06:27,332 ----------------------------------------------------------------------------------------------------
2019-07-10 20:06:27,333 EPOCH 10 done: loss 0.7913 - lr 0.1000 - bad epochs 3
2019-07-10 20:16:28,505 DEV : loss 2.680819511413574 - score 0.7066
2019-07-10 20:23:54,517 TEST : loss 2.565941095352173 - score 0.6766
2019-07-10 20:24:12,182 ----------------------------------------------------------------------------------------------------
2019-07-10 20:24:12,182 Testing using best model ...
2019-07-10 20:24:12,183 loading file output_models/taggers/example-ner-35/best-model.pt
2019-07-10 20:31:16,142 0.6715	0.6817	0.6766
2019-07-10 20:31:16,142 
MICRO_AVG: acc 0.5112 - f1-score 0.6766
MACRO_AVG: acc 0.3077 - f1-score 0.4181555555555556
CARDINAL   tp: 673 - fp: 455 - fn: 332 - tn: 673 - precision: 0.5966 - recall: 0.6697 - accuracy: 0.4610 - f1-score: 0.6310
DATE       tp: 1239 - fp: 562 - fn: 548 - tn: 1239 - precision: 0.6880 - recall: 0.6933 - accuracy: 0.5275 - f1-score: 0.6906
EVENT      tp: 19 - fp: 73 - fn: 66 - tn: 19 - precision: 0.2065 - recall: 0.2235 - accuracy: 0.1203 - f1-score: 0.2147
FAC        tp: 17 - fp: 27 - fn: 132 - tn: 17 - precision: 0.3864 - recall: 0.1141 - accuracy: 0.0966 - f1-score: 0.1762
GPE        tp: 2046 - fp: 670 - fn: 500 - tn: 2046 - precision: 0.7533 - recall: 0.8036 - accuracy: 0.6362 - f1-score: 0.7776
LANGUAGE   tp: 0 - fp: 0 - fn: 22 - tn: 0 - precision: 0.0000 - recall: 0.0000 - accuracy: 0.0000 - f1-score: 0.0000
LAW        tp: 0 - fp: 0 - fn: 44 - tn: 0 - precision: 0.0000 - recall: 0.0000 - accuracy: 0.0000 - f1-score: 0.0000
LOC        tp: 45 - fp: 90 - fn: 170 - tn: 45 - precision: 0.3333 - recall: 0.2093 - accuracy: 0.1475 - f1-score: 0.2571
MONEY      tp: 262 - fp: 108 - fn: 93 - tn: 262 - precision: 0.7081 - recall: 0.7380 - accuracy: 0.5659 - f1-score: 0.7227
NORP       tp: 775 - fp: 215 - fn: 215 - tn: 775 - precision: 0.7828 - recall: 0.7828 - accuracy: 0.6432 - f1-score: 0.7828
ORDINAL    tp: 106 - fp: 107 - fn: 101 - tn: 106 - precision: 0.4977 - recall: 0.5121 - accuracy: 0.3376 - f1-score: 0.5048
ORG        tp: 1292 - fp: 748 - fn: 710 - tn: 1292 - precision: 0.6333 - recall: 0.6454 - accuracy: 0.4698 - f1-score: 0.6393
PERCENT    tp: 296 - fp: 142 - fn: 112 - tn: 296 - precision: 0.6758 - recall: 0.7255 - accuracy: 0.5382 - f1-score: 0.6998
PERSON     tp: 1697 - fp: 619 - fn: 437 - tn: 1697 - precision: 0.7327 - recall: 0.7952 - accuracy: 0.6164 - f1-score: 0.7627
PRODUCT    tp: 1 - fp: 4 - fn: 89 - tn: 1 - precision: 0.2000 - recall: 0.0111 - accuracy: 0.0106 - f1-score: 0.0210
QUANTITY   tp: 37 - fp: 60 - fn: 116 - tn: 37 - precision: 0.3814 - recall: 0.2418 - accuracy: 0.1737 - f1-score: 0.2960
TIME       tp: 58 - fp: 217 - fn: 167 - tn: 58 - precision: 0.2109 - recall: 0.2578 - accuracy: 0.1312 - f1-score: 0.2320
WORK_OF_ART tp: 17 - fp: 101 - fn: 152 - tn: 17 - precision: 0.1441 - recall: 0.1006 - accuracy: 0.0630 - f1-score: 0.1185
2019-07-10 20:31:16,142 ----------------------------------------------------------------------------------------------------
