2019-07-10 09:16:41,799 ----------------------------------------------------------------------------------------------------
2019-07-10 09:16:41,800 Evaluation method: MICRO_F1_SCORE
2019-07-10 09:16:41,809 ----------------------------------------------------------------------------------------------------
2019-07-10 09:16:49,224 epoch 1 - iter 0/73 - loss 66.71325684
2019-07-10 09:16:51,630 epoch 1 - iter 7/73 - loss 26.38125026
2019-07-10 09:16:54,328 epoch 1 - iter 14/73 - loss 20.30603072
2019-07-10 09:16:56,941 epoch 1 - iter 21/73 - loss 17.30177372
2019-07-10 09:16:59,989 epoch 1 - iter 28/73 - loss 15.40555170
2019-07-10 09:17:02,372 epoch 1 - iter 35/73 - loss 13.80196134
2019-07-10 09:17:04,975 epoch 1 - iter 42/73 - loss 12.81143902
2019-07-10 09:17:07,516 epoch 1 - iter 49/73 - loss 11.93227913
2019-07-10 09:17:09,910 epoch 1 - iter 56/73 - loss 11.24886033
2019-07-10 09:17:12,672 epoch 1 - iter 63/73 - loss 10.74418078
2019-07-10 09:17:15,418 epoch 1 - iter 70/73 - loss 10.34372166
2019-07-10 09:17:16,256 ----------------------------------------------------------------------------------------------------
2019-07-10 09:17:16,256 EPOCH 1 done: loss 10.2592 - lr 0.1000 - bad epochs 0
2019-07-10 09:24:08,589 DEV : loss 5.982173442840576 - score 0.446
2019-07-10 09:29:27,666 TEST : loss 5.325748920440674 - score 0.4217
2019-07-10 09:29:35,774 ----------------------------------------------------------------------------------------------------
2019-07-10 09:29:36,978 epoch 2 - iter 0/73 - loss 3.11552000
2019-07-10 09:29:39,573 epoch 2 - iter 7/73 - loss 5.34682143
2019-07-10 09:29:42,235 epoch 2 - iter 14/73 - loss 5.17463837
2019-07-10 09:29:44,690 epoch 2 - iter 21/73 - loss 5.16866893
2019-07-10 09:29:47,153 epoch 2 - iter 28/73 - loss 5.10116461
2019-07-10 09:29:49,579 epoch 2 - iter 35/73 - loss 5.23278748
2019-07-10 09:29:52,115 epoch 2 - iter 42/73 - loss 5.16261701
2019-07-10 09:29:53,948 epoch 2 - iter 49/73 - loss 4.99736923
2019-07-10 09:29:56,292 epoch 2 - iter 56/73 - loss 4.73731366
2019-07-10 09:29:58,741 epoch 2 - iter 63/73 - loss 4.59431132
2019-07-10 09:30:01,370 epoch 2 - iter 70/73 - loss 4.45143023
2019-07-10 09:30:02,265 ----------------------------------------------------------------------------------------------------
2019-07-10 09:30:02,265 EPOCH 2 done: loss 4.4408 - lr 0.1000 - bad epochs 0
2019-07-10 09:37:04,594 DEV : loss 4.955483913421631 - score 0.5186
2019-07-10 09:42:14,295 TEST : loss 4.392660140991211 - score 0.4892
2019-07-10 09:42:24,409 ----------------------------------------------------------------------------------------------------
2019-07-10 09:42:25,702 epoch 3 - iter 0/73 - loss 4.29522514
2019-07-10 09:42:27,862 epoch 3 - iter 7/73 - loss 3.62761365
2019-07-10 09:42:29,748 epoch 3 - iter 14/73 - loss 3.55795593
2019-07-10 09:42:32,350 epoch 3 - iter 21/73 - loss 3.49969511
2019-07-10 09:42:35,092 epoch 3 - iter 28/73 - loss 3.51601615
2019-07-10 09:42:37,443 epoch 3 - iter 35/73 - loss 3.27919802
2019-07-10 09:42:40,281 epoch 3 - iter 42/73 - loss 3.21825664
2019-07-10 09:42:42,687 epoch 3 - iter 49/73 - loss 3.21282636
2019-07-10 09:42:45,568 epoch 3 - iter 56/73 - loss 3.26872462
2019-07-10 09:42:48,386 epoch 3 - iter 63/73 - loss 3.27392072
2019-07-10 09:42:51,225 epoch 3 - iter 70/73 - loss 3.32618730
2019-07-10 09:42:52,027 ----------------------------------------------------------------------------------------------------
2019-07-10 09:42:52,027 EPOCH 3 done: loss 3.2941 - lr 0.1000 - bad epochs 0
2019-07-10 09:49:58,870 DEV : loss 4.0244059562683105 - score 0.6131
2019-07-10 09:55:18,668 TEST : loss 3.7497990131378174 - score 0.5789
2019-07-10 09:55:28,738 ----------------------------------------------------------------------------------------------------
2019-07-10 09:55:30,301 epoch 4 - iter 0/73 - loss 1.55166829
2019-07-10 09:55:33,246 epoch 4 - iter 7/73 - loss 2.92348729
2019-07-10 09:55:35,975 epoch 4 - iter 14/73 - loss 2.90991677
2019-07-10 09:55:38,796 epoch 4 - iter 21/73 - loss 3.00862819
2019-07-10 09:55:41,699 epoch 4 - iter 28/73 - loss 2.92436929
2019-07-10 09:55:44,347 epoch 4 - iter 35/73 - loss 2.89297778
2019-07-10 09:55:47,275 epoch 4 - iter 42/73 - loss 2.80196466
2019-07-10 09:55:50,045 epoch 4 - iter 49/73 - loss 2.69445395
2019-07-10 09:55:52,888 epoch 4 - iter 56/73 - loss 2.68486713
2019-07-10 09:55:55,534 epoch 4 - iter 63/73 - loss 2.66515860
2019-07-10 09:55:58,818 epoch 4 - iter 70/73 - loss 2.67045956
2019-07-10 09:55:59,705 ----------------------------------------------------------------------------------------------------
2019-07-10 09:55:59,705 EPOCH 4 done: loss 2.6701 - lr 0.1000 - bad epochs 0
2019-07-10 10:02:58,670 DEV : loss 3.64703631401062 - score 0.6307
2019-07-10 10:08:15,230 TEST : loss 3.405841588973999 - score 0.5935
2019-07-10 10:08:25,300 ----------------------------------------------------------------------------------------------------
2019-07-10 10:08:26,760 epoch 5 - iter 0/73 - loss 1.04519928
2019-07-10 10:08:29,673 epoch 5 - iter 7/73 - loss 2.28032325
2019-07-10 10:08:32,126 epoch 5 - iter 14/73 - loss 2.24122616
2019-07-10 10:08:34,241 epoch 5 - iter 21/73 - loss 2.13368344
2019-07-10 10:08:37,083 epoch 5 - iter 28/73 - loss 2.16300935
2019-07-10 10:08:39,711 epoch 5 - iter 35/73 - loss 2.22488805
2019-07-10 10:08:42,468 epoch 5 - iter 42/73 - loss 2.19532858
2019-07-10 10:08:45,083 epoch 5 - iter 49/73 - loss 2.17023632
2019-07-10 10:08:47,571 epoch 5 - iter 56/73 - loss 2.16575085
2019-07-10 10:08:50,385 epoch 5 - iter 63/73 - loss 2.16775087
2019-07-10 10:08:53,595 epoch 5 - iter 70/73 - loss 2.15759579
2019-07-10 10:08:54,500 ----------------------------------------------------------------------------------------------------
2019-07-10 10:08:54,500 EPOCH 5 done: loss 2.1442 - lr 0.1000 - bad epochs 0
2019-07-10 10:16:03,059 DEV : loss 3.359437942504883 - score 0.6766
2019-07-10 10:21:21,022 TEST : loss 3.263763189315796 - score 0.6428
2019-07-10 10:21:31,096 ----------------------------------------------------------------------------------------------------
2019-07-10 10:21:32,566 epoch 6 - iter 0/73 - loss 3.66153240
2019-07-10 10:21:35,470 epoch 6 - iter 7/73 - loss 2.04984977
2019-07-10 10:21:38,499 epoch 6 - iter 14/73 - loss 1.96731667
2019-07-10 10:21:41,192 epoch 6 - iter 21/73 - loss 1.95194872
2019-07-10 10:21:43,841 epoch 6 - iter 28/73 - loss 1.85264118
2019-07-10 10:21:46,734 epoch 6 - iter 35/73 - loss 1.82350454
2019-07-10 10:21:49,665 epoch 6 - iter 42/73 - loss 1.87191862
2019-07-10 10:21:52,007 epoch 6 - iter 49/73 - loss 1.82818306
2019-07-10 10:21:53,876 epoch 6 - iter 56/73 - loss 1.84106671
2019-07-10 10:21:55,928 epoch 6 - iter 63/73 - loss 1.79689695
2019-07-10 10:21:58,129 epoch 6 - iter 70/73 - loss 1.82081900
2019-07-10 10:21:58,764 ----------------------------------------------------------------------------------------------------
2019-07-10 10:21:58,764 EPOCH 6 done: loss 1.7995 - lr 0.1000 - bad epochs 0
2019-07-10 10:28:56,990 DEV : loss 3.3918778896331787 - score 0.6898
2019-07-10 10:34:15,648 TEST : loss 3.2761549949645996 - score 0.647
2019-07-10 10:34:25,646 ----------------------------------------------------------------------------------------------------
2019-07-10 10:34:26,958 epoch 7 - iter 0/73 - loss 0.77818745
2019-07-10 10:34:29,552 epoch 7 - iter 7/73 - loss 1.17839044
2019-07-10 10:34:31,967 epoch 7 - iter 14/73 - loss 1.39902272
2019-07-10 10:34:34,663 epoch 7 - iter 21/73 - loss 1.42333555
2019-07-10 10:34:37,376 epoch 7 - iter 28/73 - loss 1.42228708
2019-07-10 10:34:39,140 epoch 7 - iter 35/73 - loss 1.39188446
2019-07-10 10:34:41,398 epoch 7 - iter 42/73 - loss 1.40710309
2019-07-10 10:34:43,386 epoch 7 - iter 49/73 - loss 1.43314784
2019-07-10 10:34:45,712 epoch 7 - iter 56/73 - loss 1.46223752
2019-07-10 10:34:48,208 epoch 7 - iter 63/73 - loss 1.50260215
2019-07-10 10:34:50,906 epoch 7 - iter 70/73 - loss 1.51051810
2019-07-10 10:34:52,078 ----------------------------------------------------------------------------------------------------
2019-07-10 10:34:52,078 EPOCH 7 done: loss 1.5020 - lr 0.1000 - bad epochs 0
2019-07-10 10:41:53,605 DEV : loss 3.161069869995117 - score 0.6981
2019-07-10 10:47:41,188 TEST : loss 3.05737042427063 - score 0.6545
2019-07-10 10:47:50,749 ----------------------------------------------------------------------------------------------------
2019-07-10 10:47:52,078 epoch 8 - iter 0/73 - loss 1.00030160
2019-07-10 10:47:55,011 epoch 8 - iter 7/73 - loss 1.16083558
2019-07-10 10:47:57,514 epoch 8 - iter 14/73 - loss 1.21312641
2019-07-10 10:48:00,247 epoch 8 - iter 21/73 - loss 1.20446057
2019-07-10 10:48:02,803 epoch 8 - iter 28/73 - loss 1.19578013
2019-07-10 10:48:14,809 epoch 8 - iter 35/73 - loss 1.18747697
2019-07-10 10:48:17,391 epoch 8 - iter 42/73 - loss 1.17613669
2019-07-10 10:48:20,023 epoch 8 - iter 49/73 - loss 1.19884223
2019-07-10 10:48:22,632 epoch 8 - iter 56/73 - loss 1.22422499
2019-07-10 10:48:25,918 epoch 8 - iter 63/73 - loss 1.26997720
2019-07-10 10:48:28,750 epoch 8 - iter 70/73 - loss 1.25025774
2019-07-10 10:48:29,708 ----------------------------------------------------------------------------------------------------
2019-07-10 10:48:29,709 EPOCH 8 done: loss 1.2636 - lr 0.1000 - bad epochs 0
2019-07-10 10:55:26,909 DEV : loss 3.144411087036133 - score 0.6969
2019-07-10 11:00:43,552 TEST : loss 3.0759756565093994 - score 0.6595
2019-07-10 11:00:43,552 ----------------------------------------------------------------------------------------------------
2019-07-10 11:00:44,845 epoch 9 - iter 0/73 - loss 1.01728296
2019-07-10 11:00:47,948 epoch 9 - iter 7/73 - loss 1.29943099
2019-07-10 11:00:50,767 epoch 9 - iter 14/73 - loss 1.14376443
2019-07-10 11:00:53,329 epoch 9 - iter 21/73 - loss 1.03552582
2019-07-10 11:00:56,224 epoch 9 - iter 28/73 - loss 0.99853870
2019-07-10 11:00:58,843 epoch 9 - iter 35/73 - loss 0.97231441
2019-07-10 11:01:01,277 epoch 9 - iter 42/73 - loss 0.99702434
2019-07-10 11:01:03,708 epoch 9 - iter 49/73 - loss 1.01666751
2019-07-10 11:01:06,486 epoch 9 - iter 56/73 - loss 1.02212845
2019-07-10 11:01:09,519 epoch 9 - iter 63/73 - loss 1.02725436
2019-07-10 11:01:11,940 epoch 9 - iter 70/73 - loss 1.02697161
2019-07-10 11:01:12,844 ----------------------------------------------------------------------------------------------------
2019-07-10 11:01:12,844 EPOCH 9 done: loss 1.0756 - lr 0.1000 - bad epochs 1
2019-07-10 11:08:12,502 DEV : loss 3.137996196746826 - score 0.7013
2019-07-10 11:13:27,708 TEST : loss 3.07346248626709 - score 0.6634
2019-07-10 11:13:37,671 ----------------------------------------------------------------------------------------------------
2019-07-10 11:13:38,871 epoch 10 - iter 0/73 - loss 0.95362920
2019-07-10 11:13:40,907 epoch 10 - iter 7/73 - loss 0.79623785
2019-07-10 11:13:43,103 epoch 10 - iter 14/73 - loss 0.80748526
2019-07-10 11:13:45,994 epoch 10 - iter 21/73 - loss 0.85434888
2019-07-10 11:13:48,799 epoch 10 - iter 28/73 - loss 0.83750735
2019-07-10 11:13:51,636 epoch 10 - iter 35/73 - loss 0.84298440
2019-07-10 11:13:54,459 epoch 10 - iter 42/73 - loss 0.87007983
2019-07-10 11:13:56,964 epoch 10 - iter 49/73 - loss 0.82522744
2019-07-10 11:13:59,488 epoch 10 - iter 56/73 - loss 0.83619684
2019-07-10 11:14:02,003 epoch 10 - iter 63/73 - loss 0.85472994
2019-07-10 11:14:04,526 epoch 10 - iter 70/73 - loss 0.85957810
2019-07-10 11:14:05,340 ----------------------------------------------------------------------------------------------------
2019-07-10 11:14:05,341 EPOCH 10 done: loss 0.8607 - lr 0.1000 - bad epochs 0
2019-07-10 11:21:05,318 DEV : loss 3.2344915866851807 - score 0.7033
2019-07-10 11:26:14,564 TEST : loss 3.1535046100616455 - score 0.667
2019-07-10 11:26:33,745 ----------------------------------------------------------------------------------------------------
2019-07-10 11:26:33,745 Testing using best model ...
2019-07-10 11:26:33,745 loading file output_models/taggers/example-ner-26/best-model.pt
2019-07-10 11:31:32,278 0.653	0.6817	0.667
2019-07-10 11:31:32,278 
MICRO_AVG: acc 0.5004 - f1-score 0.667
MACRO_AVG: acc 0.3043 - f1-score 0.41346111111111106
CARDINAL   tp: 670 - fp: 507 - fn: 335 - tn: 670 - precision: 0.5692 - recall: 0.6667 - accuracy: 0.4431 - f1-score: 0.6141
DATE       tp: 1106 - fp: 575 - fn: 681 - tn: 1106 - precision: 0.6579 - recall: 0.6189 - accuracy: 0.4682 - f1-score: 0.6378
EVENT      tp: 11 - fp: 45 - fn: 74 - tn: 11 - precision: 0.1964 - recall: 0.1294 - accuracy: 0.0846 - f1-score: 0.1560
FAC        tp: 11 - fp: 21 - fn: 138 - tn: 11 - precision: 0.3438 - recall: 0.0738 - accuracy: 0.0647 - f1-score: 0.1215
GPE        tp: 2006 - fp: 622 - fn: 540 - tn: 2006 - precision: 0.7633 - recall: 0.7879 - accuracy: 0.6332 - f1-score: 0.7754
LANGUAGE   tp: 0 - fp: 0 - fn: 22 - tn: 0 - precision: 0.0000 - recall: 0.0000 - accuracy: 0.0000 - f1-score: 0.0000
LAW        tp: 0 - fp: 2 - fn: 44 - tn: 0 - precision: 0.0000 - recall: 0.0000 - accuracy: 0.0000 - f1-score: 0.0000
LOC        tp: 66 - fp: 108 - fn: 149 - tn: 66 - precision: 0.3793 - recall: 0.3070 - accuracy: 0.2043 - f1-score: 0.3393
MONEY      tp: 258 - fp: 118 - fn: 97 - tn: 258 - precision: 0.6862 - recall: 0.7268 - accuracy: 0.5455 - f1-score: 0.7059
NORP       tp: 797 - fp: 302 - fn: 193 - tn: 797 - precision: 0.7252 - recall: 0.8051 - accuracy: 0.6169 - f1-score: 0.7631
ORDINAL    tp: 73 - fp: 51 - fn: 134 - tn: 73 - precision: 0.5887 - recall: 0.3527 - accuracy: 0.2829 - f1-score: 0.4411
ORG        tp: 1401 - fp: 946 - fn: 601 - tn: 1401 - precision: 0.5969 - recall: 0.6998 - accuracy: 0.4752 - f1-score: 0.6443
PERCENT    tp: 341 - fp: 95 - fn: 67 - tn: 341 - precision: 0.7821 - recall: 0.8358 - accuracy: 0.6779 - f1-score: 0.8081
PERSON     tp: 1730 - fp: 709 - fn: 404 - tn: 1730 - precision: 0.7093 - recall: 0.8107 - accuracy: 0.6085 - f1-score: 0.7566
PRODUCT    tp: 9 - fp: 29 - fn: 81 - tn: 9 - precision: 0.2368 - recall: 0.1000 - accuracy: 0.0756 - f1-score: 0.1406
QUANTITY   tp: 17 - fp: 72 - fn: 136 - tn: 17 - precision: 0.1910 - recall: 0.1111 - accuracy: 0.0756 - f1-score: 0.1405
TIME       tp: 30 - fp: 60 - fn: 195 - tn: 30 - precision: 0.3333 - recall: 0.1333 - accuracy: 0.1053 - f1-score: 0.1904
WORK_OF_ART tp: 54 - fp: 297 - fn: 115 - tn: 54 - precision: 0.1538 - recall: 0.3195 - accuracy: 0.1159 - f1-score: 0.2076
2019-07-10 11:31:32,278 ----------------------------------------------------------------------------------------------------
