2019-07-12 05:21:40,555 ----------------------------------------------------------------------------------------------------
2019-07-12 05:21:40,555 Evaluation method: MICRO_F1_SCORE
2019-07-12 05:21:40,563 ----------------------------------------------------------------------------------------------------
2019-07-12 05:21:48,210 epoch 1 - iter 0/73 - loss 109.87078857
2019-07-12 05:21:50,152 epoch 1 - iter 7/73 - loss 44.52445590
2019-07-12 05:21:52,066 epoch 1 - iter 14/73 - loss 30.20342960
2019-07-12 05:21:54,114 epoch 1 - iter 21/73 - loss 25.50077965
2019-07-12 05:21:55,975 epoch 1 - iter 28/73 - loss 23.64071821
2019-07-12 05:21:57,608 epoch 1 - iter 35/73 - loss 21.29863856
2019-07-12 05:21:59,429 epoch 1 - iter 42/73 - loss 19.89014315
2019-07-12 05:22:01,262 epoch 1 - iter 49/73 - loss 18.71587982
2019-07-12 05:22:03,052 epoch 1 - iter 56/73 - loss 17.45402879
2019-07-12 05:22:04,807 epoch 1 - iter 63/73 - loss 16.69809829
2019-07-12 05:22:06,564 epoch 1 - iter 70/73 - loss 15.66088118
2019-07-12 05:22:07,312 ----------------------------------------------------------------------------------------------------
2019-07-12 05:22:07,312 EPOCH 1 done: loss 15.6243 - lr 0.1000 - bad epochs 0
2019-07-12 05:29:28,599 DEV : loss 10.251479148864746 - score 0.4292
2019-07-12 05:35:24,342 TEST : loss 8.926347732543945 - score 0.4108
2019-07-12 05:35:32,487 ----------------------------------------------------------------------------------------------------
2019-07-12 05:35:33,865 epoch 2 - iter 0/73 - loss 5.39544773
2019-07-12 05:35:36,290 epoch 2 - iter 7/73 - loss 8.32909572
2019-07-12 05:35:38,577 epoch 2 - iter 14/73 - loss 7.86801294
2019-07-12 05:35:40,793 epoch 2 - iter 21/73 - loss 7.64599413
2019-07-12 05:35:43,199 epoch 2 - iter 28/73 - loss 7.44622734
2019-07-12 05:35:45,573 epoch 2 - iter 35/73 - loss 7.22850587
2019-07-12 05:35:47,926 epoch 2 - iter 42/73 - loss 7.33094270
2019-07-12 05:35:50,377 epoch 2 - iter 49/73 - loss 7.22256971
2019-07-12 05:35:52,807 epoch 2 - iter 56/73 - loss 7.14111992
2019-07-12 05:35:54,960 epoch 2 - iter 63/73 - loss 7.00973051
2019-07-12 05:35:57,214 epoch 2 - iter 70/73 - loss 7.02922940
2019-07-12 05:35:58,027 ----------------------------------------------------------------------------------------------------
2019-07-12 05:35:58,027 EPOCH 2 done: loss 7.0104 - lr 0.1000 - bad epochs 0
2019-07-12 05:43:56,203 DEV : loss 8.399892807006836 - score 0.5257
2019-07-12 05:49:49,459 TEST : loss 7.272389888763428 - score 0.504
2019-07-12 05:49:59,020 ----------------------------------------------------------------------------------------------------
2019-07-12 05:50:00,676 epoch 3 - iter 0/73 - loss 2.42749190
2019-07-12 05:50:02,831 epoch 3 - iter 7/73 - loss 4.06442323
2019-07-12 05:50:05,027 epoch 3 - iter 14/73 - loss 4.30851668
2019-07-12 05:50:07,031 epoch 3 - iter 21/73 - loss 4.89181329
2019-07-12 05:50:09,372 epoch 3 - iter 28/73 - loss 4.84132138
2019-07-12 05:50:11,899 epoch 3 - iter 35/73 - loss 4.89328650
2019-07-12 05:50:14,873 epoch 3 - iter 42/73 - loss 5.14919838
2019-07-12 05:50:17,347 epoch 3 - iter 49/73 - loss 5.17202652
2019-07-12 05:50:19,650 epoch 3 - iter 56/73 - loss 5.17476789
2019-07-12 05:50:21,689 epoch 3 - iter 63/73 - loss 5.17852577
2019-07-12 05:50:23,904 epoch 3 - iter 70/73 - loss 5.29037658
2019-07-12 05:50:24,516 ----------------------------------------------------------------------------------------------------
2019-07-12 05:50:24,517 EPOCH 3 done: loss 5.2030 - lr 0.1000 - bad epochs 0
2019-07-12 05:57:29,960 DEV : loss 6.600693225860596 - score 0.6345
2019-07-12 06:03:06,016 TEST : loss 5.83683443069458 - score 0.6007
2019-07-12 06:03:15,467 ----------------------------------------------------------------------------------------------------
2019-07-12 06:03:16,866 epoch 4 - iter 0/73 - loss 8.99334526
2019-07-12 06:03:19,105 epoch 4 - iter 7/73 - loss 4.33504993
2019-07-12 06:03:21,343 epoch 4 - iter 14/73 - loss 4.29471323
2019-07-12 06:03:23,615 epoch 4 - iter 21/73 - loss 4.30841332
2019-07-12 06:03:25,793 epoch 4 - iter 28/73 - loss 4.19939466
2019-07-12 06:03:27,877 epoch 4 - iter 35/73 - loss 4.05050657
2019-07-12 06:03:30,439 epoch 4 - iter 42/73 - loss 4.16130531
2019-07-12 06:03:32,746 epoch 4 - iter 49/73 - loss 4.11928685
2019-07-12 06:03:35,213 epoch 4 - iter 56/73 - loss 4.09005599
2019-07-12 06:03:37,525 epoch 4 - iter 63/73 - loss 4.10291879
2019-07-12 06:03:39,924 epoch 4 - iter 70/73 - loss 4.17910852
2019-07-12 06:03:40,703 ----------------------------------------------------------------------------------------------------
2019-07-12 06:03:40,704 EPOCH 4 done: loss 4.1681 - lr 0.1000 - bad epochs 0
2019-07-12 06:11:24,999 DEV : loss 5.903722763061523 - score 0.656
2019-07-12 06:17:10,670 TEST : loss 5.247474193572998 - score 0.6225
2019-07-12 06:17:20,527 ----------------------------------------------------------------------------------------------------
2019-07-12 06:17:21,789 epoch 5 - iter 0/73 - loss 2.43802118
2019-07-12 06:17:24,129 epoch 5 - iter 7/73 - loss 2.62104815
2019-07-12 06:17:26,554 epoch 5 - iter 14/73 - loss 3.25749586
2019-07-12 06:17:28,963 epoch 5 - iter 21/73 - loss 3.31407305
2019-07-12 06:17:31,162 epoch 5 - iter 28/73 - loss 3.19725092
2019-07-12 06:17:33,626 epoch 5 - iter 35/73 - loss 3.29858329
2019-07-12 06:17:35,721 epoch 5 - iter 42/73 - loss 3.27251924
2019-07-12 06:17:38,004 epoch 5 - iter 49/73 - loss 3.27834409
2019-07-12 06:17:40,495 epoch 5 - iter 56/73 - loss 3.38147230
2019-07-12 06:17:42,805 epoch 5 - iter 63/73 - loss 3.33192362
2019-07-12 06:17:45,097 epoch 5 - iter 70/73 - loss 3.32869024
2019-07-12 06:17:45,808 ----------------------------------------------------------------------------------------------------
2019-07-12 06:17:45,808 EPOCH 5 done: loss 3.2941 - lr 0.1000 - bad epochs 0
2019-07-12 06:25:40,490 DEV : loss 5.580623149871826 - score 0.659
2019-07-12 06:31:16,983 TEST : loss 5.007608413696289 - score 0.6233
2019-07-12 06:31:26,750 ----------------------------------------------------------------------------------------------------
2019-07-12 06:31:28,374 epoch 6 - iter 0/73 - loss 5.35067320
2019-07-12 06:31:30,706 epoch 6 - iter 7/73 - loss 2.74165176
2019-07-12 06:31:32,834 epoch 6 - iter 14/73 - loss 2.61515995
2019-07-12 06:31:35,102 epoch 6 - iter 21/73 - loss 2.75368680
2019-07-12 06:31:37,370 epoch 6 - iter 28/73 - loss 2.87243828
2019-07-12 06:31:39,655 epoch 6 - iter 35/73 - loss 2.79484391
2019-07-12 06:31:42,031 epoch 6 - iter 42/73 - loss 2.72963338
2019-07-12 06:31:44,265 epoch 6 - iter 49/73 - loss 2.76272560
2019-07-12 06:31:46,726 epoch 6 - iter 56/73 - loss 2.73956354
2019-07-12 06:31:49,374 epoch 6 - iter 63/73 - loss 2.76397053
2019-07-12 06:31:51,869 epoch 6 - iter 70/73 - loss 2.71069589
2019-07-12 06:31:52,523 ----------------------------------------------------------------------------------------------------
2019-07-12 06:31:52,523 EPOCH 6 done: loss 2.7575 - lr 0.1000 - bad epochs 0
2019-07-12 06:39:24,308 DEV : loss 5.422253608703613 - score 0.6841
2019-07-12 06:45:23,556 TEST : loss 4.877943992614746 - score 0.6566
2019-07-12 06:45:33,484 ----------------------------------------------------------------------------------------------------
2019-07-12 06:45:34,954 epoch 7 - iter 0/73 - loss 4.03189278
2019-07-12 06:45:37,282 epoch 7 - iter 7/73 - loss 2.48722427
2019-07-12 06:45:39,527 epoch 7 - iter 14/73 - loss 2.38731932
2019-07-12 06:45:41,894 epoch 7 - iter 21/73 - loss 2.31833364
2019-07-12 06:45:44,018 epoch 7 - iter 28/73 - loss 2.21678301
2019-07-12 06:45:46,239 epoch 7 - iter 35/73 - loss 2.15451503
2019-07-12 06:45:48,664 epoch 7 - iter 42/73 - loss 2.15866572
2019-07-12 06:45:50,850 epoch 7 - iter 49/73 - loss 2.08575232
2019-07-12 06:45:53,138 epoch 7 - iter 56/73 - loss 2.06754692
2019-07-12 06:45:55,609 epoch 7 - iter 63/73 - loss 2.13651659
2019-07-12 06:45:58,313 epoch 7 - iter 70/73 - loss 2.16758452
2019-07-12 06:45:59,134 ----------------------------------------------------------------------------------------------------
2019-07-12 06:45:59,134 EPOCH 7 done: loss 2.1815 - lr 0.1000 - bad epochs 0
2019-07-12 06:53:48,091 DEV : loss 5.720687389373779 - score 0.6772
2019-07-12 06:59:38,417 TEST : loss 5.1206159591674805 - score 0.638
2019-07-12 06:59:38,417 ----------------------------------------------------------------------------------------------------
2019-07-12 06:59:39,720 epoch 8 - iter 0/73 - loss 0.96511149
2019-07-12 06:59:42,192 epoch 8 - iter 7/73 - loss 1.62157275
2019-07-12 06:59:44,920 epoch 8 - iter 14/73 - loss 1.72639414
2019-07-12 06:59:47,509 epoch 8 - iter 21/73 - loss 1.78721833
2019-07-12 06:59:49,905 epoch 8 - iter 28/73 - loss 1.80946002
2019-07-12 06:59:52,271 epoch 8 - iter 35/73 - loss 1.77207242
2019-07-12 06:59:54,669 epoch 8 - iter 42/73 - loss 1.78272411
2019-07-12 07:00:07,101 epoch 8 - iter 49/73 - loss 1.81229345
2019-07-12 07:00:09,480 epoch 8 - iter 56/73 - loss 1.79802560
2019-07-12 07:00:11,973 epoch 8 - iter 63/73 - loss 1.81225706
2019-07-12 07:00:14,150 epoch 8 - iter 70/73 - loss 1.80810574
2019-07-12 07:00:14,975 ----------------------------------------------------------------------------------------------------
2019-07-12 07:00:14,975 EPOCH 8 done: loss 1.7985 - lr 0.1000 - bad epochs 1
2019-07-12 07:07:37,107 DEV : loss 5.261276721954346 - score 0.7
2019-07-12 07:13:36,284 TEST : loss 4.823166847229004 - score 0.668
2019-07-12 07:13:46,200 ----------------------------------------------------------------------------------------------------
2019-07-12 07:13:47,436 epoch 9 - iter 0/73 - loss 1.29186809
2019-07-12 07:13:49,208 epoch 9 - iter 7/73 - loss 1.54268953
2019-07-12 07:13:51,139 epoch 9 - iter 14/73 - loss 1.46865242
2019-07-12 07:13:52,919 epoch 9 - iter 21/73 - loss 1.46548901
2019-07-12 07:13:54,641 epoch 9 - iter 28/73 - loss 1.48083668
2019-07-12 07:13:56,507 epoch 9 - iter 35/73 - loss 1.44758880
2019-07-12 07:13:58,484 epoch 9 - iter 42/73 - loss 1.41096587
2019-07-12 07:14:00,763 epoch 9 - iter 49/73 - loss 1.38637834
2019-07-12 07:14:02,908 epoch 9 - iter 56/73 - loss 1.41988195
2019-07-12 07:14:05,256 epoch 9 - iter 63/73 - loss 1.40960329
2019-07-12 07:14:07,502 epoch 9 - iter 70/73 - loss 1.42424446
2019-07-12 07:14:08,167 ----------------------------------------------------------------------------------------------------
2019-07-12 07:14:08,167 EPOCH 9 done: loss 1.4180 - lr 0.1000 - bad epochs 0
2019-07-12 07:20:57,981 DEV : loss 5.448020935058594 - score 0.6865
2019-07-12 07:26:38,551 TEST : loss 5.030359268188477 - score 0.655
2019-07-12 07:26:38,552 ----------------------------------------------------------------------------------------------------
2019-07-12 07:26:39,845 epoch 10 - iter 0/73 - loss 1.77523398
2019-07-12 07:26:42,309 epoch 10 - iter 7/73 - loss 1.32774963
2019-07-12 07:26:44,911 epoch 10 - iter 14/73 - loss 1.18236920
2019-07-12 07:26:47,165 epoch 10 - iter 21/73 - loss 1.15941931
2019-07-12 07:26:49,559 epoch 10 - iter 28/73 - loss 1.19212182
2019-07-12 07:26:51,926 epoch 10 - iter 35/73 - loss 1.12358969
2019-07-12 07:26:54,617 epoch 10 - iter 42/73 - loss 1.09302887
2019-07-12 07:26:57,431 epoch 10 - iter 49/73 - loss 1.13562581
2019-07-12 07:27:00,365 epoch 10 - iter 56/73 - loss 1.16111154
2019-07-12 07:27:02,549 epoch 10 - iter 63/73 - loss 1.13891493
2019-07-12 07:27:04,717 epoch 10 - iter 70/73 - loss 1.16816495
2019-07-12 07:27:05,430 ----------------------------------------------------------------------------------------------------
2019-07-12 07:27:05,430 EPOCH 10 done: loss 1.1585 - lr 0.1000 - bad epochs 1
2019-07-12 07:34:12,745 DEV : loss 5.655693531036377 - score 0.6711
2019-07-12 07:39:06,370 TEST : loss 5.0875983238220215 - score 0.6417
2019-07-12 07:39:14,488 ----------------------------------------------------------------------------------------------------
2019-07-12 07:39:14,488 Testing using best model ...
2019-07-12 07:39:14,489 loading file output_models/taggers/example-ner-39/best-model.pt
2019-07-12 07:43:47,476 0.6525	0.6843	0.668
2019-07-12 07:43:47,477 
MICRO_AVG: acc 0.5015 - f1-score 0.668
MACRO_AVG: acc 0.3218 - f1-score 0.4375111111111111
CARDINAL   tp: 602 - fp: 634 - fn: 403 - tn: 602 - precision: 0.4871 - recall: 0.5990 - accuracy: 0.3673 - f1-score: 0.5373
DATE       tp: 1252 - fp: 707 - fn: 535 - tn: 1252 - precision: 0.6391 - recall: 0.7006 - accuracy: 0.5020 - f1-score: 0.6684
EVENT      tp: 5 - fp: 47 - fn: 80 - tn: 5 - precision: 0.0962 - recall: 0.0588 - accuracy: 0.0379 - f1-score: 0.0730
FAC        tp: 24 - fp: 101 - fn: 125 - tn: 24 - precision: 0.1920 - recall: 0.1611 - accuracy: 0.0960 - f1-score: 0.1752
GPE        tp: 1970 - fp: 625 - fn: 576 - tn: 1970 - precision: 0.7592 - recall: 0.7738 - accuracy: 0.6213 - f1-score: 0.7664
LANGUAGE   tp: 0 - fp: 1 - fn: 22 - tn: 0 - precision: 0.0000 - recall: 0.0000 - accuracy: 0.0000 - f1-score: 0.0000
LAW        tp: 0 - fp: 0 - fn: 44 - tn: 0 - precision: 0.0000 - recall: 0.0000 - accuracy: 0.0000 - f1-score: 0.0000
LOC        tp: 115 - fp: 301 - fn: 100 - tn: 115 - precision: 0.2764 - recall: 0.5349 - accuracy: 0.2229 - f1-score: 0.3645
MONEY      tp: 292 - fp: 104 - fn: 63 - tn: 292 - precision: 0.7374 - recall: 0.8225 - accuracy: 0.6362 - f1-score: 0.7776
NORP       tp: 757 - fp: 248 - fn: 233 - tn: 757 - precision: 0.7532 - recall: 0.7646 - accuracy: 0.6115 - f1-score: 0.7589
ORDINAL    tp: 154 - fp: 161 - fn: 53 - tn: 154 - precision: 0.4889 - recall: 0.7440 - accuracy: 0.4185 - f1-score: 0.5901
ORG        tp: 1280 - fp: 637 - fn: 722 - tn: 1280 - precision: 0.6677 - recall: 0.6394 - accuracy: 0.4850 - f1-score: 0.6532
PERCENT    tp: 326 - fp: 151 - fn: 82 - tn: 326 - precision: 0.6834 - recall: 0.7990 - accuracy: 0.5832 - f1-score: 0.7367
PERSON     tp: 1682 - fp: 555 - fn: 452 - tn: 1682 - precision: 0.7519 - recall: 0.7882 - accuracy: 0.6255 - f1-score: 0.7696
PRODUCT    tp: 12 - fp: 64 - fn: 78 - tn: 12 - precision: 0.1579 - recall: 0.1333 - accuracy: 0.0779 - f1-score: 0.1446
QUANTITY   tp: 37 - fp: 68 - fn: 116 - tn: 37 - precision: 0.3524 - recall: 0.2418 - accuracy: 0.1674 - f1-score: 0.2868
TIME       tp: 79 - fp: 129 - fn: 146 - tn: 79 - precision: 0.3798 - recall: 0.3511 - accuracy: 0.2232 - f1-score: 0.3649
WORK_OF_ART tp: 26 - fp: 55 - fn: 143 - tn: 26 - precision: 0.3210 - recall: 0.1538 - accuracy: 0.1161 - f1-score: 0.2080
2019-07-12 07:43:47,477 ----------------------------------------------------------------------------------------------------
