2019-07-10 09:07:53,863 ----------------------------------------------------------------------------------------------------
2019-07-10 09:07:53,863 Evaluation method: MICRO_F1_SCORE
2019-07-10 09:07:53,871 ----------------------------------------------------------------------------------------------------
2019-07-10 09:08:01,567 epoch 1 - iter 0/73 - loss 66.54071045
2019-07-10 09:08:03,285 epoch 1 - iter 7/73 - loss 26.20841944
2019-07-10 09:08:05,158 epoch 1 - iter 14/73 - loss 20.13303534
2019-07-10 09:08:06,968 epoch 1 - iter 21/73 - loss 17.12862882
2019-07-10 09:08:09,183 epoch 1 - iter 28/73 - loss 15.23221685
2019-07-10 09:08:10,831 epoch 1 - iter 35/73 - loss 13.62821503
2019-07-10 09:08:13,128 epoch 1 - iter 42/73 - loss 12.63752289
2019-07-10 09:08:15,522 epoch 1 - iter 49/73 - loss 11.75777864
2019-07-10 09:08:17,870 epoch 1 - iter 56/73 - loss 11.07431572
2019-07-10 09:08:20,446 epoch 1 - iter 63/73 - loss 10.56958237
2019-07-10 09:08:23,316 epoch 1 - iter 70/73 - loss 10.16892305
2019-07-10 09:08:24,246 ----------------------------------------------------------------------------------------------------
2019-07-10 09:08:24,246 EPOCH 1 done: loss 10.0842 - lr 0.1000 - bad epochs 0
2019-07-10 09:15:00,481 DEV : loss 5.804165363311768 - score 0.4469
2019-07-10 09:20:27,794 TEST : loss 5.1527252197265625 - score 0.4231
2019-07-10 09:20:36,196 ----------------------------------------------------------------------------------------------------
2019-07-10 09:20:37,534 epoch 2 - iter 0/73 - loss 2.93198323
2019-07-10 09:20:39,820 epoch 2 - iter 7/73 - loss 5.17420480
2019-07-10 09:20:42,220 epoch 2 - iter 14/73 - loss 4.99805032
2019-07-10 09:20:44,326 epoch 2 - iter 21/73 - loss 4.99167879
2019-07-10 09:20:46,663 epoch 2 - iter 28/73 - loss 4.92131943
2019-07-10 09:20:48,716 epoch 2 - iter 35/73 - loss 5.05271069
2019-07-10 09:20:50,916 epoch 2 - iter 42/73 - loss 4.97675312
2019-07-10 09:20:52,621 epoch 2 - iter 49/73 - loss 4.81258934
2019-07-10 09:20:54,502 epoch 2 - iter 56/73 - loss 4.54747352
2019-07-10 09:20:56,312 epoch 2 - iter 63/73 - loss 4.40833247
2019-07-10 09:20:58,623 epoch 2 - iter 70/73 - loss 4.26552800
2019-07-10 09:20:59,511 ----------------------------------------------------------------------------------------------------
2019-07-10 09:20:59,511 EPOCH 2 done: loss 4.2575 - lr 0.1000 - bad epochs 0
2019-07-10 09:27:58,388 DEV : loss 4.751850128173828 - score 0.5191
2019-07-10 09:33:40,273 TEST : loss 4.194660663604736 - score 0.4897
2019-07-10 09:33:50,128 ----------------------------------------------------------------------------------------------------
2019-07-10 09:33:51,480 epoch 3 - iter 0/73 - loss 4.11658335
2019-07-10 09:33:53,989 epoch 3 - iter 7/73 - loss 3.51964255
2019-07-10 09:33:56,342 epoch 3 - iter 14/73 - loss 3.39171817
2019-07-10 09:33:58,694 epoch 3 - iter 21/73 - loss 3.30928308
2019-07-10 09:34:01,168 epoch 3 - iter 28/73 - loss 3.32601739
2019-07-10 09:34:03,262 epoch 3 - iter 35/73 - loss 3.09174837
2019-07-10 09:34:05,759 epoch 3 - iter 42/73 - loss 3.03587763
2019-07-10 09:34:07,960 epoch 3 - iter 49/73 - loss 3.03086488
2019-07-10 09:34:10,572 epoch 3 - iter 56/73 - loss 3.09124209
2019-07-10 09:34:13,093 epoch 3 - iter 63/73 - loss 3.09518931
2019-07-10 09:34:15,600 epoch 3 - iter 70/73 - loss 3.15359697
2019-07-10 09:34:16,266 ----------------------------------------------------------------------------------------------------
2019-07-10 09:34:16,267 EPOCH 3 done: loss 3.1228 - lr 0.1000 - bad epochs 0
2019-07-10 09:41:22,936 DEV : loss 3.764224052429199 - score 0.6193
2019-07-10 09:47:00,988 TEST : loss 3.5135159492492676 - score 0.5869
2019-07-10 09:47:11,254 ----------------------------------------------------------------------------------------------------
2019-07-10 09:47:12,819 epoch 4 - iter 0/73 - loss 1.26137030
2019-07-10 09:47:15,285 epoch 4 - iter 7/73 - loss 2.71387404
2019-07-10 09:47:17,692 epoch 4 - iter 14/73 - loss 2.71326470
2019-07-10 09:47:20,008 epoch 4 - iter 21/73 - loss 2.80446803
2019-07-10 09:47:22,625 epoch 4 - iter 28/73 - loss 2.72344001
2019-07-10 09:47:25,069 epoch 4 - iter 35/73 - loss 2.70019697
2019-07-10 09:47:27,445 epoch 4 - iter 42/73 - loss 2.61430699
2019-07-10 09:47:29,716 epoch 4 - iter 49/73 - loss 2.50550345
2019-07-10 09:47:32,191 epoch 4 - iter 56/73 - loss 2.49719979
2019-07-10 09:47:34,298 epoch 4 - iter 63/73 - loss 2.47468957
2019-07-10 09:47:37,029 epoch 4 - iter 70/73 - loss 2.47145819
2019-07-10 09:47:37,686 ----------------------------------------------------------------------------------------------------
2019-07-10 09:47:37,686 EPOCH 4 done: loss 2.4663 - lr 0.1000 - bad epochs 0
2019-07-10 09:54:40,992 DEV : loss 3.4822325706481934 - score 0.6299
2019-07-10 10:00:14,424 TEST : loss 3.2381935119628906 - score 0.5926
2019-07-10 10:00:24,688 ----------------------------------------------------------------------------------------------------
2019-07-10 10:00:26,135 epoch 5 - iter 0/73 - loss 0.90573066
2019-07-10 10:00:28,491 epoch 5 - iter 7/73 - loss 2.10933649
2019-07-10 10:00:30,726 epoch 5 - iter 14/73 - loss 2.08570394
2019-07-10 10:00:32,813 epoch 5 - iter 21/73 - loss 1.98596123
2019-07-10 10:00:35,228 epoch 5 - iter 28/73 - loss 1.99479747
2019-07-10 10:00:37,570 epoch 5 - iter 35/73 - loss 2.05013237
2019-07-10 10:00:39,974 epoch 5 - iter 42/73 - loss 2.02111471
2019-07-10 10:00:42,341 epoch 5 - iter 49/73 - loss 2.00059883
2019-07-10 10:00:44,540 epoch 5 - iter 56/73 - loss 1.99483709
2019-07-10 10:00:46,935 epoch 5 - iter 63/73 - loss 1.99478183
2019-07-10 10:00:49,782 epoch 5 - iter 70/73 - loss 1.98368081
2019-07-10 10:00:50,549 ----------------------------------------------------------------------------------------------------
2019-07-10 10:00:50,549 EPOCH 5 done: loss 1.9689 - lr 0.1000 - bad epochs 0
2019-07-10 10:08:33,484 DEV : loss 3.1716814041137695 - score 0.6741
2019-07-10 10:14:04,454 TEST : loss 3.090048313140869 - score 0.6361
2019-07-10 10:14:14,184 ----------------------------------------------------------------------------------------------------
2019-07-10 10:14:15,676 epoch 6 - iter 0/73 - loss 3.41985202
2019-07-10 10:14:17,853 epoch 6 - iter 7/73 - loss 1.88138777
2019-07-10 10:14:20,375 epoch 6 - iter 14/73 - loss 1.78952835
2019-07-10 10:14:22,687 epoch 6 - iter 21/73 - loss 1.78216913
2019-07-10 10:14:25,010 epoch 6 - iter 28/73 - loss 1.67056637
2019-07-10 10:14:27,357 epoch 6 - iter 35/73 - loss 1.64960996
2019-07-10 10:14:29,860 epoch 6 - iter 42/73 - loss 1.69367744
2019-07-10 10:14:32,008 epoch 6 - iter 49/73 - loss 1.64889976
2019-07-10 10:14:34,298 epoch 6 - iter 56/73 - loss 1.65531923
2019-07-10 10:14:37,054 epoch 6 - iter 63/73 - loss 1.61219458
2019-07-10 10:14:39,833 epoch 6 - iter 70/73 - loss 1.64083510
2019-07-10 10:14:40,577 ----------------------------------------------------------------------------------------------------
2019-07-10 10:14:40,577 EPOCH 6 done: loss 1.6189 - lr 0.1000 - bad epochs 0
2019-07-10 10:21:26,007 DEV : loss 3.2062742710113525 - score 0.6838
2019-07-10 10:27:16,231 TEST : loss 3.0993118286132812 - score 0.6429
2019-07-10 10:27:25,858 ----------------------------------------------------------------------------------------------------
2019-07-10 10:27:27,240 epoch 7 - iter 0/73 - loss 0.55348319
2019-07-10 10:27:29,623 epoch 7 - iter 7/73 - loss 0.97425744
2019-07-10 10:27:31,889 epoch 7 - iter 14/73 - loss 1.16464349
2019-07-10 10:27:34,477 epoch 7 - iter 21/73 - loss 1.19571729
2019-07-10 10:27:37,219 epoch 7 - iter 28/73 - loss 1.19524792
2019-07-10 10:27:39,405 epoch 7 - iter 35/73 - loss 1.17962839
2019-07-10 10:27:42,123 epoch 7 - iter 42/73 - loss 1.19129173
2019-07-10 10:27:44,443 epoch 7 - iter 49/73 - loss 1.21733301
2019-07-10 10:27:46,923 epoch 7 - iter 56/73 - loss 1.24602055
2019-07-10 10:27:49,176 epoch 7 - iter 63/73 - loss 1.28323932
2019-07-10 10:27:51,750 epoch 7 - iter 70/73 - loss 1.29264621
2019-07-10 10:27:52,934 ----------------------------------------------------------------------------------------------------
2019-07-10 10:27:52,934 EPOCH 7 done: loss 1.2855 - lr 0.1000 - bad epochs 0
2019-07-10 10:35:10,462 DEV : loss 2.938174247741699 - score 0.7011
2019-07-10 10:40:46,498 TEST : loss 2.8598544597625732 - score 0.6611
2019-07-10 10:40:56,762 ----------------------------------------------------------------------------------------------------
2019-07-10 10:40:58,104 epoch 8 - iter 0/73 - loss 0.82972288
2019-07-10 10:41:00,527 epoch 8 - iter 7/73 - loss 0.94920398
2019-07-10 10:41:02,679 epoch 8 - iter 14/73 - loss 1.03064545
2019-07-10 10:41:05,202 epoch 8 - iter 21/73 - loss 1.03267234
2019-07-10 10:41:07,554 epoch 8 - iter 28/73 - loss 1.01781103
2019-07-10 10:41:09,785 epoch 8 - iter 35/73 - loss 0.99960785
2019-07-10 10:41:20,582 epoch 8 - iter 42/73 - loss 0.98839614
2019-07-10 10:41:22,336 epoch 8 - iter 49/73 - loss 1.01127983
2019-07-10 10:41:24,180 epoch 8 - iter 56/73 - loss 1.03177551
2019-07-10 10:41:26,517 epoch 8 - iter 63/73 - loss 1.08337825
2019-07-10 10:41:28,854 epoch 8 - iter 70/73 - loss 1.06484867
2019-07-10 10:41:29,677 ----------------------------------------------------------------------------------------------------
2019-07-10 10:41:29,677 EPOCH 8 done: loss 1.0793 - lr 0.1000 - bad epochs 0
2019-07-10 10:49:02,727 DEV : loss 2.9584126472473145 - score 0.6926
2019-07-10 10:54:53,541 TEST : loss 2.8967013359069824 - score 0.6539
2019-07-10 10:54:53,541 ----------------------------------------------------------------------------------------------------
2019-07-10 10:54:54,764 epoch 9 - iter 0/73 - loss 0.84507596
2019-07-10 10:54:57,585 epoch 9 - iter 7/73 - loss 1.12059857
2019-07-10 10:55:00,107 epoch 9 - iter 14/73 - loss 0.94248852
2019-07-10 10:55:02,584 epoch 9 - iter 21/73 - loss 0.83700071
2019-07-10 10:55:05,348 epoch 9 - iter 28/73 - loss 0.79893060
2019-07-10 10:55:07,638 epoch 9 - iter 35/73 - loss 0.77358453
2019-07-10 10:55:09,915 epoch 9 - iter 42/73 - loss 0.79806543
2019-07-10 10:55:12,277 epoch 9 - iter 49/73 - loss 0.81320987
2019-07-10 10:55:14,836 epoch 9 - iter 56/73 - loss 0.82569872
2019-07-10 10:55:17,767 epoch 9 - iter 63/73 - loss 0.83241525
2019-07-10 10:55:20,123 epoch 9 - iter 70/73 - loss 0.82984385
2019-07-10 10:55:20,989 ----------------------------------------------------------------------------------------------------
2019-07-10 10:55:20,989 EPOCH 9 done: loss 0.8706 - lr 0.1000 - bad epochs 1
2019-07-10 11:02:44,787 DEV : loss 3.0052356719970703 - score 0.6957
2019-07-10 11:08:31,222 TEST : loss 2.8753011226654053 - score 0.6571
2019-07-10 11:08:31,222 ----------------------------------------------------------------------------------------------------
2019-07-10 11:08:32,438 epoch 10 - iter 0/73 - loss 0.81102920
2019-07-10 11:08:34,880 epoch 10 - iter 7/73 - loss 0.62929443
2019-07-10 11:08:37,429 epoch 10 - iter 14/73 - loss 0.63726150
2019-07-10 11:08:40,212 epoch 10 - iter 21/73 - loss 0.68090689
2019-07-10 11:08:42,737 epoch 10 - iter 28/73 - loss 0.65996751
2019-07-10 11:08:45,228 epoch 10 - iter 35/73 - loss 0.65738653
2019-07-10 11:08:47,560 epoch 10 - iter 42/73 - loss 0.68988529
2019-07-10 11:08:49,804 epoch 10 - iter 49/73 - loss 0.64816385
2019-07-10 11:08:52,183 epoch 10 - iter 56/73 - loss 0.65797079
2019-07-10 11:08:54,554 epoch 10 - iter 63/73 - loss 0.67580724
2019-07-10 11:08:56,758 epoch 10 - iter 70/73 - loss 0.67743417
2019-07-10 11:08:57,563 ----------------------------------------------------------------------------------------------------
2019-07-10 11:08:57,563 EPOCH 10 done: loss 0.6806 - lr 0.1000 - bad epochs 2
2019-07-10 11:16:55,293 DEV : loss 3.045673370361328 - score 0.7057
2019-07-10 11:22:52,860 TEST : loss 2.9828264713287354 - score 0.6687
2019-07-10 11:23:12,458 ----------------------------------------------------------------------------------------------------
2019-07-10 11:23:12,458 Testing using best model ...
2019-07-10 11:23:12,458 loading file output_models/taggers/example-ner-27/best-model.pt
2019-07-10 11:29:10,880 0.6495	0.6891	0.6687
2019-07-10 11:29:10,881 
MICRO_AVG: acc 0.5023 - f1-score 0.6687
MACRO_AVG: acc 0.3017 - f1-score 0.41008333333333336
CARDINAL   tp: 662 - fp: 512 - fn: 343 - tn: 662 - precision: 0.5639 - recall: 0.6587 - accuracy: 0.4364 - f1-score: 0.6076
DATE       tp: 1082 - fp: 484 - fn: 705 - tn: 1082 - precision: 0.6909 - recall: 0.6055 - accuracy: 0.4764 - f1-score: 0.6454
EVENT      tp: 10 - fp: 31 - fn: 75 - tn: 10 - precision: 0.2439 - recall: 0.1176 - accuracy: 0.0862 - f1-score: 0.1587
FAC        tp: 12 - fp: 21 - fn: 137 - tn: 12 - precision: 0.3636 - recall: 0.0805 - accuracy: 0.0706 - f1-score: 0.1318
GPE        tp: 2141 - fp: 771 - fn: 405 - tn: 2141 - precision: 0.7352 - recall: 0.8409 - accuracy: 0.6455 - f1-score: 0.7845
LANGUAGE   tp: 0 - fp: 0 - fn: 22 - tn: 0 - precision: 0.0000 - recall: 0.0000 - accuracy: 0.0000 - f1-score: 0.0000
LAW        tp: 0 - fp: 1 - fn: 44 - tn: 0 - precision: 0.0000 - recall: 0.0000 - accuracy: 0.0000 - f1-score: 0.0000
LOC        tp: 65 - fp: 147 - fn: 150 - tn: 65 - precision: 0.3066 - recall: 0.3023 - accuracy: 0.1796 - f1-score: 0.3044
MONEY      tp: 261 - fp: 103 - fn: 94 - tn: 261 - precision: 0.7170 - recall: 0.7352 - accuracy: 0.5699 - f1-score: 0.7260
NORP       tp: 817 - fp: 367 - fn: 173 - tn: 817 - precision: 0.6900 - recall: 0.8253 - accuracy: 0.6021 - f1-score: 0.7516
ORDINAL    tp: 64 - fp: 49 - fn: 143 - tn: 64 - precision: 0.5664 - recall: 0.3092 - accuracy: 0.2500 - f1-score: 0.4000
ORG        tp: 1405 - fp: 975 - fn: 597 - tn: 1405 - precision: 0.5903 - recall: 0.7018 - accuracy: 0.4720 - f1-score: 0.6412
PERCENT    tp: 342 - fp: 111 - fn: 66 - tn: 342 - precision: 0.7550 - recall: 0.8382 - accuracy: 0.6590 - f1-score: 0.7944
PERSON     tp: 1701 - fp: 642 - fn: 433 - tn: 1701 - precision: 0.7260 - recall: 0.7971 - accuracy: 0.6128 - f1-score: 0.7599
PRODUCT    tp: 8 - fp: 41 - fn: 82 - tn: 8 - precision: 0.1633 - recall: 0.0889 - accuracy: 0.0611 - f1-score: 0.1151
QUANTITY   tp: 20 - fp: 77 - fn: 133 - tn: 20 - precision: 0.2062 - recall: 0.1307 - accuracy: 0.0870 - f1-score: 0.1600
TIME       tp: 31 - fp: 57 - fn: 194 - tn: 31 - precision: 0.3523 - recall: 0.1378 - accuracy: 0.1099 - f1-score: 0.1981
WORK_OF_ART tp: 52 - fp: 292 - fn: 117 - tn: 52 - precision: 0.1512 - recall: 0.3077 - accuracy: 0.1128 - f1-score: 0.2028
2019-07-10 11:29:10,881 ----------------------------------------------------------------------------------------------------
