2019-07-11 06:39:52,050 ----------------------------------------------------------------------------------------------------
2019-07-11 06:39:52,050 Evaluation method: MICRO_F1_SCORE
2019-07-11 06:39:52,058 ----------------------------------------------------------------------------------------------------
2019-07-11 06:40:00,552 epoch 1 - iter 0/73 - loss 120.74419403
2019-07-11 06:40:02,325 epoch 1 - iter 7/73 - loss 44.72815251
2019-07-11 06:40:04,298 epoch 1 - iter 14/73 - loss 31.23217904
2019-07-11 06:40:06,131 epoch 1 - iter 21/73 - loss 26.02813354
2019-07-11 06:40:08,115 epoch 1 - iter 28/73 - loss 24.64738006
2019-07-11 06:40:10,014 epoch 1 - iter 35/73 - loss 22.28047515
2019-07-11 06:40:11,846 epoch 1 - iter 42/73 - loss 20.65759267
2019-07-11 06:40:13,849 epoch 1 - iter 49/73 - loss 19.91338361
2019-07-11 06:40:15,989 epoch 1 - iter 56/73 - loss 19.23145574
2019-07-11 06:40:17,734 epoch 1 - iter 63/73 - loss 18.47098871
2019-07-11 06:40:19,482 epoch 1 - iter 70/73 - loss 17.62810415
2019-07-11 06:40:20,200 ----------------------------------------------------------------------------------------------------
2019-07-11 06:40:20,200 EPOCH 1 done: loss 17.5755 - lr 0.1000 - bad epochs 0
2019-07-11 06:47:25,807 DEV : loss 11.551119804382324 - score 0.3679
2019-07-11 06:53:21,137 TEST : loss 10.034016609191895 - score 0.3548
2019-07-11 06:53:29,488 ----------------------------------------------------------------------------------------------------
2019-07-11 06:53:30,979 epoch 2 - iter 0/73 - loss 17.65419197
2019-07-11 06:53:34,783 epoch 2 - iter 7/73 - loss 13.65310639
2019-07-11 06:53:38,385 epoch 2 - iter 14/73 - loss 10.83354179
2019-07-11 06:53:41,687 epoch 2 - iter 21/73 - loss 10.31723789
2019-07-11 06:53:43,797 epoch 2 - iter 28/73 - loss 9.22881454
2019-07-11 06:53:46,287 epoch 2 - iter 35/73 - loss 9.18118130
2019-07-11 06:53:48,527 epoch 2 - iter 42/73 - loss 9.06622123
2019-07-11 06:53:50,817 epoch 2 - iter 49/73 - loss 8.75415349
2019-07-11 06:53:53,207 epoch 2 - iter 56/73 - loss 8.75468068
2019-07-11 06:53:55,519 epoch 2 - iter 63/73 - loss 8.59522756
2019-07-11 06:53:57,870 epoch 2 - iter 70/73 - loss 8.44702950
2019-07-11 06:53:58,690 ----------------------------------------------------------------------------------------------------
2019-07-11 06:53:58,690 EPOCH 2 done: loss 8.5555 - lr 0.1000 - bad epochs 0
2019-07-11 07:01:57,124 DEV : loss 8.49917984008789 - score 0.5606
2019-07-11 07:07:30,325 TEST : loss 7.585366725921631 - score 0.5359
2019-07-11 07:07:39,966 ----------------------------------------------------------------------------------------------------
2019-07-11 07:07:41,533 epoch 3 - iter 0/73 - loss 6.50704336
2019-07-11 07:07:44,136 epoch 3 - iter 7/73 - loss 6.61882710
2019-07-11 07:07:46,618 epoch 3 - iter 14/73 - loss 7.25233906
2019-07-11 07:07:49,089 epoch 3 - iter 21/73 - loss 6.57836702
2019-07-11 07:07:51,317 epoch 3 - iter 28/73 - loss 6.24528084
2019-07-11 07:07:53,798 epoch 3 - iter 35/73 - loss 6.40615679
2019-07-11 07:07:55,866 epoch 3 - iter 42/73 - loss 6.35876611
2019-07-11 07:07:58,193 epoch 3 - iter 49/73 - loss 6.46064642
2019-07-11 07:08:00,285 epoch 3 - iter 56/73 - loss 6.28528634
2019-07-11 07:08:02,675 epoch 3 - iter 63/73 - loss 6.38711525
2019-07-11 07:08:04,992 epoch 3 - iter 70/73 - loss 6.27993996
2019-07-11 07:08:05,723 ----------------------------------------------------------------------------------------------------
2019-07-11 07:08:05,723 EPOCH 3 done: loss 6.2891 - lr 0.1000 - bad epochs 0
2019-07-11 07:15:23,361 DEV : loss 7.047580242156982 - score 0.6145
2019-07-11 07:21:09,741 TEST : loss 6.427151679992676 - score 0.5806
2019-07-11 07:21:19,230 ----------------------------------------------------------------------------------------------------
2019-07-11 07:21:20,871 epoch 4 - iter 0/73 - loss 4.02354527
2019-07-11 07:21:23,165 epoch 4 - iter 7/73 - loss 4.20916586
2019-07-11 07:21:25,399 epoch 4 - iter 14/73 - loss 4.35170817
2019-07-11 07:21:27,791 epoch 4 - iter 21/73 - loss 4.72427212
2019-07-11 07:21:30,150 epoch 4 - iter 28/73 - loss 5.35302885
2019-07-11 07:21:32,520 epoch 4 - iter 35/73 - loss 4.94339781
2019-07-11 07:21:34,834 epoch 4 - iter 42/73 - loss 4.74445924
2019-07-11 07:21:37,327 epoch 4 - iter 49/73 - loss 4.93295060
2019-07-11 07:21:39,622 epoch 4 - iter 56/73 - loss 4.91361162
2019-07-11 07:21:41,979 epoch 4 - iter 63/73 - loss 4.97800531
2019-07-11 07:21:44,850 epoch 4 - iter 70/73 - loss 4.91069855
2019-07-11 07:21:45,574 ----------------------------------------------------------------------------------------------------
2019-07-11 07:21:45,575 EPOCH 4 done: loss 4.8823 - lr 0.1000 - bad epochs 0
2019-07-11 07:28:30,433 DEV : loss 6.383294582366943 - score 0.6366
2019-07-11 07:34:28,189 TEST : loss 5.847534656524658 - score 0.6035
2019-07-11 07:34:38,086 ----------------------------------------------------------------------------------------------------
2019-07-11 07:34:39,438 epoch 5 - iter 0/73 - loss 3.26835632
2019-07-11 07:34:41,202 epoch 5 - iter 7/73 - loss 4.83495046
2019-07-11 07:34:43,301 epoch 5 - iter 14/73 - loss 3.86993931
2019-07-11 07:34:45,756 epoch 5 - iter 21/73 - loss 4.04631301
2019-07-11 07:34:48,043 epoch 5 - iter 28/73 - loss 4.02027625
2019-07-11 07:34:50,425 epoch 5 - iter 35/73 - loss 4.16601954
2019-07-11 07:34:52,576 epoch 5 - iter 42/73 - loss 4.03782490
2019-07-11 07:34:55,110 epoch 5 - iter 49/73 - loss 4.00462272
2019-07-11 07:34:57,520 epoch 5 - iter 56/73 - loss 4.11238604
2019-07-11 07:34:59,645 epoch 5 - iter 63/73 - loss 3.92542138
2019-07-11 07:35:02,240 epoch 5 - iter 70/73 - loss 3.97906858
2019-07-11 07:35:02,855 ----------------------------------------------------------------------------------------------------
2019-07-11 07:35:02,855 EPOCH 5 done: loss 3.9071 - lr 0.1000 - bad epochs 0
2019-07-11 07:42:10,246 DEV : loss 6.089010238647461 - score 0.6533
2019-07-11 07:48:02,490 TEST : loss 5.603446006774902 - score 0.6158
2019-07-11 07:48:11,867 ----------------------------------------------------------------------------------------------------
2019-07-11 07:48:13,162 epoch 6 - iter 0/73 - loss 3.36020851
2019-07-11 07:48:15,524 epoch 6 - iter 7/73 - loss 3.50826370
2019-07-11 07:48:17,719 epoch 6 - iter 14/73 - loss 3.25890801
2019-07-11 07:48:20,438 epoch 6 - iter 21/73 - loss 3.36913536
2019-07-11 07:48:22,627 epoch 6 - iter 28/73 - loss 3.16563099
2019-07-11 07:48:25,002 epoch 6 - iter 35/73 - loss 3.14795578
2019-07-11 07:48:27,403 epoch 6 - iter 42/73 - loss 3.28842603
2019-07-11 07:48:29,420 epoch 6 - iter 49/73 - loss 3.17775981
2019-07-11 07:48:31,586 epoch 6 - iter 56/73 - loss 3.04616530
2019-07-11 07:48:34,061 epoch 6 - iter 63/73 - loss 3.07975251
2019-07-11 07:48:36,384 epoch 6 - iter 70/73 - loss 3.14038031
2019-07-11 07:48:37,168 ----------------------------------------------------------------------------------------------------
2019-07-11 07:48:37,168 EPOCH 6 done: loss 3.1766 - lr 0.1000 - bad epochs 0
2019-07-11 07:56:25,317 DEV : loss 5.646374225616455 - score 0.6604
2019-07-11 08:02:23,673 TEST : loss 5.217875003814697 - score 0.624
2019-07-11 08:02:33,603 ----------------------------------------------------------------------------------------------------
2019-07-11 08:02:34,872 epoch 7 - iter 0/73 - loss 2.16784549
2019-07-11 08:02:36,725 epoch 7 - iter 7/73 - loss 2.04128909
2019-07-11 08:02:38,701 epoch 7 - iter 14/73 - loss 2.23697173
2019-07-11 08:02:40,518 epoch 7 - iter 21/73 - loss 2.30464504
2019-07-11 08:02:42,662 epoch 7 - iter 28/73 - loss 2.23456897
2019-07-11 08:02:45,128 epoch 7 - iter 35/73 - loss 2.32870306
2019-07-11 08:02:47,710 epoch 7 - iter 42/73 - loss 2.39922467
2019-07-11 08:02:50,514 epoch 7 - iter 49/73 - loss 2.41148473
2019-07-11 08:02:53,129 epoch 7 - iter 56/73 - loss 2.49042624
2019-07-11 08:02:55,872 epoch 7 - iter 63/73 - loss 2.53224516
2019-07-11 08:02:58,237 epoch 7 - iter 70/73 - loss 2.63159387
2019-07-11 08:02:59,048 ----------------------------------------------------------------------------------------------------
2019-07-11 08:02:59,048 EPOCH 7 done: loss 2.6239 - lr 0.1000 - bad epochs 0
2019-07-11 08:10:01,314 DEV : loss 5.4576416015625 - score 0.6728
2019-07-11 08:15:48,916 TEST : loss 5.061468124389648 - score 0.6422
2019-07-11 08:15:58,438 ----------------------------------------------------------------------------------------------------
2019-07-11 08:15:59,800 epoch 8 - iter 0/73 - loss 1.54497004
2019-07-11 08:16:02,111 epoch 8 - iter 7/73 - loss 2.41018163
2019-07-11 08:16:04,489 epoch 8 - iter 14/73 - loss 2.30986343
2019-07-11 08:16:06,876 epoch 8 - iter 21/73 - loss 2.37084323
2019-07-11 08:16:09,426 epoch 8 - iter 28/73 - loss 2.30401289
2019-07-11 08:16:11,801 epoch 8 - iter 35/73 - loss 2.34096047
2019-07-11 08:16:24,422 epoch 8 - iter 42/73 - loss 2.22646222
2019-07-11 08:16:26,771 epoch 8 - iter 49/73 - loss 2.22431780
2019-07-11 08:16:29,043 epoch 8 - iter 56/73 - loss 2.18158147
2019-07-11 08:16:31,257 epoch 8 - iter 63/73 - loss 2.17685151
2019-07-11 08:16:33,267 epoch 8 - iter 70/73 - loss 2.12026577
2019-07-11 08:16:34,306 ----------------------------------------------------------------------------------------------------
2019-07-11 08:16:34,307 EPOCH 8 done: loss 2.1033 - lr 0.1000 - bad epochs 0
2019-07-11 08:24:16,737 DEV : loss 6.326572895050049 - score 0.6081
2019-07-11 08:29:36,572 TEST : loss 5.638230800628662 - score 0.5769
2019-07-11 08:29:36,573 ----------------------------------------------------------------------------------------------------
2019-07-11 08:29:37,879 epoch 9 - iter 0/73 - loss 1.69143391
2019-07-11 08:29:40,327 epoch 9 - iter 7/73 - loss 1.39440472
2019-07-11 08:29:42,762 epoch 9 - iter 14/73 - loss 1.59830456
2019-07-11 08:29:45,095 epoch 9 - iter 21/73 - loss 1.70835818
2019-07-11 08:29:47,502 epoch 9 - iter 28/73 - loss 1.66752004
2019-07-11 08:29:50,191 epoch 9 - iter 35/73 - loss 1.66995667
2019-07-11 08:29:52,655 epoch 9 - iter 42/73 - loss 1.61240389
2019-07-11 08:29:55,112 epoch 9 - iter 49/73 - loss 1.60249360
2019-07-11 08:29:57,826 epoch 9 - iter 56/73 - loss 1.57494806
2019-07-11 08:30:00,526 epoch 9 - iter 63/73 - loss 1.66197673
2019-07-11 08:30:02,911 epoch 9 - iter 70/73 - loss 1.66816688
2019-07-11 08:30:03,835 ----------------------------------------------------------------------------------------------------
2019-07-11 08:30:03,836 EPOCH 9 done: loss 1.7735 - lr 0.1000 - bad epochs 1
2019-07-11 08:37:41,660 DEV : loss 5.258556842803955 - score 0.6814
2019-07-11 08:43:36,346 TEST : loss 4.844482898712158 - score 0.644
2019-07-11 08:43:45,829 ----------------------------------------------------------------------------------------------------
2019-07-11 08:43:47,206 epoch 10 - iter 0/73 - loss 1.64899397
2019-07-11 08:43:50,004 epoch 10 - iter 7/73 - loss 1.63740976
2019-07-11 08:43:52,295 epoch 10 - iter 14/73 - loss 1.31092100
2019-07-11 08:43:54,561 epoch 10 - iter 21/73 - loss 1.24087670
2019-07-11 08:43:57,190 epoch 10 - iter 28/73 - loss 1.29949362
2019-07-11 08:43:59,366 epoch 10 - iter 35/73 - loss 1.43194753
2019-07-11 08:44:01,753 epoch 10 - iter 42/73 - loss 1.43436842
2019-07-11 08:44:04,152 epoch 10 - iter 49/73 - loss 1.42206136
2019-07-11 08:44:06,342 epoch 10 - iter 56/73 - loss 1.42064104
2019-07-11 08:44:08,714 epoch 10 - iter 63/73 - loss 1.40357855
2019-07-11 08:44:11,013 epoch 10 - iter 70/73 - loss 1.36904840
2019-07-11 08:44:11,724 ----------------------------------------------------------------------------------------------------
2019-07-11 08:44:11,724 EPOCH 10 done: loss 1.3794 - lr 0.1000 - bad epochs 0
2019-07-11 08:51:06,538 DEV : loss 5.280330181121826 - score 0.7099
2019-07-11 08:56:23,608 TEST : loss 4.968000888824463 - score 0.6687
2019-07-11 08:56:41,500 ----------------------------------------------------------------------------------------------------
2019-07-11 08:56:41,500 Testing using best model ...
2019-07-11 08:56:41,500 loading file output_models/taggers/example-ner-36/best-model.pt
2019-07-11 09:01:29,316 0.6479	0.6909	0.6687
2019-07-11 09:01:29,316 
MICRO_AVG: acc 0.5023 - f1-score 0.6687
MACRO_AVG: acc 0.3246 - f1-score 0.45309999999999995
CARDINAL   tp: 627 - fp: 508 - fn: 378 - tn: 627 - precision: 0.5524 - recall: 0.6239 - accuracy: 0.4144 - f1-score: 0.5860
DATE       tp: 1204 - fp: 607 - fn: 583 - tn: 1204 - precision: 0.6648 - recall: 0.6738 - accuracy: 0.5029 - f1-score: 0.6693
EVENT      tp: 11 - fp: 84 - fn: 74 - tn: 11 - precision: 0.1158 - recall: 0.1294 - accuracy: 0.0651 - f1-score: 0.1222
FAC        tp: 20 - fp: 38 - fn: 129 - tn: 20 - precision: 0.3448 - recall: 0.1342 - accuracy: 0.1070 - f1-score: 0.1932
GPE        tp: 2164 - fp: 770 - fn: 382 - tn: 2164 - precision: 0.7376 - recall: 0.8500 - accuracy: 0.6526 - f1-score: 0.7898
LANGUAGE   tp: 5 - fp: 1 - fn: 17 - tn: 5 - precision: 0.8333 - recall: 0.2273 - accuracy: 0.2174 - f1-score: 0.3572
LAW        tp: 0 - fp: 1 - fn: 44 - tn: 0 - precision: 0.0000 - recall: 0.0000 - accuracy: 0.0000 - f1-score: 0.0000
LOC        tp: 71 - fp: 209 - fn: 144 - tn: 71 - precision: 0.2536 - recall: 0.3302 - accuracy: 0.1675 - f1-score: 0.2869
MONEY      tp: 187 - fp: 243 - fn: 168 - tn: 187 - precision: 0.4349 - recall: 0.5268 - accuracy: 0.3127 - f1-score: 0.4765
NORP       tp: 798 - fp: 354 - fn: 192 - tn: 798 - precision: 0.6927 - recall: 0.8061 - accuracy: 0.5938 - f1-score: 0.7451
ORDINAL    tp: 138 - fp: 124 - fn: 69 - tn: 138 - precision: 0.5267 - recall: 0.6667 - accuracy: 0.4169 - f1-score: 0.5885
ORG        tp: 1366 - fp: 918 - fn: 636 - tn: 1366 - precision: 0.5981 - recall: 0.6823 - accuracy: 0.4678 - f1-score: 0.6374
PERCENT    tp: 317 - fp: 155 - fn: 91 - tn: 317 - precision: 0.6716 - recall: 0.7770 - accuracy: 0.5631 - f1-score: 0.7205
PERSON     tp: 1615 - fp: 430 - fn: 519 - tn: 1615 - precision: 0.7897 - recall: 0.7568 - accuracy: 0.6299 - f1-score: 0.7729
PRODUCT    tp: 15 - fp: 54 - fn: 75 - tn: 15 - precision: 0.2174 - recall: 0.1667 - accuracy: 0.1042 - f1-score: 0.1887
QUANTITY   tp: 68 - fp: 70 - fn: 85 - tn: 68 - precision: 0.4928 - recall: 0.4444 - accuracy: 0.3049 - f1-score: 0.4674
TIME       tp: 54 - fp: 63 - fn: 171 - tn: 54 - precision: 0.4615 - recall: 0.2400 - accuracy: 0.1875 - f1-score: 0.3158
WORK_OF_ART tp: 36 - fp: 97 - fn: 133 - tn: 36 - precision: 0.2707 - recall: 0.2130 - accuracy: 0.1353 - f1-score: 0.2384
2019-07-11 09:01:29,317 ----------------------------------------------------------------------------------------------------
