2019-07-12 08:55:15,820 ----------------------------------------------------------------------------------------------------
2019-07-12 08:55:15,820 Evaluation method: MICRO_F1_SCORE
2019-07-12 08:55:15,829 ----------------------------------------------------------------------------------------------------
2019-07-12 08:55:23,536 epoch 1 - iter 0/73 - loss 62.30202103
2019-07-12 08:55:25,687 epoch 1 - iter 7/73 - loss 23.84348977
2019-07-12 08:55:27,989 epoch 1 - iter 14/73 - loss 18.54765997
2019-07-12 08:55:30,170 epoch 1 - iter 21/73 - loss 16.21674960
2019-07-12 08:55:32,495 epoch 1 - iter 28/73 - loss 14.83730574
2019-07-12 08:55:34,600 epoch 1 - iter 35/73 - loss 13.36368299
2019-07-12 08:55:37,084 epoch 1 - iter 42/73 - loss 12.40048034
2019-07-12 08:55:39,348 epoch 1 - iter 49/73 - loss 11.76833138
2019-07-12 08:55:41,606 epoch 1 - iter 56/73 - loss 11.06543797
2019-07-12 08:55:43,960 epoch 1 - iter 63/73 - loss 10.60363128
2019-07-12 08:55:46,080 epoch 1 - iter 70/73 - loss 9.98035679
2019-07-12 08:55:46,953 ----------------------------------------------------------------------------------------------------
2019-07-12 08:55:46,953 EPOCH 1 done: loss 9.8583 - lr 0.1000 - bad epochs 0
2019-07-12 09:02:37,833 DEV : loss 6.366087913513184 - score 0.3321
2019-07-12 09:07:50,966 TEST : loss 5.504727363586426 - score 0.3312
2019-07-12 09:07:59,093 ----------------------------------------------------------------------------------------------------
2019-07-12 09:08:00,406 epoch 2 - iter 0/73 - loss 6.65232182
2019-07-12 09:08:02,781 epoch 2 - iter 7/73 - loss 5.08753502
2019-07-12 09:08:05,162 epoch 2 - iter 14/73 - loss 4.97745096
2019-07-12 09:08:07,576 epoch 2 - iter 21/73 - loss 5.05154002
2019-07-12 09:08:09,947 epoch 2 - iter 28/73 - loss 5.13219933
2019-07-12 09:08:12,299 epoch 2 - iter 35/73 - loss 4.96787109
2019-07-12 09:08:14,343 epoch 2 - iter 42/73 - loss 4.87715941
2019-07-12 09:08:16,848 epoch 2 - iter 49/73 - loss 4.87143045
2019-07-12 09:08:19,480 epoch 2 - iter 56/73 - loss 4.85308021
2019-07-12 09:08:21,838 epoch 2 - iter 63/73 - loss 4.67721098
2019-07-12 09:08:23,941 epoch 2 - iter 70/73 - loss 4.55040768
2019-07-12 09:08:24,745 ----------------------------------------------------------------------------------------------------
2019-07-12 09:08:24,746 EPOCH 2 done: loss 4.5069 - lr 0.1000 - bad epochs 0
2019-07-12 09:15:22,528 DEV : loss 4.183794021606445 - score 0.577
2019-07-12 09:20:31,813 TEST : loss 3.7624378204345703 - score 0.5543
2019-07-12 09:20:42,022 ----------------------------------------------------------------------------------------------------
2019-07-12 09:20:43,562 epoch 3 - iter 0/73 - loss 4.09811878
2019-07-12 09:20:45,901 epoch 3 - iter 7/73 - loss 4.17131880
2019-07-12 09:20:48,382 epoch 3 - iter 14/73 - loss 3.80531704
2019-07-12 09:20:50,950 epoch 3 - iter 21/73 - loss 3.69600852
2019-07-12 09:20:53,381 epoch 3 - iter 28/73 - loss 3.55294622
2019-07-12 09:20:55,770 epoch 3 - iter 35/73 - loss 3.66778525
2019-07-12 09:20:58,058 epoch 3 - iter 42/73 - loss 3.51746734
2019-07-12 09:21:00,684 epoch 3 - iter 49/73 - loss 3.48923645
2019-07-12 09:21:02,995 epoch 3 - iter 56/73 - loss 3.43036308
2019-07-12 09:21:05,464 epoch 3 - iter 63/73 - loss 3.47250832
2019-07-12 09:21:07,593 epoch 3 - iter 70/73 - loss 3.35886306
2019-07-12 09:21:08,144 ----------------------------------------------------------------------------------------------------
2019-07-12 09:21:08,144 EPOCH 3 done: loss 3.2948 - lr 0.1000 - bad epochs 0
2019-07-12 09:28:07,610 DEV : loss 3.9425864219665527 - score 0.5291
2019-07-12 09:33:22,585 TEST : loss 3.467470169067383 - score 0.5018
2019-07-12 09:33:22,585 ----------------------------------------------------------------------------------------------------
2019-07-12 09:33:24,078 epoch 4 - iter 0/73 - loss 3.42455149
2019-07-12 09:33:26,094 epoch 4 - iter 7/73 - loss 2.68717007
2019-07-12 09:33:28,501 epoch 4 - iter 14/73 - loss 2.67758350
2019-07-12 09:33:31,196 epoch 4 - iter 21/73 - loss 2.67167142
2019-07-12 09:33:33,559 epoch 4 - iter 28/73 - loss 2.69281969
2019-07-12 09:33:35,889 epoch 4 - iter 35/73 - loss 2.64956258
2019-07-12 09:33:38,425 epoch 4 - iter 42/73 - loss 2.76716937
2019-07-12 09:33:40,715 epoch 4 - iter 49/73 - loss 2.77478835
2019-07-12 09:33:43,231 epoch 4 - iter 56/73 - loss 2.73505715
2019-07-12 09:33:45,665 epoch 4 - iter 63/73 - loss 2.71357726
2019-07-12 09:33:48,102 epoch 4 - iter 70/73 - loss 2.63058579
2019-07-12 09:33:48,893 ----------------------------------------------------------------------------------------------------
2019-07-12 09:33:48,894 EPOCH 4 done: loss 2.6804 - lr 0.1000 - bad epochs 1
2019-07-12 09:40:43,505 DEV : loss 3.2407631874084473 - score 0.6647
2019-07-12 09:45:58,588 TEST : loss 2.9623355865478516 - score 0.6466
2019-07-12 09:46:08,814 ----------------------------------------------------------------------------------------------------
2019-07-12 09:46:10,414 epoch 5 - iter 0/73 - loss 2.09912562
2019-07-12 09:46:12,724 epoch 5 - iter 7/73 - loss 2.21508597
2019-07-12 09:46:15,192 epoch 5 - iter 14/73 - loss 2.37284615
2019-07-12 09:46:17,839 epoch 5 - iter 21/73 - loss 2.37419665
2019-07-12 09:46:20,346 epoch 5 - iter 28/73 - loss 2.25064555
2019-07-12 09:46:22,637 epoch 5 - iter 35/73 - loss 2.18995971
2019-07-12 09:46:25,023 epoch 5 - iter 42/73 - loss 2.15523427
2019-07-12 09:46:27,525 epoch 5 - iter 49/73 - loss 2.14412364
2019-07-12 09:46:29,964 epoch 5 - iter 56/73 - loss 2.14203853
2019-07-12 09:46:32,341 epoch 5 - iter 63/73 - loss 2.15221597
2019-07-12 09:46:34,581 epoch 5 - iter 70/73 - loss 2.17707708
2019-07-12 09:46:35,414 ----------------------------------------------------------------------------------------------------
2019-07-12 09:46:35,414 EPOCH 5 done: loss 2.2264 - lr 0.1000 - bad epochs 0
2019-07-12 09:53:35,568 DEV : loss 3.059054136276245 - score 0.6452
2019-07-12 09:58:51,250 TEST : loss 2.7953877449035645 - score 0.6151
2019-07-12 09:58:51,250 ----------------------------------------------------------------------------------------------------
2019-07-12 09:58:52,717 epoch 6 - iter 0/73 - loss 3.01043224
2019-07-12 09:58:55,102 epoch 6 - iter 7/73 - loss 1.97856118
2019-07-12 09:58:57,341 epoch 6 - iter 14/73 - loss 1.86593173
2019-07-12 09:58:59,646 epoch 6 - iter 21/73 - loss 1.79805444
2019-07-12 09:59:02,066 epoch 6 - iter 28/73 - loss 1.90752703
2019-07-12 09:59:04,488 epoch 6 - iter 35/73 - loss 1.89642598
2019-07-12 09:59:06,734 epoch 6 - iter 42/73 - loss 1.86914183
2019-07-12 09:59:09,004 epoch 6 - iter 49/73 - loss 1.89244518
2019-07-12 09:59:11,463 epoch 6 - iter 56/73 - loss 1.81848207
2019-07-12 09:59:13,950 epoch 6 - iter 63/73 - loss 1.82375450
2019-07-12 09:59:16,291 epoch 6 - iter 70/73 - loss 1.88133180
2019-07-12 09:59:17,003 ----------------------------------------------------------------------------------------------------
2019-07-12 09:59:17,003 EPOCH 6 done: loss 1.8694 - lr 0.1000 - bad epochs 1
2019-07-12 10:06:11,900 DEV : loss 2.8866329193115234 - score 0.6828
2019-07-12 10:11:28,621 TEST : loss 2.671344518661499 - score 0.6579
2019-07-12 10:11:38,852 ----------------------------------------------------------------------------------------------------
2019-07-12 10:11:40,173 epoch 7 - iter 0/73 - loss 0.83594334
2019-07-12 10:11:42,319 epoch 7 - iter 7/73 - loss 1.37619846
2019-07-12 10:11:44,798 epoch 7 - iter 14/73 - loss 1.59806526
2019-07-12 10:11:47,426 epoch 7 - iter 21/73 - loss 1.59878960
2019-07-12 10:11:49,698 epoch 7 - iter 28/73 - loss 1.53128099
2019-07-12 10:11:51,852 epoch 7 - iter 35/73 - loss 1.56642652
2019-07-12 10:11:54,196 epoch 7 - iter 42/73 - loss 1.56388749
2019-07-12 10:11:56,587 epoch 7 - iter 49/73 - loss 1.56084776
2019-07-12 10:11:58,919 epoch 7 - iter 56/73 - loss 1.56566421
2019-07-12 10:12:01,291 epoch 7 - iter 63/73 - loss 1.55738287
2019-07-12 10:12:03,913 epoch 7 - iter 70/73 - loss 1.51881332
2019-07-12 10:12:04,845 ----------------------------------------------------------------------------------------------------
2019-07-12 10:12:04,845 EPOCH 7 done: loss 1.5420 - lr 0.1000 - bad epochs 0
2019-07-12 10:19:02,784 DEV : loss 2.8456826210021973 - score 0.6938
2019-07-12 10:24:11,501 TEST : loss 2.6438519954681396 - score 0.6644
2019-07-12 10:24:21,610 ----------------------------------------------------------------------------------------------------
2019-07-12 10:24:22,856 epoch 8 - iter 0/73 - loss 0.22230995
2019-07-12 10:24:25,265 epoch 8 - iter 7/73 - loss 1.11027164
2019-07-12 10:24:27,313 epoch 8 - iter 14/73 - loss 1.11530314
2019-07-12 10:24:29,775 epoch 8 - iter 21/73 - loss 1.20830637
2019-07-12 10:24:32,121 epoch 8 - iter 28/73 - loss 1.21618361
2019-07-12 10:24:34,532 epoch 8 - iter 35/73 - loss 1.24914079
2019-07-12 10:24:36,924 epoch 8 - iter 42/73 - loss 1.28101569
2019-07-12 10:24:39,495 epoch 8 - iter 49/73 - loss 1.30875109
2019-07-12 10:24:53,930 epoch 8 - iter 56/73 - loss 1.29175267
2019-07-12 10:24:56,255 epoch 8 - iter 63/73 - loss 1.27215706
2019-07-12 10:24:58,503 epoch 8 - iter 70/73 - loss 1.28610857
2019-07-12 10:24:59,451 ----------------------------------------------------------------------------------------------------
2019-07-12 10:24:59,451 EPOCH 8 done: loss 1.2827 - lr 0.1000 - bad epochs 0
2019-07-12 10:31:46,687 DEV : loss 2.845155954360962 - score 0.702
2019-07-12 10:37:04,173 TEST : loss 2.6737656593322754 - score 0.669
2019-07-12 10:37:14,320 ----------------------------------------------------------------------------------------------------
2019-07-12 10:37:15,649 epoch 9 - iter 0/73 - loss 0.89009106
2019-07-12 10:37:18,019 epoch 9 - iter 7/73 - loss 0.94913305
2019-07-12 10:37:20,332 epoch 9 - iter 14/73 - loss 0.94708604
2019-07-12 10:37:22,702 epoch 9 - iter 21/73 - loss 1.03232758
2019-07-12 10:37:25,122 epoch 9 - iter 28/73 - loss 1.07052022
2019-07-12 10:37:27,521 epoch 9 - iter 35/73 - loss 1.10160455
2019-07-12 10:37:29,846 epoch 9 - iter 42/73 - loss 1.07449389
2019-07-12 10:37:31,965 epoch 9 - iter 49/73 - loss 1.10349046
2019-07-12 10:37:34,317 epoch 9 - iter 56/73 - loss 1.07211944
2019-07-12 10:37:36,735 epoch 9 - iter 63/73 - loss 1.06210522
2019-07-12 10:37:39,168 epoch 9 - iter 70/73 - loss 1.05746008
2019-07-12 10:37:40,114 ----------------------------------------------------------------------------------------------------
2019-07-12 10:37:40,115 EPOCH 9 done: loss 1.0773 - lr 0.1000 - bad epochs 0
2019-07-12 10:44:34,944 DEV : loss 2.8318543434143066 - score 0.7053
2019-07-12 10:49:45,904 TEST : loss 2.7412447929382324 - score 0.6734
2019-07-12 10:49:56,902 ----------------------------------------------------------------------------------------------------
2019-07-12 10:49:58,192 epoch 10 - iter 0/73 - loss 0.99168873
2019-07-12 10:50:00,592 epoch 10 - iter 7/73 - loss 0.89811171
2019-07-12 10:50:02,939 epoch 10 - iter 14/73 - loss 0.92899208
2019-07-12 10:50:05,437 epoch 10 - iter 21/73 - loss 0.91948320
2019-07-12 10:50:07,777 epoch 10 - iter 28/73 - loss 0.91617909
2019-07-12 10:50:10,172 epoch 10 - iter 35/73 - loss 0.91117194
2019-07-12 10:50:12,526 epoch 10 - iter 42/73 - loss 0.87991933
2019-07-12 10:50:14,927 epoch 10 - iter 49/73 - loss 0.91703955
2019-07-12 10:50:17,128 epoch 10 - iter 56/73 - loss 0.91968025
2019-07-12 10:50:19,460 epoch 10 - iter 63/73 - loss 0.90880269
2019-07-12 10:50:22,232 epoch 10 - iter 70/73 - loss 0.88481913
2019-07-12 10:50:23,185 ----------------------------------------------------------------------------------------------------
2019-07-12 10:50:23,186 EPOCH 10 done: loss 0.8965 - lr 0.1000 - bad epochs 0
2019-07-12 10:57:18,121 DEV : loss 2.7368240356445312 - score 0.7199
2019-07-12 11:02:36,546 TEST : loss 2.5967884063720703 - score 0.6885
2019-07-12 11:02:54,452 ----------------------------------------------------------------------------------------------------
2019-07-12 11:02:54,452 Testing using best model ...
2019-07-12 11:02:54,453 loading file output_models/taggers/example-ner-42/best-model.pt
2019-07-12 11:08:12,206 0.6767	0.7008	0.6885
2019-07-12 11:08:12,206 
MICRO_AVG: acc 0.525 - f1-score 0.6885
MACRO_AVG: acc 0.3166 - f1-score 0.42583333333333334
CARDINAL   tp: 659 - fp: 493 - fn: 346 - tn: 659 - precision: 0.5720 - recall: 0.6557 - accuracy: 0.4399 - f1-score: 0.6110
DATE       tp: 1229 - fp: 604 - fn: 558 - tn: 1229 - precision: 0.6705 - recall: 0.6877 - accuracy: 0.5140 - f1-score: 0.6790
EVENT      tp: 12 - fp: 53 - fn: 73 - tn: 12 - precision: 0.1846 - recall: 0.1412 - accuracy: 0.0870 - f1-score: 0.1600
FAC        tp: 13 - fp: 25 - fn: 136 - tn: 13 - precision: 0.3421 - recall: 0.0872 - accuracy: 0.0747 - f1-score: 0.1390
GPE        tp: 2088 - fp: 614 - fn: 458 - tn: 2088 - precision: 0.7728 - recall: 0.8201 - accuracy: 0.6608 - f1-score: 0.7957
LANGUAGE   tp: 0 - fp: 0 - fn: 22 - tn: 0 - precision: 0.0000 - recall: 0.0000 - accuracy: 0.0000 - f1-score: 0.0000
LAW        tp: 0 - fp: 0 - fn: 44 - tn: 0 - precision: 0.0000 - recall: 0.0000 - accuracy: 0.0000 - f1-score: 0.0000
LOC        tp: 57 - fp: 89 - fn: 158 - tn: 57 - precision: 0.3904 - recall: 0.2651 - accuracy: 0.1875 - f1-score: 0.3158
MONEY      tp: 276 - fp: 85 - fn: 79 - tn: 276 - precision: 0.7645 - recall: 0.7775 - accuracy: 0.6273 - f1-score: 0.7709
NORP       tp: 804 - fp: 297 - fn: 186 - tn: 804 - precision: 0.7302 - recall: 0.8121 - accuracy: 0.6247 - f1-score: 0.7690
ORDINAL    tp: 123 - fp: 113 - fn: 84 - tn: 123 - precision: 0.5212 - recall: 0.5942 - accuracy: 0.3844 - f1-score: 0.5553
ORG        tp: 1375 - fp: 806 - fn: 627 - tn: 1375 - precision: 0.6304 - recall: 0.6868 - accuracy: 0.4897 - f1-score: 0.6574
PERCENT    tp: 320 - fp: 136 - fn: 88 - tn: 320 - precision: 0.7018 - recall: 0.7843 - accuracy: 0.5882 - f1-score: 0.7408
PERSON     tp: 1773 - fp: 697 - fn: 361 - tn: 1773 - precision: 0.7178 - recall: 0.8308 - accuracy: 0.6263 - f1-score: 0.7702
PRODUCT    tp: 6 - fp: 17 - fn: 84 - tn: 6 - precision: 0.2609 - recall: 0.0667 - accuracy: 0.0561 - f1-score: 0.1062
QUANTITY   tp: 46 - fp: 96 - fn: 107 - tn: 46 - precision: 0.3239 - recall: 0.3007 - accuracy: 0.1847 - f1-score: 0.3119
TIME       tp: 29 - fp: 51 - fn: 196 - tn: 29 - precision: 0.3625 - recall: 0.1289 - accuracy: 0.1051 - f1-score: 0.1902
WORK_OF_ART tp: 10 - fp: 37 - fn: 159 - tn: 10 - precision: 0.2128 - recall: 0.0592 - accuracy: 0.0485 - f1-score: 0.0926
2019-07-12 11:08:12,206 ----------------------------------------------------------------------------------------------------
