2019-07-10 11:56:09,344 ----------------------------------------------------------------------------------------------------
2019-07-10 11:56:09,344 Evaluation method: MICRO_F1_SCORE
2019-07-10 11:56:09,355 ----------------------------------------------------------------------------------------------------
2019-07-10 11:56:18,572 epoch 1 - iter 0/73 - loss 125.46816254
2019-07-10 11:56:21,366 epoch 1 - iter 7/73 - loss 43.52763093
2019-07-10 11:56:24,654 epoch 1 - iter 14/73 - loss 29.72907181
2019-07-10 11:56:27,837 epoch 1 - iter 21/73 - loss 25.84497434
2019-07-10 11:56:30,959 epoch 1 - iter 28/73 - loss 23.49453523
2019-07-10 11:56:33,911 epoch 1 - iter 35/73 - loss 21.64539587
2019-07-10 11:56:37,275 epoch 1 - iter 42/73 - loss 20.11887795
2019-07-10 11:56:40,526 epoch 1 - iter 49/73 - loss 18.85700737
2019-07-10 11:56:43,511 epoch 1 - iter 56/73 - loss 17.57411216
2019-07-10 11:56:46,698 epoch 1 - iter 63/73 - loss 17.06579257
2019-07-10 11:56:49,199 epoch 1 - iter 70/73 - loss 16.12395931
2019-07-10 11:56:49,875 ----------------------------------------------------------------------------------------------------
2019-07-10 11:56:49,876 EPOCH 1 done: loss 16.1786 - lr 0.1000 - bad epochs 0
2019-07-10 12:06:52,296 DEV : loss 13.921407699584961 - score 0.2794
2019-07-10 12:14:19,556 TEST : loss 12.154158592224121 - score 0.2757
2019-07-10 12:14:27,669 ----------------------------------------------------------------------------------------------------
2019-07-10 12:14:28,851 epoch 2 - iter 0/73 - loss 15.81871986
2019-07-10 12:14:32,852 epoch 2 - iter 7/73 - loss 9.42037421
2019-07-10 12:14:37,592 epoch 2 - iter 14/73 - loss 8.38513460
2019-07-10 12:14:41,887 epoch 2 - iter 21/73 - loss 7.75379873
2019-07-10 12:14:46,380 epoch 2 - iter 28/73 - loss 7.66643377
2019-07-10 12:14:50,609 epoch 2 - iter 35/73 - loss 7.70916280
2019-07-10 12:14:55,181 epoch 2 - iter 42/73 - loss 7.93025041
2019-07-10 12:14:59,370 epoch 2 - iter 49/73 - loss 7.55135739
2019-07-10 12:15:03,770 epoch 2 - iter 56/73 - loss 7.24456111
2019-07-10 12:15:08,213 epoch 2 - iter 63/73 - loss 7.30902260
2019-07-10 12:15:12,792 epoch 2 - iter 70/73 - loss 7.28468875
2019-07-10 12:15:13,911 ----------------------------------------------------------------------------------------------------
2019-07-10 12:15:13,912 EPOCH 2 done: loss 7.3596 - lr 0.1000 - bad epochs 0
2019-07-10 12:25:41,278 DEV : loss 7.718843936920166 - score 0.5625
2019-07-10 12:32:58,884 TEST : loss 6.878739356994629 - score 0.5382
2019-07-10 12:33:08,886 ----------------------------------------------------------------------------------------------------
2019-07-10 12:33:10,157 epoch 3 - iter 0/73 - loss 5.95682240
2019-07-10 12:33:12,833 epoch 3 - iter 7/73 - loss 5.75243995
2019-07-10 12:33:15,543 epoch 3 - iter 14/73 - loss 6.26737402
2019-07-10 12:33:19,319 epoch 3 - iter 21/73 - loss 5.83843892
2019-07-10 12:33:22,826 epoch 3 - iter 28/73 - loss 5.44861155
2019-07-10 12:33:25,761 epoch 3 - iter 35/73 - loss 5.03775270
2019-07-10 12:33:28,635 epoch 3 - iter 42/73 - loss 5.05698206
2019-07-10 12:33:31,608 epoch 3 - iter 49/73 - loss 5.10263895
2019-07-10 12:33:37,118 epoch 3 - iter 56/73 - loss 5.23082199
2019-07-10 12:33:42,718 epoch 3 - iter 63/73 - loss 5.22642633
2019-07-10 12:33:48,387 epoch 3 - iter 70/73 - loss 5.19438219
2019-07-10 12:33:49,747 ----------------------------------------------------------------------------------------------------
2019-07-10 12:33:49,747 EPOCH 3 done: loss 5.1484 - lr 0.1000 - bad epochs 0
2019-07-10 12:43:42,864 DEV : loss 7.508883476257324 - score 0.4874
2019-07-10 12:51:28,833 TEST : loss 6.607880592346191 - score 0.4675
2019-07-10 12:51:28,834 ----------------------------------------------------------------------------------------------------
2019-07-10 12:51:30,189 epoch 4 - iter 0/73 - loss 7.95725822
2019-07-10 12:51:33,215 epoch 4 - iter 7/73 - loss 4.88893619
2019-07-10 12:51:37,439 epoch 4 - iter 14/73 - loss 3.93491046
2019-07-10 12:51:42,615 epoch 4 - iter 21/73 - loss 4.27037276
2019-07-10 12:51:48,190 epoch 4 - iter 28/73 - loss 4.37449366
2019-07-10 12:51:54,562 epoch 4 - iter 35/73 - loss 4.41887383
2019-07-10 12:51:59,964 epoch 4 - iter 42/73 - loss 4.46195551
2019-07-10 12:52:05,655 epoch 4 - iter 49/73 - loss 4.32141561
2019-07-10 12:52:11,151 epoch 4 - iter 56/73 - loss 4.14590705
2019-07-10 12:52:16,293 epoch 4 - iter 63/73 - loss 4.12664537
2019-07-10 12:52:20,407 epoch 4 - iter 70/73 - loss 4.05869820
2019-07-10 12:52:21,528 ----------------------------------------------------------------------------------------------------
2019-07-10 12:52:21,528 EPOCH 4 done: loss 4.0251 - lr 0.1000 - bad epochs 1
2019-07-10 13:02:04,664 DEV : loss 6.307693958282471 - score 0.6383
2019-07-10 13:09:33,719 TEST : loss 5.767607688903809 - score 0.6056
2019-07-10 13:09:43,290 ----------------------------------------------------------------------------------------------------
2019-07-10 13:09:44,572 epoch 5 - iter 0/73 - loss 3.84107471
2019-07-10 13:09:47,923 epoch 5 - iter 7/73 - loss 2.67878222
2019-07-10 13:09:52,335 epoch 5 - iter 14/73 - loss 3.04517348
2019-07-10 13:09:58,243 epoch 5 - iter 21/73 - loss 3.14694122
2019-07-10 13:10:04,011 epoch 5 - iter 28/73 - loss 3.24801809
2019-07-10 13:10:09,868 epoch 5 - iter 35/73 - loss 3.30494951
2019-07-10 13:10:14,337 epoch 5 - iter 42/73 - loss 3.16530610
2019-07-10 13:10:18,257 epoch 5 - iter 49/73 - loss 3.27836448
2019-07-10 13:10:22,531 epoch 5 - iter 56/73 - loss 3.34303617
2019-07-10 13:10:27,529 epoch 5 - iter 63/73 - loss 3.29592204
2019-07-10 13:10:32,963 epoch 5 - iter 70/73 - loss 3.30985844
2019-07-10 13:10:34,486 ----------------------------------------------------------------------------------------------------
2019-07-10 13:10:34,486 EPOCH 5 done: loss 3.2869 - lr 0.1000 - bad epochs 0
2019-07-10 13:20:31,684 DEV : loss 6.008975028991699 - score 0.6239
2019-07-10 13:28:00,343 TEST : loss 5.509469985961914 - score 0.5847
2019-07-10 13:28:00,344 ----------------------------------------------------------------------------------------------------
2019-07-10 13:28:01,933 epoch 6 - iter 0/73 - loss 2.62307048
2019-07-10 13:28:07,535 epoch 6 - iter 7/73 - loss 2.29025646
2019-07-10 13:28:13,438 epoch 6 - iter 14/73 - loss 2.57706169
2019-07-10 13:28:19,308 epoch 6 - iter 21/73 - loss 2.61917952
2019-07-10 13:28:24,933 epoch 6 - iter 28/73 - loss 2.57484522
2019-07-10 13:28:30,814 epoch 6 - iter 35/73 - loss 2.56966883
2019-07-10 13:28:36,414 epoch 6 - iter 42/73 - loss 2.64693544
2019-07-10 13:28:42,226 epoch 6 - iter 49/73 - loss 2.54917224
2019-07-10 13:28:47,706 epoch 6 - iter 56/73 - loss 2.54955626
2019-07-10 13:28:51,749 epoch 6 - iter 63/73 - loss 2.50945866
2019-07-10 13:28:54,936 epoch 6 - iter 70/73 - loss 2.58492232
2019-07-10 13:28:55,732 ----------------------------------------------------------------------------------------------------
2019-07-10 13:28:55,732 EPOCH 6 done: loss 2.5827 - lr 0.1000 - bad epochs 1
2019-07-10 13:38:38,165 DEV : loss 5.311554431915283 - score 0.67
2019-07-10 13:45:53,328 TEST : loss 5.002374172210693 - score 0.6403
2019-07-10 13:46:02,774 ----------------------------------------------------------------------------------------------------
2019-07-10 13:46:04,081 epoch 7 - iter 0/73 - loss 2.13269067
2019-07-10 13:46:07,322 epoch 7 - iter 7/73 - loss 1.98532575
2019-07-10 13:46:10,243 epoch 7 - iter 14/73 - loss 1.97584604
2019-07-10 13:46:14,149 epoch 7 - iter 21/73 - loss 1.92764995
2019-07-10 13:46:19,834 epoch 7 - iter 28/73 - loss 2.14776504
2019-07-10 13:46:25,201 epoch 7 - iter 35/73 - loss 2.06907642
2019-07-10 13:46:30,893 epoch 7 - iter 42/73 - loss 2.10987772
2019-07-10 13:46:36,496 epoch 7 - iter 49/73 - loss 2.15203150
2019-07-10 13:46:41,456 epoch 7 - iter 56/73 - loss 2.15824243
2019-07-10 13:46:45,992 epoch 7 - iter 63/73 - loss 2.17547335
2019-07-10 13:46:50,164 epoch 7 - iter 70/73 - loss 2.13747976
2019-07-10 13:46:51,532 ----------------------------------------------------------------------------------------------------
2019-07-10 13:46:51,532 EPOCH 7 done: loss 2.1249 - lr 0.1000 - bad epochs 0
2019-07-10 13:56:52,482 DEV : loss 5.1415300369262695 - score 0.6733
2019-07-10 14:04:40,059 TEST : loss 4.903781414031982 - score 0.6431
2019-07-10 14:04:49,575 ----------------------------------------------------------------------------------------------------
2019-07-10 14:04:51,289 epoch 8 - iter 0/73 - loss 1.47138262
2019-07-10 14:04:57,314 epoch 8 - iter 7/73 - loss 2.05580013
2019-07-10 14:05:02,671 epoch 8 - iter 14/73 - loss 1.96049642
2019-07-10 14:05:08,392 epoch 8 - iter 21/73 - loss 1.82126759
2019-07-10 14:05:12,718 epoch 8 - iter 28/73 - loss 1.88801644
2019-07-10 14:05:15,968 epoch 8 - iter 35/73 - loss 1.83122974
2019-07-10 14:05:18,709 epoch 8 - iter 42/73 - loss 1.73475314
2019-07-10 14:05:22,275 epoch 8 - iter 49/73 - loss 1.73041479
2019-07-10 14:05:26,727 epoch 8 - iter 56/73 - loss 1.69662218
2019-07-10 14:05:31,611 epoch 8 - iter 63/73 - loss 1.66345202
2019-07-10 14:05:47,518 epoch 8 - iter 70/73 - loss 1.64191415
2019-07-10 14:05:48,992 ----------------------------------------------------------------------------------------------------
2019-07-10 14:05:48,992 EPOCH 8 done: loss 1.6470 - lr 0.1000 - bad epochs 0
2019-07-10 14:16:24,745 DEV : loss 5.213340759277344 - score 0.7002
2019-07-10 14:23:46,065 TEST : loss 4.930230617523193 - score 0.6557
2019-07-10 14:23:56,157 ----------------------------------------------------------------------------------------------------
2019-07-10 14:23:58,023 epoch 9 - iter 0/73 - loss 1.68426287
2019-07-10 14:24:02,241 epoch 9 - iter 7/73 - loss 1.39857125
2019-07-10 14:24:06,348 epoch 9 - iter 14/73 - loss 1.45324775
2019-07-10 14:24:10,576 epoch 9 - iter 21/73 - loss 1.33689861
2019-07-10 14:24:14,949 epoch 9 - iter 28/73 - loss 1.27422955
2019-07-10 14:24:17,956 epoch 9 - iter 35/73 - loss 1.34996850
2019-07-10 14:24:21,119 epoch 9 - iter 42/73 - loss 1.31715321
2019-07-10 14:24:24,199 epoch 9 - iter 49/73 - loss 1.34108683
2019-07-10 14:24:27,476 epoch 9 - iter 56/73 - loss 1.35335799
2019-07-10 14:24:32,753 epoch 9 - iter 63/73 - loss 1.36876017
2019-07-10 14:24:37,563 epoch 9 - iter 70/73 - loss 1.33930492
2019-07-10 14:24:38,983 ----------------------------------------------------------------------------------------------------
2019-07-10 14:24:38,983 EPOCH 9 done: loss 1.3326 - lr 0.1000 - bad epochs 0
2019-07-10 14:34:22,867 DEV : loss 5.1119866371154785 - score 0.7054
2019-07-10 14:41:38,633 TEST : loss 4.899084091186523 - score 0.6682
2019-07-10 14:41:48,447 ----------------------------------------------------------------------------------------------------
2019-07-10 14:41:49,959 epoch 10 - iter 0/73 - loss 0.63208115
2019-07-10 14:41:54,318 epoch 10 - iter 7/73 - loss 1.07104520
2019-07-10 14:41:58,446 epoch 10 - iter 14/73 - loss 1.05006916
2019-07-10 14:42:02,663 epoch 10 - iter 21/73 - loss 1.06688585
2019-07-10 14:42:07,079 epoch 10 - iter 28/73 - loss 1.10694363
2019-07-10 14:42:10,156 epoch 10 - iter 35/73 - loss 1.09742055
2019-07-10 14:42:12,593 epoch 10 - iter 42/73 - loss 1.08840570
2019-07-10 14:42:15,150 epoch 10 - iter 49/73 - loss 1.12284873
2019-07-10 14:42:17,769 epoch 10 - iter 56/73 - loss 1.07530939
2019-07-10 14:42:19,926 epoch 10 - iter 63/73 - loss 1.07265121
2019-07-10 14:42:23,230 epoch 10 - iter 70/73 - loss 1.09243385
2019-07-10 14:42:24,331 ----------------------------------------------------------------------------------------------------
2019-07-10 14:42:24,332 EPOCH 10 done: loss 1.0849 - lr 0.1000 - bad epochs 0
2019-07-10 14:51:46,772 DEV : loss 5.351150989532471 - score 0.7043
2019-07-10 14:57:42,253 TEST : loss 5.0743560791015625 - score 0.6677
2019-07-10 14:57:50,307 ----------------------------------------------------------------------------------------------------
2019-07-10 14:57:50,308 Testing using best model ...
2019-07-10 14:57:50,308 loading file output_models/taggers/example-ner-30/best-model.pt
2019-07-10 15:03:20,513 0.6197	0.725	0.6682
2019-07-10 15:03:20,513 
MICRO_AVG: acc 0.5018 - f1-score 0.6682
MACRO_AVG: acc 0.3257 - f1-score 0.45478888888888874
CARDINAL   tp: 614 - fp: 706 - fn: 391 - tn: 614 - precision: 0.4652 - recall: 0.6109 - accuracy: 0.3589 - f1-score: 0.5282
DATE       tp: 1317 - fp: 1131 - fn: 470 - tn: 1317 - precision: 0.5380 - recall: 0.7370 - accuracy: 0.4513 - f1-score: 0.6220
EVENT      tp: 12 - fp: 18 - fn: 73 - tn: 12 - precision: 0.4000 - recall: 0.1412 - accuracy: 0.1165 - f1-score: 0.2087
FAC        tp: 27 - fp: 40 - fn: 122 - tn: 27 - precision: 0.4030 - recall: 0.1812 - accuracy: 0.1429 - f1-score: 0.2500
GPE        tp: 2243 - fp: 925 - fn: 303 - tn: 2243 - precision: 0.7080 - recall: 0.8810 - accuracy: 0.6462 - f1-score: 0.7851
LANGUAGE   tp: 0 - fp: 0 - fn: 22 - tn: 0 - precision: 0.0000 - recall: 0.0000 - accuracy: 0.0000 - f1-score: 0.0000
LAW        tp: 8 - fp: 20 - fn: 36 - tn: 8 - precision: 0.2857 - recall: 0.1818 - accuracy: 0.1250 - f1-score: 0.2222
LOC        tp: 100 - fp: 166 - fn: 115 - tn: 100 - precision: 0.3759 - recall: 0.4651 - accuracy: 0.2625 - f1-score: 0.4158
MONEY      tp: 273 - fp: 186 - fn: 82 - tn: 273 - precision: 0.5948 - recall: 0.7690 - accuracy: 0.5046 - f1-score: 0.6708
NORP       tp: 821 - fp: 283 - fn: 169 - tn: 821 - precision: 0.7437 - recall: 0.8293 - accuracy: 0.6449 - f1-score: 0.7842
ORDINAL    tp: 147 - fp: 143 - fn: 60 - tn: 147 - precision: 0.5069 - recall: 0.7101 - accuracy: 0.4200 - f1-score: 0.5915
ORG        tp: 1365 - fp: 935 - fn: 637 - tn: 1365 - precision: 0.5935 - recall: 0.6818 - accuracy: 0.4648 - f1-score: 0.6346
PERCENT    tp: 288 - fp: 225 - fn: 120 - tn: 288 - precision: 0.5614 - recall: 0.7059 - accuracy: 0.4550 - f1-score: 0.6254
PERSON     tp: 1760 - fp: 521 - fn: 374 - tn: 1760 - precision: 0.7716 - recall: 0.8247 - accuracy: 0.6629 - f1-score: 0.7973
PRODUCT    tp: 13 - fp: 19 - fn: 77 - tn: 13 - precision: 0.4062 - recall: 0.1444 - accuracy: 0.1193 - f1-score: 0.2131
QUANTITY   tp: 31 - fp: 67 - fn: 122 - tn: 31 - precision: 0.3163 - recall: 0.2026 - accuracy: 0.1409 - f1-score: 0.2470
TIME       tp: 62 - fp: 113 - fn: 163 - tn: 62 - precision: 0.3543 - recall: 0.2756 - accuracy: 0.1834 - f1-score: 0.3100
WORK_OF_ART tp: 44 - fp: 101 - fn: 125 - tn: 44 - precision: 0.3034 - recall: 0.2604 - accuracy: 0.1630 - f1-score: 0.2803
2019-07-10 15:03:20,513 ----------------------------------------------------------------------------------------------------
