2019-07-10 17:18:01,850 ----------------------------------------------------------------------------------------------------
2019-07-10 17:18:01,850 Evaluation method: MICRO_F1_SCORE
2019-07-10 17:18:01,858 ----------------------------------------------------------------------------------------------------
2019-07-10 17:18:11,661 epoch 1 - iter 0/73 - loss 54.21132660
2019-07-10 17:18:13,532 epoch 1 - iter 7/73 - loss 23.00112677
2019-07-10 17:18:15,227 epoch 1 - iter 14/73 - loss 17.17090054
2019-07-10 17:18:16,990 epoch 1 - iter 21/73 - loss 15.16427094
2019-07-10 17:18:18,709 epoch 1 - iter 28/73 - loss 13.21203229
2019-07-10 17:18:20,616 epoch 1 - iter 35/73 - loss 12.21939943
2019-07-10 17:18:22,315 epoch 1 - iter 42/73 - loss 11.32327060
2019-07-10 17:18:24,049 epoch 1 - iter 49/73 - loss 10.72180600
2019-07-10 17:18:26,084 epoch 1 - iter 56/73 - loss 10.11879041
2019-07-10 17:18:27,766 epoch 1 - iter 63/73 - loss 9.58290818
2019-07-10 17:18:29,508 epoch 1 - iter 70/73 - loss 9.17131597
2019-07-10 17:18:30,369 ----------------------------------------------------------------------------------------------------
2019-07-10 17:18:30,369 EPOCH 1 done: loss 9.0594 - lr 0.1000 - bad epochs 0
2019-07-10 17:27:47,930 DEV : loss 6.270461559295654 - score 0.3446
2019-07-10 17:35:07,133 TEST : loss 5.3336381912231445 - score 0.3224
2019-07-10 17:35:15,495 ----------------------------------------------------------------------------------------------------
2019-07-10 17:35:16,963 epoch 2 - iter 0/73 - loss 7.02060461
2019-07-10 17:35:20,277 epoch 2 - iter 7/73 - loss 5.54237348
2019-07-10 17:35:23,820 epoch 2 - iter 14/73 - loss 4.66178919
2019-07-10 17:35:27,679 epoch 2 - iter 21/73 - loss 4.32773998
2019-07-10 17:35:32,144 epoch 2 - iter 28/73 - loss 4.33658725
2019-07-10 17:35:36,095 epoch 2 - iter 35/73 - loss 4.29464536
2019-07-10 17:35:40,485 epoch 2 - iter 42/73 - loss 4.25450034
2019-07-10 17:35:44,177 epoch 2 - iter 49/73 - loss 4.13649787
2019-07-10 17:35:48,387 epoch 2 - iter 56/73 - loss 4.23502248
2019-07-10 17:35:52,688 epoch 2 - iter 63/73 - loss 4.20373155
2019-07-10 17:35:57,307 epoch 2 - iter 70/73 - loss 4.18614783
2019-07-10 17:35:58,420 ----------------------------------------------------------------------------------------------------
2019-07-10 17:35:58,421 EPOCH 2 done: loss 4.1717 - lr 0.1000 - bad epochs 0
2019-07-10 17:46:08,341 DEV : loss 5.095565319061279 - score 0.4667
2019-07-10 17:53:18,467 TEST : loss 4.421632289886475 - score 0.4352
2019-07-10 17:53:28,605 ----------------------------------------------------------------------------------------------------
2019-07-10 17:53:30,205 epoch 3 - iter 0/73 - loss 2.01803565
2019-07-10 17:53:34,709 epoch 3 - iter 7/73 - loss 2.97835150
2019-07-10 17:53:38,830 epoch 3 - iter 14/73 - loss 2.84676119
2019-07-10 17:53:43,245 epoch 3 - iter 21/73 - loss 3.12783415
2019-07-10 17:53:47,325 epoch 3 - iter 28/73 - loss 3.20713953
2019-07-10 17:53:51,564 epoch 3 - iter 35/73 - loss 3.21375082
2019-07-10 17:53:56,049 epoch 3 - iter 42/73 - loss 3.19345684
2019-07-10 17:54:01,040 epoch 3 - iter 49/73 - loss 3.16501449
2019-07-10 17:54:04,949 epoch 3 - iter 56/73 - loss 3.07292695
2019-07-10 17:54:09,157 epoch 3 - iter 63/73 - loss 3.11711467
2019-07-10 17:54:13,066 epoch 3 - iter 70/73 - loss 3.12417761
2019-07-10 17:54:13,972 ----------------------------------------------------------------------------------------------------
2019-07-10 17:54:13,972 EPOCH 3 done: loss 3.1063 - lr 0.1000 - bad epochs 0
2019-07-10 18:04:24,667 DEV : loss 4.1490864753723145 - score 0.5864
2019-07-10 18:12:28,731 TEST : loss 3.681217908859253 - score 0.5474
2019-07-10 18:12:38,533 ----------------------------------------------------------------------------------------------------
2019-07-10 18:12:40,166 epoch 4 - iter 0/73 - loss 2.41459918
2019-07-10 18:12:44,283 epoch 4 - iter 7/73 - loss 2.21812707
2019-07-10 18:12:48,503 epoch 4 - iter 14/73 - loss 2.35988886
2019-07-10 18:12:52,602 epoch 4 - iter 21/73 - loss 2.42532555
2019-07-10 18:12:56,618 epoch 4 - iter 28/73 - loss 2.47033425
2019-07-10 18:12:59,728 epoch 4 - iter 35/73 - loss 2.54179548
2019-07-10 18:13:02,748 epoch 4 - iter 42/73 - loss 2.49346178
2019-07-10 18:13:05,896 epoch 4 - iter 49/73 - loss 2.53146159
2019-07-10 18:13:09,192 epoch 4 - iter 56/73 - loss 2.58644088
2019-07-10 18:13:14,694 epoch 4 - iter 63/73 - loss 2.62179774
2019-07-10 18:13:19,952 epoch 4 - iter 70/73 - loss 2.58410101
2019-07-10 18:13:21,275 ----------------------------------------------------------------------------------------------------
2019-07-10 18:13:21,275 EPOCH 4 done: loss 2.5656 - lr 0.1000 - bad epochs 0
2019-07-10 18:23:24,125 DEV : loss 3.901721239089966 - score 0.5928
2019-07-10 18:30:37,578 TEST : loss 3.4280271530151367 - score 0.5654
2019-07-10 18:30:47,193 ----------------------------------------------------------------------------------------------------
2019-07-10 18:30:48,888 epoch 5 - iter 0/73 - loss 3.33028650
2019-07-10 18:30:53,830 epoch 5 - iter 7/73 - loss 2.17069447
2019-07-10 18:30:58,790 epoch 5 - iter 14/73 - loss 2.06525874
2019-07-10 18:31:03,599 epoch 5 - iter 21/73 - loss 2.32421095
2019-07-10 18:31:07,933 epoch 5 - iter 28/73 - loss 2.16245627
2019-07-10 18:31:12,253 epoch 5 - iter 35/73 - loss 2.11662965
2019-07-10 18:31:17,219 epoch 5 - iter 42/73 - loss 2.06362755
2019-07-10 18:31:21,646 epoch 5 - iter 49/73 - loss 2.04507323
2019-07-10 18:31:26,008 epoch 5 - iter 56/73 - loss 2.00769298
2019-07-10 18:31:30,236 epoch 5 - iter 63/73 - loss 2.01923737
2019-07-10 18:31:34,617 epoch 5 - iter 70/73 - loss 2.10141727
2019-07-10 18:31:35,930 ----------------------------------------------------------------------------------------------------
2019-07-10 18:31:35,930 EPOCH 5 done: loss 2.0907 - lr 0.1000 - bad epochs 0
2019-07-10 18:42:00,263 DEV : loss 3.52284836769104 - score 0.5978
2019-07-10 18:49:50,390 TEST : loss 3.1603286266326904 - score 0.5825
2019-07-10 18:49:59,958 ----------------------------------------------------------------------------------------------------
2019-07-10 18:50:01,422 epoch 6 - iter 0/73 - loss 2.19300795
2019-07-10 18:50:04,745 epoch 6 - iter 7/73 - loss 1.87319513
2019-07-10 18:50:07,978 epoch 6 - iter 14/73 - loss 1.78910007
2019-07-10 18:50:11,663 epoch 6 - iter 21/73 - loss 1.76800688
2019-07-10 18:50:16,149 epoch 6 - iter 28/73 - loss 1.80539302
2019-07-10 18:50:20,500 epoch 6 - iter 35/73 - loss 1.78351674
2019-07-10 18:50:26,134 epoch 6 - iter 42/73 - loss 1.76756274
2019-07-10 18:50:31,292 epoch 6 - iter 49/73 - loss 1.79071824
2019-07-10 18:50:37,196 epoch 6 - iter 56/73 - loss 1.74472699
2019-07-10 18:50:42,954 epoch 6 - iter 63/73 - loss 1.76415724
2019-07-10 18:50:48,761 epoch 6 - iter 70/73 - loss 1.76319040
2019-07-10 18:50:50,307 ----------------------------------------------------------------------------------------------------
2019-07-10 18:50:50,307 EPOCH 6 done: loss 1.7708 - lr 0.1000 - bad epochs 0
2019-07-10 19:01:24,544 DEV : loss 3.3503410816192627 - score 0.6762
2019-07-10 19:09:46,084 TEST : loss 3.041550636291504 - score 0.6456
2019-07-10 19:09:55,781 ----------------------------------------------------------------------------------------------------
2019-07-10 19:09:57,361 epoch 7 - iter 0/73 - loss 1.30770648
2019-07-10 19:10:01,880 epoch 7 - iter 7/73 - loss 1.43023934
2019-07-10 19:10:06,484 epoch 7 - iter 14/73 - loss 1.50611371
2019-07-10 19:10:10,931 epoch 7 - iter 21/73 - loss 1.51982329
2019-07-10 19:10:14,225 epoch 7 - iter 28/73 - loss 1.47170306
2019-07-10 19:10:17,324 epoch 7 - iter 35/73 - loss 1.43808332
2019-07-10 19:10:20,734 epoch 7 - iter 42/73 - loss 1.45607089
2019-07-10 19:10:23,784 epoch 7 - iter 49/73 - loss 1.45719114
2019-07-10 19:10:26,572 epoch 7 - iter 56/73 - loss 1.44373184
2019-07-10 19:10:29,703 epoch 7 - iter 63/73 - loss 1.41612392
2019-07-10 19:10:32,940 epoch 7 - iter 70/73 - loss 1.45445025
2019-07-10 19:10:33,710 ----------------------------------------------------------------------------------------------------
2019-07-10 19:10:33,710 EPOCH 7 done: loss 1.4462 - lr 0.1000 - bad epochs 0
2019-07-10 19:21:16,088 DEV : loss 3.456937074661255 - score 0.6312
2019-07-10 19:29:14,017 TEST : loss 3.1125476360321045 - score 0.6066
2019-07-10 19:29:14,017 ----------------------------------------------------------------------------------------------------
2019-07-10 19:29:15,408 epoch 8 - iter 0/73 - loss 1.65071821
2019-07-10 19:29:20,815 epoch 8 - iter 7/73 - loss 1.37668660
2019-07-10 19:29:26,272 epoch 8 - iter 14/73 - loss 1.30185740
2019-07-10 19:29:31,924 epoch 8 - iter 21/73 - loss 1.17071684
2019-07-10 19:29:38,030 epoch 8 - iter 28/73 - loss 1.19249463
2019-07-10 19:29:43,486 epoch 8 - iter 35/73 - loss 1.16086288
2019-07-10 19:29:56,035 epoch 8 - iter 42/73 - loss 1.18102044
2019-07-10 19:29:59,321 epoch 8 - iter 49/73 - loss 1.21395590
2019-07-10 19:30:04,601 epoch 8 - iter 56/73 - loss 1.22494123
2019-07-10 19:30:09,759 epoch 8 - iter 63/73 - loss 1.25566621
2019-07-10 19:30:14,020 epoch 8 - iter 70/73 - loss 1.22286774
2019-07-10 19:30:15,398 ----------------------------------------------------------------------------------------------------
2019-07-10 19:30:15,398 EPOCH 8 done: loss 1.2413 - lr 0.1000 - bad epochs 1
2019-07-10 19:40:44,599 DEV : loss 3.128526449203491 - score 0.6848
2019-07-10 19:48:21,871 TEST : loss 2.8721325397491455 - score 0.6653
2019-07-10 19:48:31,620 ----------------------------------------------------------------------------------------------------
2019-07-10 19:48:33,368 epoch 9 - iter 0/73 - loss 0.77750480
2019-07-10 19:48:37,439 epoch 9 - iter 7/73 - loss 1.20678459
2019-07-10 19:48:41,705 epoch 9 - iter 14/73 - loss 1.15939890
2019-07-10 19:48:45,900 epoch 9 - iter 21/73 - loss 1.14249851
2019-07-10 19:48:49,976 epoch 9 - iter 28/73 - loss 1.08987586
2019-07-10 19:48:54,363 epoch 9 - iter 35/73 - loss 1.03478413
2019-07-10 19:48:58,660 epoch 9 - iter 42/73 - loss 1.03407469
2019-07-10 19:49:02,947 epoch 9 - iter 49/73 - loss 1.02660367
2019-07-10 19:49:07,020 epoch 9 - iter 56/73 - loss 1.02573826
2019-07-10 19:49:11,085 epoch 9 - iter 63/73 - loss 1.01447490
2019-07-10 19:49:15,150 epoch 9 - iter 70/73 - loss 1.01483215
2019-07-10 19:49:16,395 ----------------------------------------------------------------------------------------------------
2019-07-10 19:49:16,395 EPOCH 9 done: loss 1.0240 - lr 0.1000 - bad epochs 0
2019-07-10 19:59:36,785 DEV : loss 3.9261410236358643 - score 0.5982
2019-07-10 20:07:18,100 TEST : loss 3.5104901790618896 - score 0.5657
2019-07-10 20:07:18,101 ----------------------------------------------------------------------------------------------------
2019-07-10 20:07:19,797 epoch 10 - iter 0/73 - loss 1.17486143
2019-07-10 20:07:23,195 epoch 10 - iter 7/73 - loss 0.87934283
2019-07-10 20:07:26,414 epoch 10 - iter 14/73 - loss 0.86490346
2019-07-10 20:07:30,480 epoch 10 - iter 21/73 - loss 0.82258513
2019-07-10 20:07:33,995 epoch 10 - iter 28/73 - loss 0.80367579
2019-07-10 20:07:38,546 epoch 10 - iter 35/73 - loss 0.80409171
2019-07-10 20:07:42,929 epoch 10 - iter 42/73 - loss 0.82791229
2019-07-10 20:07:46,793 epoch 10 - iter 49/73 - loss 0.83708659
2019-07-10 20:07:51,188 epoch 10 - iter 56/73 - loss 0.87449730
2019-07-10 20:07:55,790 epoch 10 - iter 63/73 - loss 0.87699464
2019-07-10 20:08:00,050 epoch 10 - iter 70/73 - loss 0.85997224
2019-07-10 20:08:01,302 ----------------------------------------------------------------------------------------------------
2019-07-10 20:08:01,303 EPOCH 10 done: loss 0.8511 - lr 0.1000 - bad epochs 1
2019-07-10 20:18:31,082 DEV : loss 3.385885715484619 - score 0.6823
2019-07-10 20:26:03,529 TEST : loss 3.1101953983306885 - score 0.6542
2019-07-10 20:26:11,680 ----------------------------------------------------------------------------------------------------
2019-07-10 20:26:11,680 Testing using best model ...
2019-07-10 20:26:11,681 loading file output_models/taggers/example-ner-32/best-model.pt
2019-07-10 20:32:55,389 0.6532	0.6779	0.6653
2019-07-10 20:32:55,389 
MICRO_AVG: acc 0.4985 - f1-score 0.6653
MACRO_AVG: acc 0.2837 - f1-score 0.38905
CARDINAL   tp: 663 - fp: 613 - fn: 342 - tn: 663 - precision: 0.5196 - recall: 0.6597 - accuracy: 0.4098 - f1-score: 0.5813
DATE       tp: 1306 - fp: 751 - fn: 481 - tn: 1306 - precision: 0.6349 - recall: 0.7308 - accuracy: 0.5146 - f1-score: 0.6795
EVENT      tp: 0 - fp: 1 - fn: 85 - tn: 0 - precision: 0.0000 - recall: 0.0000 - accuracy: 0.0000 - f1-score: 0.0000
FAC        tp: 58 - fp: 152 - fn: 91 - tn: 58 - precision: 0.2762 - recall: 0.3893 - accuracy: 0.1927 - f1-score: 0.3231
GPE        tp: 2080 - fp: 763 - fn: 466 - tn: 2080 - precision: 0.7316 - recall: 0.8170 - accuracy: 0.6286 - f1-score: 0.7719
LANGUAGE   tp: 0 - fp: 0 - fn: 22 - tn: 0 - precision: 0.0000 - recall: 0.0000 - accuracy: 0.0000 - f1-score: 0.0000
LAW        tp: 0 - fp: 0 - fn: 44 - tn: 0 - precision: 0.0000 - recall: 0.0000 - accuracy: 0.0000 - f1-score: 0.0000
LOC        tp: 18 - fp: 65 - fn: 197 - tn: 18 - precision: 0.2169 - recall: 0.0837 - accuracy: 0.0643 - f1-score: 0.1208
MONEY      tp: 228 - fp: 164 - fn: 127 - tn: 228 - precision: 0.5816 - recall: 0.6423 - accuracy: 0.4393 - f1-score: 0.6104
NORP       tp: 751 - fp: 334 - fn: 239 - tn: 751 - precision: 0.6922 - recall: 0.7586 - accuracy: 0.5672 - f1-score: 0.7239
ORDINAL    tp: 113 - fp: 94 - fn: 94 - tn: 113 - precision: 0.5459 - recall: 0.5459 - accuracy: 0.3754 - f1-score: 0.5459
ORG        tp: 1213 - fp: 621 - fn: 789 - tn: 1213 - precision: 0.6614 - recall: 0.6059 - accuracy: 0.4624 - f1-score: 0.6324
PERCENT    tp: 297 - fp: 190 - fn: 111 - tn: 297 - precision: 0.6099 - recall: 0.7279 - accuracy: 0.4967 - f1-score: 0.6637
PERSON     tp: 1724 - fp: 599 - fn: 410 - tn: 1724 - precision: 0.7421 - recall: 0.8079 - accuracy: 0.6308 - f1-score: 0.7736
PRODUCT    tp: 0 - fp: 3 - fn: 90 - tn: 0 - precision: 0.0000 - recall: 0.0000 - accuracy: 0.0000 - f1-score: 0.0000
QUANTITY   tp: 23 - fp: 52 - fn: 130 - tn: 23 - precision: 0.3067 - recall: 0.1503 - accuracy: 0.1122 - f1-score: 0.2017
TIME       tp: 46 - fp: 59 - fn: 179 - tn: 46 - precision: 0.4381 - recall: 0.2044 - accuracy: 0.1620 - f1-score: 0.2787
WORK_OF_ART tp: 12 - fp: 69 - fn: 157 - tn: 12 - precision: 0.1481 - recall: 0.0710 - accuracy: 0.0504 - f1-score: 0.0960
2019-07-10 20:32:55,389 ----------------------------------------------------------------------------------------------------
