2019-07-29 12:20:26,108 ----------------------------------------------------------------------------------------------------
2019-07-29 12:20:26,108 Evaluation method: MICRO_F1_SCORE
2019-07-29 12:20:26,700 ----------------------------------------------------------------------------------------------------
2019-07-29 12:20:34,495 epoch 1 - iter 0/3620 - loss 52.15083313
2019-07-29 12:22:35,975 epoch 1 - iter 362/3620 - loss 9.59290116
2019-07-29 12:25:46,237 epoch 1 - iter 724/3620 - loss 7.62636187
2019-07-29 12:28:55,334 epoch 1 - iter 1086/3620 - loss 6.72208046
2019-07-29 12:32:11,638 epoch 1 - iter 1448/3620 - loss 6.09782506
2019-07-29 12:35:24,219 epoch 1 - iter 1810/3620 - loss 5.65414802
2019-07-29 12:38:35,869 epoch 1 - iter 2172/3620 - loss 5.32992253
2019-07-29 12:41:45,300 epoch 1 - iter 2534/3620 - loss 5.08521081
2019-07-29 12:44:56,729 epoch 1 - iter 2896/3620 - loss 4.88563400
2019-07-29 12:48:07,098 epoch 1 - iter 3258/3620 - loss 4.71008658
2019-07-29 12:51:18,932 ----------------------------------------------------------------------------------------------------
2019-07-29 12:51:18,932 EPOCH 1 done: loss 4.5544 - lr 0.1000 - bad epochs 0
2019-07-29 12:55:46,841 DEV : loss 2.7718772888183594 - score 0.7811
2019-07-29 12:59:22,125 TEST : loss 2.6846015453338623 - score 0.7397
2019-07-29 12:59:30,447 ----------------------------------------------------------------------------------------------------
2019-07-29 12:59:32,317 epoch 2 - iter 0/3620 - loss 2.02511382
2019-07-29 13:02:25,283 epoch 2 - iter 362/3620 - loss 3.11034296
2019-07-29 13:05:36,854 epoch 2 - iter 724/3620 - loss 3.10190392
2019-07-29 13:08:44,128 epoch 2 - iter 1086/3620 - loss 3.06177282
2019-07-29 13:11:52,147 epoch 2 - iter 1448/3620 - loss 3.01615674
2019-07-29 13:15:01,871 epoch 2 - iter 1810/3620 - loss 2.99926040
2019-07-29 13:18:09,673 epoch 2 - iter 2172/3620 - loss 2.97000491
2019-07-29 13:21:18,604 epoch 2 - iter 2534/3620 - loss 2.93404853
2019-07-29 13:24:34,646 epoch 2 - iter 2896/3620 - loss 2.90874361
2019-07-29 13:27:43,994 epoch 2 - iter 3258/3620 - loss 2.89086855
2019-07-29 13:31:03,638 ----------------------------------------------------------------------------------------------------
2019-07-29 13:31:03,638 EPOCH 2 done: loss 2.8733 - lr 0.1000 - bad epochs 0
2019-07-29 13:35:35,861 DEV : loss 2.2645347118377686 - score 0.8187
2019-07-29 13:39:17,298 TEST : loss 2.2415611743927 - score 0.7852
2019-07-29 13:39:27,599 ----------------------------------------------------------------------------------------------------
2019-07-29 13:39:29,382 epoch 3 - iter 0/3620 - loss 3.44476032
2019-07-29 13:42:34,333 epoch 3 - iter 362/3620 - loss 2.59431254
2019-07-29 13:45:42,631 epoch 3 - iter 724/3620 - loss 2.58410610
2019-07-29 13:48:52,618 epoch 3 - iter 1086/3620 - loss 2.62134707
2019-07-29 13:51:58,327 epoch 3 - iter 1448/3620 - loss 2.60926616
2019-07-29 13:55:07,997 epoch 3 - iter 1810/3620 - loss 2.61914718
2019-07-29 13:58:16,866 epoch 3 - iter 2172/3620 - loss 2.61418136
2019-07-29 14:01:26,295 epoch 3 - iter 2534/3620 - loss 2.58782519
2019-07-29 14:04:46,578 epoch 3 - iter 2896/3620 - loss 2.57320857
2019-07-29 14:07:58,353 epoch 3 - iter 3258/3620 - loss 2.56304494
2019-07-29 14:11:01,412 ----------------------------------------------------------------------------------------------------
2019-07-29 14:11:01,412 EPOCH 3 done: loss 2.5474 - lr 0.1000 - bad epochs 0
2019-07-29 14:15:27,834 DEV : loss 2.1097841262817383 - score 0.829
2019-07-29 14:18:49,064 TEST : loss 2.059096336364746 - score 0.7939
2019-07-29 14:18:58,789 ----------------------------------------------------------------------------------------------------
2019-07-29 14:19:00,517 epoch 4 - iter 0/3620 - loss 4.69745445
2019-07-29 14:22:07,690 epoch 4 - iter 362/3620 - loss 2.50146589
2019-07-29 14:25:14,214 epoch 4 - iter 724/3620 - loss 2.46127623
2019-07-29 14:28:18,849 epoch 4 - iter 1086/3620 - loss 2.44838312
2019-07-29 14:31:25,252 epoch 4 - iter 1448/3620 - loss 2.44083288
2019-07-29 14:34:29,726 epoch 4 - iter 1810/3620 - loss 2.42763885
2019-07-29 14:37:35,128 epoch 4 - iter 2172/3620 - loss 2.41251332
2019-07-29 14:40:41,467 epoch 4 - iter 2534/3620 - loss 2.40401250
2019-07-29 14:43:46,600 epoch 4 - iter 2896/3620 - loss 2.39571712
2019-07-29 14:46:55,986 epoch 4 - iter 3258/3620 - loss 2.40109126
2019-07-29 14:50:03,180 ----------------------------------------------------------------------------------------------------
2019-07-29 14:50:03,180 EPOCH 4 done: loss 2.3964 - lr 0.1000 - bad epochs 0
2019-07-29 14:54:25,621 DEV : loss 2.081394672393799 - score 0.8304
2019-07-29 14:57:38,927 TEST : loss 2.0309786796569824 - score 0.8062
2019-07-29 14:57:49,096 ----------------------------------------------------------------------------------------------------
2019-07-29 14:57:50,878 epoch 5 - iter 0/3620 - loss 2.42219448
2019-07-29 15:00:59,473 epoch 5 - iter 362/3620 - loss 2.33048043
2019-07-29 15:03:59,036 epoch 5 - iter 724/3620 - loss 2.30143347
2019-07-29 15:07:10,799 epoch 5 - iter 1086/3620 - loss 2.30457936
2019-07-29 15:10:13,425 epoch 5 - iter 1448/3620 - loss 2.29013752
2019-07-29 15:13:17,475 epoch 5 - iter 1810/3620 - loss 2.30088127
2019-07-29 15:16:22,614 epoch 5 - iter 2172/3620 - loss 2.29548821
2019-07-29 15:19:25,267 epoch 5 - iter 2534/3620 - loss 2.28619130
2019-07-29 15:22:31,863 epoch 5 - iter 2896/3620 - loss 2.28737978
2019-07-29 15:25:32,547 epoch 5 - iter 3258/3620 - loss 2.28498647
2019-07-29 15:28:37,729 ----------------------------------------------------------------------------------------------------
2019-07-29 15:28:37,729 EPOCH 5 done: loss 2.2893 - lr 0.1000 - bad epochs 0
2019-07-29 15:33:09,114 DEV : loss 2.0484445095062256 - score 0.8312
2019-07-29 15:36:33,149 TEST : loss 1.9098782539367676 - score 0.8022
2019-07-29 15:36:43,398 ----------------------------------------------------------------------------------------------------
2019-07-29 15:36:45,167 epoch 6 - iter 0/3620 - loss 1.72095561
2019-07-29 15:39:39,587 epoch 6 - iter 362/3620 - loss 2.25135040
2019-07-29 15:42:45,751 epoch 6 - iter 724/3620 - loss 2.22055034
2019-07-29 15:45:52,660 epoch 6 - iter 1086/3620 - loss 2.24110603
2019-07-29 15:48:58,835 epoch 6 - iter 1448/3620 - loss 2.23943116
2019-07-29 15:52:04,357 epoch 6 - iter 1810/3620 - loss 2.23271853
2019-07-29 15:55:18,359 epoch 6 - iter 2172/3620 - loss 2.23161467
2019-07-29 15:58:27,201 epoch 6 - iter 2534/3620 - loss 2.22473461
2019-07-29 16:01:35,396 epoch 6 - iter 2896/3620 - loss 2.22272296
2019-07-29 16:04:43,420 epoch 6 - iter 3258/3620 - loss 2.22077159
2019-07-29 16:07:55,601 ----------------------------------------------------------------------------------------------------
2019-07-29 16:07:55,601 EPOCH 6 done: loss 2.2135 - lr 0.1000 - bad epochs 0
2019-07-29 16:12:27,603 DEV : loss 1.9616607427597046 - score 0.8383
2019-07-29 16:16:03,110 TEST : loss 1.8650712966918945 - score 0.8085
2019-07-29 16:16:13,473 ----------------------------------------------------------------------------------------------------
2019-07-29 16:16:15,214 epoch 7 - iter 0/3620 - loss 1.53439832
2019-07-29 16:19:07,650 epoch 7 - iter 362/3620 - loss 2.15443093
2019-07-29 16:22:21,121 epoch 7 - iter 724/3620 - loss 2.17527307
2019-07-29 16:25:27,858 epoch 7 - iter 1086/3620 - loss 2.16682733
2019-07-29 16:28:44,708 epoch 7 - iter 1448/3620 - loss 2.16034926
2019-07-29 16:31:52,898 epoch 7 - iter 1810/3620 - loss 2.15327018
2019-07-29 16:35:07,058 epoch 7 - iter 2172/3620 - loss 2.15613040
2019-07-29 16:38:16,859 epoch 7 - iter 2534/3620 - loss 2.16075687
2019-07-29 16:41:30,448 epoch 7 - iter 2896/3620 - loss 2.15242777
2019-07-29 16:44:38,526 epoch 7 - iter 3258/3620 - loss 2.15273214
2019-07-29 16:48:00,668 ----------------------------------------------------------------------------------------------------
2019-07-29 16:48:00,668 EPOCH 7 done: loss 2.1504 - lr 0.1000 - bad epochs 0
2019-07-29 16:52:48,180 DEV : loss 1.935587763786316 - score 0.8398
2019-07-29 16:56:10,408 TEST : loss 1.823529601097107 - score 0.8185
2019-07-29 16:56:20,819 ----------------------------------------------------------------------------------------------------
2019-07-29 16:56:22,634 epoch 8 - iter 0/3620 - loss 2.21286297
2019-07-29 16:59:20,716 epoch 8 - iter 362/3620 - loss 2.07695378
2019-07-29 17:02:27,283 epoch 8 - iter 724/3620 - loss 2.10376292
2019-07-29 17:05:42,508 epoch 8 - iter 1086/3620 - loss 2.08132388
2019-07-29 17:08:49,034 epoch 8 - iter 1448/3620 - loss 2.07878813
2019-07-29 17:12:02,355 epoch 8 - iter 1810/3620 - loss 2.08664128
2019-07-29 17:15:09,519 epoch 8 - iter 2172/3620 - loss 2.10306074
2019-07-29 17:18:26,298 epoch 8 - iter 2534/3620 - loss 2.08906974
2019-07-29 17:21:35,634 epoch 8 - iter 2896/3620 - loss 2.09145752
2019-07-29 17:24:50,726 epoch 8 - iter 3258/3620 - loss 2.09221963
2019-07-29 17:28:01,733 ----------------------------------------------------------------------------------------------------
2019-07-29 17:28:01,733 EPOCH 8 done: loss 2.0930 - lr 0.1000 - bad epochs 0
2019-07-29 17:32:34,559 DEV : loss 1.9614351987838745 - score 0.8403
2019-07-29 17:35:57,684 TEST : loss 1.8495150804519653 - score 0.8162
2019-07-29 17:36:08,113 ----------------------------------------------------------------------------------------------------
2019-07-29 17:36:09,917 epoch 9 - iter 0/3620 - loss 0.95089185
2019-07-29 17:39:12,786 epoch 9 - iter 362/3620 - loss 2.10037936
2019-07-29 17:42:17,819 epoch 9 - iter 724/3620 - loss 2.06351276
2019-07-29 17:45:25,571 epoch 9 - iter 1086/3620 - loss 2.05646940
2019-07-29 17:48:33,279 epoch 9 - iter 1448/3620 - loss 2.05248299
2019-07-29 17:51:40,931 epoch 9 - iter 1810/3620 - loss 2.04236263
2019-07-29 17:54:49,237 epoch 9 - iter 2172/3620 - loss 2.03567896
2019-07-29 17:57:56,333 epoch 9 - iter 2534/3620 - loss 2.04289468
2019-07-29 18:01:02,607 epoch 9 - iter 2896/3620 - loss 2.04471601
2019-07-29 18:04:10,165 epoch 9 - iter 3258/3620 - loss 2.04609000
2019-07-29 18:07:17,012 ----------------------------------------------------------------------------------------------------
2019-07-29 18:07:17,012 EPOCH 9 done: loss 2.0546 - lr 0.1000 - bad epochs 0
2019-07-29 18:11:47,367 DEV : loss 2.023920774459839 - score 0.8374
2019-07-29 18:15:04,075 TEST : loss 1.922628402709961 - score 0.8086
2019-07-29 18:15:04,076 ----------------------------------------------------------------------------------------------------
2019-07-29 18:15:05,854 epoch 10 - iter 0/3620 - loss 1.95325232
2019-07-29 18:18:06,074 epoch 10 - iter 362/3620 - loss 1.97657599
2019-07-29 18:21:12,309 epoch 10 - iter 724/3620 - loss 1.99237686
2019-07-29 18:24:19,395 epoch 10 - iter 1086/3620 - loss 1.98423019
2019-07-29 18:27:23,118 epoch 10 - iter 1448/3620 - loss 1.98823190
2019-07-29 18:30:33,551 epoch 10 - iter 1810/3620 - loss 1.99650774
2019-07-29 18:33:52,094 epoch 10 - iter 2172/3620 - loss 2.01592274
2019-07-29 18:36:49,466 epoch 10 - iter 2534/3620 - loss 2.02568329
2019-07-29 18:40:10,245 epoch 10 - iter 2896/3620 - loss 2.03001811
2019-07-29 18:43:09,113 epoch 10 - iter 3258/3620 - loss 2.02133636
2019-07-29 18:46:32,802 ----------------------------------------------------------------------------------------------------
2019-07-29 18:46:32,802 EPOCH 10 done: loss 2.0157 - lr 0.1000 - bad epochs 1
2019-07-29 18:51:00,661 DEV : loss 2.0134103298187256 - score 0.8407
2019-07-29 18:54:30,918 TEST : loss 1.865869164466858 - score 0.8193
2019-07-29 18:54:49,522 ----------------------------------------------------------------------------------------------------
2019-07-29 18:54:49,523 Testing using best model ...
2019-07-29 18:54:49,523 loading file output_models/taggers/example-ner-42/best-model.pt
2019-07-29 18:57:42,114 0.7977	0.842	0.8193
2019-07-29 18:57:42,115 
MICRO_AVG: acc 0.6939 - f1-score 0.8193
MACRO_AVG: acc 0.5742 - f1-score 0.7183444444444445
CARDINAL   tp: 785 - fp: 315 - fn: 220 - tn: 785 - precision: 0.7136 - recall: 0.7811 - accuracy: 0.5947 - f1-score: 0.7458
DATE       tp: 1342 - fp: 357 - fn: 445 - tn: 1342 - precision: 0.7899 - recall: 0.7510 - accuracy: 0.6259 - f1-score: 0.7700
EVENT      tp: 51 - fp: 48 - fn: 34 - tn: 51 - precision: 0.5152 - recall: 0.6000 - accuracy: 0.3835 - f1-score: 0.5544
FAC        tp: 88 - fp: 67 - fn: 61 - tn: 88 - precision: 0.5677 - recall: 0.5906 - accuracy: 0.4074 - f1-score: 0.5789
GPE        tp: 2371 - fp: 363 - fn: 175 - tn: 2371 - precision: 0.8672 - recall: 0.9313 - accuracy: 0.8151 - f1-score: 0.8981
LANGUAGE   tp: 13 - fp: 5 - fn: 9 - tn: 13 - precision: 0.7222 - recall: 0.5909 - accuracy: 0.4815 - f1-score: 0.6500
LAW        tp: 26 - fp: 17 - fn: 18 - tn: 26 - precision: 0.6047 - recall: 0.5909 - accuracy: 0.4262 - f1-score: 0.5977
LOC        tp: 165 - fp: 99 - fn: 50 - tn: 165 - precision: 0.6250 - recall: 0.7674 - accuracy: 0.5255 - f1-score: 0.6889
MONEY      tp: 312 - fp: 53 - fn: 43 - tn: 312 - precision: 0.8548 - recall: 0.8789 - accuracy: 0.7647 - f1-score: 0.8667
NORP       tp: 889 - fp: 231 - fn: 101 - tn: 889 - precision: 0.7937 - recall: 0.8980 - accuracy: 0.7281 - f1-score: 0.8426
ORDINAL    tp: 183 - fp: 105 - fn: 24 - tn: 183 - precision: 0.6354 - recall: 0.8841 - accuracy: 0.5865 - f1-score: 0.7394
ORG        tp: 1694 - fp: 379 - fn: 308 - tn: 1694 - precision: 0.8172 - recall: 0.8462 - accuracy: 0.7115 - f1-score: 0.8314
PERCENT    tp: 362 - fp: 66 - fn: 46 - tn: 362 - precision: 0.8458 - recall: 0.8873 - accuracy: 0.7637 - f1-score: 0.8661
PERSON     tp: 1955 - fp: 391 - fn: 179 - tn: 1955 - precision: 0.8333 - recall: 0.9161 - accuracy: 0.7743 - f1-score: 0.8727
PRODUCT    tp: 45 - fp: 21 - fn: 45 - tn: 45 - precision: 0.6818 - recall: 0.5000 - accuracy: 0.4054 - f1-score: 0.5769
QUANTITY   tp: 97 - fp: 40 - fn: 56 - tn: 97 - precision: 0.7080 - recall: 0.6340 - accuracy: 0.5026 - f1-score: 0.6690
TIME       tp: 127 - fp: 75 - fn: 98 - tn: 127 - precision: 0.6287 - recall: 0.5644 - accuracy: 0.4233 - f1-score: 0.5948
WORK_OF_ART tp: 93 - fp: 55 - fn: 76 - tn: 93 - precision: 0.6284 - recall: 0.5503 - accuracy: 0.4152 - f1-score: 0.5868
2019-07-29 18:57:42,115 ----------------------------------------------------------------------------------------------------
