2019-07-10 11:43:58,154 ----------------------------------------------------------------------------------------------------
2019-07-10 11:43:58,154 Evaluation method: MICRO_F1_SCORE
2019-07-10 11:43:58,164 ----------------------------------------------------------------------------------------------------
2019-07-10 11:44:06,247 epoch 1 - iter 0/73 - loss 92.18928528
2019-07-10 11:44:08,545 epoch 1 - iter 7/73 - loss 33.40457332
2019-07-10 11:44:10,975 epoch 1 - iter 14/73 - loss 23.17991842
2019-07-10 11:44:13,564 epoch 1 - iter 21/73 - loss 18.38602144
2019-07-10 11:44:16,149 epoch 1 - iter 28/73 - loss 16.41038565
2019-07-10 11:44:18,570 epoch 1 - iter 35/73 - loss 14.94632979
2019-07-10 11:44:21,181 epoch 1 - iter 42/73 - loss 13.81273812
2019-07-10 11:44:23,440 epoch 1 - iter 49/73 - loss 12.94792758
2019-07-10 11:44:26,026 epoch 1 - iter 56/73 - loss 12.08882895
2019-07-10 11:44:28,413 epoch 1 - iter 63/73 - loss 11.35769349
2019-07-10 11:44:30,849 epoch 1 - iter 70/73 - loss 10.72374694
2019-07-10 11:44:31,756 ----------------------------------------------------------------------------------------------------
2019-07-10 11:44:31,756 EPOCH 1 done: loss 10.5558 - lr 0.1000 - bad epochs 0
2019-07-10 11:51:25,090 DEV : loss 6.137632369995117 - score 0.3854
2019-07-10 11:56:51,241 TEST : loss 5.36363410949707 - score 0.385
2019-07-10 11:56:59,935 ----------------------------------------------------------------------------------------------------
2019-07-10 11:57:01,371 epoch 2 - iter 0/73 - loss 2.89501643
2019-07-10 11:57:05,024 epoch 2 - iter 7/73 - loss 5.13693732
2019-07-10 11:57:08,614 epoch 2 - iter 14/73 - loss 5.22480831
2019-07-10 11:57:14,065 epoch 2 - iter 21/73 - loss 5.00842637
2019-07-10 11:57:20,320 epoch 2 - iter 28/73 - loss 4.92586776
2019-07-10 11:57:25,931 epoch 2 - iter 35/73 - loss 4.84542883
2019-07-10 11:57:32,004 epoch 2 - iter 42/73 - loss 4.78814642
2019-07-10 11:57:37,430 epoch 2 - iter 49/73 - loss 4.57384208
2019-07-10 11:57:43,451 epoch 2 - iter 56/73 - loss 4.53961877
2019-07-10 11:57:49,159 epoch 2 - iter 63/73 - loss 4.43333526
2019-07-10 11:57:54,868 epoch 2 - iter 70/73 - loss 4.31452887
2019-07-10 11:57:56,122 ----------------------------------------------------------------------------------------------------
2019-07-10 11:57:56,123 EPOCH 2 done: loss 4.3257 - lr 0.1000 - bad epochs 0
2019-07-10 12:07:52,287 DEV : loss 4.326099872589111 - score 0.5816
2019-07-10 12:15:21,826 TEST : loss 3.9123544692993164 - score 0.5438
2019-07-10 12:15:31,907 ----------------------------------------------------------------------------------------------------
2019-07-10 12:15:33,615 epoch 3 - iter 0/73 - loss 2.32472205
2019-07-10 12:15:38,904 epoch 3 - iter 7/73 - loss 2.62810019
2019-07-10 12:15:44,463 epoch 3 - iter 14/73 - loss 3.24951468
2019-07-10 12:15:50,169 epoch 3 - iter 21/73 - loss 3.33171295
2019-07-10 12:15:55,586 epoch 3 - iter 28/73 - loss 3.41883840
2019-07-10 12:16:01,499 epoch 3 - iter 35/73 - loss 3.42575780
2019-07-10 12:16:07,703 epoch 3 - iter 42/73 - loss 3.26923554
2019-07-10 12:16:13,896 epoch 3 - iter 49/73 - loss 3.38166730
2019-07-10 12:16:19,103 epoch 3 - iter 56/73 - loss 3.32750764
2019-07-10 12:16:22,861 epoch 3 - iter 63/73 - loss 3.24856185
2019-07-10 12:16:27,632 epoch 3 - iter 70/73 - loss 3.22634899
2019-07-10 12:16:28,775 ----------------------------------------------------------------------------------------------------
2019-07-10 12:16:28,775 EPOCH 3 done: loss 3.2563 - lr 0.1000 - bad epochs 0
2019-07-10 12:26:16,338 DEV : loss 4.826196193695068 - score 0.4761
2019-07-10 12:34:03,620 TEST : loss 4.267989635467529 - score 0.4534
2019-07-10 12:34:03,621 ----------------------------------------------------------------------------------------------------
2019-07-10 12:34:05,295 epoch 4 - iter 0/73 - loss 3.27975321
2019-07-10 12:34:09,777 epoch 4 - iter 7/73 - loss 2.91284859
2019-07-10 12:34:14,619 epoch 4 - iter 14/73 - loss 2.76275635
2019-07-10 12:34:20,308 epoch 4 - iter 21/73 - loss 2.62165771
2019-07-10 12:34:24,846 epoch 4 - iter 28/73 - loss 2.71229868
2019-07-10 12:34:29,400 epoch 4 - iter 35/73 - loss 2.73825710
2019-07-10 12:34:34,303 epoch 4 - iter 42/73 - loss 2.64226576
2019-07-10 12:34:37,618 epoch 4 - iter 49/73 - loss 2.62341631
2019-07-10 12:34:40,716 epoch 4 - iter 56/73 - loss 2.62072284
2019-07-10 12:34:43,901 epoch 4 - iter 63/73 - loss 2.56796453
2019-07-10 12:34:46,972 epoch 4 - iter 70/73 - loss 2.58192100
2019-07-10 12:34:47,955 ----------------------------------------------------------------------------------------------------
2019-07-10 12:34:47,955 EPOCH 4 done: loss 2.5885 - lr 0.1000 - bad epochs 1
2019-07-10 12:44:32,421 DEV : loss 3.701383352279663 - score 0.6056
2019-07-10 12:52:14,246 TEST : loss 3.354402542114258 - score 0.5728
2019-07-10 12:52:24,664 ----------------------------------------------------------------------------------------------------
2019-07-10 12:52:26,341 epoch 5 - iter 0/73 - loss 1.04957533
2019-07-10 12:52:31,061 epoch 5 - iter 7/73 - loss 1.79975297
2019-07-10 12:52:35,597 epoch 5 - iter 14/73 - loss 2.09401633
2019-07-10 12:52:40,016 epoch 5 - iter 21/73 - loss 2.14117432
2019-07-10 12:52:44,996 epoch 5 - iter 28/73 - loss 2.17613167
2019-07-10 12:52:49,373 epoch 5 - iter 35/73 - loss 2.21759494
2019-07-10 12:52:54,075 epoch 5 - iter 42/73 - loss 2.19654029
2019-07-10 12:52:58,529 epoch 5 - iter 49/73 - loss 2.16164297
2019-07-10 12:53:03,749 epoch 5 - iter 56/73 - loss 2.13552787
2019-07-10 12:53:08,070 epoch 5 - iter 63/73 - loss 2.11100346
2019-07-10 12:53:12,599 epoch 5 - iter 70/73 - loss 2.11833791
2019-07-10 12:53:13,783 ----------------------------------------------------------------------------------------------------
2019-07-10 12:53:13,783 EPOCH 5 done: loss 2.1247 - lr 0.1000 - bad epochs 0
2019-07-10 13:03:03,447 DEV : loss 3.299586772918701 - score 0.6783
2019-07-10 13:10:45,039 TEST : loss 3.1371676921844482 - score 0.6423
2019-07-10 13:10:55,139 ----------------------------------------------------------------------------------------------------
2019-07-10 13:10:57,067 epoch 6 - iter 0/73 - loss 2.40750980
2019-07-10 13:11:01,515 epoch 6 - iter 7/73 - loss 1.63734603
2019-07-10 13:11:05,916 epoch 6 - iter 14/73 - loss 1.70093219
2019-07-10 13:11:10,215 epoch 6 - iter 21/73 - loss 1.69507761
2019-07-10 13:11:14,956 epoch 6 - iter 28/73 - loss 1.67140804
2019-07-10 13:11:18,182 epoch 6 - iter 35/73 - loss 1.76998081
2019-07-10 13:11:21,281 epoch 6 - iter 42/73 - loss 1.78762515
2019-07-10 13:11:23,578 epoch 6 - iter 49/73 - loss 1.76833213
2019-07-10 13:11:26,259 epoch 6 - iter 56/73 - loss 1.78512272
2019-07-10 13:11:29,686 epoch 6 - iter 63/73 - loss 1.79385590
2019-07-10 13:11:34,145 epoch 6 - iter 70/73 - loss 1.74703886
2019-07-10 13:11:35,429 ----------------------------------------------------------------------------------------------------
2019-07-10 13:11:35,429 EPOCH 6 done: loss 1.7608 - lr 0.1000 - bad epochs 0
2019-07-10 13:21:19,749 DEV : loss 3.6580755710601807 - score 0.6285
2019-07-10 13:29:00,186 TEST : loss 3.3561861515045166 - score 0.5937
2019-07-10 13:29:00,186 ----------------------------------------------------------------------------------------------------
2019-07-10 13:29:02,035 epoch 7 - iter 0/73 - loss 1.43367290
2019-07-10 13:29:06,320 epoch 7 - iter 7/73 - loss 1.59772085
2019-07-10 13:29:10,985 epoch 7 - iter 14/73 - loss 1.59997513
2019-07-10 13:29:15,762 epoch 7 - iter 21/73 - loss 1.70988943
2019-07-10 13:29:19,908 epoch 7 - iter 28/73 - loss 1.59457884
2019-07-10 13:29:24,582 epoch 7 - iter 35/73 - loss 1.56727701
2019-07-10 13:29:29,149 epoch 7 - iter 42/73 - loss 1.55948869
2019-07-10 13:29:33,848 epoch 7 - iter 49/73 - loss 1.58420959
2019-07-10 13:29:38,396 epoch 7 - iter 56/73 - loss 1.56112922
2019-07-10 13:29:43,376 epoch 7 - iter 63/73 - loss 1.55137451
2019-07-10 13:29:48,501 epoch 7 - iter 70/73 - loss 1.50204580
2019-07-10 13:29:49,502 ----------------------------------------------------------------------------------------------------
2019-07-10 13:29:49,502 EPOCH 7 done: loss 1.4932 - lr 0.1000 - bad epochs 1
2019-07-10 13:39:37,076 DEV : loss 3.382640838623047 - score 0.6752
2019-07-10 13:47:12,182 TEST : loss 3.2431952953338623 - score 0.6347
2019-07-10 13:47:12,182 ----------------------------------------------------------------------------------------------------
2019-07-10 13:47:14,105 epoch 8 - iter 0/73 - loss 1.53151631
2019-07-10 13:47:20,235 epoch 8 - iter 7/73 - loss 1.33325562
2019-07-10 13:47:24,071 epoch 8 - iter 14/73 - loss 1.38799535
2019-07-10 13:47:27,797 epoch 8 - iter 21/73 - loss 1.30269002
2019-07-10 13:47:31,529 epoch 8 - iter 28/73 - loss 1.28841294
2019-07-10 13:47:37,166 epoch 8 - iter 35/73 - loss 1.28532313
2019-07-10 13:47:42,953 epoch 8 - iter 42/73 - loss 1.23481582
2019-07-10 13:47:58,051 epoch 8 - iter 49/73 - loss 1.22691426
2019-07-10 13:48:02,900 epoch 8 - iter 56/73 - loss 1.19722269
2019-07-10 13:48:06,797 epoch 8 - iter 63/73 - loss 1.16460029
2019-07-10 13:48:11,129 epoch 8 - iter 70/73 - loss 1.20192110
2019-07-10 13:48:12,669 ----------------------------------------------------------------------------------------------------
2019-07-10 13:48:12,669 EPOCH 8 done: loss 1.2335 - lr 0.1000 - bad epochs 2
2019-07-10 13:58:04,779 DEV : loss 3.163100004196167 - score 0.6925
2019-07-10 14:05:39,377 TEST : loss 3.066690444946289 - score 0.6527
2019-07-10 14:05:49,392 ----------------------------------------------------------------------------------------------------
2019-07-10 14:05:51,243 epoch 9 - iter 0/73 - loss 0.79172266
2019-07-10 14:05:57,151 epoch 9 - iter 7/73 - loss 0.84593570
2019-07-10 14:06:02,818 epoch 9 - iter 14/73 - loss 0.86564969
2019-07-10 14:06:08,433 epoch 9 - iter 21/73 - loss 0.87867525
2019-07-10 14:06:14,099 epoch 9 - iter 28/73 - loss 0.94054449
2019-07-10 14:06:20,021 epoch 9 - iter 35/73 - loss 0.93919042
2019-07-10 14:06:25,998 epoch 9 - iter 42/73 - loss 0.93028771
2019-07-10 14:06:31,923 epoch 9 - iter 49/73 - loss 0.95427250
2019-07-10 14:06:35,630 epoch 9 - iter 56/73 - loss 0.95910726
2019-07-10 14:06:40,398 epoch 9 - iter 63/73 - loss 1.00433969
2019-07-10 14:06:45,122 epoch 9 - iter 70/73 - loss 1.01074407
2019-07-10 14:06:46,136 ----------------------------------------------------------------------------------------------------
2019-07-10 14:06:46,136 EPOCH 9 done: loss 1.0054 - lr 0.1000 - bad epochs 0
2019-07-10 14:16:42,299 DEV : loss 2.969761371612549 - score 0.7089
2019-07-10 14:24:16,486 TEST : loss 2.8713371753692627 - score 0.6712
2019-07-10 14:24:26,562 ----------------------------------------------------------------------------------------------------
2019-07-10 14:24:28,494 epoch 10 - iter 0/73 - loss 0.88621491
2019-07-10 14:24:33,424 epoch 10 - iter 7/73 - loss 0.73050389
2019-07-10 14:24:37,852 epoch 10 - iter 14/73 - loss 0.68896675
2019-07-10 14:24:41,431 epoch 10 - iter 21/73 - loss 0.69185062
2019-07-10 14:24:47,528 epoch 10 - iter 28/73 - loss 0.74227685
2019-07-10 14:24:53,229 epoch 10 - iter 35/73 - loss 0.76590798
2019-07-10 14:24:59,030 epoch 10 - iter 42/73 - loss 0.76397479
2019-07-10 14:25:04,741 epoch 10 - iter 49/73 - loss 0.77355151
2019-07-10 14:25:10,478 epoch 10 - iter 56/73 - loss 0.77151666
2019-07-10 14:25:16,441 epoch 10 - iter 63/73 - loss 0.79761418
2019-07-10 14:25:22,691 epoch 10 - iter 70/73 - loss 0.82325532
2019-07-10 14:25:23,968 ----------------------------------------------------------------------------------------------------
2019-07-10 14:25:23,968 EPOCH 10 done: loss 0.8111 - lr 0.1000 - bad epochs 0
2019-07-10 14:35:15,975 DEV : loss 3.064633369445801 - score 0.7061
2019-07-10 14:42:53,619 TEST : loss 2.9494760036468506 - score 0.6743
2019-07-10 14:43:03,341 ----------------------------------------------------------------------------------------------------
2019-07-10 14:43:03,341 Testing using best model ...
2019-07-10 14:43:03,342 loading file output_models/taggers/example-ner-28/best-model.pt
2019-07-10 14:50:34,887 0.6529	0.6905	0.6712
2019-07-10 14:50:34,887 
MICRO_AVG: acc 0.5051 - f1-score 0.6712
MACRO_AVG: acc 0.2977 - f1-score 0.40717777777777775
CARDINAL   tp: 631 - fp: 530 - fn: 374 - tn: 631 - precision: 0.5435 - recall: 0.6279 - accuracy: 0.4111 - f1-score: 0.5827
DATE       tp: 1265 - fp: 782 - fn: 522 - tn: 1265 - precision: 0.6180 - recall: 0.7079 - accuracy: 0.4924 - f1-score: 0.6599
EVENT      tp: 0 - fp: 2 - fn: 85 - tn: 0 - precision: 0.0000 - recall: 0.0000 - accuracy: 0.0000 - f1-score: 0.0000
FAC        tp: 21 - fp: 51 - fn: 128 - tn: 21 - precision: 0.2917 - recall: 0.1409 - accuracy: 0.1050 - f1-score: 0.1900
GPE        tp: 2125 - fp: 774 - fn: 421 - tn: 2125 - precision: 0.7330 - recall: 0.8346 - accuracy: 0.6401 - f1-score: 0.7805
LANGUAGE   tp: 0 - fp: 0 - fn: 22 - tn: 0 - precision: 0.0000 - recall: 0.0000 - accuracy: 0.0000 - f1-score: 0.0000
LAW        tp: 1 - fp: 5 - fn: 43 - tn: 1 - precision: 0.1667 - recall: 0.0227 - accuracy: 0.0204 - f1-score: 0.0400
LOC        tp: 74 - fp: 148 - fn: 141 - tn: 74 - precision: 0.3333 - recall: 0.3442 - accuracy: 0.2039 - f1-score: 0.3387
MONEY      tp: 269 - fp: 135 - fn: 86 - tn: 269 - precision: 0.6658 - recall: 0.7577 - accuracy: 0.5490 - f1-score: 0.7088
NORP       tp: 770 - fp: 311 - fn: 220 - tn: 770 - precision: 0.7123 - recall: 0.7778 - accuracy: 0.5919 - f1-score: 0.7436
ORDINAL    tp: 138 - fp: 123 - fn: 69 - tn: 138 - precision: 0.5287 - recall: 0.6667 - accuracy: 0.4182 - f1-score: 0.5897
ORG        tp: 1337 - fp: 730 - fn: 665 - tn: 1337 - precision: 0.6468 - recall: 0.6678 - accuracy: 0.4894 - f1-score: 0.6571
PERCENT    tp: 301 - fp: 225 - fn: 107 - tn: 301 - precision: 0.5722 - recall: 0.7377 - accuracy: 0.4755 - f1-score: 0.6445
PERSON     tp: 1684 - fp: 605 - fn: 450 - tn: 1684 - precision: 0.7357 - recall: 0.7891 - accuracy: 0.6148 - f1-score: 0.7615
PRODUCT    tp: 14 - fp: 37 - fn: 76 - tn: 14 - precision: 0.2745 - recall: 0.1556 - accuracy: 0.1102 - f1-score: 0.1986
QUANTITY   tp: 6 - fp: 14 - fn: 147 - tn: 6 - precision: 0.3000 - recall: 0.0392 - accuracy: 0.0359 - f1-score: 0.0693
TIME       tp: 33 - fp: 66 - fn: 192 - tn: 33 - precision: 0.3333 - recall: 0.1467 - accuracy: 0.1134 - f1-score: 0.2037
WORK_OF_ART tp: 22 - fp: 83 - fn: 147 - tn: 22 - precision: 0.2095 - recall: 0.1302 - accuracy: 0.0873 - f1-score: 0.1606
2019-07-10 14:50:34,887 ----------------------------------------------------------------------------------------------------
