2019-07-11 06:40:28,065 ----------------------------------------------------------------------------------------------------
2019-07-11 06:40:28,065 Evaluation method: MICRO_F1_SCORE
2019-07-11 06:40:28,073 ----------------------------------------------------------------------------------------------------
2019-07-11 06:40:35,862 epoch 1 - iter 0/73 - loss 90.57856750
2019-07-11 06:40:38,055 epoch 1 - iter 7/73 - loss 33.77681053
2019-07-11 06:40:40,477 epoch 1 - iter 14/73 - loss 23.44261430
2019-07-11 06:40:42,715 epoch 1 - iter 21/73 - loss 19.02111589
2019-07-11 06:40:45,193 epoch 1 - iter 28/73 - loss 17.50541909
2019-07-11 06:40:47,657 epoch 1 - iter 35/73 - loss 15.56412800
2019-07-11 06:40:49,954 epoch 1 - iter 42/73 - loss 14.28565716
2019-07-11 06:40:52,368 epoch 1 - iter 49/73 - loss 13.56937532
2019-07-11 06:40:55,108 epoch 1 - iter 56/73 - loss 12.89727219
2019-07-11 06:40:57,494 epoch 1 - iter 63/73 - loss 12.26910314
2019-07-11 06:40:59,882 epoch 1 - iter 70/73 - loss 11.65498744
2019-07-11 06:41:00,784 ----------------------------------------------------------------------------------------------------
2019-07-11 06:41:00,784 EPOCH 1 done: loss 11.5573 - lr 0.1000 - bad epochs 0
2019-07-11 06:47:50,491 DEV : loss 6.958489894866943 - score 0.3805
2019-07-11 06:53:06,948 TEST : loss 6.068533897399902 - score 0.365
2019-07-11 06:53:15,040 ----------------------------------------------------------------------------------------------------
2019-07-11 06:53:16,401 epoch 2 - iter 0/73 - loss 9.42827606
2019-07-11 06:53:18,970 epoch 2 - iter 7/73 - loss 7.52062416
2019-07-11 06:53:21,331 epoch 2 - iter 14/73 - loss 6.26673325
2019-07-11 06:53:23,082 epoch 2 - iter 21/73 - loss 6.01192298
2019-07-11 06:53:24,762 epoch 2 - iter 28/73 - loss 5.47969642
2019-07-11 06:53:26,602 epoch 2 - iter 35/73 - loss 5.42979087
2019-07-11 06:53:28,577 epoch 2 - iter 42/73 - loss 5.32655722
2019-07-11 06:53:30,562 epoch 2 - iter 49/73 - loss 5.18256351
2019-07-11 06:53:34,313 epoch 2 - iter 56/73 - loss 5.14325418
2019-07-11 06:53:38,133 epoch 2 - iter 63/73 - loss 5.02630225
2019-07-11 06:53:41,777 epoch 2 - iter 70/73 - loss 4.93105856
2019-07-11 06:53:42,806 ----------------------------------------------------------------------------------------------------
2019-07-11 06:53:42,806 EPOCH 2 done: loss 4.9747 - lr 0.1000 - bad epochs 0
2019-07-11 07:00:43,161 DEV : loss 4.838376998901367 - score 0.548
2019-07-11 07:05:53,190 TEST : loss 4.327646255493164 - score 0.5201
2019-07-11 07:06:03,334 ----------------------------------------------------------------------------------------------------
2019-07-11 07:06:04,736 epoch 3 - iter 0/73 - loss 4.02342510
2019-07-11 07:06:07,349 epoch 3 - iter 7/73 - loss 3.73224929
2019-07-11 07:06:09,902 epoch 3 - iter 14/73 - loss 4.09220864
2019-07-11 07:06:12,474 epoch 3 - iter 21/73 - loss 3.76875325
2019-07-11 07:06:14,854 epoch 3 - iter 28/73 - loss 3.68741747
2019-07-11 07:06:17,337 epoch 3 - iter 35/73 - loss 3.80408266
2019-07-11 07:06:19,534 epoch 3 - iter 42/73 - loss 3.74278647
2019-07-11 07:06:21,715 epoch 3 - iter 49/73 - loss 3.79163447
2019-07-11 07:06:23,887 epoch 3 - iter 56/73 - loss 3.70221434
2019-07-11 07:06:26,276 epoch 3 - iter 63/73 - loss 3.74138151
2019-07-11 07:06:28,644 epoch 3 - iter 70/73 - loss 3.67144243
2019-07-11 07:06:29,389 ----------------------------------------------------------------------------------------------------
2019-07-11 07:06:29,390 EPOCH 3 done: loss 3.6603 - lr 0.1000 - bad epochs 0
2019-07-11 07:13:34,400 DEV : loss 4.021471977233887 - score 0.6251
2019-07-11 07:18:53,105 TEST : loss 3.6882104873657227 - score 0.5965
2019-07-11 07:19:03,066 ----------------------------------------------------------------------------------------------------
2019-07-11 07:19:04,498 epoch 4 - iter 0/73 - loss 2.26882553
2019-07-11 07:19:06,876 epoch 4 - iter 7/73 - loss 2.57878643
2019-07-11 07:19:09,179 epoch 4 - iter 14/73 - loss 2.70576642
2019-07-11 07:19:11,688 epoch 4 - iter 21/73 - loss 2.85237933
2019-07-11 07:19:14,158 epoch 4 - iter 28/73 - loss 3.11020116
2019-07-11 07:19:16,731 epoch 4 - iter 35/73 - loss 2.90802659
2019-07-11 07:19:19,051 epoch 4 - iter 42/73 - loss 2.85144749
2019-07-11 07:19:21,615 epoch 4 - iter 49/73 - loss 2.91661483
2019-07-11 07:19:24,128 epoch 4 - iter 56/73 - loss 2.91549776
2019-07-11 07:19:26,466 epoch 4 - iter 63/73 - loss 2.94696747
2019-07-11 07:19:29,380 epoch 4 - iter 70/73 - loss 2.90345229
2019-07-11 07:19:30,192 ----------------------------------------------------------------------------------------------------
2019-07-11 07:19:30,192 EPOCH 4 done: loss 2.8973 - lr 0.1000 - bad epochs 0
2019-07-11 07:26:27,263 DEV : loss 3.7223079204559326 - score 0.6222
2019-07-11 07:31:45,758 TEST : loss 3.4613428115844727 - score 0.5878
2019-07-11 07:31:45,758 ----------------------------------------------------------------------------------------------------
2019-07-11 07:31:47,102 epoch 5 - iter 0/73 - loss 2.32467818
2019-07-11 07:31:49,382 epoch 5 - iter 7/73 - loss 2.85984828
2019-07-11 07:31:51,598 epoch 5 - iter 14/73 - loss 2.36690054
2019-07-11 07:31:54,258 epoch 5 - iter 21/73 - loss 2.49718744
2019-07-11 07:31:56,610 epoch 5 - iter 28/73 - loss 2.48143310
2019-07-11 07:31:58,949 epoch 5 - iter 35/73 - loss 2.53471012
2019-07-11 07:32:01,209 epoch 5 - iter 42/73 - loss 2.47459703
2019-07-11 07:32:04,104 epoch 5 - iter 49/73 - loss 2.46140534
2019-07-11 07:32:06,469 epoch 5 - iter 56/73 - loss 2.52953676
2019-07-11 07:32:08,721 epoch 5 - iter 63/73 - loss 2.43364870
2019-07-11 07:32:11,175 epoch 5 - iter 70/73 - loss 2.47462484
2019-07-11 07:32:11,857 ----------------------------------------------------------------------------------------------------
2019-07-11 07:32:11,858 EPOCH 5 done: loss 2.4351 - lr 0.1000 - bad epochs 1
2019-07-11 07:39:18,226 DEV : loss 3.436742067337036 - score 0.6549
2019-07-11 07:44:36,678 TEST : loss 3.1923463344573975 - score 0.6181
2019-07-11 07:44:46,756 ----------------------------------------------------------------------------------------------------
2019-07-11 07:44:48,225 epoch 6 - iter 0/73 - loss 2.01943183
2019-07-11 07:44:50,722 epoch 6 - iter 7/73 - loss 2.45465876
2019-07-11 07:44:52,994 epoch 6 - iter 14/73 - loss 2.14935199
2019-07-11 07:44:55,572 epoch 6 - iter 21/73 - loss 2.13970188
2019-07-11 07:44:57,885 epoch 6 - iter 28/73 - loss 2.03599357
2019-07-11 07:45:00,248 epoch 6 - iter 35/73 - loss 2.04061987
2019-07-11 07:45:02,571 epoch 6 - iter 42/73 - loss 2.07596111
2019-07-11 07:45:04,824 epoch 6 - iter 49/73 - loss 2.02977151
2019-07-11 07:45:06,927 epoch 6 - iter 56/73 - loss 1.96452246
2019-07-11 07:45:09,816 epoch 6 - iter 63/73 - loss 1.97357508
2019-07-11 07:45:12,253 epoch 6 - iter 70/73 - loss 2.00125794
2019-07-11 07:45:13,313 ----------------------------------------------------------------------------------------------------
2019-07-11 07:45:13,313 EPOCH 6 done: loss 2.0262 - lr 0.1000 - bad epochs 0
2019-07-11 07:52:14,098 DEV : loss 3.3300907611846924 - score 0.6449
2019-07-11 07:57:34,248 TEST : loss 3.139359474182129 - score 0.6104
2019-07-11 07:57:34,248 ----------------------------------------------------------------------------------------------------
2019-07-11 07:57:35,713 epoch 7 - iter 0/73 - loss 1.32119823
2019-07-11 07:57:37,860 epoch 7 - iter 7/73 - loss 1.41930232
2019-07-11 07:57:40,497 epoch 7 - iter 14/73 - loss 1.49845969
2019-07-11 07:57:42,948 epoch 7 - iter 21/73 - loss 1.53248064
2019-07-11 07:57:45,044 epoch 7 - iter 28/73 - loss 1.48467350
2019-07-11 07:57:47,502 epoch 7 - iter 35/73 - loss 1.55857128
2019-07-11 07:57:49,943 epoch 7 - iter 42/73 - loss 1.59853947
2019-07-11 07:57:52,467 epoch 7 - iter 49/73 - loss 1.60703819
2019-07-11 07:57:54,758 epoch 7 - iter 56/73 - loss 1.65974363
2019-07-11 07:57:57,207 epoch 7 - iter 63/73 - loss 1.67764524
2019-07-11 07:57:59,786 epoch 7 - iter 70/73 - loss 1.71080740
2019-07-11 07:58:00,649 ----------------------------------------------------------------------------------------------------
2019-07-11 07:58:00,649 EPOCH 7 done: loss 1.7072 - lr 0.1000 - bad epochs 1
2019-07-11 08:05:05,252 DEV : loss 3.2196543216705322 - score 0.6625
2019-07-11 08:10:14,545 TEST : loss 3.037104606628418 - score 0.6329
2019-07-11 08:10:24,341 ----------------------------------------------------------------------------------------------------
2019-07-11 08:10:25,726 epoch 8 - iter 0/73 - loss 1.22013175
2019-07-11 08:10:28,132 epoch 8 - iter 7/73 - loss 1.62601969
2019-07-11 08:10:30,614 epoch 8 - iter 14/73 - loss 1.60298611
2019-07-11 08:10:32,955 epoch 8 - iter 21/73 - loss 1.66930107
2019-07-11 08:10:35,517 epoch 8 - iter 28/73 - loss 1.60092420
2019-07-11 08:10:37,893 epoch 8 - iter 35/73 - loss 1.60817044
2019-07-11 08:10:40,243 epoch 8 - iter 42/73 - loss 1.53261541
2019-07-11 08:10:42,702 epoch 8 - iter 49/73 - loss 1.51694695
2019-07-11 08:10:56,954 epoch 8 - iter 56/73 - loss 1.47722285
2019-07-11 08:10:59,287 epoch 8 - iter 63/73 - loss 1.47891570
2019-07-11 08:11:01,519 epoch 8 - iter 70/73 - loss 1.45336338
2019-07-11 08:11:02,669 ----------------------------------------------------------------------------------------------------
2019-07-11 08:11:02,669 EPOCH 8 done: loss 1.4442 - lr 0.1000 - bad epochs 0
2019-07-11 08:18:00,509 DEV : loss 3.6220552921295166 - score 0.6066
2019-07-11 08:23:16,716 TEST : loss 3.270148277282715 - score 0.5669
2019-07-11 08:23:16,716 ----------------------------------------------------------------------------------------------------
2019-07-11 08:23:18,105 epoch 9 - iter 0/73 - loss 1.33631802
2019-07-11 08:23:20,595 epoch 9 - iter 7/73 - loss 0.95354222
2019-07-11 08:23:22,959 epoch 9 - iter 14/73 - loss 1.02437116
2019-07-11 08:23:25,269 epoch 9 - iter 21/73 - loss 1.14489965
2019-07-11 08:23:27,836 epoch 9 - iter 28/73 - loss 1.11535986
2019-07-11 08:23:30,376 epoch 9 - iter 35/73 - loss 1.11829103
2019-07-11 08:23:32,650 epoch 9 - iter 42/73 - loss 1.11471932
2019-07-11 08:23:34,848 epoch 9 - iter 49/73 - loss 1.10982936
2019-07-11 08:23:37,378 epoch 9 - iter 56/73 - loss 1.08568254
2019-07-11 08:23:39,809 epoch 9 - iter 63/73 - loss 1.13167876
2019-07-11 08:23:42,003 epoch 9 - iter 70/73 - loss 1.13902026
2019-07-11 08:23:43,016 ----------------------------------------------------------------------------------------------------
2019-07-11 08:23:43,016 EPOCH 9 done: loss 1.2047 - lr 0.1000 - bad epochs 1
2019-07-11 08:30:51,675 DEV : loss 3.018000364303589 - score 0.682
2019-07-11 08:35:58,862 TEST : loss 2.844956398010254 - score 0.6444
2019-07-11 08:36:08,839 ----------------------------------------------------------------------------------------------------
2019-07-11 08:36:10,316 epoch 10 - iter 0/73 - loss 1.25895882
2019-07-11 08:36:13,069 epoch 10 - iter 7/73 - loss 1.13296794
2019-07-11 08:36:15,556 epoch 10 - iter 14/73 - loss 0.88812602
2019-07-11 08:36:18,118 epoch 10 - iter 21/73 - loss 0.85709399
2019-07-11 08:36:20,972 epoch 10 - iter 28/73 - loss 0.89236531
2019-07-11 08:36:23,382 epoch 10 - iter 35/73 - loss 0.99065012
2019-07-11 08:36:26,138 epoch 10 - iter 42/73 - loss 1.00075005
2019-07-11 08:36:28,592 epoch 10 - iter 49/73 - loss 1.00374157
2019-07-11 08:36:31,223 epoch 10 - iter 56/73 - loss 1.00434085
2019-07-11 08:36:33,585 epoch 10 - iter 63/73 - loss 0.98206416
2019-07-11 08:36:36,056 epoch 10 - iter 70/73 - loss 0.95899226
2019-07-11 08:36:36,838 ----------------------------------------------------------------------------------------------------
2019-07-11 08:36:36,838 EPOCH 10 done: loss 0.9590 - lr 0.1000 - bad epochs 0
2019-07-11 08:43:36,989 DEV : loss 2.9437665939331055 - score 0.7038
2019-07-11 08:49:01,079 TEST : loss 2.8268344402313232 - score 0.6626
2019-07-11 08:49:18,393 ----------------------------------------------------------------------------------------------------
2019-07-11 08:49:18,393 Testing using best model ...
2019-07-11 08:49:18,394 loading file output_models/taggers/example-ner-37/best-model.pt
2019-07-11 08:54:40,696 0.6417	0.685	0.6626
2019-07-11 08:54:40,696 
MICRO_AVG: acc 0.4955 - f1-score 0.6626
MACRO_AVG: acc 0.2683 - f1-score 0.36578888888888883
CARDINAL   tp: 662 - fp: 693 - fn: 343 - tn: 662 - precision: 0.4886 - recall: 0.6587 - accuracy: 0.3899 - f1-score: 0.5610
DATE       tp: 1255 - fp: 673 - fn: 532 - tn: 1255 - precision: 0.6509 - recall: 0.7023 - accuracy: 0.5102 - f1-score: 0.6756
EVENT      tp: 5 - fp: 64 - fn: 80 - tn: 5 - precision: 0.0725 - recall: 0.0588 - accuracy: 0.0336 - f1-score: 0.0649
FAC        tp: 4 - fp: 21 - fn: 145 - tn: 4 - precision: 0.1600 - recall: 0.0268 - accuracy: 0.0235 - f1-score: 0.0459
GPE        tp: 2188 - fp: 930 - fn: 358 - tn: 2188 - precision: 0.7017 - recall: 0.8594 - accuracy: 0.6295 - f1-score: 0.7726
LANGUAGE   tp: 0 - fp: 0 - fn: 22 - tn: 0 - precision: 0.0000 - recall: 0.0000 - accuracy: 0.0000 - f1-score: 0.0000
LAW        tp: 0 - fp: 0 - fn: 44 - tn: 0 - precision: 0.0000 - recall: 0.0000 - accuracy: 0.0000 - f1-score: 0.0000
LOC        tp: 21 - fp: 81 - fn: 194 - tn: 21 - precision: 0.2059 - recall: 0.0977 - accuracy: 0.0709 - f1-score: 0.1325
MONEY      tp: 198 - fp: 236 - fn: 157 - tn: 198 - precision: 0.4562 - recall: 0.5577 - accuracy: 0.3350 - f1-score: 0.5019
NORP       tp: 773 - fp: 296 - fn: 217 - tn: 773 - precision: 0.7231 - recall: 0.7808 - accuracy: 0.6011 - f1-score: 0.7508
ORDINAL    tp: 101 - fp: 90 - fn: 106 - tn: 101 - precision: 0.5288 - recall: 0.4879 - accuracy: 0.3401 - f1-score: 0.5075
ORG        tp: 1373 - fp: 992 - fn: 629 - tn: 1373 - precision: 0.5805 - recall: 0.6858 - accuracy: 0.4586 - f1-score: 0.6288
PERCENT    tp: 305 - fp: 157 - fn: 103 - tn: 305 - precision: 0.6602 - recall: 0.7475 - accuracy: 0.5398 - f1-score: 0.7011
PERSON     tp: 1683 - fp: 447 - fn: 451 - tn: 1683 - precision: 0.7901 - recall: 0.7887 - accuracy: 0.6521 - f1-score: 0.7894
PRODUCT    tp: 0 - fp: 8 - fn: 90 - tn: 0 - precision: 0.0000 - recall: 0.0000 - accuracy: 0.0000 - f1-score: 0.0000
QUANTITY   tp: 16 - fp: 16 - fn: 137 - tn: 16 - precision: 0.5000 - recall: 0.1046 - accuracy: 0.0947 - f1-score: 0.1730
TIME       tp: 21 - fp: 37 - fn: 204 - tn: 21 - precision: 0.3621 - recall: 0.0933 - accuracy: 0.0802 - f1-score: 0.1484
WORK_OF_ART tp: 17 - fp: 74 - fn: 152 - tn: 17 - precision: 0.1868 - recall: 0.1006 - accuracy: 0.0700 - f1-score: 0.1308
2019-07-11 08:54:40,696 ----------------------------------------------------------------------------------------------------
