2019-07-08 07:49:27,769 ----------------------------------------------------------------------------------------------------
2019-07-08 07:49:27,769 Evaluation method: MICRO_F1_SCORE
2019-07-08 07:49:27,778 ----------------------------------------------------------------------------------------------------
2019-07-08 07:49:35,352 epoch 1 - iter 0/73 - loss 92.17932892
2019-07-08 07:49:37,625 epoch 1 - iter 7/73 - loss 40.70795172
2019-07-08 07:49:39,999 epoch 1 - iter 14/73 - loss 27.58381100
2019-07-08 07:49:42,377 epoch 1 - iter 21/73 - loss 22.07632836
2019-07-08 07:49:44,936 epoch 1 - iter 28/73 - loss 19.16567155
2019-07-08 07:49:47,231 epoch 1 - iter 35/73 - loss 17.23523964
2019-07-08 07:49:49,793 epoch 1 - iter 42/73 - loss 15.90361957
2019-07-08 07:49:52,012 epoch 1 - iter 49/73 - loss 14.73733256
2019-07-08 07:49:54,103 epoch 1 - iter 56/73 - loss 13.74609368
2019-07-08 07:49:55,909 epoch 1 - iter 63/73 - loss 12.86508948
2019-07-08 07:49:57,593 epoch 1 - iter 70/73 - loss 12.13952920
2019-07-08 07:49:58,271 ----------------------------------------------------------------------------------------------------
2019-07-08 07:49:58,271 EPOCH 1 done: loss 11.9010 - lr 0.1000 - bad epochs 0
2019-07-08 07:56:44,047 DEV : loss 6.468203544616699 - score 0.3891
2019-07-08 08:02:02,346 TEST : loss 5.693873882293701 - score 0.3723
2019-07-08 08:02:10,942 ----------------------------------------------------------------------------------------------------
2019-07-08 08:02:12,213 epoch 2 - iter 0/73 - loss 6.10926199
2019-07-08 08:02:14,713 epoch 2 - iter 7/73 - loss 5.33783060
2019-07-08 08:02:17,378 epoch 2 - iter 14/73 - loss 4.75084041
2019-07-08 08:02:19,984 epoch 2 - iter 21/73 - loss 5.41828541
2019-07-08 08:02:22,357 epoch 2 - iter 28/73 - loss 5.16834051
2019-07-08 08:02:24,598 epoch 2 - iter 35/73 - loss 5.12620468
2019-07-08 08:02:27,259 epoch 2 - iter 42/73 - loss 5.10372431
2019-07-08 08:02:29,724 epoch 2 - iter 49/73 - loss 4.95556264
2019-07-08 08:02:32,212 epoch 2 - iter 56/73 - loss 4.84777203
2019-07-08 08:02:34,360 epoch 2 - iter 63/73 - loss 4.80133884
2019-07-08 08:02:36,879 epoch 2 - iter 70/73 - loss 4.78969230
2019-07-08 08:02:37,652 ----------------------------------------------------------------------------------------------------
2019-07-08 08:02:37,653 EPOCH 2 done: loss 4.7281 - lr 0.1000 - bad epochs 0
2019-07-08 08:09:37,265 DEV : loss 4.808213710784912 - score 0.5933
2019-07-08 08:14:47,055 TEST : loss 4.408132076263428 - score 0.561
2019-07-08 08:14:56,681 ----------------------------------------------------------------------------------------------------
2019-07-08 08:14:58,038 epoch 3 - iter 0/73 - loss 4.05749369
2019-07-08 08:15:00,744 epoch 3 - iter 7/73 - loss 3.73564376
2019-07-08 08:15:03,146 epoch 3 - iter 14/73 - loss 3.75436760
2019-07-08 08:15:05,471 epoch 3 - iter 21/73 - loss 3.82001418
2019-07-08 08:15:07,166 epoch 3 - iter 28/73 - loss 3.76487230
2019-07-08 08:15:08,889 epoch 3 - iter 35/73 - loss 3.76183333
2019-07-08 08:15:10,869 epoch 3 - iter 42/73 - loss 3.65829780
2019-07-08 08:15:12,723 epoch 3 - iter 49/73 - loss 3.64725313
2019-07-08 08:15:14,362 epoch 3 - iter 56/73 - loss 3.64575707
2019-07-08 08:15:16,215 epoch 3 - iter 63/73 - loss 3.60407669
2019-07-08 08:15:18,769 epoch 3 - iter 70/73 - loss 3.60661169
2019-07-08 08:15:19,763 ----------------------------------------------------------------------------------------------------
2019-07-08 08:15:19,763 EPOCH 3 done: loss 3.5742 - lr 0.1000 - bad epochs 0
2019-07-08 08:22:17,530 DEV : loss 4.175179481506348 - score 0.6306
2019-07-08 08:27:32,102 TEST : loss 3.7314810752868652 - score 0.6156
2019-07-08 08:27:41,623 ----------------------------------------------------------------------------------------------------
2019-07-08 08:27:42,959 epoch 4 - iter 0/73 - loss 2.66678047
2019-07-08 08:27:45,314 epoch 4 - iter 7/73 - loss 3.08503756
2019-07-08 08:27:47,941 epoch 4 - iter 14/73 - loss 3.12798567
2019-07-08 08:27:50,373 epoch 4 - iter 21/73 - loss 3.13479154
2019-07-08 08:27:52,794 epoch 4 - iter 28/73 - loss 3.11445508
2019-07-08 08:27:55,474 epoch 4 - iter 35/73 - loss 3.10406646
2019-07-08 08:27:58,042 epoch 4 - iter 42/73 - loss 3.09554170
2019-07-08 08:28:00,635 epoch 4 - iter 49/73 - loss 3.06051779
2019-07-08 08:28:02,984 epoch 4 - iter 56/73 - loss 2.97162463
2019-07-08 08:28:05,548 epoch 4 - iter 63/73 - loss 3.01656022
2019-07-08 08:28:08,390 epoch 4 - iter 70/73 - loss 2.95508688
2019-07-08 08:28:09,268 ----------------------------------------------------------------------------------------------------
2019-07-08 08:28:09,268 EPOCH 4 done: loss 2.9594 - lr 0.1000 - bad epochs 0
2019-07-08 08:35:02,405 DEV : loss 3.9856820106506348 - score 0.6355
2019-07-08 08:40:14,483 TEST : loss 3.590064287185669 - score 0.6124
2019-07-08 08:40:24,043 ----------------------------------------------------------------------------------------------------
2019-07-08 08:40:25,494 epoch 5 - iter 0/73 - loss 3.71031404
2019-07-08 08:40:27,772 epoch 5 - iter 7/73 - loss 2.53831111
2019-07-08 08:40:30,068 epoch 5 - iter 14/73 - loss 2.26369187
2019-07-08 08:40:32,486 epoch 5 - iter 21/73 - loss 2.38396406
2019-07-08 08:40:35,159 epoch 5 - iter 28/73 - loss 2.43481262
2019-07-08 08:40:37,397 epoch 5 - iter 35/73 - loss 2.45631881
2019-07-08 08:40:39,726 epoch 5 - iter 42/73 - loss 2.47545806
2019-07-08 08:40:41,944 epoch 5 - iter 49/73 - loss 2.47350705
2019-07-08 08:40:44,453 epoch 5 - iter 56/73 - loss 2.47748727
2019-07-08 08:40:47,310 epoch 5 - iter 63/73 - loss 2.49803705
2019-07-08 08:40:49,642 epoch 5 - iter 70/73 - loss 2.50564819
2019-07-08 08:40:50,362 ----------------------------------------------------------------------------------------------------
2019-07-08 08:40:50,363 EPOCH 5 done: loss 2.5586 - lr 0.1000 - bad epochs 0
2019-07-08 08:47:48,234 DEV : loss 3.649517774581909 - score 0.6653
2019-07-08 08:53:04,032 TEST : loss 3.3564445972442627 - score 0.6359
2019-07-08 08:53:13,610 ----------------------------------------------------------------------------------------------------
2019-07-08 08:53:14,798 epoch 6 - iter 0/73 - loss 1.82952332
2019-07-08 08:53:17,238 epoch 6 - iter 7/73 - loss 1.64925751
2019-07-08 08:53:19,483 epoch 6 - iter 14/73 - loss 1.81808328
2019-07-08 08:53:22,114 epoch 6 - iter 21/73 - loss 1.81993322
2019-07-08 08:53:24,412 epoch 6 - iter 28/73 - loss 1.92647042
2019-07-08 08:53:26,854 epoch 6 - iter 35/73 - loss 2.06508166
2019-07-08 08:53:29,179 epoch 6 - iter 42/73 - loss 2.05108838
2019-07-08 08:53:31,925 epoch 6 - iter 49/73 - loss 2.09016354
2019-07-08 08:53:34,516 epoch 6 - iter 56/73 - loss 2.11612394
2019-07-08 08:53:36,897 epoch 6 - iter 63/73 - loss 2.13033395
2019-07-08 08:53:39,502 epoch 6 - iter 70/73 - loss 2.19922117
2019-07-08 08:53:40,362 ----------------------------------------------------------------------------------------------------
2019-07-08 08:53:40,362 EPOCH 6 done: loss 2.1860 - lr 0.1000 - bad epochs 0
2019-07-08 09:00:31,237 DEV : loss 3.4962081909179688 - score 0.6667
2019-07-08 09:05:46,786 TEST : loss 3.2763962745666504 - score 0.6435
2019-07-08 09:05:56,403 ----------------------------------------------------------------------------------------------------
2019-07-08 09:05:57,661 epoch 7 - iter 0/73 - loss 1.22619748
2019-07-08 09:06:00,289 epoch 7 - iter 7/73 - loss 1.94069247
2019-07-08 09:06:02,920 epoch 7 - iter 14/73 - loss 1.85075649
2019-07-08 09:06:05,195 epoch 7 - iter 21/73 - loss 1.88936602
2019-07-08 09:06:07,385 epoch 7 - iter 28/73 - loss 1.92335756
2019-07-08 09:06:09,759 epoch 7 - iter 35/73 - loss 1.86622173
2019-07-08 09:06:12,276 epoch 7 - iter 42/73 - loss 1.85296934
2019-07-08 09:06:14,822 epoch 7 - iter 49/73 - loss 1.90125973
2019-07-08 09:06:17,378 epoch 7 - iter 56/73 - loss 1.88381489
2019-07-08 09:06:19,795 epoch 7 - iter 63/73 - loss 1.83810201
2019-07-08 09:06:22,235 epoch 7 - iter 70/73 - loss 1.83314244
2019-07-08 09:06:23,146 ----------------------------------------------------------------------------------------------------
2019-07-08 09:06:23,146 EPOCH 7 done: loss 1.8500 - lr 0.1000 - bad epochs 0
2019-07-08 09:13:24,606 DEV : loss 3.5857908725738525 - score 0.6481
2019-07-08 09:18:31,198 TEST : loss 3.336199998855591 - score 0.6226
2019-07-08 09:18:31,198 ----------------------------------------------------------------------------------------------------
2019-07-08 09:18:32,750 epoch 8 - iter 0/73 - loss 2.37480021
2019-07-08 09:18:35,130 epoch 8 - iter 7/73 - loss 1.60580605
2019-07-08 09:18:37,335 epoch 8 - iter 14/73 - loss 1.53081713
2019-07-08 09:18:39,679 epoch 8 - iter 21/73 - loss 1.58325789
2019-07-08 09:18:42,203 epoch 8 - iter 28/73 - loss 1.59777154
2019-07-08 09:18:44,872 epoch 8 - iter 35/73 - loss 1.57098467
2019-07-08 09:18:47,413 epoch 8 - iter 42/73 - loss 1.61066275
2019-07-08 09:19:01,754 epoch 8 - iter 49/73 - loss 1.61324679
2019-07-08 09:19:04,070 epoch 8 - iter 56/73 - loss 1.61122862
2019-07-08 09:19:06,463 epoch 8 - iter 63/73 - loss 1.64527814
2019-07-08 09:19:09,126 epoch 8 - iter 70/73 - loss 1.61085036
2019-07-08 09:19:10,293 ----------------------------------------------------------------------------------------------------
2019-07-08 09:19:10,293 EPOCH 8 done: loss 1.6096 - lr 0.1000 - bad epochs 1
2019-07-08 09:26:01,337 DEV : loss 3.3657102584838867 - score 0.6854
2019-07-08 09:31:15,018 TEST : loss 3.2212412357330322 - score 0.6605
2019-07-08 09:31:24,616 ----------------------------------------------------------------------------------------------------
2019-07-08 09:31:26,068 epoch 9 - iter 0/73 - loss 0.92779708
2019-07-08 09:31:28,492 epoch 9 - iter 7/73 - loss 1.26162167
2019-07-08 09:31:30,885 epoch 9 - iter 14/73 - loss 1.32946666
2019-07-08 09:31:33,182 epoch 9 - iter 21/73 - loss 1.30349321
2019-07-08 09:31:35,766 epoch 9 - iter 28/73 - loss 1.32088158
2019-07-08 09:31:38,234 epoch 9 - iter 35/73 - loss 1.31054430
2019-07-08 09:31:40,608 epoch 9 - iter 42/73 - loss 1.38464772
2019-07-08 09:31:42,973 epoch 9 - iter 49/73 - loss 1.41186747
2019-07-08 09:31:45,296 epoch 9 - iter 56/73 - loss 1.38090845
2019-07-08 09:31:47,677 epoch 9 - iter 63/73 - loss 1.37499608
2019-07-08 09:31:50,072 epoch 9 - iter 70/73 - loss 1.37226744
2019-07-08 09:31:50,889 ----------------------------------------------------------------------------------------------------
2019-07-08 09:31:50,889 EPOCH 9 done: loss 1.3758 - lr 0.1000 - bad epochs 0
2019-07-08 09:38:48,149 DEV : loss 3.2591686248779297 - score 0.6977
2019-07-08 09:44:01,455 TEST : loss 3.169750213623047 - score 0.6763
2019-07-08 09:44:11,048 ----------------------------------------------------------------------------------------------------
2019-07-08 09:44:12,297 epoch 10 - iter 0/73 - loss 1.06567812
2019-07-08 09:44:14,917 epoch 10 - iter 7/73 - loss 1.07001749
2019-07-08 09:44:17,289 epoch 10 - iter 14/73 - loss 1.08717024
2019-07-08 09:44:19,911 epoch 10 - iter 21/73 - loss 1.11915309
2019-07-08 09:44:22,531 epoch 10 - iter 28/73 - loss 1.13033909
2019-07-08 09:44:24,958 epoch 10 - iter 35/73 - loss 1.14920134
2019-07-08 09:44:27,491 epoch 10 - iter 42/73 - loss 1.21048370
2019-07-08 09:44:30,311 epoch 10 - iter 49/73 - loss 1.26994753
2019-07-08 09:44:32,783 epoch 10 - iter 56/73 - loss 1.26170994
2019-07-08 09:44:35,205 epoch 10 - iter 63/73 - loss 1.25084122
2019-07-08 09:44:37,341 epoch 10 - iter 70/73 - loss 1.26289869
2019-07-08 09:44:37,991 ----------------------------------------------------------------------------------------------------
2019-07-08 09:44:37,991 EPOCH 10 done: loss 1.2542 - lr 0.1000 - bad epochs 0
2019-07-08 09:51:36,317 DEV : loss 3.276827812194824 - score 0.7092
2019-07-08 09:56:56,044 TEST : loss 3.1485705375671387 - score 0.6889
2019-07-08 09:57:14,764 ----------------------------------------------------------------------------------------------------
2019-07-08 09:57:14,765 Testing using best model ...
2019-07-08 09:57:14,765 loading file output_models/taggers/example-ner-19/best-model.pt
2019-07-08 10:02:33,325 0.6855	0.6923	0.6889
2019-07-08 10:02:33,325 
MICRO_AVG: acc 0.5254 - f1-score 0.6889
MACRO_AVG: acc 0.3083 - f1-score 0.41220555555555555
CARDINAL   tp: 631 - fp: 386 - fn: 374 - tn: 631 - precision: 0.6205 - recall: 0.6279 - accuracy: 0.4536 - f1-score: 0.6242
DATE       tp: 1312 - fp: 697 - fn: 475 - tn: 1312 - precision: 0.6531 - recall: 0.7342 - accuracy: 0.5282 - f1-score: 0.6913
EVENT      tp: 3 - fp: 9 - fn: 82 - tn: 3 - precision: 0.2500 - recall: 0.0353 - accuracy: 0.0319 - f1-score: 0.0619
FAC        tp: 27 - fp: 34 - fn: 122 - tn: 27 - precision: 0.4426 - recall: 0.1812 - accuracy: 0.1475 - f1-score: 0.2571
GPE        tp: 2063 - fp: 712 - fn: 483 - tn: 2063 - precision: 0.7434 - recall: 0.8103 - accuracy: 0.6332 - f1-score: 0.7754
LANGUAGE   tp: 0 - fp: 0 - fn: 22 - tn: 0 - precision: 0.0000 - recall: 0.0000 - accuracy: 0.0000 - f1-score: 0.0000
LAW        tp: 0 - fp: 0 - fn: 44 - tn: 0 - precision: 0.0000 - recall: 0.0000 - accuracy: 0.0000 - f1-score: 0.0000
LOC        tp: 39 - fp: 53 - fn: 176 - tn: 39 - precision: 0.4239 - recall: 0.1814 - accuracy: 0.1455 - f1-score: 0.2541
MONEY      tp: 250 - fp: 116 - fn: 105 - tn: 250 - precision: 0.6831 - recall: 0.7042 - accuracy: 0.5308 - f1-score: 0.6935
NORP       tp: 800 - fp: 302 - fn: 190 - tn: 800 - precision: 0.7260 - recall: 0.8081 - accuracy: 0.6192 - f1-score: 0.7649
ORDINAL    tp: 146 - fp: 135 - fn: 61 - tn: 146 - precision: 0.5196 - recall: 0.7053 - accuracy: 0.4269 - f1-score: 0.5984
ORG        tp: 1385 - fp: 806 - fn: 617 - tn: 1385 - precision: 0.6321 - recall: 0.6918 - accuracy: 0.4932 - f1-score: 0.6606
PERCENT    tp: 337 - fp: 120 - fn: 71 - tn: 337 - precision: 0.7374 - recall: 0.8260 - accuracy: 0.6383 - f1-score: 0.7792
PERSON     tp: 1664 - fp: 469 - fn: 470 - tn: 1664 - precision: 0.7801 - recall: 0.7798 - accuracy: 0.6393 - f1-score: 0.7799
PRODUCT    tp: 2 - fp: 37 - fn: 88 - tn: 2 - precision: 0.0513 - recall: 0.0222 - accuracy: 0.0157 - f1-score: 0.0310
QUANTITY   tp: 27 - fp: 51 - fn: 126 - tn: 27 - precision: 0.3462 - recall: 0.1765 - accuracy: 0.1324 - f1-score: 0.2338
TIME       tp: 18 - fp: 27 - fn: 207 - tn: 18 - precision: 0.4000 - recall: 0.0800 - accuracy: 0.0714 - f1-score: 0.1333
WORK_OF_ART tp: 9 - fp: 44 - fn: 160 - tn: 9 - precision: 0.1698 - recall: 0.0533 - accuracy: 0.0423 - f1-score: 0.0811
2019-07-08 10:02:33,325 ----------------------------------------------------------------------------------------------------
