2019-07-10 17:20:33,717 ----------------------------------------------------------------------------------------------------
2019-07-10 17:20:33,717 Evaluation method: MICRO_F1_SCORE
2019-07-10 17:20:33,729 ----------------------------------------------------------------------------------------------------
2019-07-10 17:20:42,270 epoch 1 - iter 0/73 - loss 83.46142578
2019-07-10 17:20:45,374 epoch 1 - iter 7/73 - loss 37.94550574
2019-07-10 17:20:48,546 epoch 1 - iter 14/73 - loss 28.57531274
2019-07-10 17:20:52,067 epoch 1 - iter 21/73 - loss 25.05277694
2019-07-10 17:20:55,197 epoch 1 - iter 28/73 - loss 21.73988643
2019-07-10 17:20:59,118 epoch 1 - iter 35/73 - loss 20.59995062
2019-07-10 17:21:01,937 epoch 1 - iter 42/73 - loss 19.79846751
2019-07-10 17:21:04,374 epoch 1 - iter 49/73 - loss 18.32979540
2019-07-10 17:21:06,681 epoch 1 - iter 56/73 - loss 17.73373645
2019-07-10 17:21:10,745 epoch 1 - iter 63/73 - loss 17.20917951
2019-07-10 17:21:16,677 epoch 1 - iter 70/73 - loss 16.53418057
2019-07-10 17:21:18,299 ----------------------------------------------------------------------------------------------------
2019-07-10 17:21:18,299 EPOCH 1 done: loss 16.3239 - lr 0.1000 - bad epochs 0
2019-07-10 17:31:25,146 DEV : loss 9.822282791137695 - score 0.3248
2019-07-10 17:39:53,056 TEST : loss 8.561826705932617 - score 0.2932
2019-07-10 17:40:01,252 ----------------------------------------------------------------------------------------------------
2019-07-10 17:40:02,802 epoch 2 - iter 0/73 - loss 8.51110268
2019-07-10 17:40:06,218 epoch 2 - iter 7/73 - loss 7.42594427
2019-07-10 17:40:09,455 epoch 2 - iter 14/73 - loss 8.88985713
2019-07-10 17:40:13,580 epoch 2 - iter 21/73 - loss 8.42816843
2019-07-10 17:40:18,060 epoch 2 - iter 28/73 - loss 8.40157959
2019-07-10 17:40:22,863 epoch 2 - iter 35/73 - loss 8.20178770
2019-07-10 17:40:26,941 epoch 2 - iter 42/73 - loss 7.83765884
2019-07-10 17:40:31,764 epoch 2 - iter 49/73 - loss 7.84670989
2019-07-10 17:40:35,952 epoch 2 - iter 56/73 - loss 7.98697027
2019-07-10 17:40:40,191 epoch 2 - iter 63/73 - loss 8.08041553
2019-07-10 17:40:44,594 epoch 2 - iter 70/73 - loss 7.92510899
2019-07-10 17:40:45,921 ----------------------------------------------------------------------------------------------------
2019-07-10 17:40:45,921 EPOCH 2 done: loss 7.8317 - lr 0.1000 - bad epochs 0
2019-07-10 17:51:31,349 DEV : loss 6.832263469696045 - score 0.6044
2019-07-10 17:59:48,963 TEST : loss 6.135468482971191 - score 0.5637
2019-07-10 17:59:58,544 ----------------------------------------------------------------------------------------------------
2019-07-10 17:59:59,960 epoch 3 - iter 0/73 - loss 7.95903158
2019-07-10 18:00:03,718 epoch 3 - iter 7/73 - loss 6.48773059
2019-07-10 18:00:08,150 epoch 3 - iter 14/73 - loss 5.85423210
2019-07-10 18:00:12,122 epoch 3 - iter 21/73 - loss 5.75301809
2019-07-10 18:00:16,026 epoch 3 - iter 28/73 - loss 5.72918881
2019-07-10 18:00:19,927 epoch 3 - iter 35/73 - loss 5.62882064
2019-07-10 18:00:24,645 epoch 3 - iter 42/73 - loss 5.48021213
2019-07-10 18:00:28,692 epoch 3 - iter 49/73 - loss 5.44906655
2019-07-10 18:00:32,700 epoch 3 - iter 56/73 - loss 5.48114343
2019-07-10 18:00:37,513 epoch 3 - iter 63/73 - loss 5.65769974
2019-07-10 18:00:41,721 epoch 3 - iter 70/73 - loss 5.64873877
2019-07-10 18:00:42,944 ----------------------------------------------------------------------------------------------------
2019-07-10 18:00:42,945 EPOCH 3 done: loss 5.6156 - lr 0.1000 - bad epochs 0
2019-07-10 18:10:27,238 DEV : loss 5.825870990753174 - score 0.636
2019-07-10 18:18:39,763 TEST : loss 5.275701522827148 - score 0.607
2019-07-10 18:18:49,348 ----------------------------------------------------------------------------------------------------
2019-07-10 18:18:51,158 epoch 4 - iter 0/73 - loss 3.88341880
2019-07-10 18:18:55,642 epoch 4 - iter 7/73 - loss 4.45886165
2019-07-10 18:19:00,200 epoch 4 - iter 14/73 - loss 4.49756014
2019-07-10 18:19:04,863 epoch 4 - iter 21/73 - loss 4.73074658
2019-07-10 18:19:09,743 epoch 4 - iter 28/73 - loss 4.63431270
2019-07-10 18:19:14,558 epoch 4 - iter 35/73 - loss 4.55339371
2019-07-10 18:19:19,203 epoch 4 - iter 42/73 - loss 4.40305868
2019-07-10 18:19:23,605 epoch 4 - iter 49/73 - loss 4.45908876
2019-07-10 18:19:28,681 epoch 4 - iter 56/73 - loss 4.45865900
2019-07-10 18:19:33,164 epoch 4 - iter 63/73 - loss 4.58223277
2019-07-10 18:19:37,651 epoch 4 - iter 70/73 - loss 4.51881062
2019-07-10 18:19:38,968 ----------------------------------------------------------------------------------------------------
2019-07-10 18:19:38,969 EPOCH 4 done: loss 4.4448 - lr 0.1000 - bad epochs 0
2019-07-10 18:29:57,767 DEV : loss 5.541865825653076 - score 0.6531
2019-07-10 18:37:34,623 TEST : loss 5.079914093017578 - score 0.6152
2019-07-10 18:37:44,421 ----------------------------------------------------------------------------------------------------
2019-07-10 18:37:46,194 epoch 5 - iter 0/73 - loss 6.06842709
2019-07-10 18:37:51,005 epoch 5 - iter 7/73 - loss 4.21544626
2019-07-10 18:37:55,332 epoch 5 - iter 14/73 - loss 3.91778584
2019-07-10 18:38:00,051 epoch 5 - iter 21/73 - loss 3.92786441
2019-07-10 18:38:03,793 epoch 5 - iter 28/73 - loss 4.09867910
2019-07-10 18:38:06,987 epoch 5 - iter 35/73 - loss 3.91266764
2019-07-10 18:38:11,723 epoch 5 - iter 42/73 - loss 3.83328665
2019-07-10 18:38:16,180 epoch 5 - iter 49/73 - loss 3.73914368
2019-07-10 18:38:20,787 epoch 5 - iter 56/73 - loss 3.70745195
2019-07-10 18:38:25,069 epoch 5 - iter 63/73 - loss 3.66069912
2019-07-10 18:38:29,761 epoch 5 - iter 70/73 - loss 3.67647541
2019-07-10 18:38:30,900 ----------------------------------------------------------------------------------------------------
2019-07-10 18:38:30,900 EPOCH 5 done: loss 3.6462 - lr 0.1000 - bad epochs 0
2019-07-10 18:48:26,470 DEV : loss 5.933985710144043 - score 0.6108
2019-07-10 18:56:28,170 TEST : loss 5.438167095184326 - score 0.567
2019-07-10 18:56:28,171 ----------------------------------------------------------------------------------------------------
2019-07-10 18:56:29,921 epoch 6 - iter 0/73 - loss 6.46638727
2019-07-10 18:56:34,133 epoch 6 - iter 7/73 - loss 3.18590041
2019-07-10 18:56:38,569 epoch 6 - iter 14/73 - loss 2.98546867
2019-07-10 18:56:42,656 epoch 6 - iter 21/73 - loss 3.06874468
2019-07-10 18:56:47,354 epoch 6 - iter 28/73 - loss 3.22270518
2019-07-10 18:56:51,428 epoch 6 - iter 35/73 - loss 3.15482053
2019-07-10 18:56:56,539 epoch 6 - iter 42/73 - loss 3.08276569
2019-07-10 18:57:00,621 epoch 6 - iter 49/73 - loss 3.00951525
2019-07-10 18:57:05,281 epoch 6 - iter 56/73 - loss 2.96621984
2019-07-10 18:57:10,124 epoch 6 - iter 63/73 - loss 2.98093878
2019-07-10 18:57:15,017 epoch 6 - iter 70/73 - loss 2.96245364
2019-07-10 18:57:16,194 ----------------------------------------------------------------------------------------------------
2019-07-10 18:57:16,194 EPOCH 6 done: loss 2.9186 - lr 0.1000 - bad epochs 1
2019-07-10 19:06:51,370 DEV : loss 4.8544416427612305 - score 0.6955
2019-07-10 19:14:30,389 TEST : loss 4.503228187561035 - score 0.6627
2019-07-10 19:14:39,929 ----------------------------------------------------------------------------------------------------
2019-07-10 19:14:41,588 epoch 7 - iter 0/73 - loss 1.67333782
2019-07-10 19:14:46,310 epoch 7 - iter 7/73 - loss 1.87336719
2019-07-10 19:14:49,545 epoch 7 - iter 14/73 - loss 2.33605309
2019-07-10 19:14:53,186 epoch 7 - iter 21/73 - loss 2.42256567
2019-07-10 19:14:56,556 epoch 7 - iter 28/73 - loss 2.29581392
2019-07-10 19:15:00,675 epoch 7 - iter 35/73 - loss 2.20173464
2019-07-10 19:15:04,984 epoch 7 - iter 42/73 - loss 2.18427678
2019-07-10 19:15:09,281 epoch 7 - iter 49/73 - loss 2.23895434
2019-07-10 19:15:13,849 epoch 7 - iter 56/73 - loss 2.32373438
2019-07-10 19:15:18,018 epoch 7 - iter 63/73 - loss 2.31622709
2019-07-10 19:15:22,455 epoch 7 - iter 70/73 - loss 2.33504457
2019-07-10 19:15:23,740 ----------------------------------------------------------------------------------------------------
2019-07-10 19:15:23,740 EPOCH 7 done: loss 2.3895 - lr 0.1000 - bad epochs 0
2019-07-10 19:25:05,699 DEV : loss 5.020034313201904 - score 0.6815
2019-07-10 19:33:03,611 TEST : loss 4.679394721984863 - score 0.6514
2019-07-10 19:33:03,612 ----------------------------------------------------------------------------------------------------
2019-07-10 19:33:05,203 epoch 8 - iter 0/73 - loss 3.86971092
2019-07-10 19:33:09,496 epoch 8 - iter 7/73 - loss 1.90619676
2019-07-10 19:33:12,937 epoch 8 - iter 14/73 - loss 1.80877915
2019-07-10 19:33:16,808 epoch 8 - iter 21/73 - loss 1.92608372
2019-07-10 19:33:21,170 epoch 8 - iter 28/73 - loss 1.97986931
2019-07-10 19:33:36,331 epoch 8 - iter 35/73 - loss 1.93594767
2019-07-10 19:33:40,407 epoch 8 - iter 42/73 - loss 1.89143253
2019-07-10 19:33:44,477 epoch 8 - iter 49/73 - loss 1.86999263
2019-07-10 19:33:48,573 epoch 8 - iter 56/73 - loss 1.87988009
2019-07-10 19:33:52,851 epoch 8 - iter 63/73 - loss 1.94310477
2019-07-10 19:33:56,918 epoch 8 - iter 70/73 - loss 1.96523183
2019-07-10 19:33:58,354 ----------------------------------------------------------------------------------------------------
2019-07-10 19:33:58,355 EPOCH 8 done: loss 1.9589 - lr 0.1000 - bad epochs 1
2019-07-10 19:43:37,880 DEV : loss 4.766914367675781 - score 0.6937
2019-07-10 19:51:40,724 TEST : loss 4.468484401702881 - score 0.6595
2019-07-10 19:51:40,725 ----------------------------------------------------------------------------------------------------
2019-07-10 19:51:42,318 epoch 9 - iter 0/73 - loss 1.01169348
2019-07-10 19:51:46,722 epoch 9 - iter 7/73 - loss 1.22664726
2019-07-10 19:51:50,576 epoch 9 - iter 14/73 - loss 1.29483305
2019-07-10 19:51:54,500 epoch 9 - iter 21/73 - loss 1.33856064
2019-07-10 19:51:59,139 epoch 9 - iter 28/73 - loss 1.40547379
2019-07-10 19:52:03,320 epoch 9 - iter 35/73 - loss 1.46454734
2019-07-10 19:52:07,639 epoch 9 - iter 42/73 - loss 1.49496693
2019-07-10 19:52:11,803 epoch 9 - iter 49/73 - loss 1.54690439
2019-07-10 19:52:16,159 epoch 9 - iter 56/73 - loss 1.52988762
2019-07-10 19:52:20,385 epoch 9 - iter 63/73 - loss 1.53940248
2019-07-10 19:52:25,018 epoch 9 - iter 70/73 - loss 1.55490125
2019-07-10 19:52:26,007 ----------------------------------------------------------------------------------------------------
2019-07-10 19:52:26,007 EPOCH 9 done: loss 1.5749 - lr 0.1000 - bad epochs 2
2019-07-10 20:02:58,520 DEV : loss 5.503316402435303 - score 0.6692
2019-07-10 20:10:42,335 TEST : loss 5.021090984344482 - score 0.6309
2019-07-10 20:10:42,336 ----------------------------------------------------------------------------------------------------
2019-07-10 20:10:43,854 epoch 10 - iter 0/73 - loss 1.73934150
2019-07-10 20:10:48,358 epoch 10 - iter 7/73 - loss 1.43670650
2019-07-10 20:10:52,384 epoch 10 - iter 14/73 - loss 1.40350179
2019-07-10 20:10:56,838 epoch 10 - iter 21/73 - loss 1.39643513
2019-07-10 20:11:01,395 epoch 10 - iter 28/73 - loss 1.42103304
2019-07-10 20:11:05,943 epoch 10 - iter 35/73 - loss 1.39489996
2019-07-10 20:11:10,323 epoch 10 - iter 42/73 - loss 1.34746650
2019-07-10 20:11:14,768 epoch 10 - iter 49/73 - loss 1.33448655
2019-07-10 20:11:19,036 epoch 10 - iter 56/73 - loss 1.29479605
2019-07-10 20:11:23,501 epoch 10 - iter 63/73 - loss 1.26191060
2019-07-10 20:11:27,886 epoch 10 - iter 70/73 - loss 1.25995391
2019-07-10 20:11:28,898 ----------------------------------------------------------------------------------------------------
2019-07-10 20:11:28,898 EPOCH 10 done: loss 1.2742 - lr 0.1000 - bad epochs 3
2019-07-10 20:21:48,215 DEV : loss 4.864177703857422 - score 0.7026
2019-07-10 20:29:05,065 TEST : loss 4.540493965148926 - score 0.6669
2019-07-10 20:29:22,599 ----------------------------------------------------------------------------------------------------
2019-07-10 20:29:22,599 Testing using best model ...
2019-07-10 20:29:22,599 loading file output_models/taggers/example-ner-34/best-model.pt
2019-07-10 20:34:56,224 0.6598	0.6741	0.6669
2019-07-10 20:34:56,225 
MICRO_AVG: acc 0.5002 - f1-score 0.6669
MACRO_AVG: acc 0.339 - f1-score 0.4689277777777778
CARDINAL   tp: 710 - fp: 575 - fn: 295 - tn: 710 - precision: 0.5525 - recall: 0.7065 - accuracy: 0.4494 - f1-score: 0.6201
DATE       tp: 1224 - fp: 541 - fn: 563 - tn: 1224 - precision: 0.6935 - recall: 0.6849 - accuracy: 0.5258 - f1-score: 0.6892
EVENT      tp: 21 - fp: 77 - fn: 64 - tn: 21 - precision: 0.2143 - recall: 0.2471 - accuracy: 0.1296 - f1-score: 0.2295
FAC        tp: 32 - fp: 45 - fn: 117 - tn: 32 - precision: 0.4156 - recall: 0.2148 - accuracy: 0.1649 - f1-score: 0.2832
GPE        tp: 2012 - fp: 601 - fn: 534 - tn: 2012 - precision: 0.7700 - recall: 0.7903 - accuracy: 0.6393 - f1-score: 0.7800
LANGUAGE   tp: 5 - fp: 4 - fn: 17 - tn: 5 - precision: 0.5556 - recall: 0.2273 - accuracy: 0.1923 - f1-score: 0.3226
LAW        tp: 1 - fp: 7 - fn: 43 - tn: 1 - precision: 0.1250 - recall: 0.0227 - accuracy: 0.0196 - f1-score: 0.0384
LOC        tp: 65 - fp: 85 - fn: 150 - tn: 65 - precision: 0.4333 - recall: 0.3023 - accuracy: 0.2167 - f1-score: 0.3561
MONEY      tp: 256 - fp: 88 - fn: 99 - tn: 256 - precision: 0.7442 - recall: 0.7211 - accuracy: 0.5779 - f1-score: 0.7325
NORP       tp: 729 - fp: 177 - fn: 261 - tn: 729 - precision: 0.8046 - recall: 0.7364 - accuracy: 0.6247 - f1-score: 0.7690
ORDINAL    tp: 135 - fp: 142 - fn: 72 - tn: 135 - precision: 0.4874 - recall: 0.6522 - accuracy: 0.3868 - f1-score: 0.5579
ORG        tp: 1139 - fp: 558 - fn: 863 - tn: 1139 - precision: 0.6712 - recall: 0.5689 - accuracy: 0.4449 - f1-score: 0.6158
PERCENT    tp: 282 - fp: 109 - fn: 126 - tn: 282 - precision: 0.7212 - recall: 0.6912 - accuracy: 0.5455 - f1-score: 0.7059
PERSON     tp: 1676 - fp: 621 - fn: 458 - tn: 1676 - precision: 0.7296 - recall: 0.7854 - accuracy: 0.6083 - f1-score: 0.7565
PRODUCT    tp: 15 - fp: 102 - fn: 75 - tn: 15 - precision: 0.1282 - recall: 0.1667 - accuracy: 0.0781 - f1-score: 0.1449
QUANTITY   tp: 64 - fp: 117 - fn: 89 - tn: 64 - precision: 0.3536 - recall: 0.4183 - accuracy: 0.2370 - f1-score: 0.3832
TIME       tp: 78 - fp: 212 - fn: 147 - tn: 78 - precision: 0.2690 - recall: 0.3467 - accuracy: 0.1785 - f1-score: 0.3029
WORK_OF_ART tp: 40 - fp: 314 - fn: 129 - tn: 40 - precision: 0.1130 - recall: 0.2367 - accuracy: 0.0828 - f1-score: 0.1530
2019-07-10 20:34:56,225 ----------------------------------------------------------------------------------------------------
