2019-07-10 11:37:54,332 ----------------------------------------------------------------------------------------------------
2019-07-10 11:37:54,332 Evaluation method: MICRO_F1_SCORE
2019-07-10 11:37:54,341 ----------------------------------------------------------------------------------------------------
2019-07-10 11:38:02,149 epoch 1 - iter 0/73 - loss 92.01683044
2019-07-10 11:38:04,398 epoch 1 - iter 7/73 - loss 33.23183358
2019-07-10 11:38:06,666 epoch 1 - iter 14/73 - loss 23.00695470
2019-07-10 11:38:09,351 epoch 1 - iter 21/73 - loss 18.21287235
2019-07-10 11:38:11,840 epoch 1 - iter 28/73 - loss 16.23708347
2019-07-10 11:38:14,159 epoch 1 - iter 35/73 - loss 14.77282149
2019-07-10 11:38:16,817 epoch 1 - iter 42/73 - loss 13.63901341
2019-07-10 11:38:18,981 epoch 1 - iter 49/73 - loss 12.77403585
2019-07-10 11:38:21,536 epoch 1 - iter 56/73 - loss 11.91481359
2019-07-10 11:38:23,961 epoch 1 - iter 63/73 - loss 11.18340125
2019-07-10 11:38:26,228 epoch 1 - iter 70/73 - loss 10.54930674
2019-07-10 11:38:27,105 ----------------------------------------------------------------------------------------------------
2019-07-10 11:38:27,105 EPOCH 1 done: loss 10.3812 - lr 0.1000 - bad epochs 0
2019-07-10 11:44:48,051 DEV : loss 5.962763786315918 - score 0.3853
2019-07-10 11:50:47,324 TEST : loss 5.189112663269043 - score 0.3852
2019-07-10 11:50:55,818 ----------------------------------------------------------------------------------------------------
2019-07-10 11:50:57,298 epoch 2 - iter 0/73 - loss 2.72197652
2019-07-10 11:50:59,613 epoch 2 - iter 7/73 - loss 4.96098959
2019-07-10 11:51:02,102 epoch 2 - iter 14/73 - loss 5.04977144
2019-07-10 11:51:04,327 epoch 2 - iter 21/73 - loss 4.83200279
2019-07-10 11:51:07,009 epoch 2 - iter 28/73 - loss 4.75019476
2019-07-10 11:51:09,351 epoch 2 - iter 35/73 - loss 4.67068044
2019-07-10 11:51:12,000 epoch 2 - iter 42/73 - loss 4.61402498
2019-07-10 11:51:14,364 epoch 2 - iter 49/73 - loss 4.39797076
2019-07-10 11:51:17,071 epoch 2 - iter 56/73 - loss 4.36748636
2019-07-10 11:51:19,596 epoch 2 - iter 63/73 - loss 4.26147481
2019-07-10 11:51:22,219 epoch 2 - iter 70/73 - loss 4.13597419
2019-07-10 11:51:23,084 ----------------------------------------------------------------------------------------------------
2019-07-10 11:51:23,085 EPOCH 2 done: loss 4.1438 - lr 0.1000 - bad epochs 0
2019-07-10 12:00:24,804 DEV : loss 4.142876148223877 - score 0.5872
2019-07-10 12:08:02,574 TEST : loss 3.7312190532684326 - score 0.5509
2019-07-10 12:08:12,238 ----------------------------------------------------------------------------------------------------
2019-07-10 12:08:13,924 epoch 3 - iter 0/73 - loss 2.16307592
2019-07-10 12:08:18,144 epoch 3 - iter 7/73 - loss 2.39457414
2019-07-10 12:08:22,451 epoch 3 - iter 14/73 - loss 3.03855426
2019-07-10 12:08:26,959 epoch 3 - iter 21/73 - loss 3.11754576
2019-07-10 12:08:30,724 epoch 3 - iter 28/73 - loss 3.20692059
2019-07-10 12:08:34,614 epoch 3 - iter 35/73 - loss 3.21757564
2019-07-10 12:08:38,426 epoch 3 - iter 42/73 - loss 3.06601024
2019-07-10 12:08:42,486 epoch 3 - iter 49/73 - loss 3.18288518
2019-07-10 12:08:46,701 epoch 3 - iter 56/73 - loss 3.13127870
2019-07-10 12:08:51,417 epoch 3 - iter 63/73 - loss 3.05472948
2019-07-10 12:08:56,625 epoch 3 - iter 70/73 - loss 3.03386809
2019-07-10 12:08:57,975 ----------------------------------------------------------------------------------------------------
2019-07-10 12:08:57,976 EPOCH 3 done: loss 3.0654 - lr 0.1000 - bad epochs 0
2019-07-10 12:19:42,794 DEV : loss 4.483820915222168 - score 0.5001
2019-07-10 12:27:38,365 TEST : loss 3.956331253051758 - score 0.4809
2019-07-10 12:27:38,366 ----------------------------------------------------------------------------------------------------
2019-07-10 12:27:39,943 epoch 4 - iter 0/73 - loss 2.99883366
2019-07-10 12:27:44,421 epoch 4 - iter 7/73 - loss 2.69540963
2019-07-10 12:27:48,954 epoch 4 - iter 14/73 - loss 2.56271929
2019-07-10 12:27:53,583 epoch 4 - iter 21/73 - loss 2.42618508
2019-07-10 12:27:58,486 epoch 4 - iter 28/73 - loss 2.53347387
2019-07-10 12:28:03,449 epoch 4 - iter 35/73 - loss 2.56709057
2019-07-10 12:28:07,143 epoch 4 - iter 42/73 - loss 2.47059294
2019-07-10 12:28:10,670 epoch 4 - iter 49/73 - loss 2.45190575
2019-07-10 12:28:14,530 epoch 4 - iter 56/73 - loss 2.45012339
2019-07-10 12:28:18,706 epoch 4 - iter 63/73 - loss 2.39464010
2019-07-10 12:28:23,032 epoch 4 - iter 70/73 - loss 2.40258479
2019-07-10 12:28:24,098 ----------------------------------------------------------------------------------------------------
2019-07-10 12:28:24,098 EPOCH 4 done: loss 2.4081 - lr 0.1000 - bad epochs 1
2019-07-10 12:39:18,092 DEV : loss 3.473339557647705 - score 0.6164
2019-07-10 12:47:18,930 TEST : loss 3.1379318237304688 - score 0.5866
2019-07-10 12:47:28,731 ----------------------------------------------------------------------------------------------------
2019-07-10 12:47:30,096 epoch 5 - iter 0/73 - loss 0.86822802
2019-07-10 12:47:33,510 epoch 5 - iter 7/73 - loss 1.64418478
2019-07-10 12:47:36,686 epoch 5 - iter 14/73 - loss 1.91319042
2019-07-10 12:47:40,525 epoch 5 - iter 21/73 - loss 1.96043827
2019-07-10 12:47:45,183 epoch 5 - iter 28/73 - loss 2.00244020
2019-07-10 12:47:49,676 epoch 5 - iter 35/73 - loss 2.04100853
2019-07-10 12:47:54,149 epoch 5 - iter 42/73 - loss 2.00907462
2019-07-10 12:47:58,940 epoch 5 - iter 49/73 - loss 1.99067672
2019-07-10 12:48:03,792 epoch 5 - iter 56/73 - loss 1.96955952
2019-07-10 12:48:06,726 epoch 5 - iter 63/73 - loss 1.94024771
2019-07-10 12:48:09,807 epoch 5 - iter 70/73 - loss 1.94199062
2019-07-10 12:48:10,716 ----------------------------------------------------------------------------------------------------
2019-07-10 12:48:10,716 EPOCH 5 done: loss 1.9495 - lr 0.1000 - bad epochs 0
2019-07-10 12:58:51,348 DEV : loss 3.08135986328125 - score 0.6797
2019-07-10 13:07:04,836 TEST : loss 2.907285451889038 - score 0.6425
2019-07-10 13:07:14,548 ----------------------------------------------------------------------------------------------------
2019-07-10 13:07:16,452 epoch 6 - iter 0/73 - loss 2.32237458
2019-07-10 13:07:20,824 epoch 6 - iter 7/73 - loss 1.52366250
2019-07-10 13:07:24,125 epoch 6 - iter 14/73 - loss 1.55551521
2019-07-10 13:07:27,209 epoch 6 - iter 21/73 - loss 1.53591393
2019-07-10 13:07:31,685 epoch 6 - iter 28/73 - loss 1.50445402
2019-07-10 13:07:36,309 epoch 6 - iter 35/73 - loss 1.60021744
2019-07-10 13:07:40,413 epoch 6 - iter 42/73 - loss 1.61540483
2019-07-10 13:07:42,651 epoch 6 - iter 49/73 - loss 1.59926518
2019-07-10 13:07:45,341 epoch 6 - iter 56/73 - loss 1.61425993
2019-07-10 13:07:48,933 epoch 6 - iter 63/73 - loss 1.62493938
2019-07-10 13:07:52,977 epoch 6 - iter 70/73 - loss 1.58318613
2019-07-10 13:07:54,192 ----------------------------------------------------------------------------------------------------
2019-07-10 13:07:54,192 EPOCH 6 done: loss 1.5968 - lr 0.1000 - bad epochs 0
2019-07-10 13:18:37,974 DEV : loss 3.2578258514404297 - score 0.6517
2019-07-10 13:26:47,934 TEST : loss 2.976102590560913 - score 0.6159
2019-07-10 13:26:47,934 ----------------------------------------------------------------------------------------------------
2019-07-10 13:26:49,704 epoch 7 - iter 0/73 - loss 1.05942535
2019-07-10 13:26:54,488 epoch 7 - iter 7/73 - loss 1.37181174
2019-07-10 13:26:58,887 epoch 7 - iter 14/73 - loss 1.40124174
2019-07-10 13:27:03,775 epoch 7 - iter 21/73 - loss 1.50256185
2019-07-10 13:27:07,708 epoch 7 - iter 28/73 - loss 1.39990792
2019-07-10 13:27:12,018 epoch 7 - iter 35/73 - loss 1.37836829
2019-07-10 13:27:16,184 epoch 7 - iter 42/73 - loss 1.36956934
2019-07-10 13:27:20,361 epoch 7 - iter 49/73 - loss 1.39288308
2019-07-10 13:27:23,640 epoch 7 - iter 56/73 - loss 1.36718817
2019-07-10 13:27:27,193 epoch 7 - iter 63/73 - loss 1.36029180
2019-07-10 13:27:31,607 epoch 7 - iter 70/73 - loss 1.31214298
2019-07-10 13:27:32,386 ----------------------------------------------------------------------------------------------------
2019-07-10 13:27:32,386 EPOCH 7 done: loss 1.3017 - lr 0.1000 - bad epochs 1
2019-07-10 13:38:16,140 DEV : loss 3.1208267211914062 - score 0.6868
2019-07-10 13:46:39,689 TEST : loss 3.01495361328125 - score 0.6525
2019-07-10 13:46:49,833 ----------------------------------------------------------------------------------------------------
2019-07-10 13:46:51,743 epoch 8 - iter 0/73 - loss 1.35786366
2019-07-10 13:46:57,612 epoch 8 - iter 7/73 - loss 1.16893513
2019-07-10 13:47:03,600 epoch 8 - iter 14/73 - loss 1.22176939
2019-07-10 13:47:08,566 epoch 8 - iter 21/73 - loss 1.12072854
2019-07-10 13:47:12,813 epoch 8 - iter 28/73 - loss 1.09456907
2019-07-10 13:47:18,201 epoch 8 - iter 35/73 - loss 1.08048194
2019-07-10 13:47:34,043 epoch 8 - iter 42/73 - loss 1.02767527
2019-07-10 13:47:39,336 epoch 8 - iter 49/73 - loss 1.01318592
2019-07-10 13:47:44,517 epoch 8 - iter 56/73 - loss 0.98238880
2019-07-10 13:47:47,616 epoch 8 - iter 63/73 - loss 0.95143655
2019-07-10 13:47:50,938 epoch 8 - iter 70/73 - loss 0.99024825
2019-07-10 13:47:52,224 ----------------------------------------------------------------------------------------------------
2019-07-10 13:47:52,225 EPOCH 8 done: loss 1.0199 - lr 0.1000 - bad epochs 0
2019-07-10 13:57:55,763 DEV : loss 2.9302568435668945 - score 0.6988
2019-07-10 14:05:29,374 TEST : loss 2.847912311553955 - score 0.6585
2019-07-10 14:05:39,530 ----------------------------------------------------------------------------------------------------
2019-07-10 14:05:41,071 epoch 9 - iter 0/73 - loss 0.58013779
2019-07-10 14:05:43,570 epoch 9 - iter 7/73 - loss 0.64886324
2019-07-10 14:05:46,743 epoch 9 - iter 14/73 - loss 0.67134748
2019-07-10 14:05:50,049 epoch 9 - iter 21/73 - loss 0.68081756
2019-07-10 14:05:55,624 epoch 9 - iter 28/73 - loss 0.73182469
2019-07-10 14:06:01,853 epoch 9 - iter 35/73 - loss 0.72907703
2019-07-10 14:06:07,469 epoch 9 - iter 42/73 - loss 0.71616635
2019-07-10 14:06:13,408 epoch 9 - iter 49/73 - loss 0.73627107
2019-07-10 14:06:18,827 epoch 9 - iter 56/73 - loss 0.73647849
2019-07-10 14:06:24,685 epoch 9 - iter 63/73 - loss 0.79006418
2019-07-10 14:06:30,694 epoch 9 - iter 70/73 - loss 0.79989298
2019-07-10 14:06:32,042 ----------------------------------------------------------------------------------------------------
2019-07-10 14:06:32,042 EPOCH 9 done: loss 0.7958 - lr 0.1000 - bad epochs 0
2019-07-10 14:16:29,017 DEV : loss 2.8041303157806396 - score 0.7103
2019-07-10 14:24:30,027 TEST : loss 2.7030646800994873 - score 0.6769
2019-07-10 14:24:40,212 ----------------------------------------------------------------------------------------------------
2019-07-10 14:24:42,137 epoch 10 - iter 0/73 - loss 0.74564767
2019-07-10 14:24:47,727 epoch 10 - iter 7/73 - loss 0.52839193
2019-07-10 14:24:53,077 epoch 10 - iter 14/73 - loss 0.49653701
2019-07-10 14:24:58,863 epoch 10 - iter 21/73 - loss 0.51030417
2019-07-10 14:25:04,864 epoch 10 - iter 28/73 - loss 0.55903017
2019-07-10 14:25:10,589 epoch 10 - iter 35/73 - loss 0.57616428
2019-07-10 14:25:16,259 epoch 10 - iter 42/73 - loss 0.57547978
2019-07-10 14:25:21,670 epoch 10 - iter 49/73 - loss 0.58578086
2019-07-10 14:25:25,249 epoch 10 - iter 56/73 - loss 0.58851272
2019-07-10 14:25:29,219 epoch 10 - iter 63/73 - loss 0.61249858
2019-07-10 14:25:33,228 epoch 10 - iter 70/73 - loss 0.63522101
2019-07-10 14:25:34,103 ----------------------------------------------------------------------------------------------------
2019-07-10 14:25:34,103 EPOCH 10 done: loss 0.6239 - lr 0.1000 - bad epochs 0
2019-07-10 14:36:43,411 DEV : loss 2.8280656337738037 - score 0.7082
2019-07-10 14:44:57,860 TEST : loss 2.760734796524048 - score 0.679
2019-07-10 14:45:05,983 ----------------------------------------------------------------------------------------------------
2019-07-10 14:45:05,984 Testing using best model ...
2019-07-10 14:45:05,984 loading file output_models/taggers/example-ner-29/best-model.pt
2019-07-10 14:52:32,384 0.6647	0.6896	0.6769
2019-07-10 14:52:32,384 
MICRO_AVG: acc 0.5116 - f1-score 0.6769
MACRO_AVG: acc 0.3004 - f1-score 0.40887777777777773
CARDINAL   tp: 692 - fp: 606 - fn: 313 - tn: 692 - precision: 0.5331 - recall: 0.6886 - accuracy: 0.4295 - f1-score: 0.6010
DATE       tp: 1280 - fp: 758 - fn: 507 - tn: 1280 - precision: 0.6281 - recall: 0.7163 - accuracy: 0.5029 - f1-score: 0.6693
EVENT      tp: 0 - fp: 1 - fn: 85 - tn: 0 - precision: 0.0000 - recall: 0.0000 - accuracy: 0.0000 - f1-score: 0.0000
FAC        tp: 22 - fp: 55 - fn: 127 - tn: 22 - precision: 0.2857 - recall: 0.1477 - accuracy: 0.1078 - f1-score: 0.1947
GPE        tp: 2092 - fp: 697 - fn: 454 - tn: 2092 - precision: 0.7501 - recall: 0.8217 - accuracy: 0.6451 - f1-score: 0.7843
LANGUAGE   tp: 0 - fp: 0 - fn: 22 - tn: 0 - precision: 0.0000 - recall: 0.0000 - accuracy: 0.0000 - f1-score: 0.0000
LAW        tp: 1 - fp: 6 - fn: 43 - tn: 1 - precision: 0.1429 - recall: 0.0227 - accuracy: 0.0200 - f1-score: 0.0392
LOC        tp: 79 - fp: 141 - fn: 136 - tn: 79 - precision: 0.3591 - recall: 0.3674 - accuracy: 0.2219 - f1-score: 0.3632
MONEY      tp: 275 - fp: 163 - fn: 80 - tn: 275 - precision: 0.6279 - recall: 0.7746 - accuracy: 0.5309 - f1-score: 0.6936
NORP       tp: 723 - fp: 210 - fn: 267 - tn: 723 - precision: 0.7749 - recall: 0.7303 - accuracy: 0.6025 - f1-score: 0.7519
ORDINAL    tp: 121 - fp: 95 - fn: 86 - tn: 121 - precision: 0.5602 - recall: 0.5845 - accuracy: 0.4007 - f1-score: 0.5721
ORG        tp: 1333 - fp: 806 - fn: 669 - tn: 1333 - precision: 0.6232 - recall: 0.6658 - accuracy: 0.4747 - f1-score: 0.6438
PERCENT    tp: 304 - fp: 219 - fn: 104 - tn: 304 - precision: 0.5813 - recall: 0.7451 - accuracy: 0.4848 - f1-score: 0.6531
PERSON     tp: 1685 - fp: 452 - fn: 449 - tn: 1685 - precision: 0.7885 - recall: 0.7896 - accuracy: 0.6516 - f1-score: 0.7890
PRODUCT    tp: 12 - fp: 26 - fn: 78 - tn: 12 - precision: 0.3158 - recall: 0.1333 - accuracy: 0.1034 - f1-score: 0.1875
QUANTITY   tp: 1 - fp: 16 - fn: 152 - tn: 1 - precision: 0.0588 - recall: 0.0065 - accuracy: 0.0059 - f1-score: 0.0117
TIME       tp: 33 - fp: 51 - fn: 192 - tn: 33 - precision: 0.3929 - recall: 0.1467 - accuracy: 0.1196 - f1-score: 0.2136
WORK_OF_ART tp: 26 - fp: 76 - fn: 143 - tn: 26 - precision: 0.2549 - recall: 0.1538 - accuracy: 0.1061 - f1-score: 0.1918
2019-07-10 14:52:32,384 ----------------------------------------------------------------------------------------------------
