2019-07-11 09:22:03,126 ----------------------------------------------------------------------------------------------------
2019-07-11 09:22:03,126 Evaluation method: MICRO_F1_SCORE
2019-07-11 09:22:03,135 ----------------------------------------------------------------------------------------------------
2019-07-11 09:22:11,215 epoch 1 - iter 0/73 - loss 60.03525543
2019-07-11 09:22:13,770 epoch 1 - iter 7/73 - loss 25.44365060
2019-07-11 09:22:16,159 epoch 1 - iter 14/73 - loss 20.03511976
2019-07-11 09:22:18,587 epoch 1 - iter 21/73 - loss 16.86763694
2019-07-11 09:22:20,952 epoch 1 - iter 28/73 - loss 14.65448648
2019-07-11 09:22:23,313 epoch 1 - iter 35/73 - loss 13.16896191
2019-07-11 09:22:25,561 epoch 1 - iter 42/73 - loss 12.00080736
2019-07-11 09:22:27,694 epoch 1 - iter 49/73 - loss 10.95229560
2019-07-11 09:22:30,281 epoch 1 - iter 56/73 - loss 10.23243322
2019-07-11 09:22:33,011 epoch 1 - iter 63/73 - loss 9.74112134
2019-07-11 09:22:35,637 epoch 1 - iter 70/73 - loss 9.42644144
2019-07-11 09:22:36,468 ----------------------------------------------------------------------------------------------------
2019-07-11 09:22:36,468 EPOCH 1 done: loss 9.2713 - lr 0.1000 - bad epochs 0
2019-07-11 09:29:25,327 DEV : loss 5.5171356201171875 - score 0.4544
2019-07-11 09:34:40,166 TEST : loss 4.885931015014648 - score 0.4329
2019-07-11 09:34:48,765 ----------------------------------------------------------------------------------------------------
2019-07-11 09:34:50,065 epoch 2 - iter 0/73 - loss 4.46411705
2019-07-11 09:34:53,071 epoch 2 - iter 7/73 - loss 4.48369899
2019-07-11 09:34:56,554 epoch 2 - iter 14/73 - loss 3.90026542
2019-07-11 09:35:00,039 epoch 2 - iter 21/73 - loss 4.19989696
2019-07-11 09:35:03,914 epoch 2 - iter 28/73 - loss 4.17368803
2019-07-11 09:35:07,744 epoch 2 - iter 35/73 - loss 4.15122769
2019-07-11 09:35:11,395 epoch 2 - iter 42/73 - loss 4.11368894
2019-07-11 09:35:15,091 epoch 2 - iter 49/73 - loss 4.01067512
2019-07-11 09:35:19,004 epoch 2 - iter 56/73 - loss 4.07630089
2019-07-11 09:35:22,707 epoch 2 - iter 63/73 - loss 4.12275861
2019-07-11 09:35:26,455 epoch 2 - iter 70/73 - loss 4.12769377
2019-07-11 09:35:27,486 ----------------------------------------------------------------------------------------------------
2019-07-11 09:35:27,486 EPOCH 2 done: loss 4.1397 - lr 0.1000 - bad epochs 0
2019-07-11 09:42:25,401 DEV : loss 4.15015172958374 - score 0.5912
2019-07-11 09:47:32,379 TEST : loss 3.738783359527588 - score 0.5565
2019-07-11 09:47:42,666 ----------------------------------------------------------------------------------------------------
2019-07-11 09:47:44,060 epoch 3 - iter 0/73 - loss 2.64689112
2019-07-11 09:47:46,564 epoch 3 - iter 7/73 - loss 2.80370787
2019-07-11 09:47:49,226 epoch 3 - iter 14/73 - loss 2.77965133
2019-07-11 09:47:51,612 epoch 3 - iter 21/73 - loss 3.09659891
2019-07-11 09:47:54,226 epoch 3 - iter 28/73 - loss 3.20740563
2019-07-11 09:47:56,836 epoch 3 - iter 35/73 - loss 3.32040939
2019-07-11 09:47:59,077 epoch 3 - iter 42/73 - loss 3.20063335
2019-07-11 09:48:01,600 epoch 3 - iter 49/73 - loss 3.18109424
2019-07-11 09:48:04,078 epoch 3 - iter 56/73 - loss 3.07851450
2019-07-11 09:48:06,798 epoch 3 - iter 63/73 - loss 3.06042763
2019-07-11 09:48:09,232 epoch 3 - iter 70/73 - loss 3.07657991
2019-07-11 09:48:10,045 ----------------------------------------------------------------------------------------------------
2019-07-11 09:48:10,045 EPOCH 3 done: loss 3.1200 - lr 0.1000 - bad epochs 0
2019-07-11 09:55:11,487 DEV : loss 3.86940336227417 - score 0.6083
2019-07-11 10:00:26,963 TEST : loss 3.496680736541748 - score 0.5631
2019-07-11 10:00:37,045 ----------------------------------------------------------------------------------------------------
2019-07-11 10:00:38,440 epoch 4 - iter 0/73 - loss 2.04077625
2019-07-11 10:00:41,114 epoch 4 - iter 7/73 - loss 2.75403467
2019-07-11 10:00:43,876 epoch 4 - iter 14/73 - loss 2.99382609
2019-07-11 10:00:46,269 epoch 4 - iter 21/73 - loss 2.76696213
2019-07-11 10:00:48,840 epoch 4 - iter 28/73 - loss 2.62052120
2019-07-11 10:00:51,495 epoch 4 - iter 35/73 - loss 2.65740314
2019-07-11 10:00:53,686 epoch 4 - iter 42/73 - loss 2.55750087
2019-07-11 10:00:56,413 epoch 4 - iter 49/73 - loss 2.49234170
2019-07-11 10:00:58,886 epoch 4 - iter 56/73 - loss 2.46905495
2019-07-11 10:01:01,532 epoch 4 - iter 63/73 - loss 2.45051208
2019-07-11 10:01:04,044 epoch 4 - iter 70/73 - loss 2.48113737
2019-07-11 10:01:04,896 ----------------------------------------------------------------------------------------------------
2019-07-11 10:01:04,896 EPOCH 4 done: loss 2.5059 - lr 0.1000 - bad epochs 0
2019-07-11 10:08:01,775 DEV : loss 3.3916163444519043 - score 0.646
2019-07-11 10:13:19,917 TEST : loss 3.084287405014038 - score 0.6167
2019-07-11 10:13:30,069 ----------------------------------------------------------------------------------------------------
2019-07-11 10:13:31,429 epoch 5 - iter 0/73 - loss 1.47920012
2019-07-11 10:13:33,895 epoch 5 - iter 7/73 - loss 1.91366459
2019-07-11 10:13:36,273 epoch 5 - iter 14/73 - loss 1.85558980
2019-07-11 10:13:38,852 epoch 5 - iter 21/73 - loss 1.99313350
2019-07-11 10:13:41,219 epoch 5 - iter 28/73 - loss 1.95718395
2019-07-11 10:13:43,861 epoch 5 - iter 35/73 - loss 2.07698942
2019-07-11 10:13:46,580 epoch 5 - iter 42/73 - loss 2.12276493
2019-07-11 10:13:49,181 epoch 5 - iter 49/73 - loss 2.08573209
2019-07-11 10:13:52,053 epoch 5 - iter 56/73 - loss 2.10860205
2019-07-11 10:13:54,325 epoch 5 - iter 63/73 - loss 2.12396156
2019-07-11 10:13:56,809 epoch 5 - iter 70/73 - loss 2.09385643
2019-07-11 10:13:57,601 ----------------------------------------------------------------------------------------------------
2019-07-11 10:13:57,602 EPOCH 5 done: loss 2.0731 - lr 0.1000 - bad epochs 0
2019-07-11 10:21:01,127 DEV : loss 3.286637783050537 - score 0.6519
2019-07-11 10:26:18,858 TEST : loss 3.0192782878875732 - score 0.6217
2019-07-11 10:26:28,953 ----------------------------------------------------------------------------------------------------
2019-07-11 10:26:30,300 epoch 6 - iter 0/73 - loss 1.48668551
2019-07-11 10:26:32,592 epoch 6 - iter 7/73 - loss 1.76866671
2019-07-11 10:26:35,005 epoch 6 - iter 14/73 - loss 1.81868824
2019-07-11 10:26:37,423 epoch 6 - iter 21/73 - loss 1.71897226
2019-07-11 10:26:40,462 epoch 6 - iter 28/73 - loss 1.86978338
2019-07-11 10:26:42,997 epoch 6 - iter 35/73 - loss 1.88554895
2019-07-11 10:26:45,305 epoch 6 - iter 42/73 - loss 1.84814863
2019-07-11 10:26:47,795 epoch 6 - iter 49/73 - loss 1.79676429
2019-07-11 10:26:50,041 epoch 6 - iter 56/73 - loss 1.81093357
2019-07-11 10:26:52,527 epoch 6 - iter 63/73 - loss 1.79408254
2019-07-11 10:26:54,780 epoch 6 - iter 70/73 - loss 1.73780954
2019-07-11 10:26:55,560 ----------------------------------------------------------------------------------------------------
2019-07-11 10:26:55,560 EPOCH 6 done: loss 1.7131 - lr 0.1000 - bad epochs 0
2019-07-11 10:33:53,993 DEV : loss 3.3694303035736084 - score 0.6469
2019-07-11 10:39:09,369 TEST : loss 3.066183567047119 - score 0.6119
2019-07-11 10:39:09,369 ----------------------------------------------------------------------------------------------------
2019-07-11 10:39:10,630 epoch 7 - iter 0/73 - loss 0.72773528
2019-07-11 10:39:13,100 epoch 7 - iter 7/73 - loss 1.26183999
2019-07-11 10:39:15,751 epoch 7 - iter 14/73 - loss 1.53755188
2019-07-11 10:39:17,909 epoch 7 - iter 21/73 - loss 1.51705800
2019-07-11 10:39:20,191 epoch 7 - iter 28/73 - loss 1.43821628
2019-07-11 10:39:22,706 epoch 7 - iter 35/73 - loss 1.43619421
2019-07-11 10:39:25,219 epoch 7 - iter 42/73 - loss 1.44335236
2019-07-11 10:39:27,577 epoch 7 - iter 49/73 - loss 1.47159182
2019-07-11 10:39:29,854 epoch 7 - iter 56/73 - loss 1.46331258
2019-07-11 10:39:32,603 epoch 7 - iter 63/73 - loss 1.44014698
2019-07-11 10:39:35,327 epoch 7 - iter 70/73 - loss 1.38554715
2019-07-11 10:39:36,249 ----------------------------------------------------------------------------------------------------
2019-07-11 10:39:36,250 EPOCH 7 done: loss 1.3805 - lr 0.1000 - bad epochs 1
2019-07-11 10:46:40,240 DEV : loss 3.244105577468872 - score 0.6656
2019-07-11 10:51:51,156 TEST : loss 2.9619994163513184 - score 0.6371
2019-07-11 10:52:01,335 ----------------------------------------------------------------------------------------------------
2019-07-11 10:52:02,811 epoch 8 - iter 0/73 - loss 0.90822542
2019-07-11 10:52:05,771 epoch 8 - iter 7/73 - loss 1.25702298
2019-07-11 10:52:08,070 epoch 8 - iter 14/73 - loss 1.08421232
2019-07-11 10:52:10,502 epoch 8 - iter 21/73 - loss 1.11892246
2019-07-11 10:52:12,775 epoch 8 - iter 28/73 - loss 1.07593552
2019-07-11 10:52:15,419 epoch 8 - iter 35/73 - loss 1.06437545
2019-07-11 10:52:18,062 epoch 8 - iter 42/73 - loss 1.12921225
2019-07-11 10:52:20,417 epoch 8 - iter 49/73 - loss 1.09968610
2019-07-11 10:52:35,268 epoch 8 - iter 56/73 - loss 1.08995551
2019-07-11 10:52:37,697 epoch 8 - iter 63/73 - loss 1.07910405
2019-07-11 10:52:40,308 epoch 8 - iter 70/73 - loss 1.11608122
2019-07-11 10:52:41,362 ----------------------------------------------------------------------------------------------------
2019-07-11 10:52:41,363 EPOCH 8 done: loss 1.1235 - lr 0.1000 - bad epochs 0
2019-07-11 10:59:35,357 DEV : loss 3.164076566696167 - score 0.6668
2019-07-11 11:04:52,972 TEST : loss 2.9523003101348877 - score 0.6242
2019-07-11 11:05:03,365 ----------------------------------------------------------------------------------------------------
2019-07-11 11:05:04,815 epoch 9 - iter 0/73 - loss 0.70571136
2019-07-11 11:05:07,839 epoch 9 - iter 7/73 - loss 0.75879881
2019-07-11 11:05:10,060 epoch 9 - iter 14/73 - loss 0.80328692
2019-07-11 11:05:12,663 epoch 9 - iter 21/73 - loss 1.00073145
2019-07-11 11:05:15,250 epoch 9 - iter 28/73 - loss 0.95053699
2019-07-11 11:05:17,950 epoch 9 - iter 35/73 - loss 0.95247968
2019-07-11 11:05:20,220 epoch 9 - iter 42/73 - loss 0.90929321
2019-07-11 11:05:22,598 epoch 9 - iter 49/73 - loss 0.87682782
2019-07-11 11:05:25,379 epoch 9 - iter 56/73 - loss 0.88205967
2019-07-11 11:05:28,138 epoch 9 - iter 63/73 - loss 0.88354598
2019-07-11 11:05:30,873 epoch 9 - iter 70/73 - loss 0.91066460
2019-07-11 11:05:31,529 ----------------------------------------------------------------------------------------------------
2019-07-11 11:05:31,529 EPOCH 9 done: loss 0.9015 - lr 0.1000 - bad epochs 0
2019-07-11 11:12:30,446 DEV : loss 3.0504233837127686 - score 0.6867
2019-07-11 11:17:49,127 TEST : loss 2.841657876968384 - score 0.661
2019-07-11 11:17:59,371 ----------------------------------------------------------------------------------------------------
2019-07-11 11:18:00,776 epoch 10 - iter 0/73 - loss 1.04739404
2019-07-11 11:18:03,353 epoch 10 - iter 7/73 - loss 0.68504820
2019-07-11 11:18:05,431 epoch 10 - iter 14/73 - loss 0.56874947
2019-07-11 11:18:08,109 epoch 10 - iter 21/73 - loss 0.63622055
2019-07-11 11:18:10,539 epoch 10 - iter 28/73 - loss 0.65913367
2019-07-11 11:18:12,668 epoch 10 - iter 35/73 - loss 0.65339380
2019-07-11 11:18:15,289 epoch 10 - iter 42/73 - loss 0.69292587
2019-07-11 11:18:17,701 epoch 10 - iter 49/73 - loss 0.69419803
2019-07-11 11:18:19,941 epoch 10 - iter 56/73 - loss 0.72339175
2019-07-11 11:18:22,416 epoch 10 - iter 63/73 - loss 0.72255550
2019-07-11 11:18:24,874 epoch 10 - iter 70/73 - loss 0.72342803
2019-07-11 11:18:25,710 ----------------------------------------------------------------------------------------------------
2019-07-11 11:18:25,710 EPOCH 10 done: loss 0.7242 - lr 0.1000 - bad epochs 0
2019-07-11 11:25:24,584 DEV : loss 2.9965806007385254 - score 0.6977
2019-07-11 11:30:44,584 TEST : loss 2.8680484294891357 - score 0.6682
2019-07-11 11:31:02,638 ----------------------------------------------------------------------------------------------------
2019-07-11 11:31:02,638 Testing using best model ...
2019-07-11 11:31:02,639 loading file output_models/taggers/example-ner-38/best-model.pt
2019-07-11 11:36:25,344 0.6408	0.6981	0.6682
2019-07-11 11:36:25,344 
MICRO_AVG: acc 0.5017 - f1-score 0.6682
MACRO_AVG: acc 0.2888 - f1-score 0.3931944444444444
CARDINAL   tp: 639 - fp: 766 - fn: 366 - tn: 639 - precision: 0.4548 - recall: 0.6358 - accuracy: 0.3608 - f1-score: 0.5303
DATE       tp: 1194 - fp: 529 - fn: 593 - tn: 1194 - precision: 0.6930 - recall: 0.6682 - accuracy: 0.5155 - f1-score: 0.6804
EVENT      tp: 9 - fp: 78 - fn: 76 - tn: 9 - precision: 0.1034 - recall: 0.1059 - accuracy: 0.0552 - f1-score: 0.1046
FAC        tp: 33 - fp: 92 - fn: 116 - tn: 33 - precision: 0.2640 - recall: 0.2215 - accuracy: 0.1369 - f1-score: 0.2409
GPE        tp: 2155 - fp: 722 - fn: 391 - tn: 2155 - precision: 0.7490 - recall: 0.8464 - accuracy: 0.6594 - f1-score: 0.7947
LANGUAGE   tp: 0 - fp: 0 - fn: 22 - tn: 0 - precision: 0.0000 - recall: 0.0000 - accuracy: 0.0000 - f1-score: 0.0000
LAW        tp: 0 - fp: 6 - fn: 44 - tn: 0 - precision: 0.0000 - recall: 0.0000 - accuracy: 0.0000 - f1-score: 0.0000
LOC        tp: 65 - fp: 202 - fn: 150 - tn: 65 - precision: 0.2434 - recall: 0.3023 - accuracy: 0.1559 - f1-score: 0.2697
MONEY      tp: 256 - fp: 145 - fn: 99 - tn: 256 - precision: 0.6384 - recall: 0.7211 - accuracy: 0.5120 - f1-score: 0.6772
NORP       tp: 775 - fp: 238 - fn: 215 - tn: 775 - precision: 0.7651 - recall: 0.7828 - accuracy: 0.6311 - f1-score: 0.7738
ORDINAL    tp: 115 - fp: 93 - fn: 92 - tn: 115 - precision: 0.5529 - recall: 0.5556 - accuracy: 0.3833 - f1-score: 0.5542
ORG        tp: 1400 - fp: 930 - fn: 602 - tn: 1400 - precision: 0.6009 - recall: 0.6993 - accuracy: 0.4775 - f1-score: 0.6464
PERCENT    tp: 287 - fp: 210 - fn: 121 - tn: 287 - precision: 0.5775 - recall: 0.7034 - accuracy: 0.4644 - f1-score: 0.6343
PERSON     tp: 1799 - fp: 745 - fn: 335 - tn: 1799 - precision: 0.7072 - recall: 0.8430 - accuracy: 0.6249 - f1-score: 0.7692
PRODUCT    tp: 0 - fp: 2 - fn: 90 - tn: 0 - precision: 0.0000 - recall: 0.0000 - accuracy: 0.0000 - f1-score: 0.0000
QUANTITY   tp: 2 - fp: 9 - fn: 151 - tn: 2 - precision: 0.1818 - recall: 0.0131 - accuracy: 0.0123 - f1-score: 0.0244
TIME       tp: 30 - fp: 86 - fn: 195 - tn: 30 - precision: 0.2586 - recall: 0.1333 - accuracy: 0.0965 - f1-score: 0.1759
WORK_OF_ART tp: 27 - fp: 72 - fn: 142 - tn: 27 - precision: 0.2727 - recall: 0.1598 - accuracy: 0.1120 - f1-score: 0.2015
2019-07-11 11:36:25,344 ----------------------------------------------------------------------------------------------------
