2019-07-10 11:56:59,318 ----------------------------------------------------------------------------------------------------
2019-07-10 11:56:59,319 Evaluation method: MICRO_F1_SCORE
2019-07-10 11:56:59,329 ----------------------------------------------------------------------------------------------------
2019-07-10 11:57:09,877 epoch 1 - iter 0/73 - loss 100.70030975
2019-07-10 11:57:14,934 epoch 1 - iter 7/73 - loss 35.85076714
2019-07-10 11:57:20,815 epoch 1 - iter 14/73 - loss 23.80540660
2019-07-10 11:57:26,812 epoch 1 - iter 21/73 - loss 19.79943856
2019-07-10 11:57:32,447 epoch 1 - iter 28/73 - loss 17.36928229
2019-07-10 11:57:38,069 epoch 1 - iter 35/73 - loss 15.67879633
2019-07-10 11:57:43,901 epoch 1 - iter 42/73 - loss 14.48014776
2019-07-10 11:57:49,266 epoch 1 - iter 49/73 - loss 13.37826182
2019-07-10 11:57:54,962 epoch 1 - iter 56/73 - loss 12.37511957
2019-07-10 11:57:59,233 epoch 1 - iter 63/73 - loss 11.73693021
2019-07-10 11:58:03,393 epoch 1 - iter 70/73 - loss 10.98984863
2019-07-10 11:58:04,637 ----------------------------------------------------------------------------------------------------
2019-07-10 11:58:04,637 EPOCH 1 done: loss 10.9396 - lr 0.1000 - bad epochs 0
2019-07-10 12:07:41,856 DEV : loss 7.449754238128662 - score 0.3156
2019-07-10 12:15:16,704 TEST : loss 6.498105049133301 - score 0.3121
2019-07-10 12:15:25,292 ----------------------------------------------------------------------------------------------------
2019-07-10 12:15:26,610 epoch 2 - iter 0/73 - loss 7.63682556
2019-07-10 12:15:29,838 epoch 2 - iter 7/73 - loss 4.94723991
2019-07-10 12:15:33,601 epoch 2 - iter 14/73 - loss 4.51226816
2019-07-10 12:15:38,789 epoch 2 - iter 21/73 - loss 4.35691757
2019-07-10 12:15:44,351 epoch 2 - iter 28/73 - loss 4.43316482
2019-07-10 12:15:49,863 epoch 2 - iter 35/73 - loss 4.49080489
2019-07-10 12:15:55,457 epoch 2 - iter 42/73 - loss 4.58948533
2019-07-10 12:16:00,833 epoch 2 - iter 49/73 - loss 4.40036144
2019-07-10 12:16:06,484 epoch 2 - iter 56/73 - loss 4.25607517
2019-07-10 12:16:12,047 epoch 2 - iter 63/73 - loss 4.29313152
2019-07-10 12:16:17,819 epoch 2 - iter 70/73 - loss 4.27855835
2019-07-10 12:16:19,399 ----------------------------------------------------------------------------------------------------
2019-07-10 12:16:19,399 EPOCH 2 done: loss 4.3059 - lr 0.1000 - bad epochs 0
2019-07-10 12:26:00,357 DEV : loss 4.3663835525512695 - score 0.5741
2019-07-10 12:33:20,693 TEST : loss 3.9450721740722656 - score 0.5497
2019-07-10 12:33:30,765 ----------------------------------------------------------------------------------------------------
2019-07-10 12:33:32,391 epoch 3 - iter 0/73 - loss 3.83460188
2019-07-10 12:33:37,693 epoch 3 - iter 7/73 - loss 3.39727777
2019-07-10 12:33:43,464 epoch 3 - iter 14/73 - loss 3.75765947
2019-07-10 12:33:49,004 epoch 3 - iter 21/73 - loss 3.60708156
2019-07-10 12:33:53,203 epoch 3 - iter 28/73 - loss 3.39701197
2019-07-10 12:33:57,298 epoch 3 - iter 35/73 - loss 3.15059316
2019-07-10 12:34:01,011 epoch 3 - iter 42/73 - loss 3.12732331
2019-07-10 12:34:04,721 epoch 3 - iter 49/73 - loss 3.11683430
2019-07-10 12:34:09,124 epoch 3 - iter 56/73 - loss 3.20257177
2019-07-10 12:34:13,945 epoch 3 - iter 63/73 - loss 3.17399178
2019-07-10 12:34:19,731 epoch 3 - iter 70/73 - loss 3.12865842
2019-07-10 12:34:21,092 ----------------------------------------------------------------------------------------------------
2019-07-10 12:34:21,092 EPOCH 3 done: loss 3.1010 - lr 0.1000 - bad epochs 0
2019-07-10 12:44:07,443 DEV : loss 4.058320999145508 - score 0.5576
2019-07-10 12:51:33,035 TEST : loss 3.6285364627838135 - score 0.5377
2019-07-10 12:51:33,036 ----------------------------------------------------------------------------------------------------
2019-07-10 12:51:34,468 epoch 4 - iter 0/73 - loss 4.22585297
2019-07-10 12:51:39,419 epoch 4 - iter 7/73 - loss 2.76949187
2019-07-10 12:51:44,858 epoch 4 - iter 14/73 - loss 2.29384863
2019-07-10 12:51:50,360 epoch 4 - iter 21/73 - loss 2.52137146
2019-07-10 12:51:56,298 epoch 4 - iter 28/73 - loss 2.55535968
2019-07-10 12:52:02,526 epoch 4 - iter 35/73 - loss 2.62696888
2019-07-10 12:52:07,910 epoch 4 - iter 42/73 - loss 2.68887589
2019-07-10 12:52:13,493 epoch 4 - iter 49/73 - loss 2.61423421
2019-07-10 12:52:17,962 epoch 4 - iter 56/73 - loss 2.51733079
2019-07-10 12:52:21,908 epoch 4 - iter 63/73 - loss 2.54267694
2019-07-10 12:52:24,699 epoch 4 - iter 70/73 - loss 2.49324396
2019-07-10 12:52:25,720 ----------------------------------------------------------------------------------------------------
2019-07-10 12:52:25,720 EPOCH 4 done: loss 2.4706 - lr 0.1000 - bad epochs 1
2019-07-10 13:02:09,674 DEV : loss 3.45947003364563 - score 0.6546
2019-07-10 13:09:39,180 TEST : loss 3.2600436210632324 - score 0.6159
2019-07-10 13:09:48,945 ----------------------------------------------------------------------------------------------------
2019-07-10 13:09:50,791 epoch 5 - iter 0/73 - loss 2.21335435
2019-07-10 13:09:56,162 epoch 5 - iter 7/73 - loss 1.76024948
2019-07-10 13:10:01,646 epoch 5 - iter 14/73 - loss 1.86119914
2019-07-10 13:10:07,454 epoch 5 - iter 21/73 - loss 1.88820967
2019-07-10 13:10:12,118 epoch 5 - iter 28/73 - loss 1.99649619
2019-07-10 13:10:16,741 epoch 5 - iter 35/73 - loss 2.06194354
2019-07-10 13:10:20,555 epoch 5 - iter 42/73 - loss 1.97163977
2019-07-10 13:10:25,406 epoch 5 - iter 49/73 - loss 2.05160307
2019-07-10 13:10:30,544 epoch 5 - iter 56/73 - loss 2.08609522
2019-07-10 13:10:35,216 epoch 5 - iter 63/73 - loss 2.06776578
2019-07-10 13:10:39,225 epoch 5 - iter 70/73 - loss 2.08117222
2019-07-10 13:10:40,480 ----------------------------------------------------------------------------------------------------
2019-07-10 13:10:40,480 EPOCH 5 done: loss 2.0808 - lr 0.1000 - bad epochs 0
2019-07-10 13:20:26,228 DEV : loss 3.3377370834350586 - score 0.6371
2019-07-10 13:27:55,939 TEST : loss 3.1266582012176514 - score 0.5979
2019-07-10 13:27:55,940 ----------------------------------------------------------------------------------------------------
2019-07-10 13:27:57,522 epoch 6 - iter 0/73 - loss 1.81071281
2019-07-10 13:28:01,314 epoch 6 - iter 7/73 - loss 1.49207151
2019-07-10 13:28:07,170 epoch 6 - iter 14/73 - loss 1.65111841
2019-07-10 13:28:12,759 epoch 6 - iter 21/73 - loss 1.66223849
2019-07-10 13:28:18,228 epoch 6 - iter 28/73 - loss 1.64837122
2019-07-10 13:28:23,936 epoch 6 - iter 35/73 - loss 1.68695036
2019-07-10 13:28:29,512 epoch 6 - iter 42/73 - loss 1.70250291
2019-07-10 13:28:34,965 epoch 6 - iter 49/73 - loss 1.65978080
2019-07-10 13:28:41,143 epoch 6 - iter 56/73 - loss 1.65864133
2019-07-10 13:28:46,065 epoch 6 - iter 63/73 - loss 1.63081181
2019-07-10 13:28:50,299 epoch 6 - iter 70/73 - loss 1.68033977
2019-07-10 13:28:51,343 ----------------------------------------------------------------------------------------------------
2019-07-10 13:28:51,344 EPOCH 6 done: loss 1.6858 - lr 0.1000 - bad epochs 1
2019-07-10 13:38:38,206 DEV : loss 3.0329644680023193 - score 0.6715
2019-07-10 13:46:01,829 TEST : loss 2.8814332485198975 - score 0.6441
2019-07-10 13:46:11,933 ----------------------------------------------------------------------------------------------------
2019-07-10 13:46:13,709 epoch 7 - iter 0/73 - loss 1.45428658
2019-07-10 13:46:18,993 epoch 7 - iter 7/73 - loss 1.23908275
2019-07-10 13:46:24,514 epoch 7 - iter 14/73 - loss 1.24533812
2019-07-10 13:46:30,436 epoch 7 - iter 21/73 - loss 1.26033441
2019-07-10 13:46:35,994 epoch 7 - iter 28/73 - loss 1.42268326
2019-07-10 13:46:40,815 epoch 7 - iter 35/73 - loss 1.36379692
2019-07-10 13:46:45,322 epoch 7 - iter 42/73 - loss 1.40104302
2019-07-10 13:46:49,839 epoch 7 - iter 49/73 - loss 1.42126019
2019-07-10 13:46:55,005 epoch 7 - iter 56/73 - loss 1.43686011
2019-07-10 13:47:00,546 epoch 7 - iter 63/73 - loss 1.45368447
2019-07-10 13:47:05,667 epoch 7 - iter 70/73 - loss 1.43078149
2019-07-10 13:47:07,170 ----------------------------------------------------------------------------------------------------
2019-07-10 13:47:07,170 EPOCH 7 done: loss 1.4188 - lr 0.1000 - bad epochs 0
2019-07-10 13:57:09,390 DEV : loss 2.960052967071533 - score 0.6845
2019-07-10 14:04:26,543 TEST : loss 2.849977493286133 - score 0.6504
2019-07-10 14:04:36,242 ----------------------------------------------------------------------------------------------------
2019-07-10 14:04:37,768 epoch 8 - iter 0/73 - loss 1.25616193
2019-07-10 14:04:41,652 epoch 8 - iter 7/73 - loss 1.54135105
2019-07-10 14:04:44,731 epoch 8 - iter 14/73 - loss 1.44638982
2019-07-10 14:04:48,020 epoch 8 - iter 21/73 - loss 1.33091078
2019-07-10 14:04:51,966 epoch 8 - iter 28/73 - loss 1.36095833
2019-07-10 14:04:57,430 epoch 8 - iter 35/73 - loss 1.32297319
2019-07-10 14:05:02,617 epoch 8 - iter 42/73 - loss 1.25101689
2019-07-10 14:05:08,305 epoch 8 - iter 49/73 - loss 1.23775385
2019-07-10 14:05:26,192 epoch 8 - iter 56/73 - loss 1.21026099
2019-07-10 14:05:30,882 epoch 8 - iter 63/73 - loss 1.16148205
2019-07-10 14:05:35,014 epoch 8 - iter 70/73 - loss 1.14760773
2019-07-10 14:05:36,213 ----------------------------------------------------------------------------------------------------
2019-07-10 14:05:36,213 EPOCH 8 done: loss 1.1529 - lr 0.1000 - bad epochs 0
2019-07-10 14:15:25,582 DEV : loss 3.0524044036865234 - score 0.6734
2019-07-10 14:22:50,181 TEST : loss 2.897311210632324 - score 0.6261
2019-07-10 14:22:50,181 ----------------------------------------------------------------------------------------------------
2019-07-10 14:22:51,836 epoch 9 - iter 0/73 - loss 1.78320599
2019-07-10 14:22:55,844 epoch 9 - iter 7/73 - loss 1.11181025
2019-07-10 14:22:59,979 epoch 9 - iter 14/73 - loss 1.13259240
2019-07-10 14:23:04,183 epoch 9 - iter 21/73 - loss 1.02151539
2019-07-10 14:23:08,358 epoch 9 - iter 28/73 - loss 0.95101717
2019-07-10 14:23:12,560 epoch 9 - iter 35/73 - loss 0.98418728
2019-07-10 14:23:17,170 epoch 9 - iter 42/73 - loss 0.95448661
2019-07-10 14:23:21,943 epoch 9 - iter 49/73 - loss 0.97072581
2019-07-10 14:23:26,497 epoch 9 - iter 56/73 - loss 0.97809194
2019-07-10 14:23:31,174 epoch 9 - iter 63/73 - loss 0.98908423
2019-07-10 14:23:36,041 epoch 9 - iter 70/73 - loss 0.96242286
2019-07-10 14:23:37,483 ----------------------------------------------------------------------------------------------------
2019-07-10 14:23:37,483 EPOCH 9 done: loss 0.9582 - lr 0.1000 - bad epochs 1
2019-07-10 14:33:35,756 DEV : loss 2.9637041091918945 - score 0.6941
2019-07-10 14:40:52,028 TEST : loss 2.921750783920288 - score 0.6561
2019-07-10 14:41:01,670 ----------------------------------------------------------------------------------------------------
2019-07-10 14:41:03,081 epoch 10 - iter 0/73 - loss 0.38287389
2019-07-10 14:41:06,298 epoch 10 - iter 7/73 - loss 0.78548281
2019-07-10 14:41:09,451 epoch 10 - iter 14/73 - loss 0.72427166
2019-07-10 14:41:13,157 epoch 10 - iter 21/73 - loss 0.72983296
2019-07-10 14:41:17,149 epoch 10 - iter 28/73 - loss 0.77752083
2019-07-10 14:41:21,476 epoch 10 - iter 35/73 - loss 0.78355227
2019-07-10 14:41:25,428 epoch 10 - iter 42/73 - loss 0.77101099
2019-07-10 14:41:29,902 epoch 10 - iter 49/73 - loss 0.80750457
2019-07-10 14:41:34,441 epoch 10 - iter 56/73 - loss 0.77171778
2019-07-10 14:41:38,328 epoch 10 - iter 63/73 - loss 0.76899086
2019-07-10 14:41:41,504 epoch 10 - iter 70/73 - loss 0.78575678
2019-07-10 14:41:42,546 ----------------------------------------------------------------------------------------------------
2019-07-10 14:41:42,547 EPOCH 10 done: loss 0.7783 - lr 0.1000 - bad epochs 0
2019-07-10 14:51:25,359 DEV : loss 3.0573062896728516 - score 0.692
2019-07-10 14:56:47,201 TEST : loss 2.9406301975250244 - score 0.6527
2019-07-10 14:56:55,145 ----------------------------------------------------------------------------------------------------
2019-07-10 14:56:55,145 Testing using best model ...
2019-07-10 14:56:55,145 loading file output_models/taggers/example-ner-31/best-model.pt
2019-07-10 15:02:09,776 0.6156	0.7024	0.6561
2019-07-10 15:02:09,776 
MICRO_AVG: acc 0.4883 - f1-score 0.6561
MACRO_AVG: acc 0.2778 - f1-score 0.38008888888888887
CARDINAL   tp: 518 - fp: 543 - fn: 487 - tn: 518 - precision: 0.4882 - recall: 0.5154 - accuracy: 0.3346 - f1-score: 0.5014
DATE       tp: 1324 - fp: 1147 - fn: 463 - tn: 1324 - precision: 0.5358 - recall: 0.7409 - accuracy: 0.4513 - f1-score: 0.6219
EVENT      tp: 1 - fp: 4 - fn: 84 - tn: 1 - precision: 0.2000 - recall: 0.0118 - accuracy: 0.0112 - f1-score: 0.0223
FAC        tp: 3 - fp: 5 - fn: 146 - tn: 3 - precision: 0.3750 - recall: 0.0201 - accuracy: 0.0195 - f1-score: 0.0382
GPE        tp: 2309 - fp: 1215 - fn: 237 - tn: 2309 - precision: 0.6552 - recall: 0.9069 - accuracy: 0.6139 - f1-score: 0.7608
LANGUAGE   tp: 0 - fp: 0 - fn: 22 - tn: 0 - precision: 0.0000 - recall: 0.0000 - accuracy: 0.0000 - f1-score: 0.0000
LAW        tp: 2 - fp: 39 - fn: 42 - tn: 2 - precision: 0.0488 - recall: 0.0455 - accuracy: 0.0241 - f1-score: 0.0471
LOC        tp: 79 - fp: 196 - fn: 136 - tn: 79 - precision: 0.2873 - recall: 0.3674 - accuracy: 0.1922 - f1-score: 0.3225
MONEY      tp: 270 - fp: 196 - fn: 85 - tn: 270 - precision: 0.5794 - recall: 0.7606 - accuracy: 0.4900 - f1-score: 0.6577
NORP       tp: 812 - fp: 281 - fn: 178 - tn: 812 - precision: 0.7429 - recall: 0.8202 - accuracy: 0.6389 - f1-score: 0.7796
ORDINAL    tp: 126 - fp: 100 - fn: 81 - tn: 126 - precision: 0.5575 - recall: 0.6087 - accuracy: 0.4104 - f1-score: 0.5820
ORG        tp: 1327 - fp: 871 - fn: 675 - tn: 1327 - precision: 0.6037 - recall: 0.6628 - accuracy: 0.4619 - f1-score: 0.6319
PERCENT    tp: 296 - fp: 240 - fn: 112 - tn: 296 - precision: 0.5522 - recall: 0.7255 - accuracy: 0.4568 - f1-score: 0.6271
PERSON     tp: 1723 - fp: 542 - fn: 411 - tn: 1723 - precision: 0.7607 - recall: 0.8074 - accuracy: 0.6439 - f1-score: 0.7834
PRODUCT    tp: 3 - fp: 22 - fn: 87 - tn: 3 - precision: 0.1200 - recall: 0.0333 - accuracy: 0.0268 - f1-score: 0.0521
QUANTITY   tp: 14 - fp: 32 - fn: 139 - tn: 14 - precision: 0.3043 - recall: 0.0915 - accuracy: 0.0757 - f1-score: 0.1407
TIME       tp: 9 - fp: 41 - fn: 216 - tn: 9 - precision: 0.1800 - recall: 0.0400 - accuracy: 0.0338 - f1-score: 0.0655
WORK_OF_ART tp: 25 - fp: 47 - fn: 144 - tn: 25 - precision: 0.3472 - recall: 0.1479 - accuracy: 0.1157 - f1-score: 0.2074
2019-07-10 15:02:09,776 ----------------------------------------------------------------------------------------------------
