2019-07-05 10:49:44,491 ----------------------------------------------------------------------------------------------------
2019-07-05 10:49:44,491 Evaluation method: MICRO_F1_SCORE
2019-07-05 10:49:44,500 ----------------------------------------------------------------------------------------------------
2019-07-05 10:49:52,028 epoch 1 - iter 0/73 - loss 79.34648895
2019-07-05 10:49:53,831 epoch 1 - iter 7/73 - loss 38.65954089
2019-07-05 10:49:55,542 epoch 1 - iter 14/73 - loss 31.88857778
2019-07-05 10:49:57,259 epoch 1 - iter 21/73 - loss 29.09597258
2019-07-05 10:49:59,003 epoch 1 - iter 28/73 - loss 27.21670243
2019-07-05 10:50:00,817 epoch 1 - iter 35/73 - loss 25.78368500
2019-07-05 10:50:02,574 epoch 1 - iter 42/73 - loss 24.76015375
2019-07-05 10:50:04,353 epoch 1 - iter 49/73 - loss 24.20168549
2019-07-05 10:50:06,433 epoch 1 - iter 56/73 - loss 23.62095980
2019-07-05 10:50:08,371 epoch 1 - iter 63/73 - loss 23.12570061
2019-07-05 10:50:10,216 epoch 1 - iter 70/73 - loss 22.58498271
2019-07-05 10:50:11,108 ----------------------------------------------------------------------------------------------------
2019-07-05 10:50:11,108 EPOCH 1 done: loss 22.4463 - lr 0.1000 - bad epochs 0
2019-07-05 10:56:07,304 DEV : loss 18.57958984375 - score 0.2982
2019-07-05 11:01:51,259 TEST : loss 17.755041122436523 - score 0.2717
2019-07-05 11:01:59,543 ----------------------------------------------------------------------------------------------------
2019-07-05 11:02:00,897 epoch 2 - iter 0/73 - loss 16.56128883
2019-07-05 11:02:03,412 epoch 2 - iter 7/73 - loss 16.65567756
2019-07-05 11:02:05,660 epoch 2 - iter 14/73 - loss 16.74987946
2019-07-05 11:02:08,038 epoch 2 - iter 21/73 - loss 16.61279119
2019-07-05 11:02:10,254 epoch 2 - iter 28/73 - loss 16.42161228
2019-07-05 11:02:12,623 epoch 2 - iter 35/73 - loss 16.66856297
2019-07-05 11:02:15,143 epoch 2 - iter 42/73 - loss 16.59025862
2019-07-05 11:02:17,515 epoch 2 - iter 49/73 - loss 16.54006287
2019-07-05 11:02:19,770 epoch 2 - iter 56/73 - loss 16.38223538
2019-07-05 11:02:22,338 epoch 2 - iter 63/73 - loss 16.35089193
2019-07-05 11:02:24,938 epoch 2 - iter 70/73 - loss 16.23614315
2019-07-05 11:02:25,785 ----------------------------------------------------------------------------------------------------
2019-07-05 11:02:25,786 EPOCH 2 done: loss 16.1579 - lr 0.1000 - bad epochs 0
2019-07-05 11:10:21,037 DEV : loss 15.998449325561523 - score 0.5548
2019-07-05 11:16:13,964 TEST : loss 15.503580093383789 - score 0.5258
2019-07-05 11:16:23,486 ----------------------------------------------------------------------------------------------------
2019-07-05 11:16:24,896 epoch 3 - iter 0/73 - loss 13.90272331
2019-07-05 11:16:27,786 epoch 3 - iter 7/73 - loss 14.35998023
2019-07-05 11:16:29,981 epoch 3 - iter 14/73 - loss 14.26030337
2019-07-05 11:16:32,160 epoch 3 - iter 21/73 - loss 14.23587565
2019-07-05 11:16:34,865 epoch 3 - iter 28/73 - loss 14.39032446
2019-07-05 11:16:37,406 epoch 3 - iter 35/73 - loss 14.27393942
2019-07-05 11:16:40,025 epoch 3 - iter 42/73 - loss 14.33029785
2019-07-05 11:16:42,525 epoch 3 - iter 49/73 - loss 14.32508718
2019-07-05 11:16:45,180 epoch 3 - iter 56/73 - loss 14.22330629
2019-07-05 11:16:47,429 epoch 3 - iter 63/73 - loss 14.18326730
2019-07-05 11:16:49,903 epoch 3 - iter 70/73 - loss 14.18425344
2019-07-05 11:16:50,555 ----------------------------------------------------------------------------------------------------
2019-07-05 11:16:50,555 EPOCH 3 done: loss 14.2256 - lr 0.1000 - bad epochs 0
2019-07-05 11:23:49,420 DEV : loss 14.506872177124023 - score 0.6251
2019-07-05 11:29:53,689 TEST : loss 14.08907699584961 - score 0.5945
2019-07-05 11:30:03,781 ----------------------------------------------------------------------------------------------------
2019-07-05 11:30:05,270 epoch 4 - iter 0/73 - loss 13.44019127
2019-07-05 11:30:07,879 epoch 4 - iter 7/73 - loss 13.72766972
2019-07-05 11:30:10,608 epoch 4 - iter 14/73 - loss 13.57088381
2019-07-05 11:30:13,168 epoch 4 - iter 21/73 - loss 13.48348223
2019-07-05 11:30:15,879 epoch 4 - iter 28/73 - loss 13.32105390
2019-07-05 11:30:18,520 epoch 4 - iter 35/73 - loss 13.20758653
2019-07-05 11:30:20,381 epoch 4 - iter 42/73 - loss 13.05887954
2019-07-05 11:30:22,764 epoch 4 - iter 49/73 - loss 13.01536421
2019-07-05 11:30:25,028 epoch 4 - iter 56/73 - loss 12.96093886
2019-07-05 11:30:27,178 epoch 4 - iter 63/73 - loss 12.82816485
2019-07-05 11:30:29,737 epoch 4 - iter 70/73 - loss 12.82262871
2019-07-05 11:30:30,459 ----------------------------------------------------------------------------------------------------
2019-07-05 11:30:30,459 EPOCH 4 done: loss 12.8055 - lr 0.1000 - bad epochs 0
2019-07-05 11:38:12,788 DEV : loss 14.238574028015137 - score 0.5154
2019-07-05 11:44:10,271 TEST : loss 13.70824909210205 - score 0.474
2019-07-05 11:44:10,272 ----------------------------------------------------------------------------------------------------
2019-07-05 11:44:11,711 epoch 5 - iter 0/73 - loss 10.78189659
2019-07-05 11:44:14,139 epoch 5 - iter 7/73 - loss 12.01312947
2019-07-05 11:44:16,594 epoch 5 - iter 14/73 - loss 11.72826869
2019-07-05 11:44:19,075 epoch 5 - iter 21/73 - loss 11.62983721
2019-07-05 11:44:21,734 epoch 5 - iter 28/73 - loss 11.82308694
2019-07-05 11:44:24,120 epoch 5 - iter 35/73 - loss 11.75052759
2019-07-05 11:44:26,657 epoch 5 - iter 42/73 - loss 11.77833854
2019-07-05 11:44:29,392 epoch 5 - iter 49/73 - loss 11.68451664
2019-07-05 11:44:31,665 epoch 5 - iter 56/73 - loss 11.68303634
2019-07-05 11:44:33,923 epoch 5 - iter 63/73 - loss 11.62360452
2019-07-05 11:44:36,192 epoch 5 - iter 70/73 - loss 11.57822280
2019-07-05 11:44:37,292 ----------------------------------------------------------------------------------------------------
2019-07-05 11:44:37,292 EPOCH 5 done: loss 11.5661 - lr 0.1000 - bad epochs 1
2019-07-05 11:51:35,452 DEV : loss 12.312821388244629 - score 0.6669
2019-07-05 11:57:28,562 TEST : loss 12.022603988647461 - score 0.6282
2019-07-05 11:57:38,472 ----------------------------------------------------------------------------------------------------
2019-07-05 11:57:40,016 epoch 6 - iter 0/73 - loss 10.79421997
2019-07-05 11:57:42,277 epoch 6 - iter 7/73 - loss 10.62937582
2019-07-05 11:57:44,633 epoch 6 - iter 14/73 - loss 10.61799215
2019-07-05 11:57:46,946 epoch 6 - iter 21/73 - loss 10.63022059
2019-07-05 11:57:49,450 epoch 6 - iter 28/73 - loss 10.67241310
2019-07-05 11:57:51,579 epoch 6 - iter 35/73 - loss 10.60351337
2019-07-05 11:57:53,816 epoch 6 - iter 42/73 - loss 10.54188444
2019-07-05 11:57:56,307 epoch 6 - iter 49/73 - loss 10.56585026
2019-07-05 11:57:58,493 epoch 6 - iter 56/73 - loss 10.53772398
2019-07-05 11:58:01,068 epoch 6 - iter 63/73 - loss 10.56419240
2019-07-05 11:58:03,243 epoch 6 - iter 70/73 - loss 10.48928239
2019-07-05 11:58:04,105 ----------------------------------------------------------------------------------------------------
2019-07-05 11:58:04,106 EPOCH 6 done: loss 10.5100 - lr 0.1000 - bad epochs 0
2019-07-05 12:05:42,371 DEV : loss 11.615154266357422 - score 0.667
2019-07-05 12:11:23,134 TEST : loss 11.296679496765137 - score 0.6311
2019-07-05 12:11:32,645 ----------------------------------------------------------------------------------------------------
2019-07-05 12:11:34,034 epoch 7 - iter 0/73 - loss 10.28264236
2019-07-05 12:11:36,389 epoch 7 - iter 7/73 - loss 9.37881351
2019-07-05 12:11:38,710 epoch 7 - iter 14/73 - loss 9.54904944
2019-07-05 12:11:41,174 epoch 7 - iter 21/73 - loss 9.52978607
2019-07-05 12:11:43,592 epoch 7 - iter 28/73 - loss 9.57955791
2019-07-05 12:11:46,430 epoch 7 - iter 35/73 - loss 9.62438218
2019-07-05 12:11:48,814 epoch 7 - iter 42/73 - loss 9.58937545
2019-07-05 12:11:51,667 epoch 7 - iter 49/73 - loss 9.59018934
2019-07-05 12:11:53,933 epoch 7 - iter 56/73 - loss 9.56922302
2019-07-05 12:11:56,777 epoch 7 - iter 63/73 - loss 9.53928611
2019-07-05 12:11:59,377 epoch 7 - iter 70/73 - loss 9.50708599
2019-07-05 12:12:00,083 ----------------------------------------------------------------------------------------------------
2019-07-05 12:12:00,083 EPOCH 7 done: loss 9.4826 - lr 0.1000 - bad epochs 0
2019-07-05 12:18:51,751 DEV : loss 10.602645874023438 - score 0.6694
2019-07-05 12:24:39,172 TEST : loss 10.342982292175293 - score 0.6288
2019-07-05 12:24:48,586 ----------------------------------------------------------------------------------------------------
2019-07-05 12:24:50,067 epoch 8 - iter 0/73 - loss 8.80302048
2019-07-05 12:24:52,319 epoch 8 - iter 7/73 - loss 9.27363205
2019-07-05 12:24:54,713 epoch 8 - iter 14/73 - loss 9.07530031
2019-07-05 12:24:56,710 epoch 8 - iter 21/73 - loss 8.84827781
2019-07-05 12:24:59,169 epoch 8 - iter 28/73 - loss 8.82888891
2019-07-05 12:25:01,624 epoch 8 - iter 35/73 - loss 8.83142212
2019-07-05 12:25:04,114 epoch 8 - iter 42/73 - loss 8.80964213
2019-07-05 12:25:06,375 epoch 8 - iter 49/73 - loss 8.75098762
2019-07-05 12:25:08,767 epoch 8 - iter 56/73 - loss 8.73607221
2019-07-05 12:25:22,578 epoch 8 - iter 63/73 - loss 8.69514767
2019-07-05 12:25:25,012 epoch 8 - iter 70/73 - loss 8.63481129
2019-07-05 12:25:26,207 ----------------------------------------------------------------------------------------------------
2019-07-05 12:25:26,208 EPOCH 8 done: loss 8.6172 - lr 0.1000 - bad epochs 0
2019-07-05 12:32:31,396 DEV : loss 10.206294059753418 - score 0.657
2019-07-05 12:38:17,710 TEST : loss 9.943100929260254 - score 0.6215
2019-07-05 12:38:17,711 ----------------------------------------------------------------------------------------------------
2019-07-05 12:38:19,051 epoch 9 - iter 0/73 - loss 9.07223320
2019-07-05 12:38:21,568 epoch 9 - iter 7/73 - loss 8.02580982
2019-07-05 12:38:24,271 epoch 9 - iter 14/73 - loss 7.94556522
2019-07-05 12:38:27,075 epoch 9 - iter 21/73 - loss 8.04275396
2019-07-05 12:38:29,609 epoch 9 - iter 28/73 - loss 8.16095173
2019-07-05 12:38:32,082 epoch 9 - iter 35/73 - loss 8.04784653
2019-07-05 12:38:34,789 epoch 9 - iter 42/73 - loss 8.01908770
2019-07-05 12:38:37,391 epoch 9 - iter 49/73 - loss 7.88565123
2019-07-05 12:38:39,754 epoch 9 - iter 56/73 - loss 7.87942456
2019-07-05 12:38:42,410 epoch 9 - iter 63/73 - loss 7.84994967
2019-07-05 12:38:44,701 epoch 9 - iter 70/73 - loss 7.85282410
2019-07-05 12:38:45,413 ----------------------------------------------------------------------------------------------------
2019-07-05 12:38:45,413 EPOCH 9 done: loss 7.8413 - lr 0.1000 - bad epochs 1
2019-07-05 12:46:24,322 DEV : loss 9.145044326782227 - score 0.6917
2019-07-05 12:52:13,296 TEST : loss 8.911064147949219 - score 0.6615
2019-07-05 12:52:23,055 ----------------------------------------------------------------------------------------------------
2019-07-05 12:52:24,561 epoch 10 - iter 0/73 - loss 7.09319210
2019-07-05 12:52:27,886 epoch 10 - iter 7/73 - loss 7.06920946
2019-07-05 12:52:31,494 epoch 10 - iter 14/73 - loss 7.28425919
2019-07-05 12:52:35,309 epoch 10 - iter 21/73 - loss 7.22922860
2019-07-05 12:52:38,599 epoch 10 - iter 28/73 - loss 7.25587567
2019-07-05 12:52:41,872 epoch 10 - iter 35/73 - loss 7.16966572
2019-07-05 12:52:43,761 epoch 10 - iter 42/73 - loss 7.23063985
2019-07-05 12:52:46,168 epoch 10 - iter 49/73 - loss 7.18476697
2019-07-05 12:52:48,291 epoch 10 - iter 56/73 - loss 7.18074088
2019-07-05 12:52:50,922 epoch 10 - iter 63/73 - loss 7.15536479
2019-07-05 12:52:53,300 epoch 10 - iter 70/73 - loss 7.14225067
2019-07-05 12:52:53,991 ----------------------------------------------------------------------------------------------------
2019-07-05 12:52:53,991 EPOCH 10 done: loss 7.1524 - lr 0.1000 - bad epochs 0
2019-07-05 13:00:46,213 DEV : loss 8.637003898620605 - score 0.696
2019-07-05 13:06:30,193 TEST : loss 8.481727600097656 - score 0.664
2019-07-05 13:06:47,456 ----------------------------------------------------------------------------------------------------
2019-07-05 13:06:47,457 Testing using best model ...
2019-07-05 13:06:47,457 loading file output_models/taggers/example-ner-17/best-model.pt
2019-07-05 13:12:05,127 0.6537	0.6747	0.664
2019-07-05 13:12:05,127 
MICRO_AVG: acc 0.4971 - f1-score 0.664
MACRO_AVG: acc 0.2397 - f1-score 0.3148388888888889
CARDINAL   tp: 615 - fp: 581 - fn: 390 - tn: 615 - precision: 0.5142 - recall: 0.6119 - accuracy: 0.3878 - f1-score: 0.5588
DATE       tp: 1312 - fp: 744 - fn: 475 - tn: 1312 - precision: 0.6381 - recall: 0.7342 - accuracy: 0.5184 - f1-score: 0.6828
EVENT      tp: 0 - fp: 40 - fn: 85 - tn: 0 - precision: 0.0000 - recall: 0.0000 - accuracy: 0.0000 - f1-score: 0.0000
FAC        tp: 3 - fp: 5 - fn: 146 - tn: 3 - precision: 0.3750 - recall: 0.0201 - accuracy: 0.0195 - f1-score: 0.0382
GPE        tp: 2025 - fp: 668 - fn: 521 - tn: 2025 - precision: 0.7519 - recall: 0.7954 - accuracy: 0.6301 - f1-score: 0.7730
LANGUAGE   tp: 0 - fp: 0 - fn: 22 - tn: 0 - precision: 0.0000 - recall: 0.0000 - accuracy: 0.0000 - f1-score: 0.0000
LAW        tp: 0 - fp: 0 - fn: 44 - tn: 0 - precision: 0.0000 - recall: 0.0000 - accuracy: 0.0000 - f1-score: 0.0000
LOC        tp: 0 - fp: 5 - fn: 215 - tn: 0 - precision: 0.0000 - recall: 0.0000 - accuracy: 0.0000 - f1-score: 0.0000
MONEY      tp: 267 - fp: 145 - fn: 88 - tn: 267 - precision: 0.6481 - recall: 0.7521 - accuracy: 0.5340 - f1-score: 0.6962
NORP       tp: 745 - fp: 282 - fn: 245 - tn: 745 - precision: 0.7254 - recall: 0.7525 - accuracy: 0.5857 - f1-score: 0.7387
ORDINAL    tp: 0 - fp: 0 - fn: 207 - tn: 0 - precision: 0.0000 - recall: 0.0000 - accuracy: 0.0000 - f1-score: 0.0000
ORG        tp: 1461 - fp: 908 - fn: 541 - tn: 1461 - precision: 0.6167 - recall: 0.7298 - accuracy: 0.5021 - f1-score: 0.6685
PERCENT    tp: 301 - fp: 224 - fn: 107 - tn: 301 - precision: 0.5733 - recall: 0.7377 - accuracy: 0.4763 - f1-score: 0.6452
PERSON     tp: 1746 - fp: 778 - fn: 388 - tn: 1746 - precision: 0.6918 - recall: 0.8182 - accuracy: 0.5996 - f1-score: 0.7497
PRODUCT    tp: 0 - fp: 11 - fn: 90 - tn: 0 - precision: 0.0000 - recall: 0.0000 - accuracy: 0.0000 - f1-score: 0.0000
QUANTITY   tp: 0 - fp: 0 - fn: 153 - tn: 0 - precision: 0.0000 - recall: 0.0000 - accuracy: 0.0000 - f1-score: 0.0000
TIME       tp: 0 - fp: 0 - fn: 225 - tn: 0 - precision: 0.0000 - recall: 0.0000 - accuracy: 0.0000 - f1-score: 0.0000
WORK_OF_ART tp: 17 - fp: 107 - fn: 152 - tn: 17 - precision: 0.1371 - recall: 0.1006 - accuracy: 0.0616 - f1-score: 0.1160
2019-07-05 13:12:05,127 ----------------------------------------------------------------------------------------------------
