2019-07-12 08:54:35,647 ----------------------------------------------------------------------------------------------------
2019-07-12 08:54:35,647 Evaluation method: MICRO_F1_SCORE
2019-07-12 08:54:35,655 ----------------------------------------------------------------------------------------------------
2019-07-12 08:54:43,782 epoch 1 - iter 0/73 - loss 119.14833069
2019-07-12 08:54:45,742 epoch 1 - iter 7/73 - loss 56.81413722
2019-07-12 08:54:47,478 epoch 1 - iter 14/73 - loss 50.03147659
2019-07-12 08:54:49,147 epoch 1 - iter 21/73 - loss 48.26604392
2019-07-12 08:54:50,999 epoch 1 - iter 28/73 - loss 43.85452856
2019-07-12 08:54:52,700 epoch 1 - iter 35/73 - loss 41.08461502
2019-07-12 08:54:54,497 epoch 1 - iter 42/73 - loss 38.94188338
2019-07-12 08:54:56,235 epoch 1 - iter 49/73 - loss 38.50607801
2019-07-12 08:54:57,986 epoch 1 - iter 56/73 - loss 36.39913733
2019-07-12 08:54:59,789 epoch 1 - iter 63/73 - loss 35.38678566
2019-07-12 08:55:01,426 epoch 1 - iter 70/73 - loss 33.33415956
2019-07-12 08:55:02,173 ----------------------------------------------------------------------------------------------------
2019-07-12 08:55:02,174 EPOCH 1 done: loss 33.2185 - lr 0.1000 - bad epochs 0
2019-07-12 09:02:39,003 DEV : loss 25.403976440429688 - score 0.2727
2019-07-12 09:08:37,143 TEST : loss 21.965579986572266 - score 0.2704
2019-07-12 09:08:45,426 ----------------------------------------------------------------------------------------------------
2019-07-12 09:08:46,764 epoch 2 - iter 0/73 - loss 34.99040222
2019-07-12 09:08:49,315 epoch 2 - iter 7/73 - loss 20.10779858
2019-07-12 09:08:51,656 epoch 2 - iter 14/73 - loss 20.07194023
2019-07-12 09:08:54,034 epoch 2 - iter 21/73 - loss 21.72719572
2019-07-12 09:08:56,469 epoch 2 - iter 28/73 - loss 22.62358039
2019-07-12 09:08:58,909 epoch 2 - iter 35/73 - loss 20.78027928
2019-07-12 09:09:01,069 epoch 2 - iter 42/73 - loss 20.59974024
2019-07-12 09:09:03,520 epoch 2 - iter 49/73 - loss 20.37731387
2019-07-12 09:09:06,080 epoch 2 - iter 56/73 - loss 20.06360264
2019-07-12 09:09:08,527 epoch 2 - iter 63/73 - loss 18.89933414
2019-07-12 09:09:10,665 epoch 2 - iter 70/73 - loss 18.68265061
2019-07-12 09:09:11,458 ----------------------------------------------------------------------------------------------------
2019-07-12 09:09:11,458 EPOCH 2 done: loss 18.4560 - lr 0.1000 - bad epochs 0
2019-07-12 09:17:03,711 DEV : loss 18.305429458618164 - score 0.5224
2019-07-12 09:22:44,512 TEST : loss 15.984518051147461 - score 0.5073
2019-07-12 09:22:54,248 ----------------------------------------------------------------------------------------------------
2019-07-12 09:22:55,723 epoch 3 - iter 0/73 - loss 12.63319874
2019-07-12 09:22:57,970 epoch 3 - iter 7/73 - loss 15.50567901
2019-07-12 09:23:00,399 epoch 3 - iter 14/73 - loss 15.34626000
2019-07-12 09:23:02,810 epoch 3 - iter 21/73 - loss 15.02463662
2019-07-12 09:23:05,119 epoch 3 - iter 28/73 - loss 14.00711991
2019-07-12 09:23:07,461 epoch 3 - iter 35/73 - loss 14.97357212
2019-07-12 09:23:09,606 epoch 3 - iter 42/73 - loss 14.16249125
2019-07-12 09:23:11,990 epoch 3 - iter 49/73 - loss 14.11281733
2019-07-12 09:23:14,276 epoch 3 - iter 56/73 - loss 13.90379554
2019-07-12 09:23:16,554 epoch 3 - iter 63/73 - loss 14.27666759
2019-07-12 09:23:18,655 epoch 3 - iter 70/73 - loss 13.49360329
2019-07-12 09:23:19,224 ----------------------------------------------------------------------------------------------------
2019-07-12 09:23:19,225 EPOCH 3 done: loss 13.1863 - lr 0.1000 - bad epochs 0
2019-07-12 09:31:06,837 DEV : loss 18.168315887451172 - score 0.4885
2019-07-12 09:37:01,884 TEST : loss 16.136240005493164 - score 0.4455
2019-07-12 09:37:01,885 ----------------------------------------------------------------------------------------------------
2019-07-12 09:37:03,173 epoch 4 - iter 0/73 - loss 8.60356331
2019-07-12 09:37:05,439 epoch 4 - iter 7/73 - loss 11.29642668
2019-07-12 09:37:07,537 epoch 4 - iter 14/73 - loss 10.61293001
2019-07-12 09:37:09,974 epoch 4 - iter 21/73 - loss 10.34752308
2019-07-12 09:37:12,206 epoch 4 - iter 28/73 - loss 10.42431081
2019-07-12 09:37:14,391 epoch 4 - iter 35/73 - loss 9.97466059
2019-07-12 09:37:16,748 epoch 4 - iter 42/73 - loss 10.46060165
2019-07-12 09:37:18,841 epoch 4 - iter 49/73 - loss 10.81950560
2019-07-12 09:37:21,248 epoch 4 - iter 56/73 - loss 10.50510316
2019-07-12 09:37:23,566 epoch 4 - iter 63/73 - loss 10.46319538
2019-07-12 09:37:25,913 epoch 4 - iter 70/73 - loss 9.94940334
2019-07-12 09:37:26,637 ----------------------------------------------------------------------------------------------------
2019-07-12 09:37:26,637 EPOCH 4 done: loss 10.0869 - lr 0.1000 - bad epochs 1
2019-07-12 09:45:09,727 DEV : loss 14.09622573852539 - score 0.6228
2019-07-12 09:51:02,313 TEST : loss 12.500345230102539 - score 0.6024
2019-07-12 09:51:12,270 ----------------------------------------------------------------------------------------------------
2019-07-12 09:51:13,906 epoch 5 - iter 0/73 - loss 9.64808464
2019-07-12 09:51:16,262 epoch 5 - iter 7/73 - loss 9.53245896
2019-07-12 09:51:18,523 epoch 5 - iter 14/73 - loss 9.04217688
2019-07-12 09:51:21,191 epoch 5 - iter 21/73 - loss 8.83750464
2019-07-12 09:51:23,858 epoch 5 - iter 28/73 - loss 8.21697030
2019-07-12 09:51:25,924 epoch 5 - iter 35/73 - loss 7.55624021
2019-07-12 09:51:28,389 epoch 5 - iter 42/73 - loss 7.46489372
2019-07-12 09:51:30,690 epoch 5 - iter 49/73 - loss 7.38338500
2019-07-12 09:51:33,081 epoch 5 - iter 56/73 - loss 7.37128707
2019-07-12 09:51:35,513 epoch 5 - iter 63/73 - loss 7.40336625
2019-07-12 09:51:38,054 epoch 5 - iter 70/73 - loss 7.73370000
2019-07-12 09:51:38,962 ----------------------------------------------------------------------------------------------------
2019-07-12 09:51:38,963 EPOCH 5 done: loss 7.8744 - lr 0.1000 - bad epochs 0
2019-07-12 09:59:16,625 DEV : loss 13.480721473693848 - score 0.6074
2019-07-12 10:05:09,810 TEST : loss 12.109622955322266 - score 0.5863
2019-07-12 10:05:09,810 ----------------------------------------------------------------------------------------------------
2019-07-12 10:05:11,280 epoch 6 - iter 0/73 - loss 12.21311378
2019-07-12 10:05:13,683 epoch 6 - iter 7/73 - loss 6.73777147
2019-07-12 10:05:16,197 epoch 6 - iter 14/73 - loss 5.94698153
2019-07-12 10:05:18,502 epoch 6 - iter 21/73 - loss 5.96176445
2019-07-12 10:05:20,779 epoch 6 - iter 28/73 - loss 6.29007302
2019-07-12 10:05:23,090 epoch 6 - iter 35/73 - loss 6.37200290
2019-07-12 10:05:25,304 epoch 6 - iter 42/73 - loss 6.24660119
2019-07-12 10:05:27,461 epoch 6 - iter 49/73 - loss 6.60936774
2019-07-12 10:05:29,779 epoch 6 - iter 56/73 - loss 6.21305887
2019-07-12 10:05:32,264 epoch 6 - iter 63/73 - loss 6.19051911
2019-07-12 10:05:35,094 epoch 6 - iter 70/73 - loss 6.32907125
2019-07-12 10:05:35,940 ----------------------------------------------------------------------------------------------------
2019-07-12 10:05:35,940 EPOCH 6 done: loss 6.2463 - lr 0.1000 - bad epochs 1
2019-07-12 10:12:36,334 DEV : loss 12.10850715637207 - score 0.6637
2019-07-12 10:18:34,591 TEST : loss 10.90310287475586 - score 0.6394
2019-07-12 10:18:44,467 ----------------------------------------------------------------------------------------------------
2019-07-12 10:18:45,872 epoch 7 - iter 0/73 - loss 2.04656506
2019-07-12 10:18:48,045 epoch 7 - iter 7/73 - loss 5.05333249
2019-07-12 10:18:50,367 epoch 7 - iter 14/73 - loss 5.14936737
2019-07-12 10:18:52,796 epoch 7 - iter 21/73 - loss 5.37529301
2019-07-12 10:18:55,048 epoch 7 - iter 28/73 - loss 5.02270346
2019-07-12 10:18:57,352 epoch 7 - iter 35/73 - loss 5.19546168
2019-07-12 10:18:59,484 epoch 7 - iter 42/73 - loss 5.14276703
2019-07-12 10:19:01,770 epoch 7 - iter 49/73 - loss 5.30074885
2019-07-12 10:19:03,629 epoch 7 - iter 56/73 - loss 5.14583026
2019-07-12 10:19:05,768 epoch 7 - iter 63/73 - loss 5.12981378
2019-07-12 10:19:08,404 epoch 7 - iter 70/73 - loss 4.99730470
2019-07-12 10:19:09,200 ----------------------------------------------------------------------------------------------------
2019-07-12 10:19:09,200 EPOCH 7 done: loss 5.1541 - lr 0.1000 - bad epochs 0
2019-07-12 10:27:00,016 DEV : loss 11.438563346862793 - score 0.661
2019-07-12 10:32:52,494 TEST : loss 10.627609252929688 - score 0.6278
2019-07-12 10:32:52,494 ----------------------------------------------------------------------------------------------------
2019-07-12 10:32:53,774 epoch 8 - iter 0/73 - loss 0.71707749
2019-07-12 10:32:56,295 epoch 8 - iter 7/73 - loss 3.72760466
2019-07-12 10:32:58,730 epoch 8 - iter 14/73 - loss 3.66426792
2019-07-12 10:33:01,095 epoch 8 - iter 21/73 - loss 4.12194490
2019-07-12 10:33:03,501 epoch 8 - iter 28/73 - loss 4.18473895
2019-07-12 10:33:05,932 epoch 8 - iter 35/73 - loss 4.14565090
2019-07-12 10:33:08,298 epoch 8 - iter 42/73 - loss 4.31384648
2019-07-12 10:33:11,116 epoch 8 - iter 49/73 - loss 4.30115832
2019-07-12 10:33:13,701 epoch 8 - iter 56/73 - loss 4.19230601
2019-07-12 10:33:26,824 epoch 8 - iter 63/73 - loss 4.03612950
2019-07-12 10:33:29,081 epoch 8 - iter 70/73 - loss 4.04475833
2019-07-12 10:33:30,043 ----------------------------------------------------------------------------------------------------
2019-07-12 10:33:30,043 EPOCH 8 done: loss 3.9997 - lr 0.1000 - bad epochs 1
2019-07-12 10:40:52,180 DEV : loss 11.697761535644531 - score 0.6697
2019-07-12 10:46:54,182 TEST : loss 10.752189636230469 - score 0.642
2019-07-12 10:47:04,097 ----------------------------------------------------------------------------------------------------
2019-07-12 10:47:05,523 epoch 9 - iter 0/73 - loss 1.75600457
2019-07-12 10:47:07,712 epoch 9 - iter 7/73 - loss 2.70802478
2019-07-12 10:47:09,959 epoch 9 - iter 14/73 - loss 2.79967057
2019-07-12 10:47:12,143 epoch 9 - iter 21/73 - loss 2.99195531
2019-07-12 10:47:14,570 epoch 9 - iter 28/73 - loss 3.06619434
2019-07-12 10:47:16,909 epoch 9 - iter 35/73 - loss 3.12116570
2019-07-12 10:47:18,941 epoch 9 - iter 42/73 - loss 3.07065569
2019-07-12 10:47:21,118 epoch 9 - iter 49/73 - loss 3.13383960
2019-07-12 10:47:23,322 epoch 9 - iter 56/73 - loss 3.02538897
2019-07-12 10:47:25,598 epoch 9 - iter 63/73 - loss 3.08311483
2019-07-12 10:47:27,881 epoch 9 - iter 70/73 - loss 3.07397828
2019-07-12 10:47:28,671 ----------------------------------------------------------------------------------------------------
2019-07-12 10:47:28,672 EPOCH 9 done: loss 3.0823 - lr 0.1000 - bad epochs 0
2019-07-12 10:54:32,989 DEV : loss 11.236987113952637 - score 0.6996
2019-07-12 11:00:22,899 TEST : loss 10.302806854248047 - score 0.6744
2019-07-12 11:00:32,907 ----------------------------------------------------------------------------------------------------
2019-07-12 11:00:34,234 epoch 10 - iter 0/73 - loss 3.25114346
2019-07-12 11:00:36,752 epoch 10 - iter 7/73 - loss 2.51213643
2019-07-12 11:00:39,122 epoch 10 - iter 14/73 - loss 2.52810687
2019-07-12 11:00:41,707 epoch 10 - iter 21/73 - loss 2.48102378
2019-07-12 11:00:43,995 epoch 10 - iter 28/73 - loss 2.44769853
2019-07-12 11:00:46,637 epoch 10 - iter 35/73 - loss 2.46022890
2019-07-12 11:00:49,110 epoch 10 - iter 42/73 - loss 2.41085683
2019-07-12 11:00:51,453 epoch 10 - iter 49/73 - loss 2.49562630
2019-07-12 11:00:53,967 epoch 10 - iter 56/73 - loss 2.47605434
2019-07-12 11:00:56,402 epoch 10 - iter 63/73 - loss 2.49035865
2019-07-12 11:00:58,943 epoch 10 - iter 70/73 - loss 2.42479926
2019-07-12 11:00:59,681 ----------------------------------------------------------------------------------------------------
2019-07-12 11:00:59,682 EPOCH 10 done: loss 2.4494 - lr 0.1000 - bad epochs 0
2019-07-12 11:08:19,950 DEV : loss 11.307660102844238 - score 0.6937
2019-07-12 11:12:53,182 TEST : loss 10.337029457092285 - score 0.6652
2019-07-12 11:13:01,355 ----------------------------------------------------------------------------------------------------
2019-07-12 11:13:01,355 Testing using best model ...
2019-07-12 11:13:01,356 loading file output_models/taggers/example-ner-41/best-model.pt
2019-07-12 11:17:46,335 0.6439	0.7079	0.6744
2019-07-12 11:17:46,335 
MICRO_AVG: acc 0.5087 - f1-score 0.6744
MACRO_AVG: acc 0.3428 - f1-score 0.4754166666666666
CARDINAL   tp: 656 - fp: 581 - fn: 349 - tn: 656 - precision: 0.5303 - recall: 0.6527 - accuracy: 0.4136 - f1-score: 0.5852
DATE       tp: 1303 - fp: 882 - fn: 484 - tn: 1303 - precision: 0.5963 - recall: 0.7292 - accuracy: 0.4882 - f1-score: 0.6561
EVENT      tp: 22 - fp: 78 - fn: 63 - tn: 22 - precision: 0.2200 - recall: 0.2588 - accuracy: 0.1350 - f1-score: 0.2378
FAC        tp: 54 - fp: 144 - fn: 95 - tn: 54 - precision: 0.2727 - recall: 0.3624 - accuracy: 0.1843 - f1-score: 0.3112
GPE        tp: 2113 - fp: 693 - fn: 433 - tn: 2113 - precision: 0.7530 - recall: 0.8299 - accuracy: 0.6524 - f1-score: 0.7896
LANGUAGE   tp: 6 - fp: 2 - fn: 16 - tn: 6 - precision: 0.7500 - recall: 0.2727 - accuracy: 0.2500 - f1-score: 0.4000
LAW        tp: 3 - fp: 2 - fn: 41 - tn: 3 - precision: 0.6000 - recall: 0.0682 - accuracy: 0.0652 - f1-score: 0.1225
LOC        tp: 84 - fp: 173 - fn: 131 - tn: 84 - precision: 0.3268 - recall: 0.3907 - accuracy: 0.2165 - f1-score: 0.3559
MONEY      tp: 274 - fp: 107 - fn: 81 - tn: 274 - precision: 0.7192 - recall: 0.7718 - accuracy: 0.5931 - f1-score: 0.7446
NORP       tp: 822 - fp: 409 - fn: 168 - tn: 822 - precision: 0.6677 - recall: 0.8303 - accuracy: 0.5876 - f1-score: 0.7402
ORDINAL    tp: 130 - fp: 103 - fn: 77 - tn: 130 - precision: 0.5579 - recall: 0.6280 - accuracy: 0.4194 - f1-score: 0.5909
ORG        tp: 1310 - fp: 673 - fn: 692 - tn: 1310 - precision: 0.6606 - recall: 0.6543 - accuracy: 0.4897 - f1-score: 0.6574
PERCENT    tp: 303 - fp: 160 - fn: 105 - tn: 303 - precision: 0.6544 - recall: 0.7426 - accuracy: 0.5335 - f1-score: 0.6957
PERSON     tp: 1696 - fp: 584 - fn: 438 - tn: 1696 - precision: 0.7439 - recall: 0.7948 - accuracy: 0.6240 - f1-score: 0.7685
PRODUCT    tp: 15 - fp: 42 - fn: 75 - tn: 15 - precision: 0.2632 - recall: 0.1667 - accuracy: 0.1136 - f1-score: 0.2041
QUANTITY   tp: 52 - fp: 133 - fn: 101 - tn: 52 - precision: 0.2811 - recall: 0.3399 - accuracy: 0.1818 - f1-score: 0.3077
TIME       tp: 55 - fp: 95 - fn: 170 - tn: 55 - precision: 0.3667 - recall: 0.2444 - accuracy: 0.1719 - f1-score: 0.2933
WORK_OF_ART tp: 12 - fp: 67 - fn: 157 - tn: 12 - precision: 0.1519 - recall: 0.0710 - accuracy: 0.0508 - f1-score: 0.0968
2019-07-12 11:17:46,335 ----------------------------------------------------------------------------------------------------
