2019-07-10 17:18:41,745 ----------------------------------------------------------------------------------------------------
2019-07-10 17:18:41,745 Evaluation method: MICRO_F1_SCORE
2019-07-10 17:18:41,753 ----------------------------------------------------------------------------------------------------
2019-07-10 17:18:49,497 epoch 1 - iter 0/73 - loss 54.03971481
2019-07-10 17:18:51,929 epoch 1 - iter 7/73 - loss 22.82923043
2019-07-10 17:18:54,122 epoch 1 - iter 14/73 - loss 16.99887606
2019-07-10 17:18:56,445 epoch 1 - iter 21/73 - loss 14.99187487
2019-07-10 17:18:58,749 epoch 1 - iter 28/73 - loss 13.03954031
2019-07-10 17:19:01,195 epoch 1 - iter 35/73 - loss 12.04671197
2019-07-10 17:19:03,278 epoch 1 - iter 42/73 - loss 11.15043694
2019-07-10 17:19:05,590 epoch 1 - iter 49/73 - loss 10.54883980
2019-07-10 17:19:08,117 epoch 1 - iter 56/73 - loss 9.94566436
2019-07-10 17:19:10,368 epoch 1 - iter 63/73 - loss 9.40979157
2019-07-10 17:19:12,675 epoch 1 - iter 70/73 - loss 8.99807492
2019-07-10 17:19:13,681 ----------------------------------------------------------------------------------------------------
2019-07-10 17:19:13,682 EPOCH 1 done: loss 8.8861 - lr 0.1000 - bad epochs 0
2019-07-10 17:28:39,112 DEV : loss 6.095728874206543 - score 0.3452
2019-07-10 17:36:12,957 TEST : loss 5.159230709075928 - score 0.3224
2019-07-10 17:36:21,367 ----------------------------------------------------------------------------------------------------
2019-07-10 17:36:22,982 epoch 2 - iter 0/73 - loss 6.84644127
2019-07-10 17:36:27,505 epoch 2 - iter 7/73 - loss 5.36809182
2019-07-10 17:36:31,562 epoch 2 - iter 14/73 - loss 4.48707181
2019-07-10 17:36:35,542 epoch 2 - iter 21/73 - loss 4.15294377
2019-07-10 17:36:39,785 epoch 2 - iter 28/73 - loss 4.16131468
2019-07-10 17:36:43,978 epoch 2 - iter 35/73 - loss 4.11836620
2019-07-10 17:36:48,374 epoch 2 - iter 42/73 - loss 4.07477699
2019-07-10 17:36:52,407 epoch 2 - iter 49/73 - loss 3.96177662
2019-07-10 17:36:56,590 epoch 2 - iter 56/73 - loss 4.06228299
2019-07-10 17:37:01,148 epoch 2 - iter 63/73 - loss 4.03128192
2019-07-10 17:37:05,472 epoch 2 - iter 70/73 - loss 4.01342239
2019-07-10 17:37:06,524 ----------------------------------------------------------------------------------------------------
2019-07-10 17:37:06,525 EPOCH 2 done: loss 3.9991 - lr 0.1000 - bad epochs 0
2019-07-10 17:47:01,588 DEV : loss 4.970503807067871 - score 0.4566
2019-07-10 17:54:25,628 TEST : loss 4.291133880615234 - score 0.4246
2019-07-10 17:54:35,433 ----------------------------------------------------------------------------------------------------
2019-07-10 17:54:37,096 epoch 3 - iter 0/73 - loss 1.84833288
2019-07-10 17:54:41,477 epoch 3 - iter 7/73 - loss 2.80337553
2019-07-10 17:54:45,604 epoch 3 - iter 14/73 - loss 2.67673256
2019-07-10 17:54:50,082 epoch 3 - iter 21/73 - loss 2.95441405
2019-07-10 17:54:54,270 epoch 3 - iter 28/73 - loss 3.03665280
2019-07-10 17:54:58,114 epoch 3 - iter 35/73 - loss 3.04731578
2019-07-10 17:55:01,380 epoch 3 - iter 42/73 - loss 3.02072687
2019-07-10 17:55:05,031 epoch 3 - iter 49/73 - loss 2.98972657
2019-07-10 17:55:08,502 epoch 3 - iter 56/73 - loss 2.89986462
2019-07-10 17:55:12,857 epoch 3 - iter 63/73 - loss 2.94681687
2019-07-10 17:55:16,766 epoch 3 - iter 70/73 - loss 2.95857183
2019-07-10 17:55:18,035 ----------------------------------------------------------------------------------------------------
2019-07-10 17:55:18,035 EPOCH 3 done: loss 2.9408 - lr 0.1000 - bad epochs 0
2019-07-10 18:05:28,057 DEV : loss 3.9984021186828613 - score 0.577
2019-07-10 18:12:57,836 TEST : loss 3.531022310256958 - score 0.5376
2019-07-10 18:13:07,603 ----------------------------------------------------------------------------------------------------
2019-07-10 18:13:09,556 epoch 4 - iter 0/73 - loss 2.45574284
2019-07-10 18:13:15,185 epoch 4 - iter 7/73 - loss 2.10718812
2019-07-10 18:13:20,972 epoch 4 - iter 14/73 - loss 2.22316709
2019-07-10 18:13:24,647 epoch 4 - iter 21/73 - loss 2.27626901
2019-07-10 18:13:29,011 epoch 4 - iter 28/73 - loss 2.31442249
2019-07-10 18:13:33,411 epoch 4 - iter 35/73 - loss 2.38129998
2019-07-10 18:13:37,387 epoch 4 - iter 42/73 - loss 2.32961818
2019-07-10 18:13:42,063 epoch 4 - iter 49/73 - loss 2.36921556
2019-07-10 18:13:46,396 epoch 4 - iter 56/73 - loss 2.42776000
2019-07-10 18:13:50,539 epoch 4 - iter 63/73 - loss 2.46448221
2019-07-10 18:13:54,705 epoch 4 - iter 70/73 - loss 2.42385500
2019-07-10 18:13:55,740 ----------------------------------------------------------------------------------------------------
2019-07-10 18:13:55,740 EPOCH 4 done: loss 2.4053 - lr 0.1000 - bad epochs 0
2019-07-10 18:23:59,183 DEV : loss 3.642206907272339 - score 0.5999
2019-07-10 18:31:37,871 TEST : loss 3.201517105102539 - score 0.577
2019-07-10 18:31:48,021 ----------------------------------------------------------------------------------------------------
2019-07-10 18:31:49,752 epoch 5 - iter 0/73 - loss 3.13558793
2019-07-10 18:31:54,293 epoch 5 - iter 7/73 - loss 1.97761348
2019-07-10 18:31:58,972 epoch 5 - iter 14/73 - loss 1.86740273
2019-07-10 18:32:03,565 epoch 5 - iter 21/73 - loss 2.11340894
2019-07-10 18:32:07,840 epoch 5 - iter 28/73 - loss 1.96918633
2019-07-10 18:32:11,904 epoch 5 - iter 35/73 - loss 1.93513216
2019-07-10 18:32:15,293 epoch 5 - iter 42/73 - loss 1.88481020
2019-07-10 18:32:18,341 epoch 5 - iter 49/73 - loss 1.86691054
2019-07-10 18:32:21,760 epoch 5 - iter 56/73 - loss 1.82905029
2019-07-10 18:32:25,468 epoch 5 - iter 63/73 - loss 1.83637755
2019-07-10 18:32:29,092 epoch 5 - iter 70/73 - loss 1.92696942
2019-07-10 18:32:30,193 ----------------------------------------------------------------------------------------------------
2019-07-10 18:32:30,193 EPOCH 5 done: loss 1.9130 - lr 0.1000 - bad epochs 0
2019-07-10 18:42:32,474 DEV : loss 3.317880153656006 - score 0.6171
2019-07-10 18:49:59,244 TEST : loss 2.9465668201446533 - score 0.5974
2019-07-10 18:50:09,139 ----------------------------------------------------------------------------------------------------
2019-07-10 18:50:10,917 epoch 6 - iter 0/73 - loss 1.98874497
2019-07-10 18:50:15,455 epoch 6 - iter 7/73 - loss 1.66477370
2019-07-10 18:50:19,682 epoch 6 - iter 14/73 - loss 1.61691251
2019-07-10 18:50:25,106 epoch 6 - iter 21/73 - loss 1.58378253
2019-07-10 18:50:30,626 epoch 6 - iter 28/73 - loss 1.62469586
2019-07-10 18:50:36,026 epoch 6 - iter 35/73 - loss 1.60781851
2019-07-10 18:50:41,617 epoch 6 - iter 42/73 - loss 1.58689866
2019-07-10 18:50:46,887 epoch 6 - iter 49/73 - loss 1.61971545
2019-07-10 18:50:52,019 epoch 6 - iter 56/73 - loss 1.56606611
2019-07-10 18:50:56,182 epoch 6 - iter 63/73 - loss 1.59316274
2019-07-10 18:51:00,854 epoch 6 - iter 70/73 - loss 1.59498063
2019-07-10 18:51:02,141 ----------------------------------------------------------------------------------------------------
2019-07-10 18:51:02,141 EPOCH 6 done: loss 1.6013 - lr 0.1000 - bad epochs 0
2019-07-10 19:01:01,929 DEV : loss 3.1078941822052 - score 0.6752
2019-07-10 19:08:22,576 TEST : loss 2.8270208835601807 - score 0.6455
2019-07-10 19:08:32,290 ----------------------------------------------------------------------------------------------------
2019-07-10 19:08:34,108 epoch 7 - iter 0/73 - loss 1.05175972
2019-07-10 19:08:38,424 epoch 7 - iter 7/73 - loss 1.25095408
2019-07-10 19:08:43,022 epoch 7 - iter 14/73 - loss 1.35488010
2019-07-10 19:08:47,634 epoch 7 - iter 21/73 - loss 1.37307655
2019-07-10 19:08:52,148 epoch 7 - iter 28/73 - loss 1.30854307
2019-07-10 19:08:56,393 epoch 7 - iter 35/73 - loss 1.27825596
2019-07-10 19:09:00,568 epoch 7 - iter 42/73 - loss 1.29634340
2019-07-10 19:09:05,002 epoch 7 - iter 49/73 - loss 1.29347276
2019-07-10 19:09:08,962 epoch 7 - iter 56/73 - loss 1.27257598
2019-07-10 19:09:12,937 epoch 7 - iter 63/73 - loss 1.24236779
2019-07-10 19:09:16,885 epoch 7 - iter 70/73 - loss 1.27766387
2019-07-10 19:09:17,848 ----------------------------------------------------------------------------------------------------
2019-07-10 19:09:17,848 EPOCH 7 done: loss 1.2678 - lr 0.1000 - bad epochs 0
2019-07-10 19:19:17,541 DEV : loss 3.355769634246826 - score 0.6343
2019-07-10 19:26:38,748 TEST : loss 2.990476369857788 - score 0.6062
2019-07-10 19:26:38,748 ----------------------------------------------------------------------------------------------------
2019-07-10 19:26:40,571 epoch 8 - iter 0/73 - loss 1.41813731
2019-07-10 19:26:44,709 epoch 8 - iter 7/73 - loss 1.18821359
2019-07-10 19:26:48,843 epoch 8 - iter 14/73 - loss 1.11459032
2019-07-10 19:26:53,082 epoch 8 - iter 21/73 - loss 0.98888769
2019-07-10 19:26:57,505 epoch 8 - iter 28/73 - loss 1.01175954
2019-07-10 19:27:01,394 epoch 8 - iter 35/73 - loss 0.98304815
2019-07-10 19:27:05,599 epoch 8 - iter 42/73 - loss 1.01672252
2019-07-10 19:27:19,832 epoch 8 - iter 49/73 - loss 1.04623818
2019-07-10 19:27:24,360 epoch 8 - iter 56/73 - loss 1.05031399
2019-07-10 19:27:29,313 epoch 8 - iter 63/73 - loss 1.08469867
2019-07-10 19:27:33,686 epoch 8 - iter 70/73 - loss 1.04970823
2019-07-10 19:27:35,223 ----------------------------------------------------------------------------------------------------
2019-07-10 19:27:35,223 EPOCH 8 done: loss 1.0670 - lr 0.1000 - bad epochs 1
2019-07-10 19:37:43,614 DEV : loss 3.1252100467681885 - score 0.6759
2019-07-10 19:45:06,712 TEST : loss 2.825512647628784 - score 0.6451
2019-07-10 19:45:16,379 ----------------------------------------------------------------------------------------------------
2019-07-10 19:45:17,855 epoch 9 - iter 0/73 - loss 0.52677506
2019-07-10 19:45:22,061 epoch 9 - iter 7/73 - loss 1.01351393
2019-07-10 19:45:26,620 epoch 9 - iter 14/73 - loss 0.97519237
2019-07-10 19:45:30,824 epoch 9 - iter 21/73 - loss 0.97125362
2019-07-10 19:45:35,226 epoch 9 - iter 28/73 - loss 0.92008462
2019-07-10 19:45:39,713 epoch 9 - iter 35/73 - loss 0.86609579
2019-07-10 19:45:44,274 epoch 9 - iter 42/73 - loss 0.86403108
2019-07-10 19:45:48,698 epoch 9 - iter 49/73 - loss 0.85707370
2019-07-10 19:45:52,970 epoch 9 - iter 56/73 - loss 0.85534334
2019-07-10 19:45:56,879 epoch 9 - iter 63/73 - loss 0.83783790
2019-07-10 19:46:00,773 epoch 9 - iter 70/73 - loss 0.83679820
2019-07-10 19:46:02,070 ----------------------------------------------------------------------------------------------------
2019-07-10 19:46:02,070 EPOCH 9 done: loss 0.8493 - lr 0.1000 - bad epochs 0
2019-07-10 19:56:10,281 DEV : loss 3.6798627376556396 - score 0.6132
2019-07-10 20:03:25,883 TEST : loss 3.298083543777466 - score 0.5826
2019-07-10 20:03:25,883 ----------------------------------------------------------------------------------------------------
2019-07-10 20:03:27,321 epoch 10 - iter 0/73 - loss 0.79610944
2019-07-10 20:03:30,447 epoch 10 - iter 7/73 - loss 0.69592075
2019-07-10 20:03:34,289 epoch 10 - iter 14/73 - loss 0.69516596
2019-07-10 20:03:38,736 epoch 10 - iter 21/73 - loss 0.65440244
2019-07-10 20:03:43,137 epoch 10 - iter 28/73 - loss 0.64586596
2019-07-10 20:03:47,286 epoch 10 - iter 35/73 - loss 0.66677329
2019-07-10 20:03:51,585 epoch 10 - iter 42/73 - loss 0.69702808
2019-07-10 20:03:55,868 epoch 10 - iter 49/73 - loss 0.69865746
2019-07-10 20:04:00,319 epoch 10 - iter 56/73 - loss 0.73752576
2019-07-10 20:04:04,736 epoch 10 - iter 63/73 - loss 0.73608353
2019-07-10 20:04:08,867 epoch 10 - iter 70/73 - loss 0.71501025
2019-07-10 20:04:10,094 ----------------------------------------------------------------------------------------------------
2019-07-10 20:04:10,094 EPOCH 10 done: loss 0.7069 - lr 0.1000 - bad epochs 1
2019-07-10 20:14:19,368 DEV : loss 3.4644131660461426 - score 0.6641
2019-07-10 20:21:43,151 TEST : loss 3.152811288833618 - score 0.6282
2019-07-10 20:21:51,312 ----------------------------------------------------------------------------------------------------
2019-07-10 20:21:51,313 Testing using best model ...
2019-07-10 20:21:51,313 loading file output_models/taggers/example-ner-33/best-model.pt
2019-07-10 20:29:17,899 0.6591	0.6317	0.6451
2019-07-10 20:29:17,900 
MICRO_AVG: acc 0.4761 - f1-score 0.6451
MACRO_AVG: acc 0.2615 - f1-score 0.3605055555555555
CARDINAL   tp: 647 - fp: 665 - fn: 358 - tn: 647 - precision: 0.4931 - recall: 0.6438 - accuracy: 0.3874 - f1-score: 0.5585
DATE       tp: 1258 - fp: 753 - fn: 529 - tn: 1258 - precision: 0.6256 - recall: 0.7040 - accuracy: 0.4953 - f1-score: 0.6625
EVENT      tp: 0 - fp: 1 - fn: 85 - tn: 0 - precision: 0.0000 - recall: 0.0000 - accuracy: 0.0000 - f1-score: 0.0000
FAC        tp: 37 - fp: 80 - fn: 112 - tn: 37 - precision: 0.3162 - recall: 0.2483 - accuracy: 0.1616 - f1-score: 0.2782
GPE        tp: 2023 - fp: 856 - fn: 523 - tn: 2023 - precision: 0.7027 - recall: 0.7946 - accuracy: 0.5947 - f1-score: 0.7458
LANGUAGE   tp: 0 - fp: 0 - fn: 22 - tn: 0 - precision: 0.0000 - recall: 0.0000 - accuracy: 0.0000 - f1-score: 0.0000
LAW        tp: 0 - fp: 0 - fn: 44 - tn: 0 - precision: 0.0000 - recall: 0.0000 - accuracy: 0.0000 - f1-score: 0.0000
LOC        tp: 10 - fp: 34 - fn: 205 - tn: 10 - precision: 0.2273 - recall: 0.0465 - accuracy: 0.0402 - f1-score: 0.0772
MONEY      tp: 210 - fp: 111 - fn: 145 - tn: 210 - precision: 0.6542 - recall: 0.5915 - accuracy: 0.4506 - f1-score: 0.6213
NORP       tp: 692 - fp: 258 - fn: 298 - tn: 692 - precision: 0.7284 - recall: 0.6990 - accuracy: 0.5545 - f1-score: 0.7134
ORDINAL    tp: 92 - fp: 87 - fn: 115 - tn: 92 - precision: 0.5140 - recall: 0.4444 - accuracy: 0.3129 - f1-score: 0.4767
ORG        tp: 1059 - fp: 512 - fn: 943 - tn: 1059 - precision: 0.6741 - recall: 0.5290 - accuracy: 0.4212 - f1-score: 0.5928
PERCENT    tp: 283 - fp: 174 - fn: 125 - tn: 283 - precision: 0.6193 - recall: 0.6936 - accuracy: 0.4863 - f1-score: 0.6543
PERSON     tp: 1594 - fp: 489 - fn: 540 - tn: 1594 - precision: 0.7652 - recall: 0.7470 - accuracy: 0.6077 - f1-score: 0.7560
PRODUCT    tp: 0 - fp: 1 - fn: 90 - tn: 0 - precision: 0.0000 - recall: 0.0000 - accuracy: 0.0000 - f1-score: 0.0000
QUANTITY   tp: 15 - fp: 48 - fn: 138 - tn: 15 - precision: 0.2381 - recall: 0.0980 - accuracy: 0.0746 - f1-score: 0.1389
TIME       tp: 30 - fp: 26 - fn: 195 - tn: 30 - precision: 0.5357 - recall: 0.1333 - accuracy: 0.1195 - f1-score: 0.2135
WORK_OF_ART tp: 0 - fp: 17 - fn: 169 - tn: 0 - precision: 0.0000 - recall: 0.0000 - accuracy: 0.0000 - f1-score: 0.0000
2019-07-10 20:29:17,900 ----------------------------------------------------------------------------------------------------
